#
# There is insufficient memory for the Java Runtime Environment to continue.
# Native memory allocation (mmap) failed to map 19922944 bytes for committing reserved memory.
# Possible reasons:
#   The system is out of physical RAM or swap space
#   The process is running with CompressedOops enabled, and the Java Heap may be blocking the growth of the native heap
# Possible solutions:
#   Reduce memory load on the system
#   Increase physical memory or swap space
#   Check if swap backing store is full
#   Decrease Java heap size (-Xmx/-Xms)
#   Decrease number of Java threads
#   Decrease Java thread stack sizes (-Xss)
#   Set larger code cache with -XX:ReservedCodeCacheSize=
#   JVM is running with Unscaled Compressed Oops mode in which the Java heap is
#     placed in the first 4GB address space. The Java Heap base address is the
#     maximum limit for the native heap growth. Please use -XX:HeapBaseMinAddress
#     to set the Java Heap base and to place the Java Heap above 4GB virtual address.
# This output file may be truncated or incomplete.
#
#  Out of Memory Error (os_linux.cpp:2757), pid=24144, tid=0x00007fbbe0cfc700
#
# JRE version: OpenJDK Runtime Environment (8.0_222-b10) (build 1.8.0_222-8u222-b10-1ubuntu1~18.04.1-b10)
# Java VM: OpenJDK 64-Bit Server VM (25.222-b10 mixed mode linux-amd64 compressed oops)
# Failed to write core dump. Core dumps have been disabled. To enable core dumping, try "ulimit -c unlimited" before starting Java again
#

---------------  T H R E A D  ---------------

Current thread (0x00007fbbf007d800):  VMThread [stack: 0x00007fbbe0bfd000,0x00007fbbe0cfd000] [id=24153]

Stack: [0x00007fbbe0bfd000,0x00007fbbe0cfd000],  sp=0x00007fbbe0cfb4a0,  free space=1017k
Native frames: (J=compiled Java code, j=interpreted, Vv=VM code, C=native code)
V  [libjvm.so+0xab8992]
V  [libjvm.so+0x4dbfd7]
V  [libjvm.so+0x8f33a0]
V  [libjvm.so+0x8ea46e]
V  [libjvm.so+0x96e106]
V  [libjvm.so+0x96f478]
V  [libjvm.so+0x96ba76]
V  [libjvm.so+0x96be0c]
V  [libjvm.so+0x91a5a8]
V  [libjvm.so+0xaba662]
V  [libjvm.so+0xabf1d6]
V  [libjvm.so+0xabd4d5]
V  [libjvm.so+0xabddad]
V  [libjvm.so+0xabe1b8]
V  [libjvm.so+0x8f0732]

VM_Operation (0x00007fbba7deb380): ParallelGCFailedAllocation, mode: safepoint, requested by thread 0x00007fbbb401e000


---------------  P R O C E S S  ---------------

Java Threads: ( => current thread )
  0x00007fbbb00ab000 JavaThread "SpillThread" daemon [_thread_blocked, id=24244, stack(0x00007fbba78ea000,0x00007fbba79eb000)]
  0x00007fbbb00a8000 JavaThread "communication thread" daemon [_thread_blocked, id=24243, stack(0x00007fbba79eb000,0x00007fbba7aec000)]
  0x00007fbbb009b000 JavaThread "org.apache.hadoop.hdfs.PeerCache@154fbb8f" daemon [_thread_blocked, id=24218, stack(0x00007fbba77e9000,0x00007fbba78ea000)]
  0x00007fbbb401e000 JavaThread "LocalJobRunner Map Task Executor #0" [_thread_blocked, id=24209, stack(0x00007fbba7cec000,0x00007fbba7ded000)]
  0x00007fbbf12a6000 JavaThread "Thread-23" [_thread_blocked, id=24208, stack(0x00007fbbd8439000,0x00007fbbd853a000)]
  0x00007fbbf1181000 JavaThread "IPC Parameter Sending Thread #0" daemon [_thread_blocked, id=24169, stack(0x00007fbbd853a000,0x00007fbbd863b000)]
  0x00007fbbf117f800 JavaThread "IPC Client (1791045777) connection to arrow4g/172.31.12.83:9000 from uic" daemon [_thread_blocked, id=24168, stack(0x00007fbbd863b000,0x00007fbbd873c000)]
  0x00007fbbf114b000 JavaThread "Timer for 'JobTracker' metrics system" daemon [_thread_blocked, id=24167, stack(0x00007fbbd873c000,0x00007fbbd883d000)]
  0x00007fbbf0619000 JavaThread "org.apache.hadoop.fs.FileSystem$Statistics$StatisticsDataReferenceCleaner" daemon [_thread_blocked, id=24166, stack(0x00007fbbd986f000,0x00007fbbd9970000)]
  0x00007fbbf0ddb800 JavaThread "process reaper" daemon [_thread_blocked, id=24164, stack(0x00007fbbd9970000,0x00007fbbd99a9000)]
  0x00007fbbf00c5800 JavaThread "Service Thread" daemon [_thread_blocked, id=24159, stack(0x00007fbbe02e8000,0x00007fbbe03e9000)]
  0x00007fbbf00c3000 JavaThread "C1 CompilerThread1" daemon [_thread_blocked, id=24158, stack(0x00007fbbe03ea000,0x00007fbbe04ea000)]
  0x00007fbbf00c0000 JavaThread "C2 CompilerThread0" daemon [_thread_blocked, id=24157, stack(0x00007fbbe04eb000,0x00007fbbe05eb000)]
  0x00007fbbf00be800 JavaThread "Signal Dispatcher" daemon [_thread_blocked, id=24156, stack(0x00007fbbe05eb000,0x00007fbbe06ec000)]
  0x00007fbbf0089800 JavaThread "Finalizer" daemon [_thread_blocked, id=24155, stack(0x00007fbbe09fa000,0x00007fbbe0afb000)]
  0x00007fbbf0087000 JavaThread "Reference Handler" daemon [_thread_blocked, id=24154, stack(0x00007fbbe0afb000,0x00007fbbe0bfc000)]
  0x00007fbbf0013800 JavaThread "main" [_thread_blocked, id=24150, stack(0x00007fbbf92fe000,0x00007fbbf93fe000)]

Other Threads:
=>0x00007fbbf007d800 VMThread [stack: 0x00007fbbe0bfd000,0x00007fbbe0cfd000] [id=24153]
  0x00007fbbf00c8000 WatcherThread [stack: 0x00007fbbe01e8000,0x00007fbbe02e8000] [id=24160]

VM state:at safepoint (normal execution)

VM Mutex/Monitor currently owned by a thread:  ([mutex/lock_event])
[0x00007fbbf0010360] Threads_lock - owner thread: 0x00007fbbf007d800
[0x00007fbbf0010860] Heap_lock - owner thread: 0x00007fbbb401e000

heap address: 0x00000000c2600000, size: 986 MB, Compressed Oops mode: 32-bit
Narrow klass base: 0x0000000000000000, Narrow klass shift: 3
Compressed class space size: 1073741824 Address: 0x0000000100000000

Heap:
 PSYoungGen      total 232448K, used 256K [0x00000000eb780000, 0x00000000fb680000, 0x0000000100000000)
  eden space 218624K, 0% used [0x00000000eb780000,0x00000000eb780000,0x00000000f8d00000)
  from space 13824K, 1% used [0x00000000fa900000,0x00000000fa940000,0x00000000fb680000)
  to   space 14336K, 0% used [0x00000000f8d00000,0x00000000f8d00000,0x00000000f9b00000)
 ParOldGen       total 608768K, used 544153K [0x00000000c2600000, 0x00000000e7880000, 0x00000000eb780000)
  object space 608768K, 89% used [0x00000000c2600000,0x00000000e3966410,0x00000000e7880000)
 Metaspace       used 27108K, capacity 27346K, committed 27648K, reserved 1073152K
  class space    used 2998K, capacity 3071K, committed 3072K, reserved 1048576K

Card table byte_map: [0x00007fbbf56a7000,0x00007fbbf5895000] byte_map_base: 0x00007fbbf5094000

Marking Bits: (ParMarkBitMap*) 0x00007fbbf8594360
 Begin Bits: [0x00007fbbda130000, 0x00007fbbdb098000)
 End Bits:   [0x00007fbbdb098000, 0x00007fbbdc000000)

Polling page: 0x00007fbbf9415000

CodeCache: size=245760Kb used=6325Kb max_used=7788Kb free=239435Kb
 bounds [0x00007fbbe1000000, 0x00007fbbe17b0000, 0x00007fbbf0000000]
 total_blobs=2563 nmethods=2052 adapters=425
 compilation: enabled

Compilation events (10 events):
Event: 9.255 Thread 0x00007fbbf00c3000 2468       3       java.util.concurrent.ConcurrentSkipListMap::cpr (26 bytes)
Event: 9.255 Thread 0x00007fbbf00c3000 nmethod 2468 0x00007fbbe11e8890 code [0x00007fbbe11e8a20, 0x00007fbbe11e8e38]
Event: 9.256 Thread 0x00007fbbf00c0000 2469   !   4       com.google.protobuf.ByteString::copyFromUtf8 (26 bytes)
Event: 9.261 Thread 0x00007fbbf00c3000 2470       3       java.util.Collections::emptySet (4 bytes)
Event: 9.261 Thread 0x00007fbbf00c3000 nmethod 2470 0x00007fbbe1481410 code [0x00007fbbe1481560, 0x00007fbbe1481690]
Event: 9.271 Thread 0x00007fbbf00c3000 2472       3       com.google.protobuf.CodedOutputStream::writeRawVarint32 (33 bytes)
Event: 9.272 Thread 0x00007fbbf00c3000 nmethod 2472 0x00007fbbe14ce610 code [0x00007fbbe14ce7a0, 0x00007fbbe14cecd8]
Event: 9.272 Thread 0x00007fbbf00c3000 2471       1       org.apache.hadoop.io.Text::getLength (5 bytes)
Event: 9.272 Thread 0x00007fbbf00c3000 nmethod 2471 0x00007fbbe14d1150 code [0x00007fbbe14d12a0, 0x00007fbbe14d13b0]
Event: 9.273 Thread 0x00007fbbf00c0000 nmethod 2469 0x00007fbbe11dc510 code [0x00007fbbe11dc740, 0x00007fbbe11dd030]

GC Heap History (10 events):
Event: 7.232 GC heap after
Heap after GC invocations=17 (full 2):
 PSYoungGen      total 214528K, used 224K [0x00000000eb780000, 0x00000000fa180000, 0x0000000100000000)
  eden space 197120K, 0% used [0x00000000eb780000,0x00000000eb780000,0x00000000f7800000)
  from space 17408K, 1% used [0x00000000f7800000,0x00000000f7838000,0x00000000f8900000)
  to   space 16384K, 0% used [0x00000000f9180000,0x00000000f9180000,0x00000000fa180000)
 ParOldGen       total 300032K, used 236952K [0x00000000c2600000, 0x00000000d4b00000, 0x00000000eb780000)
  object space 300032K, 78% used [0x00000000c2600000,0x00000000d0d663e0,0x00000000d4b00000)
 Metaspace       used 27074K, capacity 27282K, committed 27392K, reserved 1073152K
  class space    used 2996K, capacity 3071K, committed 3072K, reserved 1048576K
}
Event: 8.128 GC heap before
{Heap before GC invocations=18 (full 2):
 PSYoungGen      total 214528K, used 197344K [0x00000000eb780000, 0x00000000fa180000, 0x0000000100000000)
  eden space 197120K, 100% used [0x00000000eb780000,0x00000000f7800000,0x00000000f7800000)
  from space 17408K, 1% used [0x00000000f7800000,0x00000000f7838000,0x00000000f8900000)
  to   space 16384K, 0% used [0x00000000f9180000,0x00000000f9180000,0x00000000fa180000)
 ParOldGen       total 402944K, used 339352K [0x00000000c2600000, 0x00000000daf80000, 0x00000000eb780000)
  object space 402944K, 84% used [0x00000000c2600000,0x00000000d71663f0,0x00000000daf80000)
 Metaspace       used 27086K, capacity 27346K, committed 27648K, reserved 1073152K
  class space    used 2996K, capacity 3071K, committed 3072K, reserved 1048576K
Event: 8.131 GC heap after
Heap after GC invocations=18 (full 2):
 PSYoungGen      total 219136K, used 256K [0x00000000eb780000, 0x00000000f9f00000, 0x0000000100000000)
  eden space 205312K, 0% used [0x00000000eb780000,0x00000000eb780000,0x00000000f8000000)
  from space 13824K, 1% used [0x00000000f9180000,0x00000000f91c0000,0x00000000f9f00000)
  to   space 15872K, 0% used [0x00000000f8000000,0x00000000f8000000,0x00000000f8f80000)
 ParOldGen       total 402944K, used 339352K [0x00000000c2600000, 0x00000000daf80000, 0x00000000eb780000)
  object space 402944K, 84% used [0x00000000c2600000,0x00000000d71663f0,0x00000000daf80000)
 Metaspace       used 27086K, capacity 27346K, committed 27648K, reserved 1073152K
  class space    used 2996K, capacity 3071K, committed 3072K, reserved 1048576K
}
Event: 8.237 GC heap before
{Heap before GC invocations=19 (full 2):
 PSYoungGen      total 219136K, used 205568K [0x00000000eb780000, 0x00000000f9f00000, 0x0000000100000000)
  eden space 205312K, 100% used [0x00000000eb780000,0x00000000f8000000,0x00000000f8000000)
  from space 13824K, 1% used [0x00000000f9180000,0x00000000f91c0000,0x00000000f9f00000)
  to   space 15872K, 0% used [0x00000000f8000000,0x00000000f8000000,0x00000000f8f80000)
 ParOldGen       total 402944K, used 339352K [0x00000000c2600000, 0x00000000daf80000, 0x00000000eb780000)
  object space 402944K, 84% used [0x00000000c2600000,0x00000000d71663f0,0x00000000daf80000)
 Metaspace       used 27086K, capacity 27346K, committed 27648K, reserved 1073152K
  class space    used 2996K, capacity 3071K, committed 3072K, reserved 1048576K
Event: 8.245 GC heap after
Heap after GC invocations=19 (full 2):
 PSYoungGen      total 221184K, used 224K [0x00000000eb780000, 0x00000000faa00000, 0x0000000100000000)
  eden space 205312K, 0% used [0x00000000eb780000,0x00000000eb780000,0x00000000f8000000)
  from space 15872K, 1% used [0x00000000f8000000,0x00000000f8038000,0x00000000f8f80000)
  to   space 14848K, 0% used [0x00000000f9b80000,0x00000000f9b80000,0x00000000faa00000)
 ParOldGen       total 402944K, used 339352K [0x00000000c2600000, 0x00000000daf80000, 0x00000000eb780000)
  object space 402944K, 84% used [0x00000000c2600000,0x00000000d71663f0,0x00000000daf80000)
 Metaspace       used 27086K, capacity 27346K, committed 27648K, reserved 1073152K
  class space    used 2996K, capacity 3071K, committed 3072K, reserved 1048576K
}
Event: 8.337 GC heap before
{Heap before GC invocations=20 (full 2):
 PSYoungGen      total 221184K, used 205536K [0x00000000eb780000, 0x00000000faa00000, 0x0000000100000000)
  eden space 205312K, 100% used [0x00000000eb780000,0x00000000f8000000,0x00000000f8000000)
  from space 15872K, 1% used [0x00000000f8000000,0x00000000f8038000,0x00000000f8f80000)
  to   space 14848K, 0% used [0x00000000f9b80000,0x00000000f9b80000,0x00000000faa00000)
 ParOldGen       total 402944K, used 339352K [0x00000000c2600000, 0x00000000daf80000, 0x00000000eb780000)
  object space 402944K, 84% used [0x00000000c2600000,0x00000000d71663f0,0x00000000daf80000)
 Metaspace       used 27086K, capacity 27346K, committed 27648K, reserved 1073152K
  class space    used 2996K, capacity 3071K, committed 3072K, reserved 1048576K
Event: 8.339 GC heap after
Heap after GC invocations=20 (full 2):
 PSYoungGen      total 232448K, used 192K [0x00000000eb780000, 0x00000000fa900000, 0x0000000100000000)
  eden space 218624K, 0% used [0x00000000eb780000,0x00000000eb780000,0x00000000f8d00000)
  from space 13824K, 1% used [0x00000000f9b80000,0x00000000f9bb0000,0x00000000fa900000)
  to   space 14336K, 0% used [0x00000000f8d00000,0x00000000f8d00000,0x00000000f9b00000)
 ParOldGen       total 402944K, used 339352K [0x00000000c2600000, 0x00000000daf80000, 0x00000000eb780000)
  object space 402944K, 84% used [0x00000000c2600000,0x00000000d71663f0,0x00000000daf80000)
 Metaspace       used 27086K, capacity 27346K, committed 27648K, reserved 1073152K
  class space    used 2996K, capacity 3071K, committed 3072K, reserved 1048576K
}
Event: 8.455 GC heap before
{Heap before GC invocations=21 (full 2):
 PSYoungGen      total 232448K, used 218816K [0x00000000eb780000, 0x00000000fa900000, 0x0000000100000000)
  eden space 218624K, 100% used [0x00000000eb780000,0x00000000f8d00000,0x00000000f8d00000)
  from space 13824K, 1% used [0x00000000f9b80000,0x00000000f9bb0000,0x00000000fa900000)
  to   space 14336K, 0% used [0x00000000f8d00000,0x00000000f8d00000,0x00000000f9b00000)
 ParOldGen       total 402944K, used 339352K [0x00000000c2600000, 0x00000000daf80000, 0x00000000eb780000)
  object space 402944K, 84% used [0x00000000c2600000,0x00000000d71663f0,0x00000000daf80000)
 Metaspace       used 27097K, capacity 27346K, committed 27648K, reserved 1073152K
  class space    used 2998K, capacity 3071K, committed 3072K, reserved 1048576K
Event: 8.459 GC heap after
Heap after GC invocations=21 (full 2):
 PSYoungGen      total 232960K, used 256K [0x00000000eb780000, 0x00000000fb680000, 0x0000000100000000)
  eden space 218624K, 0% used [0x00000000eb780000,0x00000000eb780000,0x00000000f8d00000)
  from space 14336K, 1% used [0x00000000f8d00000,0x00000000f8d40000,0x00000000f9b00000)
  to   space 13824K, 0% used [0x00000000fa900000,0x00000000fa900000,0x00000000fb680000)
 ParOldGen       total 402944K, used 339352K [0x00000000c2600000, 0x00000000daf80000, 0x00000000eb780000)
  object space 402944K, 84% used [0x00000000c2600000,0x00000000d71663f0,0x00000000daf80000)
 Metaspace       used 27097K, capacity 27346K, committed 27648K, reserved 1073152K
  class space    used 2998K, capacity 3071K, committed 3072K, reserved 1048576K
}
Event: 9.294 GC heap before
{Heap before GC invocations=22 (full 2):
 PSYoungGen      total 232960K, used 218880K [0x00000000eb780000, 0x00000000fb680000, 0x0000000100000000)
  eden space 218624K, 100% used [0x00000000eb780000,0x00000000f8d00000,0x00000000f8d00000)
  from space 14336K, 1% used [0x00000000f8d00000,0x00000000f8d40000,0x00000000f9b00000)
  to   space 13824K, 0% used [0x00000000fa900000,0x00000000fa900000,0x00000000fb680000)
 ParOldGen       total 402944K, used 339352K [0x00000000c2600000, 0x00000000daf80000, 0x00000000eb780000)
  object space 402944K, 84% used [0x00000000c2600000,0x00000000d71663f0,0x00000000daf80000)
 Metaspace       used 27108K, capacity 27346K, committed 27648K, reserved 1073152K
  class space    used 2998K, capacity 3071K, committed 3072K, reserved 1048576K

Deoptimization events (10 events):
Event: 6.370 Thread 0x00007fbbb401e000 Uncommon trap: reason=unstable_if action=reinterpret pc=0x00007fbbe16abd08 method=java.lang.Long.valueOf(J)Ljava/lang/Long; @ 13
Event: 6.385 Thread 0x00007fbbb401e000 Uncommon trap: reason=class_check action=maybe_recompile pc=0x00007fbbe163ab48 method=java.util.regex.Pattern$Start.<init>(Ljava/util/regex/Pattern$Node;)V @ 22
Event: 6.387 Thread 0x00007fbbb401e000 Uncommon trap: reason=unstable_if action=reinterpret pc=0x00007fbbe1701d24 method=org.apache.hadoop.io.serializer.WritableSerialization$WritableDeserializer.deserialize(Lorg/apache/hadoop/io/Writable;)Lorg/apache/hadoop/io/Writable; @ 1
Event: 6.455 Thread 0x00007fbbb401e000 Uncommon trap: reason=bimorphic action=maybe_recompile pc=0x00007fbbe138eb38 method=java.io.DataOutputStream.writeShort(I)V @ 12
Event: 7.879 Thread 0x00007fbbb401e000 Uncommon trap: reason=unstable_if action=reinterpret pc=0x00007fbbe1718d14 method=org.apache.hadoop.io.BytesWritable.setSize(I)V @ 5
Event: 7.956 Thread 0x00007fbbb401e000 Uncommon trap: reason=unstable_if action=reinterpret pc=0x00007fbbe114edc0 method=org.apache.hadoop.io.BytesWritable.setSize(I)V @ 5
Event: 8.043 Thread 0x00007fbbb401e000 Uncommon trap: reason=unstable_if action=reinterpret pc=0x00007fbbe1768b90 method=org.apache.hadoop.mapreduce.task.ReduceContextImpl.nextKey()Z @ 4
Event: 8.123 Thread 0x00007fbbb401e000 Uncommon trap: reason=bimorphic action=maybe_recompile pc=0x00007fbbe138eb38 method=java.io.DataOutputStream.writeShort(I)V @ 12
Event: 9.105 Thread 0x00007fbbb401e000 Uncommon trap: reason=unstable_if action=reinterpret pc=0x00007fbbe178a62c method=org.apache.hadoop.mapred.Task$CombineOutputCollector.collect(Ljava/lang/Object;Ljava/lang/Object;)V @ 31
Event: 9.271 Thread 0x00007fbbb401e000 Uncommon trap: reason=bimorphic action=maybe_recompile pc=0x00007fbbe138eb38 method=java.io.DataOutputStream.writeShort(I)V @ 12

Classes redefined (0 events):
No events

Internal exceptions (10 events):
Event: 0.481 Thread 0x00007fbbf0013800 Exception <a 'java/lang/ClassNotFoundException': org/apache/log4j/FileAppenderBeanInfo> (0x00000000ec1584c8) thrown at [/build/openjdk-8-OqY7zN/openjdk-8-8u222-b10/src/hotspot/src/share/vm/classfile/systemDictionary.cpp, line 210]
Event: 0.481 Thread 0x00007fbbf0013800 Exception <a 'java/lang/ClassNotFoundException': org/apache/log4j/WriterAppenderBeanInfo> (0x00000000ec1840f8) thrown at [/build/openjdk-8-OqY7zN/openjdk-8-8u222-b10/src/hotspot/src/share/vm/classfile/systemDictionary.cpp, line 210]
Event: 0.482 Thread 0x00007fbbf0013800 Exception <a 'java/lang/ClassNotFoundException': org/apache/log4j/AppenderSkeletonBeanInfo> (0x00000000ec1b1380) thrown at [/build/openjdk-8-OqY7zN/openjdk-8-8u222-b10/src/hotspot/src/share/vm/classfile/systemDictionary.cpp, line 210]
Event: 0.482 Thread 0x00007fbbf0013800 Exception <a 'java/lang/ClassNotFoundException': org/apache/log4j/AppenderSkeletonCustomizer> (0x00000000ec1e11b8) thrown at [/build/openjdk-8-OqY7zN/openjdk-8-8u222-b10/src/hotspot/src/share/vm/classfile/systemDictionary.cpp, line 210]
Event: 0.486 Thread 0x00007fbbf0013800 Exception <a 'java/lang/ClassNotFoundException': org/apache/log4j/WriterAppenderCustomizer> (0x00000000ec227d58) thrown at [/build/openjdk-8-OqY7zN/openjdk-8-8u222-b10/src/hotspot/src/share/vm/classfile/systemDictionary.cpp, line 210]
Event: 0.488 Thread 0x00007fbbf0013800 Exception <a 'java/lang/ClassNotFoundException': org/apache/log4j/FileAppenderCustomizer> (0x00000000ec260038) thrown at [/build/openjdk-8-OqY7zN/openjdk-8-8u222-b10/src/hotspot/src/share/vm/classfile/systemDictionary.cpp, line 210]
Event: 0.489 Thread 0x00007fbbf0013800 Exception <a 'java/lang/ClassNotFoundException': org/apache/log4j/DailyRollingFileAppenderCustomizer> (0x00000000ec2a28a8) thrown at [/build/openjdk-8-OqY7zN/openjdk-8-8u222-b10/src/hotspot/src/share/vm/classfile/systemDictionary.cpp, line 210]
Event: 1.100 Thread 0x00007fbbf0013800 Exception <a 'java/lang/NoSuchFieldError': method resolution failed> (0x00000000ec3fea78) thrown at [/build/openjdk-8-OqY7zN/openjdk-8-8u222-b10/src/hotspot/src/share/vm/prims/methodHandles.cpp, line 1167]
Event: 1.101 Thread 0x00007fbbf0013800 Exception <a 'java/lang/NoSuchFieldError': method resolution failed> (0x00000000ec40c168) thrown at [/build/openjdk-8-OqY7zN/openjdk-8-8u222-b10/src/hotspot/src/share/vm/prims/methodHandles.cpp, line 1167]
Event: 6.387 Thread 0x00007fbbb401e000 Implicit null exception at 0x00007fbbe17017ac to 0x00007fbbe1701d11

Events (10 events):
Event: 9.219 Thread 0x00007fbbb00a8000 Thread added: 0x00007fbbb00a8000
Event: 9.256 Thread 0x00007fbbb00ab000 Thread added: 0x00007fbbb00ab000
Event: 9.261 Executing VM operation: RevokeBias
Event: 9.270 Executing VM operation: RevokeBias done
Event: 9.270 Executing VM operation: RevokeBias
Event: 9.270 Executing VM operation: RevokeBias done
Event: 9.271 Thread 0x00007fbbb401e000 Uncommon trap: trap_request=0xffffffc6 fr.pc=0x00007fbbe138eb38
Event: 9.271 Thread 0x00007fbbb401e000 DEOPT PACKING pc=0x00007fbbe138eb38 sp=0x00007fbba7deab40
Event: 9.271 Thread 0x00007fbbb401e000 DEOPT UNPACKING pc=0x00007fbbe104547a sp=0x00007fbba7deab70 mode 2
Event: 9.294 Executing VM operation: ParallelGCFailedAllocation


Dynamic libraries:
c2600000-e7880000 rw-p 00000000 00:00 0 
e7880000-eb780000 ---p 00000000 00:00 0 
eb780000-fb680000 rw-p 00000000 00:00 0 
fc980000-100000000 ---p 00000000 00:00 0 
100000000-100300000 rw-p 00000000 00:00 0 
100300000-140000000 ---p 00000000 00:00 0 
55cb2df35000-55cb2df36000 r-xp 00000000 08:01 280310                     /usr/lib/jvm/java-8-openjdk-amd64/jre/bin/java
55cb2e135000-55cb2e136000 r--p 00000000 08:01 280310                     /usr/lib/jvm/java-8-openjdk-amd64/jre/bin/java
55cb2e136000-55cb2e137000 rw-p 00001000 08:01 280310                     /usr/lib/jvm/java-8-openjdk-amd64/jre/bin/java
55cb2e7ab000-55cb2e7ed000 rw-p 00000000 00:00 0                          [heap]
7fbba0000000-7fbba004c000 rw-p 00000000 00:00 0 
7fbba004c000-7fbba4000000 ---p 00000000 00:00 0 
7fbba75fd000-7fbba7600000 ---p 00000000 00:00 0 
7fbba7600000-7fbba76fe000 rw-p 00000000 00:00 0 
7fbba77e9000-7fbba77ec000 ---p 00000000 00:00 0 
7fbba77ec000-7fbba78ea000 rw-p 00000000 00:00 0 
7fbba78ea000-7fbba78ed000 ---p 00000000 00:00 0 
7fbba78ed000-7fbba79eb000 rw-p 00000000 00:00 0 
7fbba79eb000-7fbba79ee000 ---p 00000000 00:00 0 
7fbba79ee000-7fbba7cec000 rw-p 00000000 00:00 0 
7fbba7cec000-7fbba7cef000 ---p 00000000 00:00 0 
7fbba7cef000-7fbba7ded000 rw-p 00000000 00:00 0 
7fbba7ded000-7fbba7e00000 r--s 00346000 08:01 280398                     /usr/lib/jvm/java-8-openjdk-amd64/jre/lib/resources.jar
7fbba7e00000-7fbba8000000 rw-p 00000000 00:00 0 
7fbba8000000-7fbba8021000 rw-p 00000000 00:00 0 
7fbba8021000-7fbbac000000 ---p 00000000 00:00 0 
7fbbac000000-7fbbac021000 rw-p 00000000 00:00 0 
7fbbac021000-7fbbb0000000 ---p 00000000 00:00 0 
7fbbb0000000-7fbbb00b4000 rw-p 00000000 00:00 0 
7fbbb00b4000-7fbbb4000000 ---p 00000000 00:00 0 
7fbbb4000000-7fbbb4027000 rw-p 00000000 00:00 0 
7fbbb4027000-7fbbb8000000 ---p 00000000 00:00 0 
7fbbb8000000-7fbbb855a000 rw-p 00000000 00:00 0 
7fbbb855a000-7fbbbc000000 ---p 00000000 00:00 0 
7fbbbc000000-7fbbbc021000 rw-p 00000000 00:00 0 
7fbbbc021000-7fbbc0000000 ---p 00000000 00:00 0 
7fbbc0000000-7fbbc0021000 rw-p 00000000 00:00 0 
7fbbc0021000-7fbbc4000000 ---p 00000000 00:00 0 
7fbbc4000000-7fbbc4de4000 rw-p 00000000 00:00 0 
7fbbc4de4000-7fbbc8000000 ---p 00000000 00:00 0 
7fbbc8000000-7fbbc8021000 rw-p 00000000 00:00 0 
7fbbc8021000-7fbbcc000000 ---p 00000000 00:00 0 
7fbbcc000000-7fbbcc021000 rw-p 00000000 00:00 0 
7fbbcc021000-7fbbd0000000 ---p 00000000 00:00 0 
7fbbd0000000-7fbbd0021000 rw-p 00000000 00:00 0 
7fbbd0021000-7fbbd4000000 ---p 00000000 00:00 0 
7fbbd4000000-7fbbd4021000 rw-p 00000000 00:00 0 
7fbbd4021000-7fbbd8000000 ---p 00000000 00:00 0 
7fbbd8008000-7fbbd800d000 r--s 002f9000 08:01 280360                     /usr/lib/jvm/java-8-openjdk-amd64/jre/lib/charsets.jar
7fbbd800d000-7fbbd820d000 rw-p 00000000 00:00 0 
7fbbd820d000-7fbbd8235000 r-xp 00000000 08:01 280353                     /usr/lib/jvm/java-8-openjdk-amd64/jre/lib/amd64/libsunec.so
7fbbd8235000-7fbbd8434000 ---p 00028000 08:01 280353                     /usr/lib/jvm/java-8-openjdk-amd64/jre/lib/amd64/libsunec.so
7fbbd8434000-7fbbd8438000 r--p 00027000 08:01 280353                     /usr/lib/jvm/java-8-openjdk-amd64/jre/lib/amd64/libsunec.so
7fbbd8438000-7fbbd8439000 rw-p 0002b000 08:01 280353                     /usr/lib/jvm/java-8-openjdk-amd64/jre/lib/amd64/libsunec.so
7fbbd8439000-7fbbd843c000 ---p 00000000 00:00 0 
7fbbd843c000-7fbbd853a000 rw-p 00000000 00:00 0 
7fbbd853a000-7fbbd853d000 ---p 00000000 00:00 0 
7fbbd853d000-7fbbd863b000 rw-p 00000000 00:00 0 
7fbbd863b000-7fbbd863e000 ---p 00000000 00:00 0 
7fbbd863e000-7fbbd873c000 rw-p 00000000 00:00 0 
7fbbd873c000-7fbbd873f000 ---p 00000000 00:00 0 
7fbbd873f000-7fbbd883d000 rw-p 00000000 00:00 0 
7fbbd883d000-7fbbd884e000 r-xp 00000000 08:01 280349                     /usr/lib/jvm/java-8-openjdk-amd64/jre/lib/amd64/libnio.so
7fbbd884e000-7fbbd8a4d000 ---p 00011000 08:01 280349                     /usr/lib/jvm/java-8-openjdk-amd64/jre/lib/amd64/libnio.so
7fbbd8a4d000-7fbbd8a4e000 r--p 00010000 08:01 280349                     /usr/lib/jvm/java-8-openjdk-amd64/jre/lib/amd64/libnio.so
7fbbd8a4e000-7fbbd8a4f000 rw-p 00011000 08:01 280349                     /usr/lib/jvm/java-8-openjdk-amd64/jre/lib/amd64/libnio.so
7fbbd8a4f000-7fbbd8c4f000 rw-p 00000000 00:00 0 
7fbbd8c4f000-7fbbd8c51000 r--s 00016000 08:01 280391                     /usr/lib/jvm/java-8-openjdk-amd64/jre/lib/jce.jar
7fbbd8c51000-7fbbd8e51000 rw-p 00000000 00:00 0 
7fbbd8e51000-7fbbd9051000 rw-p 00000000 00:00 0 
7fbbd9051000-7fbbd9251000 rw-p 00000000 00:00 0 
7fbbd9251000-7fbbd9256000 r--s 000a3000 08:01 280393                     /usr/lib/jvm/java-8-openjdk-amd64/jre/lib/jsse.jar
7fbbd9256000-7fbbd926c000 r-xp 00000000 08:01 280348                     /usr/lib/jvm/java-8-openjdk-amd64/jre/lib/amd64/libnet.so
7fbbd926c000-7fbbd946b000 ---p 00016000 08:01 280348                     /usr/lib/jvm/java-8-openjdk-amd64/jre/lib/amd64/libnet.so
7fbbd946b000-7fbbd946c000 r--p 00015000 08:01 280348                     /usr/lib/jvm/java-8-openjdk-amd64/jre/lib/amd64/libnet.so
7fbbd946c000-7fbbd946d000 rw-p 00016000 08:01 280348                     /usr/lib/jvm/java-8-openjdk-amd64/jre/lib/amd64/libnet.so
7fbbd946d000-7fbbd966d000 rw-p 00000000 00:00 0 
7fbbd966d000-7fbbd966e000 r-xp 00000000 08:01 280336                     /usr/lib/jvm/java-8-openjdk-amd64/jre/lib/amd64/libjaas_unix.so
7fbbd966e000-7fbbd986d000 ---p 00001000 08:01 280336                     /usr/lib/jvm/java-8-openjdk-amd64/jre/lib/amd64/libjaas_unix.so
7fbbd986d000-7fbbd986e000 r--p 00000000 08:01 280336                     /usr/lib/jvm/java-8-openjdk-amd64/jre/lib/amd64/libjaas_unix.so
7fbbd986e000-7fbbd986f000 rw-p 00001000 08:01 280336                     /usr/lib/jvm/java-8-openjdk-amd64/jre/lib/amd64/libjaas_unix.so
7fbbd986f000-7fbbd9872000 ---p 00000000 00:00 0 
7fbbd9872000-7fbbd9970000 rw-p 00000000 00:00 0 
7fbbd9970000-7fbbd9973000 ---p 00000000 00:00 0 
7fbbd9973000-7fbbd99a9000 rw-p 00000000 00:00 0 
7fbbd99a9000-7fbbd99b2000 r-xp 00000000 08:01 280346                     /usr/lib/jvm/java-8-openjdk-amd64/jre/lib/amd64/libmanagement.so
7fbbd99b2000-7fbbd9bb1000 ---p 00009000 08:01 280346                     /usr/lib/jvm/java-8-openjdk-amd64/jre/lib/amd64/libmanagement.so
7fbbd9bb1000-7fbbd9bb2000 r--p 00008000 08:01 280346                     /usr/lib/jvm/java-8-openjdk-amd64/jre/lib/amd64/libmanagement.so
7fbbd9bb2000-7fbbd9bb3000 rw-p 00009000 08:01 280346                     /usr/lib/jvm/java-8-openjdk-amd64/jre/lib/amd64/libmanagement.so
7fbbd9bb3000-7fbbd9bb8000 r--s 0002d000 08:01 342719                     /home/uic/hadoop-3.2.1/share/hadoop/common/hadoop-nfs-3.2.1.jar
7fbbd9bb8000-7fbbd9bf6000 r--s 003b5000 08:01 342832                     /home/uic/hadoop-3.2.1/share/hadoop/common/hadoop-common-3.2.1.jar
7fbbd9bf6000-7fbbd9bf8000 r--s 0001e000 08:01 342717                     /home/uic/hadoop-3.2.1/share/hadoop/common/hadoop-kms-3.2.1.jar
7fbbd9bf8000-7fbbd9c02000 r--s 00026000 08:01 342800                     /home/uic/hadoop-3.2.1/share/hadoop/common/lib/checker-qual-2.5.2.jar
7fbbd9c02000-7fbbd9c08000 r--s 00078000 08:01 342764                     /home/uic/hadoop-3.2.1/share/hadoop/common/lib/woodstox-core-5.0.3.jar
7fbbd9c08000-7fbbd9c0b000 r--s 00015000 08:01 342776                     /home/uic/hadoop-3.2.1/share/hadoop/common/lib/jetty-security-9.3.24.v20180605.jar
7fbbd9c0b000-7fbbd9c0c000 r--s 00000000 08:01 342808                     /home/uic/hadoop-3.2.1/share/hadoop/common/lib/listenablefuture-9999.0-empty-to-avoid-conflict-with-guava.jar
7fbbd9c0c000-7fbbd9c0f000 r--s 0001b000 08:01 342803                     /home/uic/hadoop-3.2.1/share/hadoop/common/lib/json-smart-2.3.jar
7fbbd9c0f000-7fbbd9c10000 r--s 00008000 08:01 342779                     /home/uic/hadoop-3.2.1/share/hadoop/common/lib/kerb-util-1.0.1.jar
7fbbd9c10000-7fbbd9c18000 r--s 0003e000 08:01 342798                     /home/uic/hadoop-3.2.1/share/hadoop/common/lib/curator-recipes-2.13.0.jar
7fbbd9c18000-7fbbd9c1d000 r--s 00038000 08:01 342744                     /home/uic/hadoop-3.2.1/share/hadoop/common/lib/commons-beanutils-1.9.3.jar
7fbbd9c1d000-7fbbd9c22000 r--s 00040000 08:01 342759                     /home/uic/hadoop-3.2.1/share/hadoop/common/lib/jsch-0.1.54.jar
7fbbd9c22000-7fbbd9c26000 r--s 00019000 08:01 342763                     /home/uic/hadoop-3.2.1/share/hadoop/common/lib/kerb-crypto-1.0.1.jar
7fbbd9c26000-7fbbd9c58000 r--s 0026d000 08:01 342753                     /home/uic/hadoop-3.2.1/share/hadoop/common/lib/guava-27.0-jre.jar
7fbbd9c58000-7fbbd9c5b000 r--s 00015000 08:01 342754                     /home/uic/hadoop-3.2.1/share/hadoop/common/lib/javax.servlet-api-3.1.0.jar
7fbbd9c5b000-7fbbd9c5e000 r--s 00006000 08:01 342815                     /home/uic/hadoop-3.2.1/share/hadoop/common/lib/jsr305-3.0.0.jar
7fbbd9c5e000-7fbbd9c60000 r--s 00000000 08:01 342780                     /home/uic/hadoop-3.2.1/share/hadoop/common/lib/jcip-annotations-1.0-1.jar
7fbbd9c60000-7fbbd9c7d000 r--s 0016a000 08:01 342783                     /home/uic/hadoop-3.2.1/share/hadoop/common/lib/commons-math3-3.1.1.jar
7fbbd9c7d000-7fbbd9c83000 r--s 00046000 08:01 342743                     /home/uic/hadoop-3.2.1/share/hadoop/common/lib/commons-net-3.6.jar
7fbbd9c83000-7fbbd9c86000 r--s 00016000 08:01 342813                     /home/uic/hadoop-3.2.1/share/hadoop/common/lib/jaxb-api-2.2.11.jar
7fbbd9c86000-7fbbd9c8d000 r--s 0002b000 08:01 342778                     /home/uic/hadoop-3.2.1/share/hadoop/common/lib/kerby-pkix-1.0.1.jar
7fbbd9c8d000-7fbbd9c8e000 r--s 00002000 08:01 342775                     /home/uic/hadoop-3.2.1/share/hadoop/common/lib/slf4j-log4j12-1.7.25.jar
7fbbd9c8e000-7fbbd9c90000 r--s 0000a000 08:01 342794                     /home/uic/hadoop-3.2.1/share/hadoop/common/lib/jsr311-api-1.1.1.jar
7fbbd9c90000-7fbbd9c91000 r--s 00006000 08:01 342822                     /home/uic/hadoop-3.2.1/share/hadoop/common/lib/jackson-xc-1.9.13.jar
7fbbd9c91000-7fbbd9c94000 r--s 0001a000 08:01 342817                     /home/uic/hadoop-3.2.1/share/hadoop/common/lib/jetty-webapp-9.3.24.v20180605.jar
7fbbd9c94000-7fbbd9c95000 r--s 0000c000 08:01 342749                     /home/uic/hadoop-3.2.1/share/hadoop/common/lib/jetty-xml-9.3.24.v20180605.jar
7fbbd9c95000-7fbbd9ca1000 r--s 0008b000 08:01 342797                     /home/uic/hadoop-3.2.1/share/hadoop/common/lib/commons-configuration2-2.1.1.jar
7fbbd9ca1000-7fbbd9ca3000 r--s 0001e000 08:01 342828                     /home/uic/hadoop-3.2.1/share/hadoop/common/lib/re2j-1.1.jar
7fbbd9ca3000-7fbbd9ca4000 r--s 00009000 08:01 342741                     /home/uic/hadoop-3.2.1/share/hadoop/common/lib/kerby-util-1.0.1.jar
7fbbd9ca4000-7fbbd9ca7000 r--s 0000e000 08:01 342766                     /home/uic/hadoop-3.2.1/share/hadoop/common/lib/jackson-annotations-2.9.8.jar
7fbbd9ca7000-7fbbd9caa000 r--s 0001b000 08:01 342812                     /home/uic/hadoop-3.2.1/share/hadoop/common/lib/jetty-io-9.3.24.v20180605.jar
7fbbd9caa000-7fbbd9cb2000 r--s 00072000 08:01 342799                     /home/uic/hadoop-3.2.1/share/hadoop/common/lib/commons-lang3-3.7.jar
7fbbd9cb2000-7fbbd9cb4000 r--s 0000c000 08:01 342773                     /home/uic/hadoop-3.2.1/share/hadoop/common/lib/asm-5.0.4.jar
7fbbd9cb4000-7fbbd9cbd000 r--s 0006f000 08:01 342756                     /home/uic/hadoop-3.2.1/share/hadoop/common/lib/log4j-1.2.17.jar
7fbbd9cbd000-7fbbd9cf4000 r--s 00219000 08:01 342827                     /home/uic/hadoop-3.2.1/share/hadoop/common/lib/curator-client-2.13.0.jar
7fbbd9cf4000-7fbbd9cf6000 r--s 00017000 08:01 342755                     /home/uic/hadoop-3.2.1/share/hadoop/common/lib/kerby-asn1-1.0.1.jar
7fbbd9cf6000-7fbbd9cf7000 r--s 00004000 08:01 342768                     /home/uic/hadoop-3.2.1/share/hadoop/common/lib/kerb-identity-1.0.1.jar
7fbbd9cf7000-7fbbd9cf9000 r--s 0000e000 08:01 342830                     /home/uic/hadoop-3.2.1/share/hadoop/common/lib/commons-logging-1.1.3.jar
7fbbd9cf9000-7fbbd9d0b000 r--s 00137000 08:01 342829                     /home/uic/hadoop-3.2.1/share/hadoop/common/lib/jackson-databind-2.9.8.jar
7fbbd9d0b000-7fbbd9d0c000 r--s 0000e000 08:01 342761                     /home/uic/hadoop-3.2.1/share/hadoop/common/lib/hadoop-annotations-3.2.1.jar
7fbbd9d0c000-7fbbd9d0e000 r--s 00000000 08:01 342746                     /home/uic/hadoop-3.2.1/share/hadoop/common/lib/jul-to-slf4j-1.7.25.jar
7fbbd9d0e000-7fbbd9d18000 r--s 00061000 08:01 342810                     /home/uic/hadoop-3.2.1/share/hadoop/common/lib/jersey-core-1.19.jar
7fbbd9d18000-7fbbd9d1c000 r--s 0002f000 08:01 342825                     /home/uic/hadoop-3.2.1/share/hadoop/common/lib/commons-io-2.5.jar
7fbbd9d1c000-7fbbd9d1f000 r--s 00022000 08:01 342757                     /home/uic/hadoop-3.2.1/share/hadoop/common/lib/jetty-http-9.3.24.v20180605.jar
7fbbd9d1f000-7fbbd9d21000 r--s 00130000 08:01 342745                     /home/uic/hadoop-3.2.1/share/hadoop/common/lib/snappy-java-1.0.5.jar
7fbbd9d21000-7fbbd9d23000 r--s 0000f000 08:01 342784                     /home/uic/hadoop-3.2.1/share/hadoop/common/lib/jettison-1.1.jar
7fbbd9d23000-7fbbd9d25000 r--s 00009000 08:01 342748                     /home/uic/hadoop-3.2.1/share/hadoop/common/lib/commons-cli-1.2.jar
7fbbd9d25000-7fbbd9d27000 r--s 0000e000 08:01 342760                     /home/uic/hadoop-3.2.1/share/hadoop/common/lib/kerb-common-1.0.1.jar
7fbbd9d27000-7fbbd9d2e000 r--s 00049000 08:01 342786                     /home/uic/hadoop-3.2.1/share/hadoop/common/lib/httpcore-4.4.10.jar
7fbbd9d2e000-7fbbd9d30000 r--s 00020000 08:01 342796                     /home/uic/hadoop-3.2.1/share/hadoop/common/lib/hadoop-auth-3.2.1.jar
7fbbd9d30000-7fbbd9d32000 r--s 00002000 08:01 342814                     /home/uic/hadoop-3.2.1/share/hadoop/common/lib/error_prone_annotations-2.2.0.jar
7fbbd9d32000-7fbbd9d3f000 r--s 000d1000 08:01 342751                     /home/uic/hadoop-3.2.1/share/hadoop/common/lib/zookeeper-3.4.13.jar
7fbbd9d3f000-7fbbd9d40000 r--s 00004000 08:01 342777                     /home/uic/hadoop-3.2.1/share/hadoop/common/lib/jackson-jaxrs-1.9.13.jar
7fbbd9d40000-7fbbd9d43000 r--s 0001b000 08:01 342767                     /home/uic/hadoop-3.2.1/share/hadoop/common/lib/jetty-servlet-9.3.24.v20180605.jar
7fbbd9d43000-7fbbd9d44000 r--s 00004000 08:01 342750                     /home/uic/hadoop-3.2.1/share/hadoop/common/lib/kerb-simplekdc-1.0.1.jar
7fbbd9d44000-7fbbd9d5e000 r--s 00155000 08:01 342782                     /home/uic/hadoop-3.2.1/share/hadoop/common/lib/htrace-core4-4.1.0-incubating.jar
7fbbd9d5e000-7fbbd9d67000 r--s 00062000 08:01 342781                     /home/uic/hadoop-3.2.1/share/hadoop/common/lib/avro-1.7.7.jar
7fbbd9d67000-7fbbd9d6c000 r--s 0002a000 08:01 342823                     /home/uic/hadoop-3.2.1/share/hadoop/common/lib/gson-2.2.4.jar
7fbbd9d6c000-7fbbd9d6d000 r--s 00000000 08:01 342824                     /home/uic/hadoop-3.2.1/share/hadoop/common/lib/failureaccess-1.0.jar
7fbbd9d6d000-7fbbd9d6f000 r--s 00006000 08:01 342811                     /home/uic/hadoop-3.2.1/share/hadoop/common/lib/accessors-smart-1.2.jar
7fbbd9d6f000-7fbbd9d71000 r--s 00001000 08:01 342809                     /home/uic/hadoop-3.2.1/share/hadoop/common/lib/j2objc-annotations-1.1.jar
7fbbd9d71000-7fbbd9d75000 r--s 0001c000 08:01 342818                     /home/uic/hadoop-3.2.1/share/hadoop/common/lib/jersey-servlet-1.19.jar
7fbbd9d75000-7fbbd9d7b000 r--s 0002c000 08:01 342821                     /home/uic/hadoop-3.2.1/share/hadoop/common/lib/curator-framework-2.13.0.jar
7fbbd9d7b000-7fbbd9d7f000 r--s 00024000 08:01 342805                     /home/uic/hadoop-3.2.1/share/hadoop/common/lib/stax2-api-3.1.4.jar
7fbbd9d7f000-7fbbd9d85000 r--s 00044000 08:01 342772                     /home/uic/hadoop-3.2.1/share/hadoop/common/lib/nimbus-jose-jwt-4.41.1.jar
7fbbd9d85000-7fbbd9d8c000 r--s 00069000 08:01 342795                     /home/uic/hadoop-3.2.1/share/hadoop/common/lib/jetty-util-9.3.24.v20180605.jar
7fbbd9d8c000-7fbbd9d8f000 r--s 00011000 08:01 342758                     /home/uic/hadoop-3.2.1/share/hadoop/common/lib/kerb-admin-1.0.1.jar
7fbbd9d8f000-7fbbd9d9c000 r--s 00083000 08:01 342788                     /home/uic/hadoop-3.2.1/share/hadoop/common/lib/commons-collections-3.2.2.jar
7fbbd9d9c000-7fbbd9d9f000 r--s 00012000 08:01 342747                     /home/uic/hadoop-3.2.1/share/hadoop/common/lib/kerb-server-1.0.1.jar
7fbbd9d9f000-7fbbd9da3000 r--s 0001e000 08:01 342816                     /home/uic/hadoop-3.2.1/share/hadoop/common/lib/metrics-core-3.2.4.jar
7fbbd9da3000-7fbbd9da4000 r--s 00004000 08:01 342819                     /home/uic/hadoop-3.2.1/share/hadoop/common/lib/token-provider-1.0.1.jar
7fbbd9da4000-7fbbd9dac000 r--s 0007b000 08:01 342807                     /home/uic/hadoop-3.2.1/share/hadoop/common/lib/protobuf-java-2.5.0.jar
7fbbd9dac000-7fbbd9db1000 r--s 00047000 08:01 342791                     /home/uic/hadoop-3.2.1/share/hadoop/common/lib/dnsjava-2.1.7.jar
7fbbd9db1000-7fbbd9db3000 r--s 00009000 08:01 342806                     /home/uic/hadoop-3.2.1/share/hadoop/common/lib/slf4j-api-1.7.25.jar
7fbbd9db3000-7fbbd9db5000 r--s 00006000 08:01 342787                     /home/uic/hadoop-3.2.1/share/hadoop/common/lib/paranamer-2.3.jar
7fbbd9db5000-7fbbd9db8000 r--s 00019000 08:01 342770                     /home/uic/hadoop-3.2.1/share/hadoop/common/lib/kerb-client-1.0.1.jar
7fbbd9db8000-7fbbd9dbc000 r--s 00035000 08:01 342826                     /home/uic/hadoop-3.2.1/share/hadoop/common/lib/jackson-core-asl-1.9.13.jar
7fbbd9dbc000-7fbbd9dbf000 r--s 00016000 08:01 342769                     /home/uic/hadoop-3.2.1/share/hadoop/common/lib/jsp-api-2.1.jar
7fbbd9dbf000-7fbbd9dc6000 r--s 00031000 08:01 342765                     /home/uic/hadoop-3.2.1/share/hadoop/common/lib/kerb-core-1.0.1.jar
7fbbd9dc6000-7fbbd9dd4000 r--s 000b1000 08:01 342785                     /home/uic/hadoop-3.2.1/share/hadoop/common/lib/jackson-mapper-asl-1.9.13.jar
7fbbd9dd4000-7fbbd9ddf000 r--s 00086000 08:01 342820                     /home/uic/hadoop-3.2.1/share/hadoop/common/lib/commons-compress-1.18.jar
7fbbd9ddf000-7fbbd9de1000 r--s 00006000 08:01 342742                     /home/uic/hadoop-3.2.1/share/hadoop/common/lib/kerby-xdr-1.0.1.jar
7fbbd9de1000-7fbbd9de5000 r--s 0004c000 08:01 342804                     /home/uic/hadoop-3.2.1/share/hadoop/common/lib/jackson-core-2.9.8.jar
7fbbd9de5000-7fbbd9de9000 r--s 00025000 08:01 342752                     /home/uic/hadoop-3.2.1/share/hadoop/common/lib/jersey-json-1.19.jar
7fbbd9de9000-7fbbd9df9000 r--s 0009c000 08:01 342774                     /home/uic/hadoop-3.2.1/share/hadoop/common/lib/jersey-server-1.19.jar
7fbbd9df9000-7fbbd9dfd000 r--s 00029000 08:01 342771                     /home/uic/hadoop-3.2.1/share/hadoop/common/lib/commons-text-1.4.jar
7fbbd9dfd000-7fbbd9dff000 r--s 00006000 08:01 342790                     /home/uic/hadoop-3.2.1/share/hadoop/common/lib/kerby-config-1.0.1.jar
7fbbd9dff000-7fbbd9e00000 r--s 00000000 08:01 342762                     /home/uic/hadoop-3.2.1/share/hadoop/common/lib/animal-sniffer-annotations-1.17.jar
7fbbd9e00000-7fbbd9e08000 r--s 00078000 08:01 342792                     /home/uic/hadoop-3.2.1/share/hadoop/common/lib/jetty-server-9.3.24.v20180605.jar
7fbbd9e08000-7fbbd9e15000 r--s 000af000 08:01 342789                     /home/uic/hadoop-3.2.1/share/hadoop/common/lib/httpclient-4.5.6.jar
7fbbd9e15000-7fbbd9e16000 r--s 00004000 08:01 342801                     /home/uic/hadoop-3.2.1/share/hadoop/common/lib/audience-annotations-0.5.0.jar
7fbbd9e16000-7fbbd9e29000 r--s 000c7000 08:01 342793                     /home/uic/hadoop-3.2.1/share/hadoop/common/lib/jaxb-impl-2.2.3-1.jar
7fbbd9e29000-7fbbd9e30000 r--s 0004b000 08:01 342802                     /home/uic/hadoop-3.2.1/share/hadoop/common/lib/commons-codec-1.11.jar
7fbbd9e30000-7fbbd9e49000 r--s 0012c000 08:01 342831                     /home/uic/hadoop-3.2.1/share/hadoop/common/lib/netty-3.10.5.Final.jar
7fbbd9e49000-7fbbd9e56000 r--s 000b8000 08:01 343146                     /home/uic/hadoop-3.2.1/share/hadoop/mapreduce/hadoop-mapreduce-client-common-3.2.1.jar
7fbbd9e56000-7fbbd9e58000 r--s 0000d000 08:01 343174                     /home/uic/hadoop-3.2.1/share/hadoop/mapreduce/hadoop-mapreduce-client-uploader-3.2.1.jar
7fbbd9e58000-7fbbd9e59000 r--s 00014000 08:01 343148                     /home/uic/hadoop-3.2.1/share/hadoop/mapreduce/hadoop-mapreduce-client-jobclient-3.2.1.jar
7fbbd9e59000-7fbbd9e72000 r--s 0017c000 08:01 343147                     /home/uic/hadoop-3.2.1/share/hadoop/mapreduce/hadoop-mapreduce-client-core-3.2.1.jar
7fbbd9e72000-7fbbd9e75000 r--s 00032000 08:01 343145                     /home/uic/hadoop-3.2.1/share/hadoop/mapreduce/hadoop-mapreduce-client-hs-3.2.1.jar
7fbbd9e75000-7fbbd9e7f000 r--s 0008c000 08:01 343149                     /home/uic/hadoop-3.2.1/share/hadoop/mapreduce/hadoop-mapreduce-client-app-3.2.1.jar
7fbbd9e7f000-7fbbd9e81000 r--s 0000a000 08:01 343123                     /home/uic/hadoop-3.2.1/share/hadoop/mapreduce/hadoop-mapreduce-client-hs-plugins-3.2.1.jar
7fbbd9e81000-7fbbd9e82000 r--s 00017000 08:01 343150                     /home/uic/hadoop-3.2.1/share/hadoop/mapreduce/hadoop-mapreduce-client-shuffle-3.2.1.jar
7fbbd9e82000-7fbbd9e85000 r--s 0001c000 08:01 343175                     /home/uic/hadoop-3.2.1/share/hadoop/mapreduce/hadoop-mapreduce-client-nativetask-3.2.1.jar
7fbbd9e85000-7fbbd9e87000 r--s 00009000 08:01 343173                     /home/uic/hadoop-3.2.1/share/hadoop/mapreduce/lib/hamcrest-core-1.3.jar
7fbbd9e87000-7fbbd9e8d000 r--s 00036000 08:01 343172                     /home/uic/hadoop-3.2.1/share/hadoop/mapreduce/lib/junit-4.11.jar
7fbbd9e8d000-7fbbd9e8f000 r--s 0000a000 08:01 343039                     /home/uic/hadoop-3.2.1/share/hadoop/hdfs/hadoop-hdfs-native-client-3.2.1.jar
7fbbd9e8f000-7fbbd9ed7000 r--s 00567000 08:01 342923                     /home/uic/hadoop-3.2.1/share/hadoop/hdfs/hadoop-hdfs-3.2.1.jar
7fbbd9ed7000-7fbbd9ed9000 r--s 00023000 08:01 342833                     /home/uic/hadoop-3.2.1/share/hadoop/hdfs/hadoop-hdfs-nfs-3.2.1.jar
7fbbd9ed9000-7fbbd9f1e000 r--s 00497000 08:01 342921                     /home/uic/hadoop-3.2.1/share/hadoop/hdfs/hadoop-hdfs-client-3.2.1.jar
7fbbd9f1e000-7fbbd9f2e000 r--s 000db000 08:01 343041                     /home/uic/hadoop-3.2.1/share/hadoop/hdfs/hadoop-hdfs-rbf-3.2.1.jar
7fbbd9f2e000-7fbbd9f34000 r--s 0003c000 08:01 342924                     /home/uic/hadoop-3.2.1/share/hadoop/hdfs/hadoop-hdfs-httpfs-3.2.1.jar
7fbbd9f34000-7fbbd9f3e000 r--s 00026000 08:01 343008                     /home/uic/hadoop-3.2.1/share/hadoop/hdfs/lib/checker-qual-2.5.2.jar
7fbbd9f3e000-7fbbd9f44000 r--s 00078000 08:01 342970                     /home/uic/hadoop-3.2.1/share/hadoop/hdfs/lib/woodstox-core-5.0.3.jar
7fbbd9f44000-7fbbd9f47000 r--s 00015000 08:01 342982                     /home/uic/hadoop-3.2.1/share/hadoop/hdfs/lib/jetty-security-9.3.24.v20180605.jar
7fbbd9f47000-7fbbd9f48000 r--s 00000000 08:01 343015                     /home/uic/hadoop-3.2.1/share/hadoop/hdfs/lib/listenablefuture-9999.0-empty-to-avoid-conflict-with-guava.jar
7fbbd9f48000-7fbbd9f4b000 r--s 0001b000 08:01 343011                     /home/uic/hadoop-3.2.1/share/hadoop/hdfs/lib/json-smart-2.3.jar
7fbbd9f4b000-7fbbd9f4c000 r--s 00008000 08:01 342985                     /home/uic/hadoop-3.2.1/share/hadoop/hdfs/lib/kerb-util-1.0.1.jar
7fbbd9f4c000-7fbbd9f54000 r--s 0003e000 08:01 343005                     /home/uic/hadoop-3.2.1/share/hadoop/hdfs/lib/curator-recipes-2.13.0.jar
7fbbd9f54000-7fbbd9f59000 r--s 00038000 08:01 342949                     /home/uic/hadoop-3.2.1/share/hadoop/hdfs/lib/commons-beanutils-1.9.3.jar
7fbbd9f59000-7fbbd9f5e000 r--s 00040000 08:01 342965                     /home/uic/hadoop-3.2.1/share/hadoop/hdfs/lib/jsch-0.1.54.jar
7fbbd9f5e000-7fbbd9f62000 r--s 00019000 08:01 342969                     /home/uic/hadoop-3.2.1/share/hadoop/hdfs/lib/kerb-crypto-1.0.1.jar
7fbbd9f62000-7fbbd9f94000 r--s 0026d000 08:01 342959                     /home/uic/hadoop-3.2.1/share/hadoop/hdfs/lib/guava-27.0-jre.jar
7fbbd9f94000-7fbbd9f97000 r--s 00015000 08:01 342960                     /home/uic/hadoop-3.2.1/share/hadoop/hdfs/lib/javax.servlet-api-3.1.0.jar
7fbbd9f97000-7fbbd9f9a000 r--s 00006000 08:01 343022                     /home/uic/hadoop-3.2.1/share/hadoop/hdfs/lib/jsr305-3.0.0.jar
7fbbd9f9a000-7fbbd9f9c000 r--s 00000000 08:01 342986                     /home/uic/hadoop-3.2.1/share/hadoop/hdfs/lib/jcip-annotations-1.0-1.jar
7fbbd9f9c000-7fbbd9fb9000 r--s 0016a000 08:01 342989                     /home/uic/hadoop-3.2.1/share/hadoop/hdfs/lib/commons-math3-3.1.1.jar
7fbbd9fb9000-7fbbd9fbf000 r--s 00046000 08:01 342948                     /home/uic/hadoop-3.2.1/share/hadoop/hdfs/lib/commons-net-3.6.jar
7fbbd9fbf000-7fbbd9fc2000 r--s 00016000 08:01 343020                     /home/uic/hadoop-3.2.1/share/hadoop/hdfs/lib/jaxb-api-2.2.11.jar
7fbbd9fc2000-7fbbd9fc9000 r--s 0002b000 08:01 342984                     /home/uic/hadoop-3.2.1/share/hadoop/hdfs/lib/kerby-pkix-1.0.1.jar
7fbbd9fc9000-7fbbd9fce000 r--s 0004c000 08:01 342977                     /home/uic/hadoop-3.2.1/share/hadoop/hdfs/lib/okhttp-2.7.5.jar
7fbbd9fce000-7fbbd9fd0000 r--s 0000a000 08:01 343001                     /home/uic/hadoop-3.2.1/share/hadoop/hdfs/lib/jsr311-api-1.1.1.jar
7fbbd9fd0000-7fbbd9fd1000 r--s 00006000 08:01 343028                     /home/uic/hadoop-3.2.1/share/hadoop/hdfs/lib/jackson-xc-1.9.13.jar
7fbbd9fd1000-7fbbd9fd4000 r--s 0001a000 08:01 343023                     /home/uic/hadoop-3.2.1/share/hadoop/hdfs/lib/jetty-webapp-9.3.24.v20180605.jar
7fbbd9fd4000-7fbbd9fd5000 r--s 0000c000 08:01 342953                     /home/uic/hadoop-3.2.1/share/hadoop/hdfs/lib/jetty-xml-9.3.24.v20180605.jar
7fbbd9fd5000-7fbbd9fe1000 r--s 0008b000 08:01 343004                     /home/uic/hadoop-3.2.1/share/hadoop/hdfs/lib/commons-configuration2-2.1.1.jar
7fbbd9fe1000-7fbbd9fe3000 r--s 0001e000 08:01 343035                     /home/uic/hadoop-3.2.1/share/hadoop/hdfs/lib/re2j-1.1.jar
7fbbd9fe3000-7fbbd9fe4000 r--s 00009000 08:01 342946                     /home/uic/hadoop-3.2.1/share/hadoop/hdfs/lib/kerby-util-1.0.1.jar
7fbbd9fe4000-7fbbd9fe7000 r--s 0000e000 08:01 342972                     /home/uic/hadoop-3.2.1/share/hadoop/hdfs/lib/jackson-annotations-2.9.8.jar
7fbbd9fe7000-7fbbd9fea000 r--s 0001b000 08:01 343019                     /home/uic/hadoop-3.2.1/share/hadoop/hdfs/lib/jetty-io-9.3.24.v20180605.jar
7fbbd9fea000-7fbbd9ff2000 r--s 00072000 08:01 343007                     /home/uic/hadoop-3.2.1/share/hadoop/hdfs/lib/commons-lang3-3.7.jar
7fbbd9ff2000-7fbbd9ff4000 r--s 0000c000 08:01 342979                     /home/uic/hadoop-3.2.1/share/hadoop/hdfs/lib/asm-5.0.4.jar
7fbbd9ff4000-7fbbd9ffd000 r--s 0006f000 08:01 342962                     /home/uic/hadoop-3.2.1/share/hadoop/hdfs/lib/log4j-1.2.17.jar
7fbbd9ffd000-7fbbda034000 r--s 00219000 08:01 343034                     /home/uic/hadoop-3.2.1/share/hadoop/hdfs/lib/curator-client-2.13.0.jar
7fbbda034000-7fbbda036000 r--s 00017000 08:01 342961                     /home/uic/hadoop-3.2.1/share/hadoop/hdfs/lib/kerby-asn1-1.0.1.jar
7fbbda036000-7fbbda037000 r--s 00004000 08:01 342974                     /home/uic/hadoop-3.2.1/share/hadoop/hdfs/lib/kerb-identity-1.0.1.jar
7fbbda037000-7fbbda039000 r--s 0000e000 08:01 343037                     /home/uic/hadoop-3.2.1/share/hadoop/hdfs/lib/commons-logging-1.1.3.jar
7fbbda039000-7fbbda04b000 r--s 00137000 08:01 343036                     /home/uic/hadoop-3.2.1/share/hadoop/hdfs/lib/jackson-databind-2.9.8.jar
7fbbda04b000-7fbbda04c000 r--s 0000e000 08:01 342967                     /home/uic/hadoop-3.2.1/share/hadoop/hdfs/lib/hadoop-annotations-3.2.1.jar
7fbbda04c000-7fbbda056000 r--s 00061000 08:01 343017                     /home/uic/hadoop-3.2.1/share/hadoop/hdfs/lib/jersey-core-1.19.jar
7fbbda056000-7fbbda05a000 r--s 0002f000 08:01 343032                     /home/uic/hadoop-3.2.1/share/hadoop/hdfs/lib/commons-io-2.5.jar
7fbbda05a000-7fbbda05d000 r--s 00022000 08:01 342963                     /home/uic/hadoop-3.2.1/share/hadoop/hdfs/lib/jetty-http-9.3.24.v20180605.jar
7fbbda05d000-7fbbda05f000 r--s 00130000 08:01 342950                     /home/uic/hadoop-3.2.1/share/hadoop/hdfs/lib/snappy-java-1.0.5.jar
7fbbda05f000-7fbbda061000 r--s 0000f000 08:01 342990                     /home/uic/hadoop-3.2.1/share/hadoop/hdfs/lib/jettison-1.1.jar
7fbbda061000-7fbbda063000 r--s 00009000 08:01 342952                     /home/uic/hadoop-3.2.1/share/hadoop/hdfs/lib/commons-cli-1.2.jar
7fbbda063000-7fbbda065000 r--s 0000e000 08:01 342966                     /home/uic/hadoop-3.2.1/share/hadoop/hdfs/lib/kerb-common-1.0.1.jar
7fbbda065000-7fbbda06c000 r--s 00049000 08:01 342992                     /home/uic/hadoop-3.2.1/share/hadoop/hdfs/lib/httpcore-4.4.10.jar
7fbbda06c000-7fbbda06e000 r--s 00020000 08:01 343003                     /home/uic/hadoop-3.2.1/share/hadoop/hdfs/lib/hadoop-auth-3.2.1.jar
7fbbda06e000-7fbbda070000 r--s 00002000 08:01 343021                     /home/uic/hadoop-3.2.1/share/hadoop/hdfs/lib/error_prone_annotations-2.2.0.jar
7fbbda070000-7fbbda071000 r--s 00005000 08:01 343006                     /home/uic/hadoop-3.2.1/share/hadoop/hdfs/lib/commons-daemon-1.0.13.jar
7fbbda071000-7fbbda07e000 r--s 000d1000 08:01 342957                     /home/uic/hadoop-3.2.1/share/hadoop/hdfs/lib/zookeeper-3.4.13.jar
7fbbda07e000-7fbbda07f000 r--s 00004000 08:01 342983                     /home/uic/hadoop-3.2.1/share/hadoop/hdfs/lib/jackson-jaxrs-1.9.13.jar
7fbbda07f000-7fbbda082000 r--s 0001b000 08:01 342973                     /home/uic/hadoop-3.2.1/share/hadoop/hdfs/lib/jetty-servlet-9.3.24.v20180605.jar
7fbbda082000-7fbbda083000 r--s 00004000 08:01 342954                     /home/uic/hadoop-3.2.1/share/hadoop/hdfs/lib/kerb-simplekdc-1.0.1.jar
7fbbda083000-7fbbda09d000 r--s 00155000 08:01 342988                     /home/uic/hadoop-3.2.1/share/hadoop/hdfs/lib/htrace-core4-4.1.0-incubating.jar
7fbbda09d000-7fbbda0a6000 r--s 00062000 08:01 342987                     /home/uic/hadoop-3.2.1/share/hadoop/hdfs/lib/avro-1.7.7.jar
7fbbda0a6000-7fbbda0ab000 r--s 0002a000 08:01 343029                     /home/uic/hadoop-3.2.1/share/hadoop/hdfs/lib/gson-2.2.4.jar
7fbbda0ab000-7fbbda0ac000 r--s 00000000 08:01 343031                     /home/uic/hadoop-3.2.1/share/hadoop/hdfs/lib/failureaccess-1.0.jar
7fbbda0ac000-7fbbda0ae000 r--s 00006000 08:01 343018                     /home/uic/hadoop-3.2.1/share/hadoop/hdfs/lib/accessors-smart-1.2.jar
7fbbda0ae000-7fbbda0b0000 r--s 00001000 08:01 343016                     /home/uic/hadoop-3.2.1/share/hadoop/hdfs/lib/j2objc-annotations-1.1.jar
7fbbda0b0000-7fbbda0b4000 r--s 0001c000 08:01 343024                     /home/uic/hadoop-3.2.1/share/hadoop/hdfs/lib/jersey-servlet-1.19.jar
7fbbda0b4000-7fbbda0b6000 r--s 00008000 08:01 342998                     /home/uic/hadoop-3.2.1/share/hadoop/hdfs/lib/jetty-util-ajax-9.3.24.v20180605.jar
7fbbda0b6000-7fbbda0bc000 r--s 0002c000 08:01 343027                     /home/uic/hadoop-3.2.1/share/hadoop/hdfs/lib/curator-framework-2.13.0.jar
7fbbda0bc000-7fbbda0c0000 r--s 00024000 08:01 343013                     /home/uic/hadoop-3.2.1/share/hadoop/hdfs/lib/stax2-api-3.1.4.jar
7fbbda0c0000-7fbbda0c6000 r--s 00044000 08:01 342978                     /home/uic/hadoop-3.2.1/share/hadoop/hdfs/lib/nimbus-jose-jwt-4.41.1.jar
7fbbda0c6000-7fbbda0cd000 r--s 00069000 08:01 343002                     /home/uic/hadoop-3.2.1/share/hadoop/hdfs/lib/jetty-util-9.3.24.v20180605.jar
7fbbda0cd000-7fbbda0d0000 r--s 00011000 08:01 342964                     /home/uic/hadoop-3.2.1/share/hadoop/hdfs/lib/kerb-admin-1.0.1.jar
7fbbda0d0000-7fbbda0dd000 r--s 00083000 08:01 342994                     /home/uic/hadoop-3.2.1/share/hadoop/hdfs/lib/commons-collections-3.2.2.jar
7fbbda0dd000-7fbbda0e0000 r--s 00012000 08:01 342951                     /home/uic/hadoop-3.2.1/share/hadoop/hdfs/lib/kerb-server-1.0.1.jar
7fbbda0e0000-7fbbda0e1000 r--s 00005000 08:01 342980                     /home/uic/hadoop-3.2.1/share/hadoop/hdfs/lib/json-simple-1.1.1.jar
7fbbda0e1000-7fbbda0e2000 r--s 00004000 08:01 343025                     /home/uic/hadoop-3.2.1/share/hadoop/hdfs/lib/token-provider-1.0.1.jar
7fbbda0e2000-7fbbda0ea000 r--s 0007b000 08:01 343014                     /home/uic/hadoop-3.2.1/share/hadoop/hdfs/lib/protobuf-java-2.5.0.jar
7fbbda0ea000-7fbbda0ef000 r--s 00047000 08:01 342997                     /home/uic/hadoop-3.2.1/share/hadoop/hdfs/lib/dnsjava-2.1.7.jar
7fbbda0ef000-7fbbda0f1000 r--s 00006000 08:01 342993                     /home/uic/hadoop-3.2.1/share/hadoop/hdfs/lib/paranamer-2.3.jar
7fbbda0f1000-7fbbda118000 r--s 00205000 08:01 342956                     /home/uic/hadoop-3.2.1/share/hadoop/hdfs/lib/netty-all-4.0.52.Final.jar
7fbbda118000-7fbbda11b000 r--s 00019000 08:01 342975                     /home/uic/hadoop-3.2.1/share/hadoop/hdfs/lib/kerb-client-1.0.1.jar
7fbbda11b000-7fbbda122000 r--s 00031000 08:01 342971                     /home/uic/hadoop-3.2.1/share/hadoop/hdfs/lib/kerb-core-1.0.1.jar
7fbbda122000-7fbbda130000 r--s 000b1000 08:01 342991                     /home/uic/hadoop-3.2.1/share/hadoop/hdfs/lib/jackson-mapper-asl-1.9.13.jar
7fbbda130000-7fbbdc000000 rw-p 00000000 00:00 0 
7fbbdc000000-7fbbdc02b000 rw-p 00000000 00:00 0 
7fbbdc02b000-7fbbe0000000 ---p 00000000 00:00 0 
7fbbe0000000-7fbbe0004000 r--s 00035000 08:01 343033                     /home/uic/hadoop-3.2.1/share/hadoop/hdfs/lib/jackson-core-asl-1.9.13.jar
7fbbe0004000-7fbbe000f000 r--s 00086000 08:01 343026                     /home/uic/hadoop-3.2.1/share/hadoop/hdfs/lib/commons-compress-1.18.jar
7fbbe000f000-7fbbe0011000 r--s 00006000 08:01 342947                     /home/uic/hadoop-3.2.1/share/hadoop/hdfs/lib/kerby-xdr-1.0.1.jar
7fbbe0011000-7fbbe0015000 r--s 0004c000 08:01 343012                     /home/uic/hadoop-3.2.1/share/hadoop/hdfs/lib/jackson-core-2.9.8.jar
7fbbe0015000-7fbbe0019000 r--s 00025000 08:01 342958                     /home/uic/hadoop-3.2.1/share/hadoop/hdfs/lib/jersey-json-1.19.jar
7fbbe0019000-7fbbe0029000 r--s 0009c000 08:01 342981                     /home/uic/hadoop-3.2.1/share/hadoop/hdfs/lib/jersey-server-1.19.jar
7fbbe0029000-7fbbe002c000 r--s 000fd000 08:01 342955                     /home/uic/hadoop-3.2.1/share/hadoop/hdfs/lib/leveldbjni-all-1.8.jar
7fbbe002c000-7fbbe0030000 r--s 00029000 08:01 342976                     /home/uic/hadoop-3.2.1/share/hadoop/hdfs/lib/commons-text-1.4.jar
7fbbe0030000-7fbbe0032000 r--s 00006000 08:01 342996                     /home/uic/hadoop-3.2.1/share/hadoop/hdfs/lib/kerby-config-1.0.1.jar
7fbbe0032000-7fbbe0033000 r--s 00000000 08:01 342968                     /home/uic/hadoop-3.2.1/share/hadoop/hdfs/lib/animal-sniffer-annotations-1.17.jar
7fbbe0033000-7fbbe003b000 r--s 00078000 08:01 342999                     /home/uic/hadoop-3.2.1/share/hadoop/hdfs/lib/jetty-server-9.3.24.v20180605.jar
7fbbe003b000-7fbbe0048000 r--s 000af000 08:01 342995                     /home/uic/hadoop-3.2.1/share/hadoop/hdfs/lib/httpclient-4.5.6.jar
7fbbe0048000-7fbbe0049000 r--s 00004000 08:01 343009                     /home/uic/hadoop-3.2.1/share/hadoop/hdfs/lib/audience-annotations-0.5.0.jar
7fbbe0049000-7fbbe004b000 r--s 0000f000 08:01 343030                     /home/uic/hadoop-3.2.1/share/hadoop/hdfs/lib/okio-1.6.0.jar
7fbbe004b000-7fbbe005e000 r--s 000c7000 08:01 343000                     /home/uic/hadoop-3.2.1/share/hadoop/hdfs/lib/jaxb-impl-2.2.3-1.jar
7fbbe005e000-7fbbe0065000 r--s 0004b000 08:01 343010                     /home/uic/hadoop-3.2.1/share/hadoop/hdfs/lib/commons-codec-1.11.jar
7fbbe0065000-7fbbe007e000 r--s 0012c000 08:01 343038                     /home/uic/hadoop-3.2.1/share/hadoop/hdfs/lib/netty-3.10.5.Final.jar
7fbbe007e000-7fbbe0081000 r--s 0001a000 08:01 343177                     /home/uic/hadoop-3.2.1/share/hadoop/yarn/hadoop-yarn-submarine-3.2.1.jar
7fbbe0081000-7fbbe00a5000 r--s 0020a000 08:01 343262                     /home/uic/hadoop-3.2.1/share/hadoop/yarn/hadoop-yarn-server-resourcemanager-3.2.1.jar
7fbbe00a5000-7fbbe00a7000 r--s 00012000 08:01 343264                     /home/uic/hadoop-3.2.1/share/hadoop/yarn/hadoop-yarn-server-web-proxy-3.2.1.jar
7fbbe00a7000-7fbbe00a9000 r--s 0001a000 08:01 343265                     /home/uic/hadoop-3.2.1/share/hadoop/yarn/hadoop-yarn-applications-distributedshell-3.2.1.jar
7fbbe00a9000-7fbbe00ae000 r--s 00043000 08:01 343307                     /home/uic/hadoop-3.2.1/share/hadoop/yarn/hadoop-yarn-server-applicationhistoryservice-3.2.1.jar
7fbbe00ae000-7fbbe00b3000 r--s 00033000 08:01 343284                     /home/uic/hadoop-3.2.1/share/hadoop/yarn/hadoop-yarn-registry-3.2.1.jar
7fbbe00b3000-7fbbe00b6000 r--s 00024000 08:01 343259                     /home/uic/hadoop-3.2.1/share/hadoop/yarn/hadoop-yarn-server-router-3.2.1.jar
7fbbe00b6000-7fbbe00b8000 r--s 00015000 08:01 343210                     /home/uic/hadoop-3.2.1/share/hadoop/yarn/hadoop-yarn-server-timeline-pluginstorage-3.2.1.jar
7fbbe00b8000-7fbbe00bb000 r--s 00015000 08:01 343209                     /home/uic/hadoop-3.2.1/share/hadoop/yarn/hadoop-yarn-server-sharedcachemanager-3.2.1.jar
7fbbe00bb000-7fbbe00bc000 r--s 0000d000 08:01 343212                     /home/uic/hadoop-3.2.1/share/hadoop/yarn/hadoop-yarn-applications-unmanaged-am-launcher-3.2.1.jar
7fbbe00bc000-7fbbe00c6000 r--s 00091000 08:01 343213                     /home/uic/hadoop-3.2.1/share/hadoop/yarn/hadoop-yarn-services-core-3.2.1.jar
7fbbe00c6000-7fbbe00ca000 r--s 0004b000 08:01 343260                     /home/uic/hadoop-3.2.1/share/hadoop/yarn/hadoop-yarn-client-3.2.1.jar
7fbbe00ca000-7fbbe00e2000 r--s 00137000 08:01 343176                     /home/uic/hadoop-3.2.1/share/hadoop/yarn/hadoop-yarn-server-nodemanager-3.2.1.jar
7fbbe00e2000-7fbbe0106000 r--s 002a5000 08:01 343211                     /home/uic/hadoop-3.2.1/share/hadoop/yarn/hadoop-yarn-common-3.2.1.jar
7fbbe0106000-7fbbe011e000 r--s 0013d000 08:01 343282                     /home/uic/hadoop-3.2.1/share/hadoop/yarn/hadoop-yarn-server-common-3.2.1.jar
7fbbe011e000-7fbbe0120000 r--s 00019000 08:01 343281                     /home/uic/hadoop-3.2.1/share/hadoop/yarn/hadoop-yarn-services-api-3.2.1.jar
7fbbe0120000-7fbbe014d000 r--s 002f6000 08:01 343283                     /home/uic/hadoop-3.2.1/share/hadoop/yarn/hadoop-yarn-api-3.2.1.jar
7fbbe014d000-7fbbe01a5000 r--s 003a7000 08:01 343296                     /home/uic/hadoop-3.2.1/share/hadoop/yarn/lib/bcprov-jdk15on-1.60.jar
7fbbe01a5000-7fbbe01a7000 r--s 00000000 08:01 343285                     /home/uic/hadoop-3.2.1/share/hadoop/yarn/lib/aopalliance-1.0.jar
7fbbe01a7000-7fbbe01aa000 r--s 0000b000 08:01 343300                     /home/uic/hadoop-3.2.1/share/hadoop/yarn/lib/geronimo-jcache_1.0_spec-1.0-alpha-1.jar
7fbbe01aa000-7fbbe01d0000 r--s 00180000 08:01 343302                     /home/uic/hadoop-3.2.1/share/hadoop/yarn/lib/ehcache-3.3.1.jar
7fbbe01d0000-7fbbe01d1000 r--s 00003000 08:01 343292                     /home/uic/hadoop-3.2.1/share/hadoop/yarn/lib/jackson-jaxrs-json-provider-2.9.8.jar
7fbbe01d1000-7fbbe01d4000 r--s 0001e000 08:01 343293                     /home/uic/hadoop-3.2.1/share/hadoop/yarn/lib/jersey-client-1.19.jar
7fbbe01d4000-7fbbe01e7000 r--s 000b0000 08:01 343290                     /home/uic/hadoop-3.2.1/share/hadoop/yarn/lib/bcpkix-jdk15on-1.60.jar
7fbbe01e7000-7fbbe01e8000 ---p 00000000 00:00 0 
7fbbe01e8000-7fbbe02e8000 rw-p 00000000 00:00 0 
7fbbe02e8000-7fbbe02eb000 ---p 00000000 00:00 0 
7fbbe02eb000-7fbbe03e9000 rw-p 00000000 00:00 0 
7fbbe03e9000-7fbbe03ea000 ---p 00000000 00:00 0 
7fbbe03ea000-7fbbe03ed000 ---p 00000000 00:00 0 
7fbbe03ed000-7fbbe04ea000 rw-p 00000000 00:00 0 
7fbbe04ea000-7fbbe04eb000 ---p 00000000 00:00 0 
7fbbe04eb000-7fbbe04ee000 ---p 00000000 00:00 0 
7fbbe04ee000-7fbbe05eb000 rw-p 00000000 00:00 0 
7fbbe05eb000-7fbbe05ee000 ---p 00000000 00:00 0 
7fbbe05ee000-7fbbe06ec000 rw-p 00000000 00:00 0 
7fbbe06ec000-7fbbe085f000 r--p 00000000 08:01 7800                       /usr/lib/locale/C.UTF-8/LC_COLLATE
7fbbe085f000-7fbbe09fa000 r--p 00000000 08:01 7795                       /usr/lib/locale/locale-archive
7fbbe09fa000-7fbbe09fd000 ---p 00000000 00:00 0 
7fbbe09fd000-7fbbe0afb000 rw-p 00000000 00:00 0 
7fbbe0afb000-7fbbe0afe000 ---p 00000000 00:00 0 
7fbbe0afe000-7fbbe0bfc000 rw-p 00000000 00:00 0 
7fbbe0bfc000-7fbbe0bfd000 ---p 00000000 00:00 0 
7fbbe0bfd000-7fbbe1000000 rw-p 00000000 00:00 0 
7fbbe1000000-7fbbe17b0000 rwxp 00000000 00:00 0 
7fbbe17b0000-7fbbf0000000 ---p 00000000 00:00 0 
7fbbf0000000-7fbbf12b6000 rw-p 00000000 00:00 0 
7fbbf12b6000-7fbbf4000000 ---p 00000000 00:00 0 
7fbbf4000000-7fbbf4001000 r--s 00007000 08:01 343306                     /home/uic/hadoop-3.2.1/share/hadoop/yarn/lib/jackson-module-jaxb-annotations-2.9.8.jar
7fbbf4001000-7fbbf400a000 r--s 000b9000 08:01 343304                     /home/uic/hadoop-3.2.1/share/hadoop/yarn/lib/mssql-jdbc-6.2.1.jre7.jar
7fbbf400a000-7fbbf400c000 r--s 00005000 08:01 343297                     /home/uic/hadoop-3.2.1/share/hadoop/yarn/lib/objenesis-1.0.jar
7fbbf400c000-7fbbf400d000 r--s 00007000 08:01 343286                     /home/uic/hadoop-3.2.1/share/hadoop/yarn/lib/jackson-jaxrs-base-2.9.8.jar
7fbbf400d000-7fbbf400e000 r--s 00003000 08:01 343294                     /home/uic/hadoop-3.2.1/share/hadoop/yarn/lib/swagger-annotations-1.5.4.jar
7fbbf400e000-7fbbf4010000 r--s 00011000 08:01 343295                     /home/uic/hadoop-3.2.1/share/hadoop/yarn/lib/guice-servlet-4.0.jar
7fbbf4010000-7fbbf4014000 r--s 0001e000 08:01 343303                     /home/uic/hadoop-3.2.1/share/hadoop/yarn/lib/metrics-core-3.2.4.jar
7fbbf4014000-7fbbf4015000 r--s 00000000 08:01 343298                     /home/uic/hadoop-3.2.1/share/hadoop/yarn/lib/javax.inject-1.jar
7fbbf4015000-7fbbf4023000 r--s 00096000 08:01 343305                     /home/uic/hadoop-3.2.1/share/hadoop/yarn/lib/guice-4.0.jar
7fbbf4023000-7fbbf402a000 r--s 00058000 08:01 343301                     /home/uic/hadoop-3.2.1/share/hadoop/yarn/lib/fst-2.50.jar
7fbbf402a000-7fbbf402d000 r--s 0001e000 08:01 343289                     /home/uic/hadoop-3.2.1/share/hadoop/yarn/lib/HikariCP-java7-2.4.12.jar
7fbbf402d000-7fbbf402f000 r--s 00011000 08:01 343291                     /home/uic/hadoop-3.2.1/share/hadoop/yarn/lib/json-io-2.5.1.jar
7fbbf402f000-7fbbf4035000 r--s 0003c000 08:01 343288                     /home/uic/hadoop-3.2.1/share/hadoop/yarn/lib/snakeyaml-1.16.jar
7fbbf4035000-7fbbf4037000 r--s 0000d000 08:01 343287                     /home/uic/hadoop-3.2.1/share/hadoop/yarn/lib/java-util-1.9.0.jar
7fbbf4037000-7fbbf4038000 r--s 00003000 08:01 343299                     /home/uic/hadoop-3.2.1/share/hadoop/yarn/lib/jersey-guice-1.19.jar
7fbbf4038000-7fbbf403a000 r--s 00007000 08:01 34299                      /usr/share/java/java-atk-wrapper.jar
7fbbf403a000-7fbbf403c000 r--s 00001000 08:01 280371                     /usr/lib/jvm/java-8-openjdk-amd64/jre/lib/ext/dnsns.jar
7fbbf403c000-7fbbf403d000 r--s 0000a000 08:01 280373                     /usr/lib/jvm/java-8-openjdk-amd64/jre/lib/ext/jaccess.jar
7fbbf403d000-7fbbf403e000 r--s 00010000 08:01 280379                     /usr/lib/jvm/java-8-openjdk-amd64/jre/lib/ext/zipfs.jar
7fbbf403e000-7fbbf4059000 r--s 001d6000 08:01 280375                     /usr/lib/jvm/java-8-openjdk-amd64/jre/lib/ext/nashorn.jar
7fbbf4059000-7fbbf4063000 r--s 00116000 08:01 280374                     /usr/lib/jvm/java-8-openjdk-amd64/jre/lib/ext/localedata.jar
7fbbf4063000-7fbbf4064000 r--s 0000d000 08:01 280376                     /usr/lib/jvm/java-8-openjdk-amd64/jre/lib/ext/sunec.jar
7fbbf4064000-7fbbf407f000 r--s 00394000 08:01 280370                     /usr/lib/jvm/java-8-openjdk-amd64/jre/lib/ext/cldrdata.jar
7fbbf407f000-7fbbf4082000 r--s 00039000 08:01 280378                     /usr/lib/jvm/java-8-openjdk-amd64/jre/lib/ext/sunpkcs11.jar
7fbbf4082000-7fbbf4087000 r--s 0003c000 08:01 280377                     /usr/lib/jvm/java-8-openjdk-amd64/jre/lib/ext/sunjce_provider.jar
7fbbf4087000-7fbbf408a000 r--s 0000f000 08:01 280372                     /usr/lib/jvm/java-8-openjdk-amd64/jre/lib/ext/icedtea-sound.jar
7fbbf408a000-7fbbf40bb000 r--p 00000000 08:01 7801                       /usr/lib/locale/C.UTF-8/LC_CTYPE
7fbbf40bb000-7fbbf40bc000 r--p 00000000 08:01 7806                       /usr/lib/locale/C.UTF-8/LC_NUMERIC
7fbbf40bc000-7fbbf40bd000 r--p 00000000 08:01 7809                       /usr/lib/locale/C.UTF-8/LC_TIME
7fbbf40bd000-7fbbf40be000 r--p 00000000 08:01 7804                       /usr/lib/locale/C.UTF-8/LC_MONETARY
7fbbf40be000-7fbbf40bf000 r--p 00000000 08:01 7798                       /usr/lib/locale/C.UTF-8/LC_MESSAGES/SYS_LC_MESSAGES
7fbbf40bf000-7fbbf40c0000 r--p 00000000 08:01 7807                       /usr/lib/locale/C.UTF-8/LC_PAPER
7fbbf40c0000-7fbbf4729000 rw-p 00000000 00:00 0 
7fbbf4729000-7fbbf48f9000 r--s 03c5c000 08:01 280399                     /usr/lib/jvm/java-8-openjdk-amd64/jre/lib/rt.jar
7fbbf48f9000-7fbbf535c000 rw-p 00000000 00:00 0 
7fbbf535c000-7fbbf535d000 ---p 00000000 00:00 0 
7fbbf535d000-7fbbf545d000 rw-p 00000000 00:00 0 
7fbbf545d000-7fbbf545e000 ---p 00000000 00:00 0 
7fbbf545e000-7fbbf5688000 rw-p 00000000 00:00 0 
7fbbf5688000-7fbbf56a7000 ---p 00000000 00:00 0 
7fbbf56a7000-7fbbf57d1000 rw-p 00000000 00:00 0 
7fbbf57d1000-7fbbf57ef000 ---p 00000000 00:00 0 
7fbbf57ef000-7fbbf5870000 rw-p 00000000 00:00 0 
7fbbf5870000-7fbbf5894000 ---p 00000000 00:00 0 
7fbbf5894000-7fbbf58b4000 rw-p 00000000 00:00 0 
7fbbf58b4000-7fbbf5c55000 ---p 00000000 00:00 0 
7fbbf5c55000-7fbbf5c5d000 r-xp 00000000 08:01 280356                     /usr/lib/jvm/java-8-openjdk-amd64/jre/lib/amd64/libzip.so
7fbbf5c5d000-7fbbf5e5c000 ---p 00008000 08:01 280356                     /usr/lib/jvm/java-8-openjdk-amd64/jre/lib/amd64/libzip.so
7fbbf5e5c000-7fbbf5e5d000 r--p 00007000 08:01 280356                     /usr/lib/jvm/java-8-openjdk-amd64/jre/lib/amd64/libzip.so
7fbbf5e5d000-7fbbf5e5e000 rw-p 00008000 08:01 280356                     /usr/lib/jvm/java-8-openjdk-amd64/jre/lib/amd64/libzip.so
7fbbf5e5e000-7fbbf5e69000 r-xp 00000000 08:01 2093                       /lib/x86_64-linux-gnu/libnss_files-2.27.so
7fbbf5e69000-7fbbf6068000 ---p 0000b000 08:01 2093                       /lib/x86_64-linux-gnu/libnss_files-2.27.so
7fbbf6068000-7fbbf6069000 r--p 0000a000 08:01 2093                       /lib/x86_64-linux-gnu/libnss_files-2.27.so
7fbbf6069000-7fbbf606a000 rw-p 0000b000 08:01 2093                       /lib/x86_64-linux-gnu/libnss_files-2.27.so
7fbbf606a000-7fbbf6070000 rw-p 00000000 00:00 0 
7fbbf6070000-7fbbf6087000 r-xp 00000000 08:01 2090                       /lib/x86_64-linux-gnu/libnsl-2.27.so
7fbbf6087000-7fbbf6286000 ---p 00017000 08:01 2090                       /lib/x86_64-linux-gnu/libnsl-2.27.so
7fbbf6286000-7fbbf6287000 r--p 00016000 08:01 2090                       /lib/x86_64-linux-gnu/libnsl-2.27.so
7fbbf6287000-7fbbf6288000 rw-p 00017000 08:01 2090                       /lib/x86_64-linux-gnu/libnsl-2.27.so
7fbbf6288000-7fbbf628a000 rw-p 00000000 00:00 0 
7fbbf628a000-7fbbf6295000 r-xp 00000000 08:01 2095                       /lib/x86_64-linux-gnu/libnss_nis-2.27.so
7fbbf6295000-7fbbf6494000 ---p 0000b000 08:01 2095                       /lib/x86_64-linux-gnu/libnss_nis-2.27.so
7fbbf6494000-7fbbf6495000 r--p 0000a000 08:01 2095                       /lib/x86_64-linux-gnu/libnss_nis-2.27.so
7fbbf6495000-7fbbf6496000 rw-p 0000b000 08:01 2095                       /lib/x86_64-linux-gnu/libnss_nis-2.27.so
7fbbf6496000-7fbbf649e000 r-xp 00000000 08:01 2091                       /lib/x86_64-linux-gnu/libnss_compat-2.27.so
7fbbf649e000-7fbbf669e000 ---p 00008000 08:01 2091                       /lib/x86_64-linux-gnu/libnss_compat-2.27.so
7fbbf669e000-7fbbf669f000 r--p 00008000 08:01 2091                       /lib/x86_64-linux-gnu/libnss_compat-2.27.so
7fbbf669f000-7fbbf66a0000 rw-p 00009000 08:01 2091                       /lib/x86_64-linux-gnu/libnss_compat-2.27.so
7fbbf66a0000-7fbbf66ca000 r-xp 00000000 08:01 280337                     /usr/lib/jvm/java-8-openjdk-amd64/jre/lib/amd64/libjava.so
7fbbf66ca000-7fbbf68c9000 ---p 0002a000 08:01 280337                     /usr/lib/jvm/java-8-openjdk-amd64/jre/lib/amd64/libjava.so
7fbbf68c9000-7fbbf68ca000 r--p 00029000 08:01 280337                     /usr/lib/jvm/java-8-openjdk-amd64/jre/lib/amd64/libjava.so
7fbbf68ca000-7fbbf68cc000 rw-p 0002a000 08:01 280337                     /usr/lib/jvm/java-8-openjdk-amd64/jre/lib/amd64/libjava.so
7fbbf68cc000-7fbbf68dc000 r-xp 00000000 08:01 280355                     /usr/lib/jvm/java-8-openjdk-amd64/jre/lib/amd64/libverify.so
7fbbf68dc000-7fbbf6adb000 ---p 00010000 08:01 280355                     /usr/lib/jvm/java-8-openjdk-amd64/jre/lib/amd64/libverify.so
7fbbf6adb000-7fbbf6add000 r--p 0000f000 08:01 280355                     /usr/lib/jvm/java-8-openjdk-amd64/jre/lib/amd64/libverify.so
7fbbf6add000-7fbbf6ade000 rw-p 00011000 08:01 280355                     /usr/lib/jvm/java-8-openjdk-amd64/jre/lib/amd64/libverify.so
7fbbf6ade000-7fbbf6ae5000 r-xp 00000000 08:01 2180                       /lib/x86_64-linux-gnu/librt-2.27.so
7fbbf6ae5000-7fbbf6ce4000 ---p 00007000 08:01 2180                       /lib/x86_64-linux-gnu/librt-2.27.so
7fbbf6ce4000-7fbbf6ce5000 r--p 00006000 08:01 2180                       /lib/x86_64-linux-gnu/librt-2.27.so
7fbbf6ce5000-7fbbf6ce6000 rw-p 00007000 08:01 2180                       /lib/x86_64-linux-gnu/librt-2.27.so
7fbbf6ce6000-7fbbf6cfd000 r-xp 00000000 08:01 2096                       /lib/x86_64-linux-gnu/libgcc_s.so.1
7fbbf6cfd000-7fbbf6efc000 ---p 00017000 08:01 2096                       /lib/x86_64-linux-gnu/libgcc_s.so.1
7fbbf6efc000-7fbbf6efd000 r--p 00016000 08:01 2096                       /lib/x86_64-linux-gnu/libgcc_s.so.1
7fbbf6efd000-7fbbf6efe000 rw-p 00017000 08:01 2096                       /lib/x86_64-linux-gnu/libgcc_s.so.1
7fbbf6efe000-7fbbf709b000 r-xp 00000000 08:01 2087                       /lib/x86_64-linux-gnu/libm-2.27.so
7fbbf709b000-7fbbf729a000 ---p 0019d000 08:01 2087                       /lib/x86_64-linux-gnu/libm-2.27.so
7fbbf729a000-7fbbf729b000 r--p 0019c000 08:01 2087                       /lib/x86_64-linux-gnu/libm-2.27.so
7fbbf729b000-7fbbf729c000 rw-p 0019d000 08:01 2087                       /lib/x86_64-linux-gnu/libm-2.27.so
7fbbf729c000-7fbbf7415000 r-xp 00000000 08:01 5016                       /usr/lib/x86_64-linux-gnu/libstdc++.so.6.0.25
7fbbf7415000-7fbbf7615000 ---p 00179000 08:01 5016                       /usr/lib/x86_64-linux-gnu/libstdc++.so.6.0.25
7fbbf7615000-7fbbf761f000 r--p 00179000 08:01 5016                       /usr/lib/x86_64-linux-gnu/libstdc++.so.6.0.25
7fbbf761f000-7fbbf7621000 rw-p 00183000 08:01 5016                       /usr/lib/x86_64-linux-gnu/libstdc++.so.6.0.25
7fbbf7621000-7fbbf7625000 rw-p 00000000 00:00 0 
7fbbf7625000-7fbbf82c4000 r-xp 00000000 08:01 280359                     /usr/lib/jvm/java-8-openjdk-amd64/jre/lib/amd64/server/libjvm.so
7fbbf82c4000-7fbbf84c4000 ---p 00c9f000 08:01 280359                     /usr/lib/jvm/java-8-openjdk-amd64/jre/lib/amd64/server/libjvm.so
7fbbf84c4000-7fbbf8558000 r--p 00c9f000 08:01 280359                     /usr/lib/jvm/java-8-openjdk-amd64/jre/lib/amd64/server/libjvm.so
7fbbf8558000-7fbbf8581000 rw-p 00d33000 08:01 280359                     /usr/lib/jvm/java-8-openjdk-amd64/jre/lib/amd64/server/libjvm.so
7fbbf8581000-7fbbf85b1000 rw-p 00000000 00:00 0 
7fbbf85b1000-7fbbf85cb000 r-xp 00000000 08:01 2178                       /lib/x86_64-linux-gnu/libpthread-2.27.so
7fbbf85cb000-7fbbf87ca000 ---p 0001a000 08:01 2178                       /lib/x86_64-linux-gnu/libpthread-2.27.so
7fbbf87ca000-7fbbf87cb000 r--p 00019000 08:01 2178                       /lib/x86_64-linux-gnu/libpthread-2.27.so
7fbbf87cb000-7fbbf87cc000 rw-p 0001a000 08:01 2178                       /lib/x86_64-linux-gnu/libpthread-2.27.so
7fbbf87cc000-7fbbf87d0000 rw-p 00000000 00:00 0 
7fbbf87d0000-7fbbf87d3000 r-xp 00000000 08:01 2086                       /lib/x86_64-linux-gnu/libdl-2.27.so
7fbbf87d3000-7fbbf89d2000 ---p 00003000 08:01 2086                       /lib/x86_64-linux-gnu/libdl-2.27.so
7fbbf89d2000-7fbbf89d3000 r--p 00002000 08:01 2086                       /lib/x86_64-linux-gnu/libdl-2.27.so
7fbbf89d3000-7fbbf89d4000 rw-p 00003000 08:01 2086                       /lib/x86_64-linux-gnu/libdl-2.27.so
7fbbf89d4000-7fbbf89f0000 r-xp 00000000 08:01 2183                       /lib/x86_64-linux-gnu/libz.so.1.2.11
7fbbf89f0000-7fbbf8bef000 ---p 0001c000 08:01 2183                       /lib/x86_64-linux-gnu/libz.so.1.2.11
7fbbf8bef000-7fbbf8bf0000 r--p 0001b000 08:01 2183                       /lib/x86_64-linux-gnu/libz.so.1.2.11
7fbbf8bf0000-7fbbf8bf1000 rw-p 0001c000 08:01 2183                       /lib/x86_64-linux-gnu/libz.so.1.2.11
7fbbf8bf1000-7fbbf8dd8000 r-xp 00000000 08:01 2083                       /lib/x86_64-linux-gnu/libc-2.27.so
7fbbf8dd8000-7fbbf8fd8000 ---p 001e7000 08:01 2083                       /lib/x86_64-linux-gnu/libc-2.27.so
7fbbf8fd8000-7fbbf8fdc000 r--p 001e7000 08:01 2083                       /lib/x86_64-linux-gnu/libc-2.27.so
7fbbf8fdc000-7fbbf8fde000 rw-p 001eb000 08:01 2083                       /lib/x86_64-linux-gnu/libc-2.27.so
7fbbf8fde000-7fbbf8fe2000 rw-p 00000000 00:00 0 
7fbbf8fe2000-7fbbf8ff0000 r-xp 00000000 08:01 280323                     /usr/lib/jvm/java-8-openjdk-amd64/jre/lib/amd64/jli/libjli.so
7fbbf8ff0000-7fbbf91ef000 ---p 0000e000 08:01 280323                     /usr/lib/jvm/java-8-openjdk-amd64/jre/lib/amd64/jli/libjli.so
7fbbf91ef000-7fbbf91f0000 r--p 0000d000 08:01 280323                     /usr/lib/jvm/java-8-openjdk-amd64/jre/lib/amd64/jli/libjli.so
7fbbf91f0000-7fbbf91f1000 rw-p 0000e000 08:01 280323                     /usr/lib/jvm/java-8-openjdk-amd64/jre/lib/amd64/jli/libjli.so
7fbbf91f1000-7fbbf9218000 r-xp 00000000 08:01 2079                       /lib/x86_64-linux-gnu/ld-2.27.so
7fbbf9218000-7fbbf92fd000 rw-p 00000000 00:00 0 
7fbbf92fd000-7fbbf92fe000 ---p 00000000 00:00 0 
7fbbf92fe000-7fbbf9301000 ---p 00000000 00:00 0 
7fbbf9301000-7fbbf9400000 rw-p 00000000 00:00 0 
7fbbf9400000-7fbbf9401000 r--p 00000000 08:01 7805                       /usr/lib/locale/C.UTF-8/LC_NAME
7fbbf9401000-7fbbf9402000 r--p 00000000 08:01 7799                       /usr/lib/locale/C.UTF-8/LC_ADDRESS
7fbbf9402000-7fbbf9403000 r--p 00000000 08:01 7808                       /usr/lib/locale/C.UTF-8/LC_TELEPHONE
7fbbf9403000-7fbbf9404000 r--p 00000000 08:01 7803                       /usr/lib/locale/C.UTF-8/LC_MEASUREMENT
7fbbf9404000-7fbbf940b000 r--s 00000000 08:01 5009                       /usr/lib/x86_64-linux-gnu/gconv/gconv-modules.cache
7fbbf940b000-7fbbf940c000 r--p 00000000 08:01 7802                       /usr/lib/locale/C.UTF-8/LC_IDENTIFICATION
7fbbf940c000-7fbbf9414000 rw-s 00000000 08:01 568712                     /tmp/hsperfdata_uic/24144
7fbbf9414000-7fbbf9415000 rw-p 00000000 00:00 0 
7fbbf9415000-7fbbf9416000 ---p 00000000 00:00 0 
7fbbf9416000-7fbbf9418000 rw-p 00000000 00:00 0 
7fbbf9418000-7fbbf9419000 r--p 00027000 08:01 2079                       /lib/x86_64-linux-gnu/ld-2.27.so
7fbbf9419000-7fbbf941a000 rw-p 00028000 08:01 2079                       /lib/x86_64-linux-gnu/ld-2.27.so
7fbbf941a000-7fbbf941b000 rw-p 00000000 00:00 0 
7ffc3cd1e000-7ffc3cd43000 rw-p 00000000 00:00 0                          [stack]
7ffc3cddf000-7ffc3cde2000 r--p 00000000 00:00 0                          [vvar]
7ffc3cde2000-7ffc3cde4000 r-xp 00000000 00:00 0                          [vdso]
ffffffffff600000-ffffffffff601000 r-xp 00000000 00:00 0                  [vsyscall]

VM Arguments:
jvm_args: -Dfile.encoding=UTF-8 
java_command: wordcount.wordcount3
java_class_path (initial): /home/uic/eclipse-workspace/wordcount/bin:/home/uic/hadoop-3.2.1/share/hadoop/yarn/lib/jersey-guice-1.19.jar:/home/uic/hadoop-3.2.1/share/hadoop/yarn/lib/java-util-1.9.0.jar:/home/uic/hadoop-3.2.1/share/hadoop/yarn/lib/snakeyaml-1.16.jar:/home/uic/hadoop-3.2.1/share/hadoop/yarn/lib/json-io-2.5.1.jar:/home/uic/hadoop-3.2.1/share/hadoop/yarn/lib/HikariCP-java7-2.4.12.jar:/home/uic/hadoop-3.2.1/share/hadoop/yarn/lib/fst-2.50.jar:/home/uic/hadoop-3.2.1/share/hadoop/yarn/lib/guice-4.0.jar:/home/uic/hadoop-3.2.1/share/hadoop/yarn/lib/javax.inject-1.jar:/home/uic/hadoop-3.2.1/share/hadoop/yarn/lib/metrics-core-3.2.4.jar:/home/uic/hadoop-3.2.1/share/hadoop/yarn/lib/guice-servlet-4.0.jar:/home/uic/hadoop-3.2.1/share/hadoop/yarn/lib/bcpkix-jdk15on-1.60.jar:/home/uic/hadoop-3.2.1/share/hadoop/yarn/lib/swagger-annotations-1.5.4.jar:/home/uic/hadoop-3.2.1/share/hadoop/yarn/lib/jackson-jaxrs-base-2.9.8.jar:/home/uic/hadoop-3.2.1/share/hadoop/yarn/lib/objenesis-1.0.jar:/home/uic/hadoop-3.2.1/share/hadoop/yarn/lib/mssql-jdbc-6.2.1.jre7.jar:/home/uic/hadoop-3.2.1/share/hadoop/yarn/lib/jackson-module-jaxb-annotations-2.9.8.jar:/home/uic/hadoop-3.2.1/share/hadoop/yarn/lib/jersey-client-1.19.jar:/home/uic/hadoop-3.2.1/share/hadoop/yarn/lib/jackson-jaxrs-json-provider-2.9.8.jar:/home/uic/hadoop-3.2.1/share/hadoop/yarn/lib/ehcache-3.3.1.jar:/home/uic/hadoop-3.2.1/share/hadoop/yarn/lib/geronimo-jcache_1.0_spec-1.0-alpha-1.jar:/home/uic/hadoop-3.2.1/share/hadoop/yarn/lib/aopalliance-1.0.jar:/home/uic/hadoop-3.2.1/share/hadoop/yarn/lib/bcprov-jdk15on-1.60.jar:/home/uic/hadoop-3.2.1/share/hadoop/yarn/hadoop-yarn-api-3.2.1.jar:/home/uic/hadoop-3.2.1/share/hadoop/yarn/hadoop-yarn-services-api-3.2.1.jar:/home/uic/hadoop-3.2.1/share/hadoop/yarn/hadoop-yarn-server-common-3.2.1.jar:/home/uic/hadoop-3.2.1/share/hadoop/yarn/hadoop-yarn-common-3.2.1.jar:/home/uic/hadoop-3.2.1/share/hadoop/yarn/hadoop-yarn-server-nodemanager-3.2.1.jar:/home/uic/hadoop-3.2.1/share/hadoop/ya
Launcher Type: SUN_STANDARD

Environment Variables:
JAVA_HOME=/usr/lib/jvm/java-8-openjdk-amd64/
PATH=:/home/uic/hadoop-3.2.1/bin:/home/uic/hadoop-3.2.1/sbin::/home/uic/hadoop-3.2.1/bin:/home/uic/hadoop-3.2.1/sbin:/sbin:/bin:/usr/bin:/usr/local/bin:/snap/bin:/usr/lib/jvm/java-8-openjdk-amd64//bin:/usr/lib/jvm/java-8-openjdk-amd64//bin
SHELL=/bin/bash
DISPLAY=:10.0

Signal Handlers:
SIGSEGV: [libjvm.so+0xab92f0], sa_mask[0]=11111111011111111101111111111110, sa_flags=SA_RESTART|SA_SIGINFO
SIGBUS: [libjvm.so+0xab92f0], sa_mask[0]=11111111011111111101111111111110, sa_flags=SA_RESTART|SA_SIGINFO
SIGFPE: [libjvm.so+0x8ee560], sa_mask[0]=11111111011111111101111111111110, sa_flags=SA_RESTART|SA_SIGINFO
SIGPIPE: [libjvm.so+0x8ee560], sa_mask[0]=11111111011111111101111111111110, sa_flags=SA_RESTART|SA_SIGINFO
SIGXFSZ: [libjvm.so+0x8ee560], sa_mask[0]=11111111011111111101111111111110, sa_flags=SA_RESTART|SA_SIGINFO
SIGILL: [libjvm.so+0x8ee560], sa_mask[0]=11111111011111111101111111111110, sa_flags=SA_RESTART|SA_SIGINFO
SIGUSR1: SIG_DFL, sa_mask[0]=00000000000000000000000000000000, sa_flags=none
SIGUSR2: [libjvm.so+0x8ee410], sa_mask[0]=00100000000000000000000000000000, sa_flags=SA_RESTART|SA_SIGINFO
SIGHUP: [libjvm.so+0x8eea80], sa_mask[0]=11111111011111111101111111111110, sa_flags=SA_RESTART|SA_SIGINFO
SIGINT: [libjvm.so+0x8eea80], sa_mask[0]=11111111011111111101111111111110, sa_flags=SA_RESTART|SA_SIGINFO
SIGTERM: [libjvm.so+0x8eea80], sa_mask[0]=11111111011111111101111111111110, sa_flags=SA_RESTART|SA_SIGINFO
SIGQUIT: [libjvm.so+0x8eea80], sa_mask[0]=11111111011111111101111111111110, sa_flags=SA_RESTART|SA_SIGINFO


---------------  S Y S T E M  ---------------

OS:DISTRIB_ID=Ubuntu
DISTRIB_RELEASE=18.04
DISTRIB_CODENAME=bionic
DISTRIB_DESCRIPTION="Ubuntu 18.04.3 LTS"

uname:Linux 4.15.0-65-generic #74-Ubuntu SMP Tue Sep 17 17:06:04 UTC 2019 x86_64
libc:glibc 2.27 NPTL 2.27 
rlimit: STACK 8192k, CORE 0k, NPROC 15641, NOFILE 4096, AS infinity
load average:1.13 1.12 1.01

/proc/meminfo:
MemTotal:        4034484 kB
MemFree:           95636 kB
MemAvailable:          0 kB
Buffers:             252 kB
Cached:            18724 kB
SwapCached:            0 kB
Active:          3730660 kB
Inactive:          15656 kB
Active(anon):    3728876 kB
Inactive(anon):    14104 kB
Active(file):       1784 kB
Inactive(file):     1552 kB
Unevictable:          96 kB
Mlocked:              96 kB
SwapTotal:             0 kB
SwapFree:              0 kB
Dirty:                56 kB
Writeback:             0 kB
AnonPages:       3727764 kB
Mapped:            16280 kB
Shmem:             15312 kB
Slab:             102724 kB
SReclaimable:      36224 kB
SUnreclaim:        66500 kB
KernelStack:       12768 kB
PageTables:        41372 kB
NFS_Unstable:          0 kB
Bounce:                0 kB
WritebackTmp:          0 kB
CommitLimit:     2017240 kB
Committed_AS:    7245240 kB
VmallocTotal:   34359738367 kB
VmallocUsed:           0 kB
VmallocChunk:          0 kB
HardwareCorrupted:     0 kB
AnonHugePages:         0 kB
ShmemHugePages:        0 kB
ShmemPmdMapped:        0 kB
CmaTotal:              0 kB
CmaFree:               0 kB
HugePages_Total:       0
HugePages_Free:        0
HugePages_Rsvd:        0
HugePages_Surp:        0
Hugepagesize:       2048 kB
DirectMap4k:      104320 kB
DirectMap2M:     4089856 kB

container (cgroup) information:
container_type: cgroupv1
cpu_cpuset_cpus: 0-1
cpu_memory_nodes: 0
active_processor_count: 2
cpu_quota: -1
cpu_period: 100000
cpu_shares: -1
memory_limit_in_bytes: -1
memory_and_swap_limit_in_bytes: -2
memory_soft_limit_in_bytes: -1
memory_usage_in_bytes: 3816468480
memory_max_usage_in_bytes: 3827912704


CPU:total 2 (initial active 2) (1 cores per cpu, 1 threads per core) family 6 model 85 stepping 4, cmov, cx8, fxsr, mmx, sse, sse2, sse3, ssse3, sse4.1, sse4.2, popcnt, avx, aes, clmul, 3dnowpref, tsc, tscinvbit

/proc/cpuinfo:
processor	: 0
vendor_id	: GenuineIntel
cpu family	: 6
model		: 85
model name	: Intel(R) Xeon(R) Gold 6148 CPU @ 2.40GHz
stepping	: 4
microcode	: 0x200005e
cpu MHz		: 2394.375
cache size	: 28160 KB
physical id	: 0
siblings	: 1
core id		: 0
cpu cores	: 1
apicid		: 0
initial apicid	: 0
fpu		: yes
fpu_exception	: yes
cpuid level	: 13
wp		: yes
flags		: fpu vme de pse tsc msr pae mce cx8 apic sep mtrr pge mca cmov pat pse36 clflush dts mmx fxsr sse sse2 ss syscall nx rdtscp lm constant_tsc arch_perfmon pebs bts nopl tsc_reliable nonstop_tsc cpuid pni pclmulqdq ssse3 fma cx16 sse4_1 sse4_2 movbe popcnt aes xsave avx hypervisor lahf_lm 3dnowprefetch pti arat
bugs		: cpu_meltdown spectre_v1 spectre_v2 spec_store_bypass l1tf mds swapgs
bogomips	: 4788.75
clflush size	: 64
cache_alignment	: 64
address sizes	: 40 bits physical, 48 bits virtual
power management:

processor	: 1
vendor_id	: GenuineIntel
cpu family	: 6
model		: 85
model name	: Intel(R) Xeon(R) Gold 6148 CPU @ 2.40GHz
stepping	: 4
microcode	: 0x200005e
cpu MHz		: 2394.375
cache size	: 28160 KB
physical id	: 2
siblings	: 1
core id		: 0
cpu cores	: 1
apicid		: 2
initial apicid	: 2
fpu		: yes
fpu_exception	: yes
cpuid level	: 13
wp		: yes
flags		: fpu vme de pse tsc msr pae mce cx8 apic sep mtrr pge mca cmov pat pse36 clflush dts mmx fxsr sse sse2 ss syscall nx rdtscp lm constant_tsc arch_perfmon pebs bts nopl tsc_reliable nonstop_tsc cpuid pni pclmulqdq ssse3 fma cx16 sse4_1 sse4_2 movbe popcnt aes xsave avx hypervisor lahf_lm 3dnowprefetch pti arat
bugs		: cpu_meltdown spectre_v1 spectre_v2 spec_store_bypass l1tf mds swapgs
bogomips	: 4788.75
clflush size	: 64
cache_alignment	: 64
address sizes	: 40 bits physical, 48 bits virtual
power management:



Memory: 4k page, physical 4034484k(96140k free), swap 0k(0k free)

vm_info: OpenJDK 64-Bit Server VM (25.222-b10) for linux-amd64 JRE (1.8.0_222-8u222-b10-1ubuntu1~18.04.1-b10), built on Jul 18 2019 18:52:48 by "buildd" with gcc 7.4.0

time: Tue Nov  5 12:47:55 2019
timezone: UTC
elapsed time: 9 seconds (0d 0h 0m 9s)

