#
# There is insufficient memory for the Java Runtime Environment to continue.
# Native memory allocation (mmap) failed to map 105381888 bytes for committing reserved memory.
# Possible reasons:
#   The system is out of physical RAM or swap space
#   The process is running with CompressedOops enabled, and the Java Heap may be blocking the growth of the native heap
# Possible solutions:
#   Reduce memory load on the system
#   Increase physical memory or swap space
#   Check if swap backing store is full
#   Decrease Java heap size (-Xmx/-Xms)
#   Decrease number of Java threads
#   Decrease Java thread stack sizes (-Xss)
#   Set larger code cache with -XX:ReservedCodeCacheSize=
#   JVM is running with Unscaled Compressed Oops mode in which the Java heap is
#     placed in the first 4GB address space. The Java Heap base address is the
#     maximum limit for the native heap growth. Please use -XX:HeapBaseMinAddress
#     to set the Java Heap base and to place the Java Heap above 4GB virtual address.
# This output file may be truncated or incomplete.
#
#  Out of Memory Error (os_linux.cpp:2757), pid=23129, tid=0x00007f36cf3ac700
#
# JRE version: OpenJDK Runtime Environment (8.0_222-b10) (build 1.8.0_222-8u222-b10-1ubuntu1~18.04.1-b10)
# Java VM: OpenJDK 64-Bit Server VM (25.222-b10 mixed mode linux-amd64 compressed oops)
# Failed to write core dump. Core dumps have been disabled. To enable core dumping, try "ulimit -c unlimited" before starting Java again
#

---------------  T H R E A D  ---------------

Current thread (0x00007f36d001f000):  JavaThread "LocalJobRunner Map Task Executor #0" [_thread_in_vm, id=23215, stack(0x00007f36cf2ac000,0x00007f36cf3ad000)]

Stack: [0x00007f36cf2ac000,0x00007f36cf3ad000],  sp=0x00007f36cf3aaef0,  free space=1019k
Native frames: (J=compiled Java code, j=interpreted, Vv=VM code, C=native code)
V  [libjvm.so+0xab8992]
V  [libjvm.so+0x4dbfd7]
V  [libjvm.so+0x8f33a0]
V  [libjvm.so+0x8ea46e]
V  [libjvm.so+0x96e106]
V  [libjvm.so+0x95cdaa]
V  [libjvm.so+0x95cf78]
V  [libjvm.so+0x95d298]
V  [libjvm.so+0x919aab]
V  [libjvm.so+0xa76a66]
V  [libjvm.so+0x66f6f7]
j  org.apache.hadoop.mapred.MapTask$MapOutputBuffer.init(Lorg/apache/hadoop/mapred/MapOutputCollector$Context;)V+245
j  org.apache.hadoop.mapred.MapTask.createSortingCollector(Lorg/apache/hadoop/mapred/JobConf;Lorg/apache/hadoop/mapred/Task$TaskReporter;)Lorg/apache/hadoop/mapred/MapOutputCollector;+162
j  org.apache.hadoop.mapred.MapTask.access$100(Lorg/apache/hadoop/mapred/MapTask;Lorg/apache/hadoop/mapred/JobConf;Lorg/apache/hadoop/mapred/Task$TaskReporter;)Lorg/apache/hadoop/mapred/MapOutputCollector;+3
j  org.apache.hadoop.mapred.MapTask$NewOutputCollector.<init>(Lorg/apache/hadoop/mapred/MapTask;Lorg/apache/hadoop/mapreduce/JobContext;Lorg/apache/hadoop/mapred/JobConf;Lorg/apache/hadoop/mapred/TaskUmbilicalProtocol;Lorg/apache/hadoop/mapred/Task$TaskReporter;)V+14
j  org.apache.hadoop.mapred.MapTask.runNewMapper(Lorg/apache/hadoop/mapred/JobConf;Lorg/apache/hadoop/mapreduce/split/JobSplit$TaskSplitIndex;Lorg/apache/hadoop/mapred/TaskUmbilicalProtocol;Lorg/apache/hadoop/mapred/Task$TaskReporter;)V+170
j  org.apache.hadoop.mapred.MapTask.run(Lorg/apache/hadoop/mapred/JobConf;Lorg/apache/hadoop/mapred/TaskUmbilicalProtocol;)V+148
j  org.apache.hadoop.mapred.LocalJobRunner$Job$MapTaskRunnable.run()V+223
j  java.util.concurrent.Executors$RunnableAdapter.call()Ljava/lang/Object;+4
j  java.util.concurrent.FutureTask.run()V+42
j  java.util.concurrent.ThreadPoolExecutor.runWorker(Ljava/util/concurrent/ThreadPoolExecutor$Worker;)V+95
j  java.util.concurrent.ThreadPoolExecutor$Worker.run()V+5
j  java.lang.Thread.run()V+11
v  ~StubRoutines::call_stub
V  [libjvm.so+0x6820ea]
V  [libjvm.so+0x67f6cb]
V  [libjvm.so+0x67fcb7]
V  [libjvm.so+0x6c6c2b]
V  [libjvm.so+0xa56023]
V  [libjvm.so+0xa571e8]
V  [libjvm.so+0x8f0732]
C  [libpthread.so.0+0x76db]  start_thread+0xdb

Java frames: (J=compiled Java code, j=interpreted, Vv=VM code)
j  org.apache.hadoop.mapred.MapTask$MapOutputBuffer.init(Lorg/apache/hadoop/mapred/MapOutputCollector$Context;)V+245
j  org.apache.hadoop.mapred.MapTask.createSortingCollector(Lorg/apache/hadoop/mapred/JobConf;Lorg/apache/hadoop/mapred/Task$TaskReporter;)Lorg/apache/hadoop/mapred/MapOutputCollector;+162
j  org.apache.hadoop.mapred.MapTask.access$100(Lorg/apache/hadoop/mapred/MapTask;Lorg/apache/hadoop/mapred/JobConf;Lorg/apache/hadoop/mapred/Task$TaskReporter;)Lorg/apache/hadoop/mapred/MapOutputCollector;+3
j  org.apache.hadoop.mapred.MapTask$NewOutputCollector.<init>(Lorg/apache/hadoop/mapred/MapTask;Lorg/apache/hadoop/mapreduce/JobContext;Lorg/apache/hadoop/mapred/JobConf;Lorg/apache/hadoop/mapred/TaskUmbilicalProtocol;Lorg/apache/hadoop/mapred/Task$TaskReporter;)V+14
j  org.apache.hadoop.mapred.MapTask.runNewMapper(Lorg/apache/hadoop/mapred/JobConf;Lorg/apache/hadoop/mapreduce/split/JobSplit$TaskSplitIndex;Lorg/apache/hadoop/mapred/TaskUmbilicalProtocol;Lorg/apache/hadoop/mapred/Task$TaskReporter;)V+170
j  org.apache.hadoop.mapred.MapTask.run(Lorg/apache/hadoop/mapred/JobConf;Lorg/apache/hadoop/mapred/TaskUmbilicalProtocol;)V+148
j  org.apache.hadoop.mapred.LocalJobRunner$Job$MapTaskRunnable.run()V+223
j  java.util.concurrent.Executors$RunnableAdapter.call()Ljava/lang/Object;+4
j  java.util.concurrent.FutureTask.run()V+42
j  java.util.concurrent.ThreadPoolExecutor.runWorker(Ljava/util/concurrent/ThreadPoolExecutor$Worker;)V+95
j  java.util.concurrent.ThreadPoolExecutor$Worker.run()V+5
j  java.lang.Thread.run()V+11
v  ~StubRoutines::call_stub

---------------  P R O C E S S  ---------------

Java Threads: ( => current thread )
  0x00007f36dc0a9800 JavaThread "communication thread" daemon [_thread_blocked, id=23281, stack(0x00007f36ceba5000,0x00007f36ceca6000)]
  0x00007f36dc0a9000 JavaThread "communication thread" daemon [_thread_blocked, id=23268, stack(0x00007f36ceca6000,0x00007f36ceda7000)]
  0x00007f36dc0a6800 JavaThread "communication thread" daemon [_thread_blocked, id=23260, stack(0x00007f36ceda7000,0x00007f36ceea8000)]
  0x00007f36dc092800 JavaThread "communication thread" daemon [_thread_blocked, id=23252, stack(0x00007f36cf0aa000,0x00007f36cf1ab000)]
  0x00007f36dc093800 JavaThread "communication thread" daemon [_thread_blocked, id=23244, stack(0x00007f36ceea8000,0x00007f36cefa9000)]
  0x00007f36dc034800 JavaThread "communication thread" daemon [_thread_blocked, id=23236, stack(0x00007f36cefa9000,0x00007f36cf0aa000)]
  0x00007f36dc015800 JavaThread "communication thread" daemon [_thread_blocked, id=23216, stack(0x00007f36cf1ab000,0x00007f36cf2ac000)]
=>0x00007f36d001f000 JavaThread "LocalJobRunner Map Task Executor #0" [_thread_in_vm, id=23215, stack(0x00007f36cf2ac000,0x00007f36cf3ad000)]
  0x00007f37152b8800 JavaThread "Thread-23" [_thread_blocked, id=23211, stack(0x00007f36cfbec000,0x00007f36cfced000)]
  0x00007f371516c800 JavaThread "IPC Parameter Sending Thread #0" daemon [_thread_blocked, id=23172, stack(0x00007f36cfced000,0x00007f36cfdee000)]
  0x00007f371516b000 JavaThread "IPC Client (1791045777) connection to arrow4g/172.31.12.83:9000 from uic" daemon [_thread_blocked, id=23171, stack(0x00007f36fc008000,0x00007f36fc109000)]
  0x00007f3715134800 JavaThread "Timer for 'JobTracker' metrics system" daemon [_thread_blocked, id=23170, stack(0x00007f36fc109000,0x00007f36fc20a000)]
  0x00007f37147c4800 JavaThread "org.apache.hadoop.fs.FileSystem$Statistics$StatisticsDataReferenceCleaner" daemon [_thread_blocked, id=23169, stack(0x00007f36fd02a000,0x00007f36fd12b000)]
  0x00007f3714dd9000 JavaThread "process reaper" daemon [_thread_blocked, id=23167, stack(0x00007f36fd12b000,0x00007f36fd164000)]
  0x00007f37140c5800 JavaThread "Service Thread" daemon [_thread_blocked, id=23146, stack(0x00007f36fdb5c000,0x00007f36fdc5d000)]
  0x00007f37140c3000 JavaThread "C1 CompilerThread1" daemon [_thread_blocked, id=23145, stack(0x00007f36fdc5e000,0x00007f36fdd5e000)]
  0x00007f37140c0000 JavaThread "C2 CompilerThread0" daemon [_thread_blocked, id=23144, stack(0x00007f36fdd5f000,0x00007f36fde5f000)]
  0x00007f37140be800 JavaThread "Signal Dispatcher" daemon [_thread_blocked, id=23143, stack(0x00007f36fde5f000,0x00007f36fdf60000)]
  0x00007f3714089800 JavaThread "Finalizer" daemon [_thread_blocked, id=23142, stack(0x00007f37043f4000,0x00007f37044f5000)]
  0x00007f3714087000 JavaThread "Reference Handler" daemon [_thread_blocked, id=23141, stack(0x00007f37044f5000,0x00007f37045f6000)]
  0x00007f3714013800 JavaThread "main" [_thread_blocked, id=23132, stack(0x00007f371cab9000,0x00007f371cbb9000)]

Other Threads:
  0x00007f371407d800 VMThread [stack: 0x00007f37045f7000,0x00007f37046f7000] [id=23140]
  0x00007f37140c8000 WatcherThread [stack: 0x00007f36fda5c000,0x00007f36fdb5c000] [id=23147]

VM state:not at safepoint (normal execution)

VM Mutex/Monitor currently owned by a thread:  ([mutex/lock_event])
[0x00007f371400fce0] ExpandHeap_lock - owner thread: 0x00007f36d001f000
[0x00007f3714010860] Heap_lock - owner thread: 0x00007f36d001f000

heap address: 0x00000000c2600000, size: 986 MB, Compressed Oops mode: 32-bit
Narrow klass base: 0x0000000000000000, Narrow klass shift: 3
Compressed class space size: 1073741824 Address: 0x0000000100000000

Heap:
 PSYoungGen      total 157696K, used 121648K [0x00000000eb780000, 0x00000000f9f00000, 0x0000000100000000)
  eden space 156160K, 77% used [0x00000000eb780000,0x00000000f2d04a80,0x00000000f5000000)
  from space 1536K, 85% used [0x00000000f9d80000,0x00000000f9ec7878,0x00000000f9f00000)
  to   space 19968K, 0% used [0x00000000f7800000,0x00000000f7800000,0x00000000f8b80000)
 ParOldGen       total 500224K, used 441388K [0x00000000c2600000, 0x00000000e0e80000, 0x00000000eb780000)
  object space 500224K, 88% used [0x00000000c2600000,0x00000000dd50b0e0,0x00000000e0e80000)
 Metaspace       used 26768K, capacity 27080K, committed 27392K, reserved 1073152K
  class space    used 2962K, capacity 3042K, committed 3072K, reserved 1048576K

Card table byte_map: [0x00007f3718e62000,0x00007f3719050000] byte_map_base: 0x00007f371884f000

Marking Bits: (ParMarkBitMap*) 0x00007f371bd4f360
 Begin Bits: [0x00007f36fe130000, 0x00007f36ff098000)
 End Bits:   [0x00007f36ff098000, 0x00007f3700000000)

Polling page: 0x00007f371cbd0000

CodeCache: size=245760Kb used=6529Kb max_used=6558Kb free=239230Kb
 bounds [0x00007f3705000000, 0x00007f3705670000, 0x00007f3714000000]
 total_blobs=2524 nmethods=2013 adapters=425
 compilation: enabled

Compilation events (10 events):
Event: 4.535 Thread 0x00007f37140c3000 2049       3       sun.nio.cs.StreamEncoder::writeBytes (132 bytes)
Event: 4.536 Thread 0x00007f37140c3000 nmethod 2049 0x00007f370514f5d0 code [0x00007f370514f7e0, 0x00007f3705150438]
Event: 4.537 Thread 0x00007f37140c3000 2050       3       java.util.AbstractCollection::isEmpty (13 bytes)
Event: 4.537 Thread 0x00007f37140c3000 nmethod 2050 0x00007f370511dd50 code [0x00007f370511dec0, 0x00007f370511e128]
Event: 4.537 Thread 0x00007f37140c3000 2051       3       org.apache.hadoop.fs.RawLocalFileSystem::pathToFile (40 bytes)
Event: 4.538 Thread 0x00007f37140c3000 nmethod 2051 0x00007f370510ccd0 code [0x00007f370510cf00, 0x00007f370510d9c8]
Event: 4.538 Thread 0x00007f37140c0000 2052       4       sun.nio.fs.UnixPath::checkNotNul (16 bytes)
Event: 4.538 Thread 0x00007f37140c0000 nmethod 2052 0x00007f370510fc10 code [0x00007f370510fd60, 0x00007f370510fdb8]
Event: 4.538 Thread 0x00007f37140c0000 2053       4       java.util.regex.Pattern$Ctype::isSatisfiedBy (24 bytes)
Event: 4.539 Thread 0x00007f37140c0000 nmethod 2053 0x00007f370510af50 code [0x00007f370510b0a0, 0x00007f370510b178]

GC Heap History (10 events):
Event: 2.212 GC heap before
{Heap before GC invocations=6 (full 0):
 PSYoungGen      total 66048K, used 54574K [0x00000000eb780000, 0x00000000f4080000, 0x0000000100000000)
  eden space 63488K, 81% used [0x00000000eb780000,0x00000000eea4f388,0x00000000ef580000)
  from space 2560K, 99% used [0x00000000ef580000,0x00000000ef7fc830,0x00000000ef800000)
  to   space 6656K, 0% used [0x00000000f3a00000,0x00000000f3a00000,0x00000000f4080000)
 ParOldGen       total 42496K, used 7404K [0x00000000c2600000, 0x00000000c4f80000, 0x00000000eb780000)
  object space 42496K, 17% used [0x00000000c2600000,0x00000000c2d3b340,0x00000000c4f80000)
 Metaspace       used 20866K, capacity 21038K, committed 21248K, reserved 1069056K
  class space    used 2367K, capacity 2451K, committed 2560K, reserved 1048576K
Event: 2.222 GC heap after
Heap after GC invocations=6 (full 0):
 PSYoungGen      total 132608K, used 6439K [0x00000000eb780000, 0x00000000f4280000, 0x0000000100000000)
  eden space 125952K, 0% used [0x00000000eb780000,0x00000000eb780000,0x00000000f3280000)
  from space 6656K, 96% used [0x00000000f3a00000,0x00000000f4049f70,0x00000000f4080000)
  to   space 7680K, 0% used [0x00000000f3280000,0x00000000f3280000,0x00000000f3a00000)
 ParOldGen       total 42496K, used 7412K [0x00000000c2600000, 0x00000000c4f80000, 0x00000000eb780000)
  object space 42496K, 17% used [0x00000000c2600000,0x00000000c2d3d340,0x00000000c4f80000)
 Metaspace       used 20866K, capacity 21038K, committed 21248K, reserved 1069056K
  class space    used 2367K, capacity 2451K, committed 2560K, reserved 1048576K
}
Event: 2.223 GC heap before
{Heap before GC invocations=7 (full 1):
 PSYoungGen      total 132608K, used 6439K [0x00000000eb780000, 0x00000000f4280000, 0x0000000100000000)
  eden space 125952K, 0% used [0x00000000eb780000,0x00000000eb780000,0x00000000f3280000)
  from space 6656K, 96% used [0x00000000f3a00000,0x00000000f4049f70,0x00000000f4080000)
  to   space 7680K, 0% used [0x00000000f3280000,0x00000000f3280000,0x00000000f3a00000)
 ParOldGen       total 42496K, used 7412K [0x00000000c2600000, 0x00000000c4f80000, 0x00000000eb780000)
  object space 42496K, 17% used [0x00000000c2600000,0x00000000c2d3d340,0x00000000c4f80000)
 Metaspace       used 20866K, capacity 21038K, committed 21248K, reserved 1069056K
  class space    used 2367K, capacity 2451K, committed 2560K, reserved 1048576K
Event: 2.261 GC heap after
Heap after GC invocations=7 (full 1):
 PSYoungGen      total 132608K, used 0K [0x00000000eb780000, 0x00000000f4280000, 0x0000000100000000)
  eden space 125952K, 0% used [0x00000000eb780000,0x00000000eb780000,0x00000000f3280000)
  from space 6656K, 0% used [0x00000000f3a00000,0x00000000f3a00000,0x00000000f4080000)
  to   space 7680K, 0% used [0x00000000f3280000,0x00000000f3280000,0x00000000f3a00000)
 ParOldGen       total 32256K, used 6710K [0x00000000c2600000, 0x00000000c4580000, 0x00000000eb780000)
  object space 32256K, 20% used [0x00000000c2600000,0x00000000c2c8db20,0x00000000c4580000)
 Metaspace       used 20866K, capacity 21038K, committed 21248K, reserved 1069056K
  class space    used 2367K, capacity 2451K, committed 2560K, reserved 1048576K
}
Event: 3.290 GC heap before
{Heap before GC invocations=8 (full 1):
 PSYoungGen      total 132608K, used 125952K [0x00000000eb780000, 0x00000000f4280000, 0x0000000100000000)
  eden space 125952K, 100% used [0x00000000eb780000,0x00000000f3280000,0x00000000f3280000)
  from space 6656K, 0% used [0x00000000f3a00000,0x00000000f3a00000,0x00000000f4080000)
  to   space 7680K, 0% used [0x00000000f3280000,0x00000000f3280000,0x00000000f3a00000)
 ParOldGen       total 135168K, used 109110K [0x00000000c2600000, 0x00000000caa00000, 0x00000000eb780000)
  object space 135168K, 80% used [0x00000000c2600000,0x00000000c908db30,0x00000000caa00000)
 Metaspace       used 25537K, capacity 25814K, committed 25984K, reserved 1073152K
  class space    used 2851K, capacity 2943K, committed 2944K, reserved 1048576K
Event: 3.374 GC heap after
Heap after GC invocations=8 (full 1):
 PSYoungGen      total 133632K, used 7648K [0x00000000eb780000, 0x00000000fb100000, 0x0000000100000000)
  eden space 125952K, 0% used [0x00000000eb780000,0x00000000eb780000,0x00000000f3280000)
  from space 7680K, 99% used [0x00000000f3280000,0x00000000f39f83c0,0x00000000f3a00000)
  to   space 19968K, 0% used [0x00000000f9d80000,0x00000000f9d80000,0x00000000fb100000)
 ParOldGen       total 135168K, used 131026K [0x00000000c2600000, 0x00000000caa00000, 0x00000000eb780000)
  object space 135168K, 96% used [0x00000000c2600000,0x00000000ca5f4980,0x00000000caa00000)
 Metaspace       used 25537K, capacity 25814K, committed 25984K, reserved 1073152K
  class space    used 2851K, capacity 2943K, committed 2944K, reserved 1048576K
}
Event: 3.374 GC heap before
{Heap before GC invocations=9 (full 2):
 PSYoungGen      total 133632K, used 7648K [0x00000000eb780000, 0x00000000fb100000, 0x0000000100000000)
  eden space 125952K, 0% used [0x00000000eb780000,0x00000000eb780000,0x00000000f3280000)
  from space 7680K, 99% used [0x00000000f3280000,0x00000000f39f83c0,0x00000000f3a00000)
  to   space 19968K, 0% used [0x00000000f9d80000,0x00000000f9d80000,0x00000000fb100000)
 ParOldGen       total 135168K, used 131026K [0x00000000c2600000, 0x00000000caa00000, 0x00000000eb780000)
  object space 135168K, 96% used [0x00000000c2600000,0x00000000ca5f4980,0x00000000caa00000)
 Metaspace       used 25537K, capacity 25814K, committed 25984K, reserved 1073152K
  class space    used 2851K, capacity 2943K, committed 2944K, reserved 1048576K
Event: 3.636 GC heap after
Heap after GC invocations=9 (full 2):
 PSYoungGen      total 133632K, used 0K [0x00000000eb780000, 0x00000000fb100000, 0x0000000100000000)
  eden space 125952K, 0% used [0x00000000eb780000,0x00000000eb780000,0x00000000f3280000)
  from space 7680K, 0% used [0x00000000f3280000,0x00000000f3280000,0x00000000f3a00000)
  to   space 19968K, 0% used [0x00000000f9d80000,0x00000000f9d80000,0x00000000fb100000)
 ParOldGen       total 191488K, used 134188K [0x00000000c2600000, 0x00000000ce100000, 0x00000000eb780000)
  object space 191488K, 70% used [0x00000000c2600000,0x00000000ca90b0b0,0x00000000ce100000)
 Metaspace       used 25537K, capacity 25814K, committed 25984K, reserved 1073152K
  class space    used 2851K, capacity 2943K, committed 2944K, reserved 1048576K
}
Event: 4.095 GC heap before
{Heap before GC invocations=10 (full 2):
 PSYoungGen      total 133632K, used 125952K [0x00000000eb780000, 0x00000000fb100000, 0x0000000100000000)
  eden space 125952K, 100% used [0x00000000eb780000,0x00000000f3280000,0x00000000f3280000)
  from space 7680K, 0% used [0x00000000f3280000,0x00000000f3280000,0x00000000f3a00000)
  to   space 19968K, 0% used [0x00000000f9d80000,0x00000000f9d80000,0x00000000fb100000)
 ParOldGen       total 294400K, used 236588K [0x00000000c2600000, 0x00000000d4580000, 0x00000000eb780000)
  object space 294400K, 80% used [0x00000000c2600000,0x00000000d0d0b0c0,0x00000000d4580000)
 Metaspace       used 26716K, capacity 26998K, committed 27392K, reserved 1073152K
  class space    used 2960K, capacity 3039K, committed 3072K, reserved 1048576K
Event: 4.099 GC heap after
Heap after GC invocations=10 (full 2):
 PSYoungGen      total 157696K, used 1310K [0x00000000eb780000, 0x00000000f9f00000, 0x0000000100000000)
  eden space 156160K, 0% used [0x00000000eb780000,0x00000000eb780000,0x00000000f5000000)
  from space 1536K, 85% used [0x00000000f9d80000,0x00000000f9ec7878,0x00000000f9f00000)
  to   space 19968K, 0% used [0x00000000f7800000,0x00000000f7800000,0x00000000f8b80000)
 ParOldGen       total 294400K, used 236588K [0x00000000c2600000, 0x00000000d4580000, 0x00000000eb780000)
  object space 294400K, 80% used [0x00000000c2600000,0x00000000d0d0b0c0,0x00000000d4580000)
 Metaspace       used 26716K, capacity 26998K, committed 27392K, reserved 1073152K
  class space    used 2960K, capacity 3039K, committed 3072K, reserved 1048576K
}

Deoptimization events (10 events):
Event: 3.159 Thread 0x00007f36d001f000 Uncommon trap: reason=bimorphic action=maybe_recompile pc=0x00007f370560c614 method=java.util.concurrent.ConcurrentHashMap.get(Ljava/lang/Object;)Ljava/lang/Object; @ 73
Event: 3.687 Thread 0x00007f36d001f000 Uncommon trap: reason=unstable_if action=reinterpret pc=0x00007f3705451da4 method=com.google.protobuf.CodedInputStream.readRawVarint32()I @ 22
Event: 3.716 Thread 0x00007f36d001f000 Uncommon trap: reason=unstable_if action=reinterpret pc=0x00007f37054a41b0 method=java.lang.StringCoding$StringEncoder.encode([CII)[B @ 20
Event: 3.716 Thread 0x00007f36d001f000 Uncommon trap: reason=bimorphic action=maybe_recompile pc=0x00007f370560c614 method=java.util.concurrent.ConcurrentHashMap.get(Ljava/lang/Object;)Ljava/lang/Object; @ 73
Event: 3.783 Thread 0x00007f36d001f000 Uncommon trap: reason=bimorphic action=maybe_recompile pc=0x00007f37053afb64 method=java.io.DataOutputStream.writeShort(I)V @ 12
Event: 3.783 Thread 0x00007f36d001f000 Uncommon trap: reason=class_check action=maybe_recompile pc=0x00007f37053e295c method=java.io.DataOutputStream.write(I)V @ 5
Event: 3.792 Thread 0x00007f36d001f000 Uncommon trap: reason=unstable_if action=reinterpret pc=0x00007f3705450178 method=com.google.protobuf.CodedInputStream.isAtEnd()Z @ 16
Event: 3.962 Thread 0x00007f36d001f000 Uncommon trap: reason=bimorphic action=maybe_recompile pc=0x00007f37053afb64 method=java.io.DataOutputStream.writeShort(I)V @ 12
Event: 4.103 Thread 0x00007f36d001f000 Uncommon trap: reason=bimorphic action=maybe_recompile pc=0x00007f37053afb64 method=java.io.DataOutputStream.writeShort(I)V @ 12
Event: 4.168 Thread 0x00007f36d001f000 Uncommon trap: reason=bimorphic action=maybe_recompile pc=0x00007f37053afb64 method=java.io.DataOutputStream.writeShort(I)V @ 12

Classes redefined (0 events):
No events

Internal exceptions (10 events):
Event: 0.534 Thread 0x00007f3714013800 Exception <a 'java/lang/ClassNotFoundException': org/apache/log4j/WriterAppenderBeanInfo> (0x00000000ec184088) thrown at [/build/openjdk-8-OqY7zN/openjdk-8-8u222-b10/src/hotspot/src/share/vm/classfile/systemDictionary.cpp, line 210]
Event: 0.535 Thread 0x00007f3714013800 Exception <a 'java/lang/ClassNotFoundException': org/apache/log4j/AppenderSkeletonBeanInfo> (0x00000000ec1b1310) thrown at [/build/openjdk-8-OqY7zN/openjdk-8-8u222-b10/src/hotspot/src/share/vm/classfile/systemDictionary.cpp, line 210]
Event: 0.535 Thread 0x00007f3714013800 Exception <a 'java/lang/ClassNotFoundException': org/apache/log4j/AppenderSkeletonCustomizer> (0x00000000ec1e1188) thrown at [/build/openjdk-8-OqY7zN/openjdk-8-8u222-b10/src/hotspot/src/share/vm/classfile/systemDictionary.cpp, line 210]
Event: 0.541 Thread 0x00007f3714013800 Exception <a 'java/lang/ClassNotFoundException': org/apache/log4j/WriterAppenderCustomizer> (0x00000000ec227d60) thrown at [/build/openjdk-8-OqY7zN/openjdk-8-8u222-b10/src/hotspot/src/share/vm/classfile/systemDictionary.cpp, line 210]
Event: 0.544 Thread 0x00007f3714013800 Exception <a 'java/lang/ClassNotFoundException': org/apache/log4j/FileAppenderCustomizer> (0x00000000ec260028) thrown at [/build/openjdk-8-OqY7zN/openjdk-8-8u222-b10/src/hotspot/src/share/vm/classfile/systemDictionary.cpp, line 210]
Event: 0.551 Thread 0x00007f3714013800 Exception <a 'java/lang/ClassNotFoundException': org/apache/log4j/DailyRollingFileAppenderCustomizer> (0x00000000ec2a2898) thrown at [/build/openjdk-8-OqY7zN/openjdk-8-8u222-b10/src/hotspot/src/share/vm/classfile/systemDictionary.cpp, line 210]
Event: 1.129 Thread 0x00007f3714013800 Exception <a 'java/lang/NoSuchFieldError': method resolution failed> (0x00000000ec4005b0) thrown at [/build/openjdk-8-OqY7zN/openjdk-8-8u222-b10/src/hotspot/src/share/vm/prims/methodHandles.cpp, line 1167]
Event: 1.130 Thread 0x00007f3714013800 Exception <a 'java/lang/NoSuchFieldError': method resolution failed> (0x00000000ec40dca0) thrown at [/build/openjdk-8-OqY7zN/openjdk-8-8u222-b10/src/hotspot/src/share/vm/prims/methodHandles.cpp, line 1167]
Event: 2.920 Thread 0x00007f37152b8800 Implicit null exception at 0x00007f37054b9148 to 0x00007f37054b9691
Event: 3.114 Thread 0x00007f36d001f000 Implicit null exception at 0x00007f37054d2720 to 0x00007f37054d2cc1

Events (10 events):
Event: 4.536 Executing VM operation: RevokeBias done
Event: 4.536 Thread 0x00007f37140c3000 flushing nmethod 0x00007f3705130f10
Event: 4.536 Thread 0x00007f37140c3000 flushing nmethod 0x00007f3705137610
Event: 4.536 Executing VM operation: RevokeBias
Event: 4.536 Executing VM operation: RevokeBias done
Event: 4.536 Executing VM operation: RevokeBias
Event: 4.537 Executing VM operation: RevokeBias done
Event: 4.537 Thread 0x00007f37140c3000 flushing nmethod 0x00007f3705148b10
Event: 4.537 Thread 0x00007f37140c3000 flushing nmethod 0x00007f37051499d0
Event: 4.537 Thread 0x00007f37140c3000 flushing nmethod 0x00007f370515cb10


Dynamic libraries:
c2600000-e0e80000 rw-p 00000000 00:00 0 
e7300000-eb780000 ---p 00000000 00:00 0 
eb780000-f9f00000 rw-p 00000000 00:00 0 
f9f00000-100000000 ---p 00000000 00:00 0 
100000000-100300000 rw-p 00000000 00:00 0 
100300000-140000000 ---p 00000000 00:00 0 
55c4d0b81000-55c4d0b82000 r-xp 00000000 08:01 280310                     /usr/lib/jvm/java-8-openjdk-amd64/jre/bin/java
55c4d0d81000-55c4d0d82000 r--p 00000000 08:01 280310                     /usr/lib/jvm/java-8-openjdk-amd64/jre/bin/java
55c4d0d82000-55c4d0d83000 rw-p 00001000 08:01 280310                     /usr/lib/jvm/java-8-openjdk-amd64/jre/bin/java
55c4d2cb3000-55c4d2cf5000 rw-p 00000000 00:00 0                          [heap]
7f36c0000000-7f36c0048000 rw-p 00000000 00:00 0 
7f36c0048000-7f36c4000000 ---p 00000000 00:00 0 
7f36c8000000-7f36c8021000 rw-p 00000000 00:00 0 
7f36c8021000-7f36cc000000 ---p 00000000 00:00 0 
7f36ceba5000-7f36ceba8000 ---p 00000000 00:00 0 
7f36ceba8000-7f36ceca6000 rw-p 00000000 00:00 0 
7f36ceca6000-7f36ceca9000 ---p 00000000 00:00 0 
7f36ceca9000-7f36ceda7000 rw-p 00000000 00:00 0 
7f36ceda7000-7f36cedaa000 ---p 00000000 00:00 0 
7f36cedaa000-7f36ceea8000 rw-p 00000000 00:00 0 
7f36ceea8000-7f36ceeab000 ---p 00000000 00:00 0 
7f36ceeab000-7f36cefa9000 rw-p 00000000 00:00 0 
7f36cefa9000-7f36cefac000 ---p 00000000 00:00 0 
7f36cefac000-7f36cf0aa000 rw-p 00000000 00:00 0 
7f36cf0aa000-7f36cf0ad000 ---p 00000000 00:00 0 
7f36cf0ad000-7f36cf1ab000 rw-p 00000000 00:00 0 
7f36cf1ab000-7f36cf1ae000 ---p 00000000 00:00 0 
7f36cf1ae000-7f36cf2ac000 rw-p 00000000 00:00 0 
7f36cf2ac000-7f36cf2af000 ---p 00000000 00:00 0 
7f36cf2af000-7f36cf56d000 rw-p 00000000 00:00 0 
7f36cf56d000-7f36cf5ad000 ---p 00000000 00:00 0 
7f36cf5ad000-7f36cf5c0000 r--s 00346000 08:01 280398                     /usr/lib/jvm/java-8-openjdk-amd64/jre/lib/resources.jar
7f36cf5c0000-7f36cf7c0000 rw-p 00000000 00:00 0 
7f36cf7c0000-7f36cf9c0000 rw-p 00000000 00:00 0 
7f36cf9c0000-7f36cf9e8000 r-xp 00000000 08:01 280353                     /usr/lib/jvm/java-8-openjdk-amd64/jre/lib/amd64/libsunec.so
7f36cf9e8000-7f36cfbe7000 ---p 00028000 08:01 280353                     /usr/lib/jvm/java-8-openjdk-amd64/jre/lib/amd64/libsunec.so
7f36cfbe7000-7f36cfbeb000 r--p 00027000 08:01 280353                     /usr/lib/jvm/java-8-openjdk-amd64/jre/lib/amd64/libsunec.so
7f36cfbeb000-7f36cfbec000 rw-p 0002b000 08:01 280353                     /usr/lib/jvm/java-8-openjdk-amd64/jre/lib/amd64/libsunec.so
7f36cfbec000-7f36cfbef000 ---p 00000000 00:00 0 
7f36cfbef000-7f36cfced000 rw-p 00000000 00:00 0 
7f36cfced000-7f36cfcf0000 ---p 00000000 00:00 0 
7f36cfcf0000-7f36cfdee000 rw-p 00000000 00:00 0 
7f36cfdee000-7f36cfdff000 r-xp 00000000 08:01 280349                     /usr/lib/jvm/java-8-openjdk-amd64/jre/lib/amd64/libnio.so
7f36cfdff000-7f36cfffe000 ---p 00011000 08:01 280349                     /usr/lib/jvm/java-8-openjdk-amd64/jre/lib/amd64/libnio.so
7f36cfffe000-7f36cffff000 r--p 00010000 08:01 280349                     /usr/lib/jvm/java-8-openjdk-amd64/jre/lib/amd64/libnio.so
7f36cffff000-7f36d0000000 rw-p 00011000 08:01 280349                     /usr/lib/jvm/java-8-openjdk-amd64/jre/lib/amd64/libnio.so
7f36d0000000-7f36d0026000 rw-p 00000000 00:00 0 
7f36d0026000-7f36d4000000 ---p 00000000 00:00 0 
7f36d4000000-7f36d4021000 rw-p 00000000 00:00 0 
7f36d4021000-7f36d8000000 ---p 00000000 00:00 0 
7f36d8000000-7f36d8021000 rw-p 00000000 00:00 0 
7f36d8021000-7f36dc000000 ---p 00000000 00:00 0 
7f36dc000000-7f36dc0be000 rw-p 00000000 00:00 0 
7f36dc0be000-7f36e0000000 ---p 00000000 00:00 0 
7f36e0000000-7f36e07bf000 rw-p 00000000 00:00 0 
7f36e07bf000-7f36e4000000 ---p 00000000 00:00 0 
7f36e4000000-7f36e44cf000 rw-p 00000000 00:00 0 
7f36e44cf000-7f36e8000000 ---p 00000000 00:00 0 
7f36e8000000-7f36e8021000 rw-p 00000000 00:00 0 
7f36e8021000-7f36ec000000 ---p 00000000 00:00 0 
7f36ec000000-7f36ec021000 rw-p 00000000 00:00 0 
7f36ec021000-7f36f0000000 ---p 00000000 00:00 0 
7f36f0000000-7f36f0021000 rw-p 00000000 00:00 0 
7f36f0021000-7f36f4000000 ---p 00000000 00:00 0 
7f36f4000000-7f36f4021000 rw-p 00000000 00:00 0 
7f36f4021000-7f36f8000000 ---p 00000000 00:00 0 
7f36f8000000-7f36f8021000 rw-p 00000000 00:00 0 
7f36f8021000-7f36fc000000 ---p 00000000 00:00 0 
7f36fc003000-7f36fc008000 r--s 002f9000 08:01 280360                     /usr/lib/jvm/java-8-openjdk-amd64/jre/lib/charsets.jar
7f36fc008000-7f36fc00b000 ---p 00000000 00:00 0 
7f36fc00b000-7f36fc109000 rw-p 00000000 00:00 0 
7f36fc109000-7f36fc10c000 ---p 00000000 00:00 0 
7f36fc10c000-7f36fc40a000 rw-p 00000000 00:00 0 
7f36fc40a000-7f36fc40c000 r--s 00016000 08:01 280391                     /usr/lib/jvm/java-8-openjdk-amd64/jre/lib/jce.jar
7f36fc40c000-7f36fc60c000 rw-p 00000000 00:00 0 
7f36fc60c000-7f36fc80c000 rw-p 00000000 00:00 0 
7f36fc80c000-7f36fc811000 r--s 000a3000 08:01 280393                     /usr/lib/jvm/java-8-openjdk-amd64/jre/lib/jsse.jar
7f36fc811000-7f36fca11000 rw-p 00000000 00:00 0 
7f36fca11000-7f36fca27000 r-xp 00000000 08:01 280348                     /usr/lib/jvm/java-8-openjdk-amd64/jre/lib/amd64/libnet.so
7f36fca27000-7f36fcc26000 ---p 00016000 08:01 280348                     /usr/lib/jvm/java-8-openjdk-amd64/jre/lib/amd64/libnet.so
7f36fcc26000-7f36fcc27000 r--p 00015000 08:01 280348                     /usr/lib/jvm/java-8-openjdk-amd64/jre/lib/amd64/libnet.so
7f36fcc27000-7f36fcc28000 rw-p 00016000 08:01 280348                     /usr/lib/jvm/java-8-openjdk-amd64/jre/lib/amd64/libnet.so
7f36fcc28000-7f36fcc29000 r-xp 00000000 08:01 280336                     /usr/lib/jvm/java-8-openjdk-amd64/jre/lib/amd64/libjaas_unix.so
7f36fcc29000-7f36fce28000 ---p 00001000 08:01 280336                     /usr/lib/jvm/java-8-openjdk-amd64/jre/lib/amd64/libjaas_unix.so
7f36fce28000-7f36fce29000 r--p 00000000 08:01 280336                     /usr/lib/jvm/java-8-openjdk-amd64/jre/lib/amd64/libjaas_unix.so
7f36fce29000-7f36fce2a000 rw-p 00001000 08:01 280336                     /usr/lib/jvm/java-8-openjdk-amd64/jre/lib/amd64/libjaas_unix.so
7f36fce2a000-7f36fd02a000 rw-p 00000000 00:00 0 
7f36fd02a000-7f36fd02d000 ---p 00000000 00:00 0 
7f36fd02d000-7f36fd12b000 rw-p 00000000 00:00 0 
7f36fd12b000-7f36fd12e000 ---p 00000000 00:00 0 
7f36fd12e000-7f36fd164000 rw-p 00000000 00:00 0 
7f36fd164000-7f36fd16d000 r-xp 00000000 08:01 280346                     /usr/lib/jvm/java-8-openjdk-amd64/jre/lib/amd64/libmanagement.so
7f36fd16d000-7f36fd36c000 ---p 00009000 08:01 280346                     /usr/lib/jvm/java-8-openjdk-amd64/jre/lib/amd64/libmanagement.so
7f36fd36c000-7f36fd36d000 r--p 00008000 08:01 280346                     /usr/lib/jvm/java-8-openjdk-amd64/jre/lib/amd64/libmanagement.so
7f36fd36d000-7f36fd36e000 rw-p 00009000 08:01 280346                     /usr/lib/jvm/java-8-openjdk-amd64/jre/lib/amd64/libmanagement.so
7f36fd36e000-7f36fd373000 r--s 0002d000 08:01 342719                     /home/uic/hadoop-3.2.1/share/hadoop/common/hadoop-nfs-3.2.1.jar
7f36fd373000-7f36fd3b1000 r--s 003b5000 08:01 342832                     /home/uic/hadoop-3.2.1/share/hadoop/common/hadoop-common-3.2.1.jar
7f36fd3b1000-7f36fd3b3000 r--s 0001e000 08:01 342717                     /home/uic/hadoop-3.2.1/share/hadoop/common/hadoop-kms-3.2.1.jar
7f36fd3b3000-7f36fd3bd000 r--s 00026000 08:01 342800                     /home/uic/hadoop-3.2.1/share/hadoop/common/lib/checker-qual-2.5.2.jar
7f36fd3bd000-7f36fd3c3000 r--s 00078000 08:01 342764                     /home/uic/hadoop-3.2.1/share/hadoop/common/lib/woodstox-core-5.0.3.jar
7f36fd3c3000-7f36fd3c6000 r--s 00015000 08:01 342776                     /home/uic/hadoop-3.2.1/share/hadoop/common/lib/jetty-security-9.3.24.v20180605.jar
7f36fd3c6000-7f36fd3c7000 r--s 00000000 08:01 342808                     /home/uic/hadoop-3.2.1/share/hadoop/common/lib/listenablefuture-9999.0-empty-to-avoid-conflict-with-guava.jar
7f36fd3c7000-7f36fd3ca000 r--s 0001b000 08:01 342803                     /home/uic/hadoop-3.2.1/share/hadoop/common/lib/json-smart-2.3.jar
7f36fd3ca000-7f36fd3cb000 r--s 00008000 08:01 342779                     /home/uic/hadoop-3.2.1/share/hadoop/common/lib/kerb-util-1.0.1.jar
7f36fd3cb000-7f36fd3d3000 r--s 0003e000 08:01 342798                     /home/uic/hadoop-3.2.1/share/hadoop/common/lib/curator-recipes-2.13.0.jar
7f36fd3d3000-7f36fd3d8000 r--s 00038000 08:01 342744                     /home/uic/hadoop-3.2.1/share/hadoop/common/lib/commons-beanutils-1.9.3.jar
7f36fd3d8000-7f36fd3dd000 r--s 00040000 08:01 342759                     /home/uic/hadoop-3.2.1/share/hadoop/common/lib/jsch-0.1.54.jar
7f36fd3dd000-7f36fd3e1000 r--s 00019000 08:01 342763                     /home/uic/hadoop-3.2.1/share/hadoop/common/lib/kerb-crypto-1.0.1.jar
7f36fd3e1000-7f36fd413000 r--s 0026d000 08:01 342753                     /home/uic/hadoop-3.2.1/share/hadoop/common/lib/guava-27.0-jre.jar
7f36fd413000-7f36fd416000 r--s 00015000 08:01 342754                     /home/uic/hadoop-3.2.1/share/hadoop/common/lib/javax.servlet-api-3.1.0.jar
7f36fd416000-7f36fd419000 r--s 00006000 08:01 342815                     /home/uic/hadoop-3.2.1/share/hadoop/common/lib/jsr305-3.0.0.jar
7f36fd419000-7f36fd41b000 r--s 00000000 08:01 342780                     /home/uic/hadoop-3.2.1/share/hadoop/common/lib/jcip-annotations-1.0-1.jar
7f36fd41b000-7f36fd438000 r--s 0016a000 08:01 342783                     /home/uic/hadoop-3.2.1/share/hadoop/common/lib/commons-math3-3.1.1.jar
7f36fd438000-7f36fd43e000 r--s 00046000 08:01 342743                     /home/uic/hadoop-3.2.1/share/hadoop/common/lib/commons-net-3.6.jar
7f36fd43e000-7f36fd441000 r--s 00016000 08:01 342813                     /home/uic/hadoop-3.2.1/share/hadoop/common/lib/jaxb-api-2.2.11.jar
7f36fd441000-7f36fd448000 r--s 0002b000 08:01 342778                     /home/uic/hadoop-3.2.1/share/hadoop/common/lib/kerby-pkix-1.0.1.jar
7f36fd448000-7f36fd449000 r--s 00002000 08:01 342775                     /home/uic/hadoop-3.2.1/share/hadoop/common/lib/slf4j-log4j12-1.7.25.jar
7f36fd449000-7f36fd44b000 r--s 0000a000 08:01 342794                     /home/uic/hadoop-3.2.1/share/hadoop/common/lib/jsr311-api-1.1.1.jar
7f36fd44b000-7f36fd44c000 r--s 00006000 08:01 342822                     /home/uic/hadoop-3.2.1/share/hadoop/common/lib/jackson-xc-1.9.13.jar
7f36fd44c000-7f36fd44f000 r--s 0001a000 08:01 342817                     /home/uic/hadoop-3.2.1/share/hadoop/common/lib/jetty-webapp-9.3.24.v20180605.jar
7f36fd44f000-7f36fd450000 r--s 0000c000 08:01 342749                     /home/uic/hadoop-3.2.1/share/hadoop/common/lib/jetty-xml-9.3.24.v20180605.jar
7f36fd450000-7f36fd45c000 r--s 0008b000 08:01 342797                     /home/uic/hadoop-3.2.1/share/hadoop/common/lib/commons-configuration2-2.1.1.jar
7f36fd45c000-7f36fd45e000 r--s 0001e000 08:01 342828                     /home/uic/hadoop-3.2.1/share/hadoop/common/lib/re2j-1.1.jar
7f36fd45e000-7f36fd45f000 r--s 00009000 08:01 342741                     /home/uic/hadoop-3.2.1/share/hadoop/common/lib/kerby-util-1.0.1.jar
7f36fd45f000-7f36fd462000 r--s 0000e000 08:01 342766                     /home/uic/hadoop-3.2.1/share/hadoop/common/lib/jackson-annotations-2.9.8.jar
7f36fd462000-7f36fd465000 r--s 0001b000 08:01 342812                     /home/uic/hadoop-3.2.1/share/hadoop/common/lib/jetty-io-9.3.24.v20180605.jar
7f36fd465000-7f36fd46d000 r--s 00072000 08:01 342799                     /home/uic/hadoop-3.2.1/share/hadoop/common/lib/commons-lang3-3.7.jar
7f36fd46d000-7f36fd46f000 r--s 0000c000 08:01 342773                     /home/uic/hadoop-3.2.1/share/hadoop/common/lib/asm-5.0.4.jar
7f36fd46f000-7f36fd478000 r--s 0006f000 08:01 342756                     /home/uic/hadoop-3.2.1/share/hadoop/common/lib/log4j-1.2.17.jar
7f36fd478000-7f36fd4af000 r--s 00219000 08:01 342827                     /home/uic/hadoop-3.2.1/share/hadoop/common/lib/curator-client-2.13.0.jar
7f36fd4af000-7f36fd4b1000 r--s 00017000 08:01 342755                     /home/uic/hadoop-3.2.1/share/hadoop/common/lib/kerby-asn1-1.0.1.jar
7f36fd4b1000-7f36fd4b2000 r--s 00004000 08:01 342768                     /home/uic/hadoop-3.2.1/share/hadoop/common/lib/kerb-identity-1.0.1.jar
7f36fd4b2000-7f36fd4b4000 r--s 0000e000 08:01 342830                     /home/uic/hadoop-3.2.1/share/hadoop/common/lib/commons-logging-1.1.3.jar
7f36fd4b4000-7f36fd4c6000 r--s 00137000 08:01 342829                     /home/uic/hadoop-3.2.1/share/hadoop/common/lib/jackson-databind-2.9.8.jar
7f36fd4c6000-7f36fd4c7000 r--s 0000e000 08:01 342761                     /home/uic/hadoop-3.2.1/share/hadoop/common/lib/hadoop-annotations-3.2.1.jar
7f36fd4c7000-7f36fd4c9000 r--s 00000000 08:01 342746                     /home/uic/hadoop-3.2.1/share/hadoop/common/lib/jul-to-slf4j-1.7.25.jar
7f36fd4c9000-7f36fd4d3000 r--s 00061000 08:01 342810                     /home/uic/hadoop-3.2.1/share/hadoop/common/lib/jersey-core-1.19.jar
7f36fd4d3000-7f36fd4d7000 r--s 0002f000 08:01 342825                     /home/uic/hadoop-3.2.1/share/hadoop/common/lib/commons-io-2.5.jar
7f36fd4d7000-7f36fd4da000 r--s 00022000 08:01 342757                     /home/uic/hadoop-3.2.1/share/hadoop/common/lib/jetty-http-9.3.24.v20180605.jar
7f36fd4da000-7f36fd4dc000 r--s 00130000 08:01 342745                     /home/uic/hadoop-3.2.1/share/hadoop/common/lib/snappy-java-1.0.5.jar
7f36fd4dc000-7f36fd4de000 r--s 0000f000 08:01 342784                     /home/uic/hadoop-3.2.1/share/hadoop/common/lib/jettison-1.1.jar
7f36fd4de000-7f36fd4e0000 r--s 00009000 08:01 342748                     /home/uic/hadoop-3.2.1/share/hadoop/common/lib/commons-cli-1.2.jar
7f36fd4e0000-7f36fd4e2000 r--s 0000e000 08:01 342760                     /home/uic/hadoop-3.2.1/share/hadoop/common/lib/kerb-common-1.0.1.jar
7f36fd4e2000-7f36fd4e9000 r--s 00049000 08:01 342786                     /home/uic/hadoop-3.2.1/share/hadoop/common/lib/httpcore-4.4.10.jar
7f36fd4e9000-7f36fd4eb000 r--s 00020000 08:01 342796                     /home/uic/hadoop-3.2.1/share/hadoop/common/lib/hadoop-auth-3.2.1.jar
7f36fd4eb000-7f36fd4ed000 r--s 00002000 08:01 342814                     /home/uic/hadoop-3.2.1/share/hadoop/common/lib/error_prone_annotations-2.2.0.jar
7f36fd4ed000-7f36fd4fa000 r--s 000d1000 08:01 342751                     /home/uic/hadoop-3.2.1/share/hadoop/common/lib/zookeeper-3.4.13.jar
7f36fd4fa000-7f36fd4fb000 r--s 00004000 08:01 342777                     /home/uic/hadoop-3.2.1/share/hadoop/common/lib/jackson-jaxrs-1.9.13.jar
7f36fd4fb000-7f36fd4fe000 r--s 0001b000 08:01 342767                     /home/uic/hadoop-3.2.1/share/hadoop/common/lib/jetty-servlet-9.3.24.v20180605.jar
7f36fd4fe000-7f36fd4ff000 r--s 00004000 08:01 342750                     /home/uic/hadoop-3.2.1/share/hadoop/common/lib/kerb-simplekdc-1.0.1.jar
7f36fd4ff000-7f36fd519000 r--s 00155000 08:01 342782                     /home/uic/hadoop-3.2.1/share/hadoop/common/lib/htrace-core4-4.1.0-incubating.jar
7f36fd519000-7f36fd522000 r--s 00062000 08:01 342781                     /home/uic/hadoop-3.2.1/share/hadoop/common/lib/avro-1.7.7.jar
7f36fd522000-7f36fd527000 r--s 0002a000 08:01 342823                     /home/uic/hadoop-3.2.1/share/hadoop/common/lib/gson-2.2.4.jar
7f36fd527000-7f36fd528000 r--s 00000000 08:01 342824                     /home/uic/hadoop-3.2.1/share/hadoop/common/lib/failureaccess-1.0.jar
7f36fd528000-7f36fd52a000 r--s 00006000 08:01 342811                     /home/uic/hadoop-3.2.1/share/hadoop/common/lib/accessors-smart-1.2.jar
7f36fd52a000-7f36fd52c000 r--s 00001000 08:01 342809                     /home/uic/hadoop-3.2.1/share/hadoop/common/lib/j2objc-annotations-1.1.jar
7f36fd52c000-7f36fd530000 r--s 0001c000 08:01 342818                     /home/uic/hadoop-3.2.1/share/hadoop/common/lib/jersey-servlet-1.19.jar
7f36fd530000-7f36fd536000 r--s 0002c000 08:01 342821                     /home/uic/hadoop-3.2.1/share/hadoop/common/lib/curator-framework-2.13.0.jar
7f36fd536000-7f36fd53a000 r--s 00024000 08:01 342805                     /home/uic/hadoop-3.2.1/share/hadoop/common/lib/stax2-api-3.1.4.jar
7f36fd53a000-7f36fd540000 r--s 00044000 08:01 342772                     /home/uic/hadoop-3.2.1/share/hadoop/common/lib/nimbus-jose-jwt-4.41.1.jar
7f36fd540000-7f36fd547000 r--s 00069000 08:01 342795                     /home/uic/hadoop-3.2.1/share/hadoop/common/lib/jetty-util-9.3.24.v20180605.jar
7f36fd547000-7f36fd54a000 r--s 00011000 08:01 342758                     /home/uic/hadoop-3.2.1/share/hadoop/common/lib/kerb-admin-1.0.1.jar
7f36fd54a000-7f36fd557000 r--s 00083000 08:01 342788                     /home/uic/hadoop-3.2.1/share/hadoop/common/lib/commons-collections-3.2.2.jar
7f36fd557000-7f36fd55a000 r--s 00012000 08:01 342747                     /home/uic/hadoop-3.2.1/share/hadoop/common/lib/kerb-server-1.0.1.jar
7f36fd55a000-7f36fd55e000 r--s 0001e000 08:01 342816                     /home/uic/hadoop-3.2.1/share/hadoop/common/lib/metrics-core-3.2.4.jar
7f36fd55e000-7f36fd55f000 r--s 00004000 08:01 342819                     /home/uic/hadoop-3.2.1/share/hadoop/common/lib/token-provider-1.0.1.jar
7f36fd55f000-7f36fd567000 r--s 0007b000 08:01 342807                     /home/uic/hadoop-3.2.1/share/hadoop/common/lib/protobuf-java-2.5.0.jar
7f36fd567000-7f36fd56c000 r--s 00047000 08:01 342791                     /home/uic/hadoop-3.2.1/share/hadoop/common/lib/dnsjava-2.1.7.jar
7f36fd56c000-7f36fd56e000 r--s 00009000 08:01 342806                     /home/uic/hadoop-3.2.1/share/hadoop/common/lib/slf4j-api-1.7.25.jar
7f36fd56e000-7f36fd570000 r--s 00006000 08:01 342787                     /home/uic/hadoop-3.2.1/share/hadoop/common/lib/paranamer-2.3.jar
7f36fd570000-7f36fd573000 r--s 00019000 08:01 342770                     /home/uic/hadoop-3.2.1/share/hadoop/common/lib/kerb-client-1.0.1.jar
7f36fd573000-7f36fd577000 r--s 00035000 08:01 342826                     /home/uic/hadoop-3.2.1/share/hadoop/common/lib/jackson-core-asl-1.9.13.jar
7f36fd577000-7f36fd57a000 r--s 00016000 08:01 342769                     /home/uic/hadoop-3.2.1/share/hadoop/common/lib/jsp-api-2.1.jar
7f36fd57a000-7f36fd581000 r--s 00031000 08:01 342765                     /home/uic/hadoop-3.2.1/share/hadoop/common/lib/kerb-core-1.0.1.jar
7f36fd581000-7f36fd58f000 r--s 000b1000 08:01 342785                     /home/uic/hadoop-3.2.1/share/hadoop/common/lib/jackson-mapper-asl-1.9.13.jar
7f36fd58f000-7f36fd59a000 r--s 00086000 08:01 342820                     /home/uic/hadoop-3.2.1/share/hadoop/common/lib/commons-compress-1.18.jar
7f36fd59a000-7f36fd59c000 r--s 00006000 08:01 342742                     /home/uic/hadoop-3.2.1/share/hadoop/common/lib/kerby-xdr-1.0.1.jar
7f36fd59c000-7f36fd5a0000 r--s 0004c000 08:01 342804                     /home/uic/hadoop-3.2.1/share/hadoop/common/lib/jackson-core-2.9.8.jar
7f36fd5a0000-7f36fd5a4000 r--s 00025000 08:01 342752                     /home/uic/hadoop-3.2.1/share/hadoop/common/lib/jersey-json-1.19.jar
7f36fd5a4000-7f36fd5b4000 r--s 0009c000 08:01 342774                     /home/uic/hadoop-3.2.1/share/hadoop/common/lib/jersey-server-1.19.jar
7f36fd5b4000-7f36fd5b8000 r--s 00029000 08:01 342771                     /home/uic/hadoop-3.2.1/share/hadoop/common/lib/commons-text-1.4.jar
7f36fd5b8000-7f36fd5ba000 r--s 00006000 08:01 342790                     /home/uic/hadoop-3.2.1/share/hadoop/common/lib/kerby-config-1.0.1.jar
7f36fd5ba000-7f36fd5bb000 r--s 00000000 08:01 342762                     /home/uic/hadoop-3.2.1/share/hadoop/common/lib/animal-sniffer-annotations-1.17.jar
7f36fd5bb000-7f36fd5c3000 r--s 00078000 08:01 342792                     /home/uic/hadoop-3.2.1/share/hadoop/common/lib/jetty-server-9.3.24.v20180605.jar
7f36fd5c3000-7f36fd5d0000 r--s 000af000 08:01 342789                     /home/uic/hadoop-3.2.1/share/hadoop/common/lib/httpclient-4.5.6.jar
7f36fd5d0000-7f36fd5d1000 r--s 00004000 08:01 342801                     /home/uic/hadoop-3.2.1/share/hadoop/common/lib/audience-annotations-0.5.0.jar
7f36fd5d1000-7f36fd5e4000 r--s 000c7000 08:01 342793                     /home/uic/hadoop-3.2.1/share/hadoop/common/lib/jaxb-impl-2.2.3-1.jar
7f36fd5e4000-7f36fd5eb000 r--s 0004b000 08:01 342802                     /home/uic/hadoop-3.2.1/share/hadoop/common/lib/commons-codec-1.11.jar
7f36fd5eb000-7f36fd604000 r--s 0012c000 08:01 342831                     /home/uic/hadoop-3.2.1/share/hadoop/common/lib/netty-3.10.5.Final.jar
7f36fd604000-7f36fd611000 r--s 000b8000 08:01 343146                     /home/uic/hadoop-3.2.1/share/hadoop/mapreduce/hadoop-mapreduce-client-common-3.2.1.jar
7f36fd611000-7f36fd613000 r--s 0000d000 08:01 343174                     /home/uic/hadoop-3.2.1/share/hadoop/mapreduce/hadoop-mapreduce-client-uploader-3.2.1.jar
7f36fd613000-7f36fd614000 r--s 00014000 08:01 343148                     /home/uic/hadoop-3.2.1/share/hadoop/mapreduce/hadoop-mapreduce-client-jobclient-3.2.1.jar
7f36fd614000-7f36fd62d000 r--s 0017c000 08:01 343147                     /home/uic/hadoop-3.2.1/share/hadoop/mapreduce/hadoop-mapreduce-client-core-3.2.1.jar
7f36fd62d000-7f36fd630000 r--s 00032000 08:01 343145                     /home/uic/hadoop-3.2.1/share/hadoop/mapreduce/hadoop-mapreduce-client-hs-3.2.1.jar
7f36fd630000-7f36fd63a000 r--s 0008c000 08:01 343149                     /home/uic/hadoop-3.2.1/share/hadoop/mapreduce/hadoop-mapreduce-client-app-3.2.1.jar
7f36fd63a000-7f36fd63c000 r--s 0000a000 08:01 343123                     /home/uic/hadoop-3.2.1/share/hadoop/mapreduce/hadoop-mapreduce-client-hs-plugins-3.2.1.jar
7f36fd63c000-7f36fd63d000 r--s 00017000 08:01 343150                     /home/uic/hadoop-3.2.1/share/hadoop/mapreduce/hadoop-mapreduce-client-shuffle-3.2.1.jar
7f36fd63d000-7f36fd640000 r--s 0001c000 08:01 343175                     /home/uic/hadoop-3.2.1/share/hadoop/mapreduce/hadoop-mapreduce-client-nativetask-3.2.1.jar
7f36fd640000-7f36fd642000 r--s 00009000 08:01 343173                     /home/uic/hadoop-3.2.1/share/hadoop/mapreduce/lib/hamcrest-core-1.3.jar
7f36fd642000-7f36fd648000 r--s 00036000 08:01 343172                     /home/uic/hadoop-3.2.1/share/hadoop/mapreduce/lib/junit-4.11.jar
7f36fd648000-7f36fd64a000 r--s 0000a000 08:01 343039                     /home/uic/hadoop-3.2.1/share/hadoop/hdfs/hadoop-hdfs-native-client-3.2.1.jar
7f36fd64a000-7f36fd692000 r--s 00567000 08:01 342923                     /home/uic/hadoop-3.2.1/share/hadoop/hdfs/hadoop-hdfs-3.2.1.jar
7f36fd692000-7f36fd694000 r--s 00023000 08:01 342833                     /home/uic/hadoop-3.2.1/share/hadoop/hdfs/hadoop-hdfs-nfs-3.2.1.jar
7f36fd694000-7f36fd6d9000 r--s 00497000 08:01 342921                     /home/uic/hadoop-3.2.1/share/hadoop/hdfs/hadoop-hdfs-client-3.2.1.jar
7f36fd6d9000-7f36fd6e9000 r--s 000db000 08:01 343041                     /home/uic/hadoop-3.2.1/share/hadoop/hdfs/hadoop-hdfs-rbf-3.2.1.jar
7f36fd6e9000-7f36fd6ef000 r--s 0003c000 08:01 342924                     /home/uic/hadoop-3.2.1/share/hadoop/hdfs/hadoop-hdfs-httpfs-3.2.1.jar
7f36fd6ef000-7f36fd6f9000 r--s 00026000 08:01 343008                     /home/uic/hadoop-3.2.1/share/hadoop/hdfs/lib/checker-qual-2.5.2.jar
7f36fd6f9000-7f36fd6ff000 r--s 00078000 08:01 342970                     /home/uic/hadoop-3.2.1/share/hadoop/hdfs/lib/woodstox-core-5.0.3.jar
7f36fd6ff000-7f36fd702000 r--s 00015000 08:01 342982                     /home/uic/hadoop-3.2.1/share/hadoop/hdfs/lib/jetty-security-9.3.24.v20180605.jar
7f36fd702000-7f36fd703000 r--s 00000000 08:01 343015                     /home/uic/hadoop-3.2.1/share/hadoop/hdfs/lib/listenablefuture-9999.0-empty-to-avoid-conflict-with-guava.jar
7f36fd703000-7f36fd706000 r--s 0001b000 08:01 343011                     /home/uic/hadoop-3.2.1/share/hadoop/hdfs/lib/json-smart-2.3.jar
7f36fd706000-7f36fd707000 r--s 00008000 08:01 342985                     /home/uic/hadoop-3.2.1/share/hadoop/hdfs/lib/kerb-util-1.0.1.jar
7f36fd707000-7f36fd70f000 r--s 0003e000 08:01 343005                     /home/uic/hadoop-3.2.1/share/hadoop/hdfs/lib/curator-recipes-2.13.0.jar
7f36fd70f000-7f36fd714000 r--s 00038000 08:01 342949                     /home/uic/hadoop-3.2.1/share/hadoop/hdfs/lib/commons-beanutils-1.9.3.jar
7f36fd714000-7f36fd719000 r--s 00040000 08:01 342965                     /home/uic/hadoop-3.2.1/share/hadoop/hdfs/lib/jsch-0.1.54.jar
7f36fd719000-7f36fd71d000 r--s 00019000 08:01 342969                     /home/uic/hadoop-3.2.1/share/hadoop/hdfs/lib/kerb-crypto-1.0.1.jar
7f36fd71d000-7f36fd74f000 r--s 0026d000 08:01 342959                     /home/uic/hadoop-3.2.1/share/hadoop/hdfs/lib/guava-27.0-jre.jar
7f36fd74f000-7f36fd752000 r--s 00015000 08:01 342960                     /home/uic/hadoop-3.2.1/share/hadoop/hdfs/lib/javax.servlet-api-3.1.0.jar
7f36fd752000-7f36fd755000 r--s 00006000 08:01 343022                     /home/uic/hadoop-3.2.1/share/hadoop/hdfs/lib/jsr305-3.0.0.jar
7f36fd755000-7f36fd757000 r--s 00000000 08:01 342986                     /home/uic/hadoop-3.2.1/share/hadoop/hdfs/lib/jcip-annotations-1.0-1.jar
7f36fd757000-7f36fd774000 r--s 0016a000 08:01 342989                     /home/uic/hadoop-3.2.1/share/hadoop/hdfs/lib/commons-math3-3.1.1.jar
7f36fd774000-7f36fd77a000 r--s 00046000 08:01 342948                     /home/uic/hadoop-3.2.1/share/hadoop/hdfs/lib/commons-net-3.6.jar
7f36fd77a000-7f36fd77d000 r--s 00016000 08:01 343020                     /home/uic/hadoop-3.2.1/share/hadoop/hdfs/lib/jaxb-api-2.2.11.jar
7f36fd77d000-7f36fd784000 r--s 0002b000 08:01 342984                     /home/uic/hadoop-3.2.1/share/hadoop/hdfs/lib/kerby-pkix-1.0.1.jar
7f36fd784000-7f36fd789000 r--s 0004c000 08:01 342977                     /home/uic/hadoop-3.2.1/share/hadoop/hdfs/lib/okhttp-2.7.5.jar
7f36fd789000-7f36fd78b000 r--s 0000a000 08:01 343001                     /home/uic/hadoop-3.2.1/share/hadoop/hdfs/lib/jsr311-api-1.1.1.jar
7f36fd78b000-7f36fd78c000 r--s 00006000 08:01 343028                     /home/uic/hadoop-3.2.1/share/hadoop/hdfs/lib/jackson-xc-1.9.13.jar
7f36fd78c000-7f36fd78f000 r--s 0001a000 08:01 343023                     /home/uic/hadoop-3.2.1/share/hadoop/hdfs/lib/jetty-webapp-9.3.24.v20180605.jar
7f36fd78f000-7f36fd790000 r--s 0000c000 08:01 342953                     /home/uic/hadoop-3.2.1/share/hadoop/hdfs/lib/jetty-xml-9.3.24.v20180605.jar
7f36fd790000-7f36fd79c000 r--s 0008b000 08:01 343004                     /home/uic/hadoop-3.2.1/share/hadoop/hdfs/lib/commons-configuration2-2.1.1.jar
7f36fd79c000-7f36fd79e000 r--s 0001e000 08:01 343035                     /home/uic/hadoop-3.2.1/share/hadoop/hdfs/lib/re2j-1.1.jar
7f36fd79e000-7f36fd79f000 r--s 00009000 08:01 342946                     /home/uic/hadoop-3.2.1/share/hadoop/hdfs/lib/kerby-util-1.0.1.jar
7f36fd79f000-7f36fd7a2000 r--s 0000e000 08:01 342972                     /home/uic/hadoop-3.2.1/share/hadoop/hdfs/lib/jackson-annotations-2.9.8.jar
7f36fd7a2000-7f36fd7a5000 r--s 0001b000 08:01 343019                     /home/uic/hadoop-3.2.1/share/hadoop/hdfs/lib/jetty-io-9.3.24.v20180605.jar
7f36fd7a5000-7f36fd7ad000 r--s 00072000 08:01 343007                     /home/uic/hadoop-3.2.1/share/hadoop/hdfs/lib/commons-lang3-3.7.jar
7f36fd7ad000-7f36fd7af000 r--s 0000c000 08:01 342979                     /home/uic/hadoop-3.2.1/share/hadoop/hdfs/lib/asm-5.0.4.jar
7f36fd7af000-7f36fd7b8000 r--s 0006f000 08:01 342962                     /home/uic/hadoop-3.2.1/share/hadoop/hdfs/lib/log4j-1.2.17.jar
7f36fd7b8000-7f36fd7ef000 r--s 00219000 08:01 343034                     /home/uic/hadoop-3.2.1/share/hadoop/hdfs/lib/curator-client-2.13.0.jar
7f36fd7ef000-7f36fd7f1000 r--s 00017000 08:01 342961                     /home/uic/hadoop-3.2.1/share/hadoop/hdfs/lib/kerby-asn1-1.0.1.jar
7f36fd7f1000-7f36fd7f2000 r--s 00004000 08:01 342974                     /home/uic/hadoop-3.2.1/share/hadoop/hdfs/lib/kerb-identity-1.0.1.jar
7f36fd7f2000-7f36fd7f4000 r--s 0000e000 08:01 343037                     /home/uic/hadoop-3.2.1/share/hadoop/hdfs/lib/commons-logging-1.1.3.jar
7f36fd7f4000-7f36fd806000 r--s 00137000 08:01 343036                     /home/uic/hadoop-3.2.1/share/hadoop/hdfs/lib/jackson-databind-2.9.8.jar
7f36fd806000-7f36fd807000 r--s 0000e000 08:01 342967                     /home/uic/hadoop-3.2.1/share/hadoop/hdfs/lib/hadoop-annotations-3.2.1.jar
7f36fd807000-7f36fd811000 r--s 00061000 08:01 343017                     /home/uic/hadoop-3.2.1/share/hadoop/hdfs/lib/jersey-core-1.19.jar
7f36fd811000-7f36fd815000 r--s 0002f000 08:01 343032                     /home/uic/hadoop-3.2.1/share/hadoop/hdfs/lib/commons-io-2.5.jar
7f36fd815000-7f36fd818000 r--s 00022000 08:01 342963                     /home/uic/hadoop-3.2.1/share/hadoop/hdfs/lib/jetty-http-9.3.24.v20180605.jar
7f36fd818000-7f36fd81a000 r--s 00130000 08:01 342950                     /home/uic/hadoop-3.2.1/share/hadoop/hdfs/lib/snappy-java-1.0.5.jar
7f36fd81a000-7f36fd81c000 r--s 0000f000 08:01 342990                     /home/uic/hadoop-3.2.1/share/hadoop/hdfs/lib/jettison-1.1.jar
7f36fd81c000-7f36fd81e000 r--s 00009000 08:01 342952                     /home/uic/hadoop-3.2.1/share/hadoop/hdfs/lib/commons-cli-1.2.jar
7f36fd81e000-7f36fd820000 r--s 0000e000 08:01 342966                     /home/uic/hadoop-3.2.1/share/hadoop/hdfs/lib/kerb-common-1.0.1.jar
7f36fd820000-7f36fd827000 r--s 00049000 08:01 342992                     /home/uic/hadoop-3.2.1/share/hadoop/hdfs/lib/httpcore-4.4.10.jar
7f36fd827000-7f36fd829000 r--s 00020000 08:01 343003                     /home/uic/hadoop-3.2.1/share/hadoop/hdfs/lib/hadoop-auth-3.2.1.jar
7f36fd829000-7f36fd82b000 r--s 00002000 08:01 343021                     /home/uic/hadoop-3.2.1/share/hadoop/hdfs/lib/error_prone_annotations-2.2.0.jar
7f36fd82b000-7f36fd82c000 r--s 00005000 08:01 343006                     /home/uic/hadoop-3.2.1/share/hadoop/hdfs/lib/commons-daemon-1.0.13.jar
7f36fd82c000-7f36fd839000 r--s 000d1000 08:01 342957                     /home/uic/hadoop-3.2.1/share/hadoop/hdfs/lib/zookeeper-3.4.13.jar
7f36fd839000-7f36fd83a000 r--s 00004000 08:01 342983                     /home/uic/hadoop-3.2.1/share/hadoop/hdfs/lib/jackson-jaxrs-1.9.13.jar
7f36fd83a000-7f36fd83d000 r--s 0001b000 08:01 342973                     /home/uic/hadoop-3.2.1/share/hadoop/hdfs/lib/jetty-servlet-9.3.24.v20180605.jar
7f36fd83d000-7f36fd83e000 r--s 00004000 08:01 342954                     /home/uic/hadoop-3.2.1/share/hadoop/hdfs/lib/kerb-simplekdc-1.0.1.jar
7f36fd83e000-7f36fd858000 r--s 00155000 08:01 342988                     /home/uic/hadoop-3.2.1/share/hadoop/hdfs/lib/htrace-core4-4.1.0-incubating.jar
7f36fd858000-7f36fd861000 r--s 00062000 08:01 342987                     /home/uic/hadoop-3.2.1/share/hadoop/hdfs/lib/avro-1.7.7.jar
7f36fd861000-7f36fd866000 r--s 0002a000 08:01 343029                     /home/uic/hadoop-3.2.1/share/hadoop/hdfs/lib/gson-2.2.4.jar
7f36fd866000-7f36fd867000 r--s 00000000 08:01 343031                     /home/uic/hadoop-3.2.1/share/hadoop/hdfs/lib/failureaccess-1.0.jar
7f36fd867000-7f36fd869000 r--s 00006000 08:01 343018                     /home/uic/hadoop-3.2.1/share/hadoop/hdfs/lib/accessors-smart-1.2.jar
7f36fd869000-7f36fd86b000 r--s 00001000 08:01 343016                     /home/uic/hadoop-3.2.1/share/hadoop/hdfs/lib/j2objc-annotations-1.1.jar
7f36fd86b000-7f36fd86f000 r--s 0001c000 08:01 343024                     /home/uic/hadoop-3.2.1/share/hadoop/hdfs/lib/jersey-servlet-1.19.jar
7f36fd86f000-7f36fd871000 r--s 00008000 08:01 342998                     /home/uic/hadoop-3.2.1/share/hadoop/hdfs/lib/jetty-util-ajax-9.3.24.v20180605.jar
7f36fd871000-7f36fd877000 r--s 0002c000 08:01 343027                     /home/uic/hadoop-3.2.1/share/hadoop/hdfs/lib/curator-framework-2.13.0.jar
7f36fd877000-7f36fd87b000 r--s 00024000 08:01 343013                     /home/uic/hadoop-3.2.1/share/hadoop/hdfs/lib/stax2-api-3.1.4.jar
7f36fd87b000-7f36fd881000 r--s 00044000 08:01 342978                     /home/uic/hadoop-3.2.1/share/hadoop/hdfs/lib/nimbus-jose-jwt-4.41.1.jar
7f36fd881000-7f36fd888000 r--s 00069000 08:01 343002                     /home/uic/hadoop-3.2.1/share/hadoop/hdfs/lib/jetty-util-9.3.24.v20180605.jar
7f36fd888000-7f36fd88b000 r--s 00011000 08:01 342964                     /home/uic/hadoop-3.2.1/share/hadoop/hdfs/lib/kerb-admin-1.0.1.jar
7f36fd88b000-7f36fd898000 r--s 00083000 08:01 342994                     /home/uic/hadoop-3.2.1/share/hadoop/hdfs/lib/commons-collections-3.2.2.jar
7f36fd898000-7f36fd89b000 r--s 00012000 08:01 342951                     /home/uic/hadoop-3.2.1/share/hadoop/hdfs/lib/kerb-server-1.0.1.jar
7f36fd89b000-7f36fd89c000 r--s 00005000 08:01 342980                     /home/uic/hadoop-3.2.1/share/hadoop/hdfs/lib/json-simple-1.1.1.jar
7f36fd89c000-7f36fd89d000 r--s 00004000 08:01 343025                     /home/uic/hadoop-3.2.1/share/hadoop/hdfs/lib/token-provider-1.0.1.jar
7f36fd89d000-7f36fd8a5000 r--s 0007b000 08:01 343014                     /home/uic/hadoop-3.2.1/share/hadoop/hdfs/lib/protobuf-java-2.5.0.jar
7f36fd8a5000-7f36fd8aa000 r--s 00047000 08:01 342997                     /home/uic/hadoop-3.2.1/share/hadoop/hdfs/lib/dnsjava-2.1.7.jar
7f36fd8aa000-7f36fd8ac000 r--s 00006000 08:01 342993                     /home/uic/hadoop-3.2.1/share/hadoop/hdfs/lib/paranamer-2.3.jar
7f36fd8ac000-7f36fd8d3000 r--s 00205000 08:01 342956                     /home/uic/hadoop-3.2.1/share/hadoop/hdfs/lib/netty-all-4.0.52.Final.jar
7f36fd8d3000-7f36fd8d6000 r--s 00019000 08:01 342975                     /home/uic/hadoop-3.2.1/share/hadoop/hdfs/lib/kerb-client-1.0.1.jar
7f36fd8d6000-7f36fd8da000 r--s 00035000 08:01 343033                     /home/uic/hadoop-3.2.1/share/hadoop/hdfs/lib/jackson-core-asl-1.9.13.jar
7f36fd8da000-7f36fd8e1000 r--s 00031000 08:01 342971                     /home/uic/hadoop-3.2.1/share/hadoop/hdfs/lib/kerb-core-1.0.1.jar
7f36fd8e1000-7f36fd8ef000 r--s 000b1000 08:01 342991                     /home/uic/hadoop-3.2.1/share/hadoop/hdfs/lib/jackson-mapper-asl-1.9.13.jar
7f36fd8ef000-7f36fd8fa000 r--s 00086000 08:01 343026                     /home/uic/hadoop-3.2.1/share/hadoop/hdfs/lib/commons-compress-1.18.jar
7f36fd8fa000-7f36fd8fc000 r--s 00006000 08:01 342947                     /home/uic/hadoop-3.2.1/share/hadoop/hdfs/lib/kerby-xdr-1.0.1.jar
7f36fd8fc000-7f36fd900000 r--s 0004c000 08:01 343012                     /home/uic/hadoop-3.2.1/share/hadoop/hdfs/lib/jackson-core-2.9.8.jar
7f36fd900000-7f36fd904000 r--s 00025000 08:01 342958                     /home/uic/hadoop-3.2.1/share/hadoop/hdfs/lib/jersey-json-1.19.jar
7f36fd904000-7f36fd914000 r--s 0009c000 08:01 342981                     /home/uic/hadoop-3.2.1/share/hadoop/hdfs/lib/jersey-server-1.19.jar
7f36fd914000-7f36fd917000 r--s 000fd000 08:01 342955                     /home/uic/hadoop-3.2.1/share/hadoop/hdfs/lib/leveldbjni-all-1.8.jar
7f36fd917000-7f36fd91b000 r--s 00029000 08:01 342976                     /home/uic/hadoop-3.2.1/share/hadoop/hdfs/lib/commons-text-1.4.jar
7f36fd91b000-7f36fd91d000 r--s 00006000 08:01 342996                     /home/uic/hadoop-3.2.1/share/hadoop/hdfs/lib/kerby-config-1.0.1.jar
7f36fd91d000-7f36fd91e000 r--s 00000000 08:01 342968                     /home/uic/hadoop-3.2.1/share/hadoop/hdfs/lib/animal-sniffer-annotations-1.17.jar
7f36fd91e000-7f36fd926000 r--s 00078000 08:01 342999                     /home/uic/hadoop-3.2.1/share/hadoop/hdfs/lib/jetty-server-9.3.24.v20180605.jar
7f36fd926000-7f36fd933000 r--s 000af000 08:01 342995                     /home/uic/hadoop-3.2.1/share/hadoop/hdfs/lib/httpclient-4.5.6.jar
7f36fd933000-7f36fd935000 r--s 0000f000 08:01 343030                     /home/uic/hadoop-3.2.1/share/hadoop/hdfs/lib/okio-1.6.0.jar
7f36fd935000-7f36fd948000 r--s 000c7000 08:01 343000                     /home/uic/hadoop-3.2.1/share/hadoop/hdfs/lib/jaxb-impl-2.2.3-1.jar
7f36fd948000-7f36fd94f000 r--s 0004b000 08:01 343010                     /home/uic/hadoop-3.2.1/share/hadoop/hdfs/lib/commons-codec-1.11.jar
7f36fd94f000-7f36fd968000 r--s 0012c000 08:01 343038                     /home/uic/hadoop-3.2.1/share/hadoop/hdfs/lib/netty-3.10.5.Final.jar
7f36fd968000-7f36fd96b000 r--s 0001a000 08:01 343177                     /home/uic/hadoop-3.2.1/share/hadoop/yarn/hadoop-yarn-submarine-3.2.1.jar
7f36fd96b000-7f36fd98f000 r--s 0020a000 08:01 343262                     /home/uic/hadoop-3.2.1/share/hadoop/yarn/hadoop-yarn-server-resourcemanager-3.2.1.jar
7f36fd98f000-7f36fd991000 r--s 00012000 08:01 343264                     /home/uic/hadoop-3.2.1/share/hadoop/yarn/hadoop-yarn-server-web-proxy-3.2.1.jar
7f36fd991000-7f36fd993000 r--s 0001a000 08:01 343265                     /home/uic/hadoop-3.2.1/share/hadoop/yarn/hadoop-yarn-applications-distributedshell-3.2.1.jar
7f36fd993000-7f36fd998000 r--s 00043000 08:01 343307                     /home/uic/hadoop-3.2.1/share/hadoop/yarn/hadoop-yarn-server-applicationhistoryservice-3.2.1.jar
7f36fd998000-7f36fd99d000 r--s 00033000 08:01 343284                     /home/uic/hadoop-3.2.1/share/hadoop/yarn/hadoop-yarn-registry-3.2.1.jar
7f36fd99d000-7f36fd9a0000 r--s 00024000 08:01 343259                     /home/uic/hadoop-3.2.1/share/hadoop/yarn/hadoop-yarn-server-router-3.2.1.jar
7f36fd9a0000-7f36fd9a2000 r--s 00015000 08:01 343210                     /home/uic/hadoop-3.2.1/share/hadoop/yarn/hadoop-yarn-server-timeline-pluginstorage-3.2.1.jar
7f36fd9a2000-7f36fd9a5000 r--s 00015000 08:01 343209                     /home/uic/hadoop-3.2.1/share/hadoop/yarn/hadoop-yarn-server-sharedcachemanager-3.2.1.jar
7f36fd9a5000-7f36fd9af000 r--s 00091000 08:01 343213                     /home/uic/hadoop-3.2.1/share/hadoop/yarn/hadoop-yarn-services-core-3.2.1.jar
7f36fd9af000-7f36fd9c7000 r--s 00137000 08:01 343176                     /home/uic/hadoop-3.2.1/share/hadoop/yarn/hadoop-yarn-server-nodemanager-3.2.1.jar
7f36fd9c7000-7f36fd9eb000 r--s 002a5000 08:01 343211                     /home/uic/hadoop-3.2.1/share/hadoop/yarn/hadoop-yarn-common-3.2.1.jar
7f36fd9eb000-7f36fda03000 r--s 0013d000 08:01 343282                     /home/uic/hadoop-3.2.1/share/hadoop/yarn/hadoop-yarn-server-common-3.2.1.jar
7f36fda03000-7f36fda5b000 r--s 003a7000 08:01 343296                     /home/uic/hadoop-3.2.1/share/hadoop/yarn/lib/bcprov-jdk15on-1.60.jar
7f36fda5b000-7f36fda5c000 ---p 00000000 00:00 0 
7f36fda5c000-7f36fdb5c000 rw-p 00000000 00:00 0 
7f36fdb5c000-7f36fdb5f000 ---p 00000000 00:00 0 
7f36fdb5f000-7f36fdc5d000 rw-p 00000000 00:00 0 
7f36fdc5d000-7f36fdc5e000 ---p 00000000 00:00 0 
7f36fdc5e000-7f36fdc61000 ---p 00000000 00:00 0 
7f36fdc61000-7f36fdd5e000 rw-p 00000000 00:00 0 
7f36fdd5e000-7f36fdd5f000 ---p 00000000 00:00 0 
7f36fdd5f000-7f36fdd62000 ---p 00000000 00:00 0 
7f36fdd62000-7f36fde5f000 rw-p 00000000 00:00 0 
7f36fde5f000-7f36fde62000 ---p 00000000 00:00 0 
7f36fde62000-7f36fdf60000 rw-p 00000000 00:00 0 
7f36fdf60000-7f36fe130000 r--s 03c5c000 08:01 280399                     /usr/lib/jvm/java-8-openjdk-amd64/jre/lib/rt.jar
7f36fe130000-7f3700000000 rw-p 00000000 00:00 0 
7f3700000000-7f3700021000 rw-p 00000000 00:00 0 
7f3700021000-7f3704000000 ---p 00000000 00:00 0 
7f3704000000-7f3704001000 r--s 00004000 08:01 343009                     /home/uic/hadoop-3.2.1/share/hadoop/hdfs/lib/audience-annotations-0.5.0.jar
7f3704001000-7f3704002000 r--s 0000d000 08:01 343212                     /home/uic/hadoop-3.2.1/share/hadoop/yarn/hadoop-yarn-applications-unmanaged-am-launcher-3.2.1.jar
7f3704002000-7f3704006000 r--s 0004b000 08:01 343260                     /home/uic/hadoop-3.2.1/share/hadoop/yarn/hadoop-yarn-client-3.2.1.jar
7f3704006000-7f3704008000 r--s 00019000 08:01 343281                     /home/uic/hadoop-3.2.1/share/hadoop/yarn/hadoop-yarn-services-api-3.2.1.jar
7f3704008000-7f3704035000 r--s 002f6000 08:01 343283                     /home/uic/hadoop-3.2.1/share/hadoop/yarn/hadoop-yarn-api-3.2.1.jar
7f3704035000-7f3704037000 r--s 00000000 08:01 343285                     /home/uic/hadoop-3.2.1/share/hadoop/yarn/lib/aopalliance-1.0.jar
7f3704037000-7f370403a000 r--s 0000b000 08:01 343300                     /home/uic/hadoop-3.2.1/share/hadoop/yarn/lib/geronimo-jcache_1.0_spec-1.0-alpha-1.jar
7f370403a000-7f3704060000 r--s 00180000 08:01 343302                     /home/uic/hadoop-3.2.1/share/hadoop/yarn/lib/ehcache-3.3.1.jar
7f3704060000-7f3704061000 r--s 00003000 08:01 343292                     /home/uic/hadoop-3.2.1/share/hadoop/yarn/lib/jackson-jaxrs-json-provider-2.9.8.jar
7f3704061000-7f3704064000 r--s 0001e000 08:01 343293                     /home/uic/hadoop-3.2.1/share/hadoop/yarn/lib/jersey-client-1.19.jar
7f3704064000-7f3704065000 r--s 00007000 08:01 343306                     /home/uic/hadoop-3.2.1/share/hadoop/yarn/lib/jackson-module-jaxb-annotations-2.9.8.jar
7f3704065000-7f370406e000 r--s 000b9000 08:01 343304                     /home/uic/hadoop-3.2.1/share/hadoop/yarn/lib/mssql-jdbc-6.2.1.jre7.jar
7f370406e000-7f3704070000 r--s 00005000 08:01 343297                     /home/uic/hadoop-3.2.1/share/hadoop/yarn/lib/objenesis-1.0.jar
7f3704070000-7f3704071000 r--s 00007000 08:01 343286                     /home/uic/hadoop-3.2.1/share/hadoop/yarn/lib/jackson-jaxrs-base-2.9.8.jar
7f3704071000-7f3704072000 r--s 00003000 08:01 343294                     /home/uic/hadoop-3.2.1/share/hadoop/yarn/lib/swagger-annotations-1.5.4.jar
7f3704072000-7f3704085000 r--s 000b0000 08:01 343290                     /home/uic/hadoop-3.2.1/share/hadoop/yarn/lib/bcpkix-jdk15on-1.60.jar
7f3704085000-7f3704087000 r--s 00011000 08:01 343295                     /home/uic/hadoop-3.2.1/share/hadoop/yarn/lib/guice-servlet-4.0.jar
7f3704087000-7f370408b000 r--s 0001e000 08:01 343303                     /home/uic/hadoop-3.2.1/share/hadoop/yarn/lib/metrics-core-3.2.4.jar
7f370408b000-7f370408c000 r--s 00000000 08:01 343298                     /home/uic/hadoop-3.2.1/share/hadoop/yarn/lib/javax.inject-1.jar
7f370408c000-7f370409a000 r--s 00096000 08:01 343305                     /home/uic/hadoop-3.2.1/share/hadoop/yarn/lib/guice-4.0.jar
7f370409a000-7f37040a1000 r--s 00058000 08:01 343301                     /home/uic/hadoop-3.2.1/share/hadoop/yarn/lib/fst-2.50.jar
7f37040a1000-7f37040a4000 r--s 0001e000 08:01 343289                     /home/uic/hadoop-3.2.1/share/hadoop/yarn/lib/HikariCP-java7-2.4.12.jar
7f37040a4000-7f37040a6000 r--s 00011000 08:01 343291                     /home/uic/hadoop-3.2.1/share/hadoop/yarn/lib/json-io-2.5.1.jar
7f37040a6000-7f37040ac000 r--s 0003c000 08:01 343288                     /home/uic/hadoop-3.2.1/share/hadoop/yarn/lib/snakeyaml-1.16.jar
7f37040ac000-7f37040ae000 r--s 0000d000 08:01 343287                     /home/uic/hadoop-3.2.1/share/hadoop/yarn/lib/java-util-1.9.0.jar
7f37040ae000-7f37040b0000 r--s 00007000 08:01 34299                      /usr/share/java/java-atk-wrapper.jar
7f37040b0000-7f37040cb000 r--s 001d6000 08:01 280375                     /usr/lib/jvm/java-8-openjdk-amd64/jre/lib/ext/nashorn.jar
7f37040cb000-7f37040e6000 r--s 00394000 08:01 280370                     /usr/lib/jvm/java-8-openjdk-amd64/jre/lib/ext/cldrdata.jar
7f37040e6000-7f3704259000 r--p 00000000 08:01 7800                       /usr/lib/locale/C.UTF-8/LC_COLLATE
7f3704259000-7f37043f4000 r--p 00000000 08:01 7795                       /usr/lib/locale/locale-archive
7f37043f4000-7f37043f7000 ---p 00000000 00:00 0 
7f37043f7000-7f37044f5000 rw-p 00000000 00:00 0 
7f37044f5000-7f37044f8000 ---p 00000000 00:00 0 
7f37044f8000-7f37045f6000 rw-p 00000000 00:00 0 
7f37045f6000-7f37045f7000 ---p 00000000 00:00 0 
7f37045f7000-7f3705000000 rw-p 00000000 00:00 0 
7f3705000000-7f3705670000 rwxp 00000000 00:00 0 
7f3705670000-7f3714000000 ---p 00000000 00:00 0 
7f3714000000-7f37152cd000 rw-p 00000000 00:00 0 
7f37152cd000-7f3718000000 ---p 00000000 00:00 0 
7f3718000000-7f3718001000 r--s 00003000 08:01 343299                     /home/uic/hadoop-3.2.1/share/hadoop/yarn/lib/jersey-guice-1.19.jar
7f3718001000-7f3718003000 r--s 00001000 08:01 280371                     /usr/lib/jvm/java-8-openjdk-amd64/jre/lib/ext/dnsns.jar
7f3718003000-7f3718004000 r--s 0000a000 08:01 280373                     /usr/lib/jvm/java-8-openjdk-amd64/jre/lib/ext/jaccess.jar
7f3718004000-7f3718005000 r--s 00010000 08:01 280379                     /usr/lib/jvm/java-8-openjdk-amd64/jre/lib/ext/zipfs.jar
7f3718005000-7f371800f000 r--s 00116000 08:01 280374                     /usr/lib/jvm/java-8-openjdk-amd64/jre/lib/ext/localedata.jar
7f371800f000-7f3718010000 r--s 0000d000 08:01 280376                     /usr/lib/jvm/java-8-openjdk-amd64/jre/lib/ext/sunec.jar
7f3718010000-7f3718013000 r--s 00039000 08:01 280378                     /usr/lib/jvm/java-8-openjdk-amd64/jre/lib/ext/sunpkcs11.jar
7f3718013000-7f3718018000 r--s 0003c000 08:01 280377                     /usr/lib/jvm/java-8-openjdk-amd64/jre/lib/ext/sunjce_provider.jar
7f3718018000-7f371801b000 r--s 0000f000 08:01 280372                     /usr/lib/jvm/java-8-openjdk-amd64/jre/lib/ext/icedtea-sound.jar
7f371801b000-7f371804c000 r--p 00000000 08:01 7801                       /usr/lib/locale/C.UTF-8/LC_CTYPE
7f371804c000-7f371804d000 r--p 00000000 08:01 7806                       /usr/lib/locale/C.UTF-8/LC_NUMERIC
7f371804d000-7f371804e000 r--p 00000000 08:01 7809                       /usr/lib/locale/C.UTF-8/LC_TIME
7f371804e000-7f371804f000 r--p 00000000 08:01 7804                       /usr/lib/locale/C.UTF-8/LC_MONETARY
7f371804f000-7f3718050000 r--p 00000000 08:01 7798                       /usr/lib/locale/C.UTF-8/LC_MESSAGES/SYS_LC_MESSAGES
7f3718050000-7f3718051000 r--p 00000000 08:01 7807                       /usr/lib/locale/C.UTF-8/LC_PAPER
7f3718051000-7f3718b17000 rw-p 00000000 00:00 0 
7f3718b17000-7f3718b18000 ---p 00000000 00:00 0 
7f3718b18000-7f3718c18000 rw-p 00000000 00:00 0 
7f3718c18000-7f3718c19000 ---p 00000000 00:00 0 
7f3718c19000-7f3718e0e000 rw-p 00000000 00:00 0 
7f3718e0e000-7f3718e62000 ---p 00000000 00:00 0 
7f3718e62000-7f3718f57000 rw-p 00000000 00:00 0 
7f3718f57000-7f3718faa000 ---p 00000000 00:00 0 
7f3718faa000-7f371901f000 rw-p 00000000 00:00 0 
7f371901f000-7f371904f000 ---p 00000000 00:00 0 
7f371904f000-7f371906a000 rw-p 00000000 00:00 0 
7f371906a000-7f3719410000 ---p 00000000 00:00 0 
7f3719410000-7f3719418000 r-xp 00000000 08:01 280356                     /usr/lib/jvm/java-8-openjdk-amd64/jre/lib/amd64/libzip.so
7f3719418000-7f3719617000 ---p 00008000 08:01 280356                     /usr/lib/jvm/java-8-openjdk-amd64/jre/lib/amd64/libzip.so
7f3719617000-7f3719618000 r--p 00007000 08:01 280356                     /usr/lib/jvm/java-8-openjdk-amd64/jre/lib/amd64/libzip.so
7f3719618000-7f3719619000 rw-p 00008000 08:01 280356                     /usr/lib/jvm/java-8-openjdk-amd64/jre/lib/amd64/libzip.so
7f3719619000-7f3719624000 r-xp 00000000 08:01 2093                       /lib/x86_64-linux-gnu/libnss_files-2.27.so
7f3719624000-7f3719823000 ---p 0000b000 08:01 2093                       /lib/x86_64-linux-gnu/libnss_files-2.27.so
7f3719823000-7f3719824000 r--p 0000a000 08:01 2093                       /lib/x86_64-linux-gnu/libnss_files-2.27.so
7f3719824000-7f3719825000 rw-p 0000b000 08:01 2093                       /lib/x86_64-linux-gnu/libnss_files-2.27.so
7f3719825000-7f371982b000 rw-p 00000000 00:00 0 
7f371982b000-7f3719842000 r-xp 00000000 08:01 2090                       /lib/x86_64-linux-gnu/libnsl-2.27.so
7f3719842000-7f3719a41000 ---p 00017000 08:01 2090                       /lib/x86_64-linux-gnu/libnsl-2.27.so
7f3719a41000-7f3719a42000 r--p 00016000 08:01 2090                       /lib/x86_64-linux-gnu/libnsl-2.27.so
7f3719a42000-7f3719a43000 rw-p 00017000 08:01 2090                       /lib/x86_64-linux-gnu/libnsl-2.27.so
7f3719a43000-7f3719a45000 rw-p 00000000 00:00 0 
7f3719a45000-7f3719a50000 r-xp 00000000 08:01 2095                       /lib/x86_64-linux-gnu/libnss_nis-2.27.so
7f3719a50000-7f3719c4f000 ---p 0000b000 08:01 2095                       /lib/x86_64-linux-gnu/libnss_nis-2.27.so
7f3719c4f000-7f3719c50000 r--p 0000a000 08:01 2095                       /lib/x86_64-linux-gnu/libnss_nis-2.27.so
7f3719c50000-7f3719c51000 rw-p 0000b000 08:01 2095                       /lib/x86_64-linux-gnu/libnss_nis-2.27.so
7f3719c51000-7f3719c59000 r-xp 00000000 08:01 2091                       /lib/x86_64-linux-gnu/libnss_compat-2.27.so
7f3719c59000-7f3719e59000 ---p 00008000 08:01 2091                       /lib/x86_64-linux-gnu/libnss_compat-2.27.so
7f3719e59000-7f3719e5a000 r--p 00008000 08:01 2091                       /lib/x86_64-linux-gnu/libnss_compat-2.27.so
7f3719e5a000-7f3719e5b000 rw-p 00009000 08:01 2091                       /lib/x86_64-linux-gnu/libnss_compat-2.27.so
7f3719e5b000-7f3719e85000 r-xp 00000000 08:01 280337                     /usr/lib/jvm/java-8-openjdk-amd64/jre/lib/amd64/libjava.so
7f3719e85000-7f371a084000 ---p 0002a000 08:01 280337                     /usr/lib/jvm/java-8-openjdk-amd64/jre/lib/amd64/libjava.so
7f371a084000-7f371a085000 r--p 00029000 08:01 280337                     /usr/lib/jvm/java-8-openjdk-amd64/jre/lib/amd64/libjava.so
7f371a085000-7f371a087000 rw-p 0002a000 08:01 280337                     /usr/lib/jvm/java-8-openjdk-amd64/jre/lib/amd64/libjava.so
7f371a087000-7f371a097000 r-xp 00000000 08:01 280355                     /usr/lib/jvm/java-8-openjdk-amd64/jre/lib/amd64/libverify.so
7f371a097000-7f371a296000 ---p 00010000 08:01 280355                     /usr/lib/jvm/java-8-openjdk-amd64/jre/lib/amd64/libverify.so
7f371a296000-7f371a298000 r--p 0000f000 08:01 280355                     /usr/lib/jvm/java-8-openjdk-amd64/jre/lib/amd64/libverify.so
7f371a298000-7f371a299000 rw-p 00011000 08:01 280355                     /usr/lib/jvm/java-8-openjdk-amd64/jre/lib/amd64/libverify.so
7f371a299000-7f371a2a0000 r-xp 00000000 08:01 2180                       /lib/x86_64-linux-gnu/librt-2.27.so
7f371a2a0000-7f371a49f000 ---p 00007000 08:01 2180                       /lib/x86_64-linux-gnu/librt-2.27.so
7f371a49f000-7f371a4a0000 r--p 00006000 08:01 2180                       /lib/x86_64-linux-gnu/librt-2.27.so
7f371a4a0000-7f371a4a1000 rw-p 00007000 08:01 2180                       /lib/x86_64-linux-gnu/librt-2.27.so
7f371a4a1000-7f371a4b8000 r-xp 00000000 08:01 2096                       /lib/x86_64-linux-gnu/libgcc_s.so.1
7f371a4b8000-7f371a6b7000 ---p 00017000 08:01 2096                       /lib/x86_64-linux-gnu/libgcc_s.so.1
7f371a6b7000-7f371a6b8000 r--p 00016000 08:01 2096                       /lib/x86_64-linux-gnu/libgcc_s.so.1
7f371a6b8000-7f371a6b9000 rw-p 00017000 08:01 2096                       /lib/x86_64-linux-gnu/libgcc_s.so.1
7f371a6b9000-7f371a856000 r-xp 00000000 08:01 2087                       /lib/x86_64-linux-gnu/libm-2.27.so
7f371a856000-7f371aa55000 ---p 0019d000 08:01 2087                       /lib/x86_64-linux-gnu/libm-2.27.so
7f371aa55000-7f371aa56000 r--p 0019c000 08:01 2087                       /lib/x86_64-linux-gnu/libm-2.27.so
7f371aa56000-7f371aa57000 rw-p 0019d000 08:01 2087                       /lib/x86_64-linux-gnu/libm-2.27.so
7f371aa57000-7f371abd0000 r-xp 00000000 08:01 5016                       /usr/lib/x86_64-linux-gnu/libstdc++.so.6.0.25
7f371abd0000-7f371add0000 ---p 00179000 08:01 5016                       /usr/lib/x86_64-linux-gnu/libstdc++.so.6.0.25
7f371add0000-7f371adda000 r--p 00179000 08:01 5016                       /usr/lib/x86_64-linux-gnu/libstdc++.so.6.0.25
7f371adda000-7f371addc000 rw-p 00183000 08:01 5016                       /usr/lib/x86_64-linux-gnu/libstdc++.so.6.0.25
7f371addc000-7f371ade0000 rw-p 00000000 00:00 0 
7f371ade0000-7f371ba7f000 r-xp 00000000 08:01 280359                     /usr/lib/jvm/java-8-openjdk-amd64/jre/lib/amd64/server/libjvm.so
7f371ba7f000-7f371bc7f000 ---p 00c9f000 08:01 280359                     /usr/lib/jvm/java-8-openjdk-amd64/jre/lib/amd64/server/libjvm.so
7f371bc7f000-7f371bd13000 r--p 00c9f000 08:01 280359                     /usr/lib/jvm/java-8-openjdk-amd64/jre/lib/amd64/server/libjvm.so
7f371bd13000-7f371bd3c000 rw-p 00d33000 08:01 280359                     /usr/lib/jvm/java-8-openjdk-amd64/jre/lib/amd64/server/libjvm.so
7f371bd3c000-7f371bd6c000 rw-p 00000000 00:00 0 
7f371bd6c000-7f371bd86000 r-xp 00000000 08:01 2178                       /lib/x86_64-linux-gnu/libpthread-2.27.so
7f371bd86000-7f371bf85000 ---p 0001a000 08:01 2178                       /lib/x86_64-linux-gnu/libpthread-2.27.so
7f371bf85000-7f371bf86000 r--p 00019000 08:01 2178                       /lib/x86_64-linux-gnu/libpthread-2.27.so
7f371bf86000-7f371bf87000 rw-p 0001a000 08:01 2178                       /lib/x86_64-linux-gnu/libpthread-2.27.so
7f371bf87000-7f371bf8b000 rw-p 00000000 00:00 0 
7f371bf8b000-7f371bf8e000 r-xp 00000000 08:01 2086                       /lib/x86_64-linux-gnu/libdl-2.27.so
7f371bf8e000-7f371c18d000 ---p 00003000 08:01 2086                       /lib/x86_64-linux-gnu/libdl-2.27.so
7f371c18d000-7f371c18e000 r--p 00002000 08:01 2086                       /lib/x86_64-linux-gnu/libdl-2.27.so
7f371c18e000-7f371c18f000 rw-p 00003000 08:01 2086                       /lib/x86_64-linux-gnu/libdl-2.27.so
7f371c18f000-7f371c1ab000 r-xp 00000000 08:01 2183                       /lib/x86_64-linux-gnu/libz.so.1.2.11
7f371c1ab000-7f371c3aa000 ---p 0001c000 08:01 2183                       /lib/x86_64-linux-gnu/libz.so.1.2.11
7f371c3aa000-7f371c3ab000 r--p 0001b000 08:01 2183                       /lib/x86_64-linux-gnu/libz.so.1.2.11
7f371c3ab000-7f371c3ac000 rw-p 0001c000 08:01 2183                       /lib/x86_64-linux-gnu/libz.so.1.2.11
7f371c3ac000-7f371c593000 r-xp 00000000 08:01 2083                       /lib/x86_64-linux-gnu/libc-2.27.so
7f371c593000-7f371c793000 ---p 001e7000 08:01 2083                       /lib/x86_64-linux-gnu/libc-2.27.so
7f371c793000-7f371c797000 r--p 001e7000 08:01 2083                       /lib/x86_64-linux-gnu/libc-2.27.so
7f371c797000-7f371c799000 rw-p 001eb000 08:01 2083                       /lib/x86_64-linux-gnu/libc-2.27.so
7f371c799000-7f371c79d000 rw-p 00000000 00:00 0 
7f371c79d000-7f371c7ab000 r-xp 00000000 08:01 280323                     /usr/lib/jvm/java-8-openjdk-amd64/jre/lib/amd64/jli/libjli.so
7f371c7ab000-7f371c9aa000 ---p 0000e000 08:01 280323                     /usr/lib/jvm/java-8-openjdk-amd64/jre/lib/amd64/jli/libjli.so
7f371c9aa000-7f371c9ab000 r--p 0000d000 08:01 280323                     /usr/lib/jvm/java-8-openjdk-amd64/jre/lib/amd64/jli/libjli.so
7f371c9ab000-7f371c9ac000 rw-p 0000e000 08:01 280323                     /usr/lib/jvm/java-8-openjdk-amd64/jre/lib/amd64/jli/libjli.so
7f371c9ac000-7f371c9d3000 r-xp 00000000 08:01 2079                       /lib/x86_64-linux-gnu/ld-2.27.so
7f371c9d3000-7f371cab8000 rw-p 00000000 00:00 0 
7f371cab8000-7f371cab9000 ---p 00000000 00:00 0 
7f371cab9000-7f371cabc000 ---p 00000000 00:00 0 
7f371cabc000-7f371cbbb000 rw-p 00000000 00:00 0 
7f371cbbb000-7f371cbbc000 r--p 00000000 08:01 7805                       /usr/lib/locale/C.UTF-8/LC_NAME
7f371cbbc000-7f371cbbd000 r--p 00000000 08:01 7799                       /usr/lib/locale/C.UTF-8/LC_ADDRESS
7f371cbbd000-7f371cbbe000 r--p 00000000 08:01 7808                       /usr/lib/locale/C.UTF-8/LC_TELEPHONE
7f371cbbe000-7f371cbbf000 r--p 00000000 08:01 7803                       /usr/lib/locale/C.UTF-8/LC_MEASUREMENT
7f371cbbf000-7f371cbc6000 r--s 00000000 08:01 5009                       /usr/lib/x86_64-linux-gnu/gconv/gconv-modules.cache
7f371cbc6000-7f371cbc7000 r--p 00000000 08:01 7802                       /usr/lib/locale/C.UTF-8/LC_IDENTIFICATION
7f371cbc7000-7f371cbcf000 rw-s 00000000 08:01 568696                     /tmp/hsperfdata_uic/23129
7f371cbcf000-7f371cbd0000 rw-p 00000000 00:00 0 
7f371cbd0000-7f371cbd1000 r--p 00000000 00:00 0 
7f371cbd1000-7f371cbd3000 rw-p 00000000 00:00 0 
7f371cbd3000-7f371cbd4000 r--p 00027000 08:01 2079                       /lib/x86_64-linux-gnu/ld-2.27.so
7f371cbd4000-7f371cbd5000 rw-p 00028000 08:01 2079                       /lib/x86_64-linux-gnu/ld-2.27.so
7f371cbd5000-7f371cbd6000 rw-p 00000000 00:00 0 
7ffe5c213000-7ffe5c238000 rw-p 00000000 00:00 0                          [stack]
7ffe5c2b6000-7ffe5c2b9000 r--p 00000000 00:00 0                          [vvar]
7ffe5c2b9000-7ffe5c2bb000 r-xp 00000000 00:00 0                          [vdso]
ffffffffff600000-ffffffffff601000 r-xp 00000000 00:00 0                  [vsyscall]

VM Arguments:
jvm_args: -Dfile.encoding=UTF-8 
java_command: wordcount.wordcount2
java_class_path (initial): /home/uic/eclipse-workspace/wordcount/bin:/home/uic/hadoop-3.2.1/share/hadoop/yarn/lib/jersey-guice-1.19.jar:/home/uic/hadoop-3.2.1/share/hadoop/yarn/lib/java-util-1.9.0.jar:/home/uic/hadoop-3.2.1/share/hadoop/yarn/lib/snakeyaml-1.16.jar:/home/uic/hadoop-3.2.1/share/hadoop/yarn/lib/json-io-2.5.1.jar:/home/uic/hadoop-3.2.1/share/hadoop/yarn/lib/HikariCP-java7-2.4.12.jar:/home/uic/hadoop-3.2.1/share/hadoop/yarn/lib/fst-2.50.jar:/home/uic/hadoop-3.2.1/share/hadoop/yarn/lib/guice-4.0.jar:/home/uic/hadoop-3.2.1/share/hadoop/yarn/lib/javax.inject-1.jar:/home/uic/hadoop-3.2.1/share/hadoop/yarn/lib/metrics-core-3.2.4.jar:/home/uic/hadoop-3.2.1/share/hadoop/yarn/lib/guice-servlet-4.0.jar:/home/uic/hadoop-3.2.1/share/hadoop/yarn/lib/bcpkix-jdk15on-1.60.jar:/home/uic/hadoop-3.2.1/share/hadoop/yarn/lib/swagger-annotations-1.5.4.jar:/home/uic/hadoop-3.2.1/share/hadoop/yarn/lib/jackson-jaxrs-base-2.9.8.jar:/home/uic/hadoop-3.2.1/share/hadoop/yarn/lib/objenesis-1.0.jar:/home/uic/hadoop-3.2.1/share/hadoop/yarn/lib/mssql-jdbc-6.2.1.jre7.jar:/home/uic/hadoop-3.2.1/share/hadoop/yarn/lib/jackson-module-jaxb-annotations-2.9.8.jar:/home/uic/hadoop-3.2.1/share/hadoop/yarn/lib/jersey-client-1.19.jar:/home/uic/hadoop-3.2.1/share/hadoop/yarn/lib/jackson-jaxrs-json-provider-2.9.8.jar:/home/uic/hadoop-3.2.1/share/hadoop/yarn/lib/ehcache-3.3.1.jar:/home/uic/hadoop-3.2.1/share/hadoop/yarn/lib/geronimo-jcache_1.0_spec-1.0-alpha-1.jar:/home/uic/hadoop-3.2.1/share/hadoop/yarn/lib/aopalliance-1.0.jar:/home/uic/hadoop-3.2.1/share/hadoop/yarn/lib/bcprov-jdk15on-1.60.jar:/home/uic/hadoop-3.2.1/share/hadoop/yarn/hadoop-yarn-api-3.2.1.jar:/home/uic/hadoop-3.2.1/share/hadoop/yarn/hadoop-yarn-services-api-3.2.1.jar:/home/uic/hadoop-3.2.1/share/hadoop/yarn/hadoop-yarn-server-common-3.2.1.jar:/home/uic/hadoop-3.2.1/share/hadoop/yarn/hadoop-yarn-common-3.2.1.jar:/home/uic/hadoop-3.2.1/share/hadoop/yarn/hadoop-yarn-server-nodemanager-3.2.1.jar:/home/uic/hadoop-3.2.1/share/hadoop/ya
Launcher Type: SUN_STANDARD

Environment Variables:
JAVA_HOME=/usr/lib/jvm/java-8-openjdk-amd64/
PATH=:/home/uic/hadoop-3.2.1/bin:/home/uic/hadoop-3.2.1/sbin::/home/uic/hadoop-3.2.1/bin:/home/uic/hadoop-3.2.1/sbin:/sbin:/bin:/usr/bin:/usr/local/bin:/snap/bin:/usr/lib/jvm/java-8-openjdk-amd64//bin:/usr/lib/jvm/java-8-openjdk-amd64//bin
SHELL=/bin/bash
DISPLAY=:10.0

Signal Handlers:
SIGSEGV: [libjvm.so+0xab92f0], sa_mask[0]=11111111011111111101111111111110, sa_flags=SA_RESTART|SA_SIGINFO
SIGBUS: [libjvm.so+0xab92f0], sa_mask[0]=11111111011111111101111111111110, sa_flags=SA_RESTART|SA_SIGINFO
SIGFPE: [libjvm.so+0x8ee560], sa_mask[0]=11111111011111111101111111111110, sa_flags=SA_RESTART|SA_SIGINFO
SIGPIPE: [libjvm.so+0x8ee560], sa_mask[0]=11111111011111111101111111111110, sa_flags=SA_RESTART|SA_SIGINFO
SIGXFSZ: [libjvm.so+0x8ee560], sa_mask[0]=11111111011111111101111111111110, sa_flags=SA_RESTART|SA_SIGINFO
SIGILL: [libjvm.so+0x8ee560], sa_mask[0]=11111111011111111101111111111110, sa_flags=SA_RESTART|SA_SIGINFO
SIGUSR1: SIG_DFL, sa_mask[0]=00000000000000000000000000000000, sa_flags=none
SIGUSR2: [libjvm.so+0x8ee410], sa_mask[0]=00100000000000000000000000000000, sa_flags=SA_RESTART|SA_SIGINFO
SIGHUP: [libjvm.so+0x8eea80], sa_mask[0]=11111111011111111101111111111110, sa_flags=SA_RESTART|SA_SIGINFO
SIGINT: [libjvm.so+0x8eea80], sa_mask[0]=11111111011111111101111111111110, sa_flags=SA_RESTART|SA_SIGINFO
SIGTERM: [libjvm.so+0x8eea80], sa_mask[0]=11111111011111111101111111111110, sa_flags=SA_RESTART|SA_SIGINFO
SIGQUIT: [libjvm.so+0x8eea80], sa_mask[0]=11111111011111111101111111111110, sa_flags=SA_RESTART|SA_SIGINFO


---------------  S Y S T E M  ---------------

OS:DISTRIB_ID=Ubuntu
DISTRIB_RELEASE=18.04
DISTRIB_CODENAME=bionic
DISTRIB_DESCRIPTION="Ubuntu 18.04.3 LTS"

uname:Linux 4.15.0-65-generic #74-Ubuntu SMP Tue Sep 17 17:06:04 UTC 2019 x86_64
libc:glibc 2.27 NPTL 2.27 
rlimit: STACK 8192k, CORE 0k, NPROC 15641, NOFILE 4096, AS infinity
load average:1.10 0.53 0.30

/proc/meminfo:
MemTotal:        4034484 kB
MemFree:          119160 kB
MemAvailable:      54648 kB
Buffers:           27064 kB
Cached:            67060 kB
SwapCached:            0 kB
Active:          3655136 kB
Inactive:          58944 kB
Active(anon):    3621252 kB
Inactive(anon):    21660 kB
Active(file):      33884 kB
Inactive(file):    37284 kB
Unevictable:          96 kB
Mlocked:              96 kB
SwapTotal:             0 kB
SwapFree:              0 kB
Dirty:               108 kB
Writeback:             0 kB
AnonPages:       3620140 kB
Mapped:            63696 kB
Shmem:             22868 kB
Slab:             109788 kB
SReclaimable:      41132 kB
SUnreclaim:        68656 kB
KernelStack:       13216 kB
PageTables:        43204 kB
NFS_Unstable:          0 kB
Bounce:                0 kB
WritebackTmp:          0 kB
CommitLimit:     2017240 kB
Committed_AS:    7081768 kB
VmallocTotal:   34359738367 kB
VmallocUsed:           0 kB
VmallocChunk:          0 kB
HardwareCorrupted:     0 kB
AnonHugePages:         0 kB
ShmemHugePages:        0 kB
ShmemPmdMapped:        0 kB
CmaTotal:              0 kB
CmaFree:               0 kB
HugePages_Total:       0
HugePages_Free:        0
HugePages_Rsvd:        0
HugePages_Surp:        0
Hugepagesize:       2048 kB
DirectMap4k:      106368 kB
DirectMap2M:     4087808 kB

container (cgroup) information:
container_type: cgroupv1
cpu_cpuset_cpus: 0-1
cpu_memory_nodes: 0
active_processor_count: 2
cpu_quota: -1
cpu_period: 100000
cpu_shares: -1
memory_limit_in_bytes: -1
memory_and_swap_limit_in_bytes: -2
memory_soft_limit_in_bytes: -1
memory_usage_in_bytes: 3743592448
memory_max_usage_in_bytes: 3829092352


CPU:total 2 (initial active 2) (1 cores per cpu, 1 threads per core) family 6 model 85 stepping 4, cmov, cx8, fxsr, mmx, sse, sse2, sse3, ssse3, sse4.1, sse4.2, popcnt, avx, aes, clmul, 3dnowpref, tsc, tscinvbit

/proc/cpuinfo:
processor	: 0
vendor_id	: GenuineIntel
cpu family	: 6
model		: 85
model name	: Intel(R) Xeon(R) Gold 6148 CPU @ 2.40GHz
stepping	: 4
microcode	: 0x200005e
cpu MHz		: 2394.375
cache size	: 28160 KB
physical id	: 0
siblings	: 1
core id		: 0
cpu cores	: 1
apicid		: 0
initial apicid	: 0
fpu		: yes
fpu_exception	: yes
cpuid level	: 13
wp		: yes
flags		: fpu vme de pse tsc msr pae mce cx8 apic sep mtrr pge mca cmov pat pse36 clflush dts mmx fxsr sse sse2 ss syscall nx rdtscp lm constant_tsc arch_perfmon pebs bts nopl tsc_reliable nonstop_tsc cpuid pni pclmulqdq ssse3 fma cx16 sse4_1 sse4_2 movbe popcnt aes xsave avx hypervisor lahf_lm 3dnowprefetch pti arat
bugs		: cpu_meltdown spectre_v1 spectre_v2 spec_store_bypass l1tf mds swapgs
bogomips	: 4788.75
clflush size	: 64
cache_alignment	: 64
address sizes	: 40 bits physical, 48 bits virtual
power management:

processor	: 1
vendor_id	: GenuineIntel
cpu family	: 6
model		: 85
model name	: Intel(R) Xeon(R) Gold 6148 CPU @ 2.40GHz
stepping	: 4
microcode	: 0x200005e
cpu MHz		: 2394.375
cache size	: 28160 KB
physical id	: 2
siblings	: 1
core id		: 0
cpu cores	: 1
apicid		: 2
initial apicid	: 2
fpu		: yes
fpu_exception	: yes
cpuid level	: 13
wp		: yes
flags		: fpu vme de pse tsc msr pae mce cx8 apic sep mtrr pge mca cmov pat pse36 clflush dts mmx fxsr sse sse2 ss syscall nx rdtscp lm constant_tsc arch_perfmon pebs bts nopl tsc_reliable nonstop_tsc cpuid pni pclmulqdq ssse3 fma cx16 sse4_1 sse4_2 movbe popcnt aes xsave avx hypervisor lahf_lm 3dnowprefetch pti arat
bugs		: cpu_meltdown spectre_v1 spectre_v2 spec_store_bypass l1tf mds swapgs
bogomips	: 4788.75
clflush size	: 64
cache_alignment	: 64
address sizes	: 40 bits physical, 48 bits virtual
power management:



Memory: 4k page, physical 4034484k(119160k free), swap 0k(0k free)

vm_info: OpenJDK 64-Bit Server VM (25.222-b10) for linux-amd64 JRE (1.8.0_222-8u222-b10-1ubuntu1~18.04.1-b10), built on Jul 18 2019 18:52:48 by "buildd" with gcc 7.4.0

time: Fri Nov  8 08:32:36 2019
timezone: UTC
elapsed time: 4 seconds (0d 0h 0m 4s)

