#
# There is insufficient memory for the Java Runtime Environment to continue.
# Native memory allocation (mmap) failed to map 105381888 bytes for committing reserved memory.
# Possible reasons:
#   The system is out of physical RAM or swap space
#   The process is running with CompressedOops enabled, and the Java Heap may be blocking the growth of the native heap
# Possible solutions:
#   Reduce memory load on the system
#   Increase physical memory or swap space
#   Check if swap backing store is full
#   Decrease Java heap size (-Xmx/-Xms)
#   Decrease number of Java threads
#   Decrease Java thread stack sizes (-Xss)
#   Set larger code cache with -XX:ReservedCodeCacheSize=
#   JVM is running with Unscaled Compressed Oops mode in which the Java heap is
#     placed in the first 4GB address space. The Java Heap base address is the
#     maximum limit for the native heap growth. Please use -XX:HeapBaseMinAddress
#     to set the Java Heap base and to place the Java Heap above 4GB virtual address.
# This output file may be truncated or incomplete.
#
#  Out of Memory Error (os_linux.cpp:2757), pid=1174, tid=0x00007fe8882d3700
#
# JRE version: OpenJDK Runtime Environment (8.0_222-b10) (build 1.8.0_222-8u222-b10-1ubuntu1~18.04.1-b10)
# Java VM: OpenJDK 64-Bit Server VM (25.222-b10 mixed mode linux-amd64 compressed oops)
# Failed to write core dump. Core dumps have been disabled. To enable core dumping, try "ulimit -c unlimited" before starting Java again
#

---------------  T H R E A D  ---------------

Current thread (0x00007fe898029800):  GCTaskThread [stack: 0x00007fe8881d4000,0x00007fe8882d4000] [id=1182]

Stack: [0x00007fe8881d4000,0x00007fe8882d4000],  sp=0x00007fe8882d28e0,  free space=1018k
Native frames: (J=compiled Java code, j=interpreted, Vv=VM code, C=native code)
V  [libjvm.so+0xab8992]
V  [libjvm.so+0x4dbfd7]
V  [libjvm.so+0x8f33a0]
V  [libjvm.so+0x8ea46e]
V  [libjvm.so+0x96e106]
V  [libjvm.so+0x95cdaa]
V  [libjvm.so+0x95d4fd]
V  [libjvm.so+0x9692fa]
V  [libjvm.so+0x968768]
V  [libjvm.so+0x96c70b]
V  [libjvm.so+0x5beb96]
V  [libjvm.so+0x8f0732]


---------------  P R O C E S S  ---------------

Java Threads: ( => current thread )
  0x00007fe8580d9000 JavaThread "SpillThread" daemon [_thread_blocked, id=1263, stack(0x00007fe85d743000,0x00007fe85d844000)]
  0x00007fe8580d7800 JavaThread "communication thread" daemon [_thread_blocked, id=1262, stack(0x00007fe85d844000,0x00007fe85d945000)]
  0x00007fe858092000 JavaThread "org.apache.hadoop.hdfs.PeerCache@9839b73" daemon [_thread_blocked, id=1253, stack(0x00007fe85d642000,0x00007fe85d743000)]
  0x00007fe85401d000 JavaThread "LocalJobRunner Map Task Executor #0" [_thread_blocked, id=1246, stack(0x00007fe85db45000,0x00007fe85dc46000)]
  0x00007fe899288000 JavaThread "Thread-23" [_thread_blocked, id=1245, stack(0x00007fe85e28a000,0x00007fe85e38b000)]
  0x00007fe89914c800 JavaThread "IPC Parameter Sending Thread #0" daemon [_thread_blocked, id=1203, stack(0x00007fe85e38b000,0x00007fe85e48c000)]
  0x00007fe89914b000 JavaThread "IPC Client (1791045777) connection to arrow4g/172.31.12.83:9000 from uic" daemon [_thread_blocked, id=1201, stack(0x00007fe85e48c000,0x00007fe85e58d000)]
  0x00007fe899116800 JavaThread "Timer for 'JobTracker' metrics system" daemon [_thread_blocked, id=1200, stack(0x00007fe85e58d000,0x00007fe85e68e000)]
  0x00007fe8985f1800 JavaThread "org.apache.hadoop.fs.FileSystem$Statistics$StatisticsDataReferenceCleaner" daemon [_thread_blocked, id=1199, stack(0x00007fe85f6c0000,0x00007fe85f7c1000)]
  0x00007fe898deb800 JavaThread "process reaper" daemon [_thread_blocked, id=1197, stack(0x00007fe85f7c1000,0x00007fe85f7fa000)]
  0x00007fe8980c5800 JavaThread "Service Thread" daemon [_thread_blocked, id=1190, stack(0x00007fe880255000,0x00007fe880356000)]
  0x00007fe8980c3000 JavaThread "C1 CompilerThread1" daemon [_thread_blocked, id=1189, stack(0x00007fe880357000,0x00007fe880457000)]
  0x00007fe8980c0000 JavaThread "C2 CompilerThread0" daemon [_thread_blocked, id=1188, stack(0x00007fe880458000,0x00007fe880558000)]
  0x00007fe8980be800 JavaThread "Signal Dispatcher" daemon [_thread_blocked, id=1187, stack(0x00007fe880558000,0x00007fe880659000)]
  0x00007fe898089800 JavaThread "Finalizer" daemon [_thread_blocked, id=1186, stack(0x00007fe880967000,0x00007fe880a68000)]
  0x00007fe898087000 JavaThread "Reference Handler" daemon [_thread_blocked, id=1185, stack(0x00007fe880a68000,0x00007fe880b69000)]
  0x00007fe898013800 JavaThread "main" [_thread_blocked, id=1181, stack(0x00007fe89f14f000,0x00007fe89f24f000)]

Other Threads:
  0x00007fe89807d800 VMThread [stack: 0x00007fe880b6a000,0x00007fe880c6a000] [id=1184]
  0x00007fe8980c8800 WatcherThread [stack: 0x00007fe880155000,0x00007fe880255000] [id=1191]

=>0x00007fe898029800 (exited) GCTaskThread [stack: 0x00007fe8881d4000,0x00007fe8882d4000] [id=1182]

VM state:at safepoint (normal execution)

VM Mutex/Monitor currently owned by a thread:  ([mutex/lock_event])
[0x00007fe89800fca0] ExpandHeap_lock - owner thread: 0x00007fe898029800
[0x00007fe898010320] Threads_lock - owner thread: 0x00007fe89807d800
[0x00007fe898010820] Heap_lock - owner thread: 0x00007fe85401d000

heap address: 0x00000000c2600000, size: 986 MB, Compressed Oops mode: 32-bit
Narrow klass base: 0x0000000000000000, Narrow klass shift: 3
Compressed class space size: 1073741824 Address: 0x0000000100000000

Heap:
 PSYoungGen      total 190464K, used 177696K [0x00000000eb780000, 0x00000000f9080000, 0x0000000100000000)
  eden space 175104K, 100% used [0x00000000eb780000,0x00000000f6280000,0x00000000f6280000)
  from space 15360K, 16% used [0x00000000f7180000,0x00000000f7408120,0x00000000f8080000)
  to   space 15360K, 17% used [0x00000000f6280000,0x00000000f6514130,0x00000000f7180000)
 ParOldGen       total 184320K, used 132606K [0x00000000c2600000, 0x00000000cda00000, 0x00000000eb780000)
  object space 184320K, 71% used [0x00000000c2600000,0x00000000ca77fb28,0x00000000cda00000)
 Metaspace       used 27095K, capacity 27346K, committed 27648K, reserved 1073152K
  class space    used 2997K, capacity 3071K, committed 3072K, reserved 1048576K

Card table byte_map: [0x00007fe88841d000,0x00007fe88860b000] byte_map_base: 0x00007fe887e0a000

Marking Bits: (ParMarkBitMap*) 0x00007fe89e3e5360
 Begin Bits: [0x00007fe882130000, 0x00007fe883098000)
 End Bits:   [0x00007fe883098000, 0x00007fe884000000)

Polling page: 0x00007fe89f266000

CodeCache: size=245760Kb used=7082Kb max_used=7540Kb free=238677Kb
 bounds [0x00007fe8889cb000, 0x00007fe88914b000, 0x00007fe8979cb000]
 total_blobs=2670 nmethods=2159 adapters=425
 compilation: enabled

Compilation events (10 events):
Event: 6.561 Thread 0x00007fe8980c3000 2388  s!   2       org.apache.hadoop.hdfs.DFSInputStream::readBuffer (211 bytes)
Event: 6.563 Thread 0x00007fe8980c3000 nmethod 2388 0x00007fe888d72410 code [0x00007fe888d72740, 0x00007fe888d73a38]
Event: 6.563 Thread 0x00007fe8980c3000 2389  s    2       org.apache.hadoop.hdfs.client.impl.BlockReaderRemote::read (146 bytes)
Event: 6.564 Thread 0x00007fe8980c3000 nmethod 2389 0x00007fe888d6b950 code [0x00007fe888d6bb60, 0x00007fe888d6c448]
Event: 6.564 Thread 0x00007fe8980c3000 2390       2       org.apache.hadoop.fs.FileSystem$Statistics::incrementBytesReadByDistance (122 bytes)
Event: 6.564 Thread 0x00007fe8980c3000 nmethod 2390 0x00007fe888c59910 code [0x00007fe888c59aa0, 0x00007fe888c59d78]
Event: 6.564 Thread 0x00007fe8980c3000 2391       2       org.apache.hadoop.hdfs.DFSInputStream::getCurrentBlockLocationsLength (67 bytes)
Event: 6.564 Thread 0x00007fe8980c3000 nmethod 2391 0x00007fe888b10bd0 code [0x00007fe888b10d80, 0x00007fe888b111a8]
Event: 6.564 Thread 0x00007fe8980c3000 2392       2       org.apache.hadoop.hdfs.DFSInputStream::reportCheckSumFailure (259 bytes)
Event: 6.565 Thread 0x00007fe8980c3000 nmethod 2392 0x00007fe888b14b90 code [0x00007fe888b14e60, 0x00007fe888b15a28]

GC Heap History (10 events):
Event: 4.687 GC heap after
Heap after GC invocations=10 (full 1):
 PSYoungGen      total 131584K, used 5616K [0x00000000eb780000, 0x00000000f9000000, 0x0000000100000000)
  eden space 125952K, 0% used [0x00000000eb780000,0x00000000eb780000,0x00000000f3280000)
  from space 5632K, 99% used [0x00000000f3280000,0x00000000f37fc1f0,0x00000000f3800000)
  to   space 16384K, 0% used [0x00000000f8000000,0x00000000f8000000,0x00000000f9000000)
 ParOldGen       total 132608K, used 132139K [0x00000000c2600000, 0x00000000ca780000, 0x00000000eb780000)
  object space 132608K, 99% used [0x00000000c2600000,0x00000000ca70ae58,0x00000000ca780000)
 Metaspace       used 26347K, capacity 26578K, committed 26880K, reserved 1073152K
  class space    used 2928K, capacity 3007K, committed 3072K, reserved 1048576K
}
Event: 4.688 GC heap before
{Heap before GC invocations=11 (full 2):
 PSYoungGen      total 131584K, used 5616K [0x00000000eb780000, 0x00000000f9000000, 0x0000000100000000)
  eden space 125952K, 0% used [0x00000000eb780000,0x00000000eb780000,0x00000000f3280000)
  from space 5632K, 99% used [0x00000000f3280000,0x00000000f37fc1f0,0x00000000f3800000)
  to   space 16384K, 0% used [0x00000000f8000000,0x00000000f8000000,0x00000000f9000000)
 ParOldGen       total 132608K, used 132139K [0x00000000c2600000, 0x00000000ca780000, 0x00000000eb780000)
  object space 132608K, 99% used [0x00000000c2600000,0x00000000ca70ae58,0x00000000ca780000)
 Metaspace       used 26347K, capacity 26578K, committed 26880K, reserved 1073152K
  class space    used 2928K, capacity 3007K, committed 3072K, reserved 1048576K
Event: 5.115 GC heap after
Heap after GC invocations=11 (full 2):
 PSYoungGen      total 131584K, used 2448K [0x00000000eb780000, 0x00000000f9000000, 0x0000000100000000)
  eden space 125952K, 0% used [0x00000000eb780000,0x00000000eb780000,0x00000000f3280000)
  from space 5632K, 43% used [0x00000000f3280000,0x00000000f34e43b0,0x00000000f3800000)
  to   space 16384K, 0% used [0x00000000f8000000,0x00000000f8000000,0x00000000f9000000)
 ParOldGen       total 184320K, used 132590K [0x00000000c2600000, 0x00000000cda00000, 0x00000000eb780000)
  object space 184320K, 71% used [0x00000000c2600000,0x00000000ca77bb28,0x00000000cda00000)
 Metaspace       used 26347K, capacity 26578K, committed 26880K, reserved 1073152K
  class space    used 2928K, capacity 3007K, committed 3072K, reserved 1048576K
}
Event: 5.523 GC heap before
{Heap before GC invocations=12 (full 2):
 PSYoungGen      total 131584K, used 128400K [0x00000000eb780000, 0x00000000f9000000, 0x0000000100000000)
  eden space 125952K, 100% used [0x00000000eb780000,0x00000000f3280000,0x00000000f3280000)
  from space 5632K, 43% used [0x00000000f3280000,0x00000000f34e43b0,0x00000000f3800000)
  to   space 16384K, 0% used [0x00000000f8000000,0x00000000f8000000,0x00000000f9000000)
 ParOldGen       total 184320K, used 132590K [0x00000000c2600000, 0x00000000cda00000, 0x00000000eb780000)
  object space 184320K, 71% used [0x00000000c2600000,0x00000000ca77bb28,0x00000000cda00000)
 Metaspace       used 26694K, capacity 26930K, committed 27136K, reserved 1073152K
  class space    used 2955K, capacity 3039K, committed 3072K, reserved 1048576K
Event: 5.532 GC heap after
Heap after GC invocations=12 (full 2):
 PSYoungGen      total 146944K, used 2840K [0x00000000eb780000, 0x00000000f8300000, 0x0000000100000000)
  eden space 143872K, 0% used [0x00000000eb780000,0x00000000eb780000,0x00000000f4400000)
  from space 3072K, 92% used [0x00000000f8000000,0x00000000f82c6210,0x00000000f8300000)
  to   space 15872K, 0% used [0x00000000f6400000,0x00000000f6400000,0x00000000f7380000)
 ParOldGen       total 184320K, used 132598K [0x00000000c2600000, 0x00000000cda00000, 0x00000000eb780000)
  object space 184320K, 71% used [0x00000000c2600000,0x00000000ca77db28,0x00000000cda00000)
 Metaspace       used 26694K, capacity 26930K, committed 27136K, reserved 1073152K
  class space    used 2955K, capacity 3039K, committed 3072K, reserved 1048576K
}
Event: 5.664 GC heap before
{Heap before GC invocations=13 (full 2):
 PSYoungGen      total 146944K, used 146712K [0x00000000eb780000, 0x00000000f8300000, 0x0000000100000000)
  eden space 143872K, 100% used [0x00000000eb780000,0x00000000f4400000,0x00000000f4400000)
  from space 3072K, 92% used [0x00000000f8000000,0x00000000f82c6210,0x00000000f8300000)
  to   space 15872K, 0% used [0x00000000f6400000,0x00000000f6400000,0x00000000f7380000)
 ParOldGen       total 184320K, used 132598K [0x00000000c2600000, 0x00000000cda00000, 0x00000000eb780000)
  object space 184320K, 71% used [0x00000000c2600000,0x00000000ca77db28,0x00000000cda00000)
 Metaspace       used 26702K, capacity 26930K, committed 27136K, reserved 1073152K
  class space    used 2955K, capacity 3039K, committed 3072K, reserved 1048576K
Event: 5.672 GC heap after
Heap after GC invocations=13 (full 2):
 PSYoungGen      total 168448K, used 2592K [0x00000000eb780000, 0x00000000f8080000, 0x0000000100000000)
  eden space 165376K, 0% used [0x00000000eb780000,0x00000000eb780000,0x00000000f5900000)
  from space 3072K, 84% used [0x00000000f6400000,0x00000000f6688120,0x00000000f6700000)
  to   space 15360K, 0% used [0x00000000f7180000,0x00000000f7180000,0x00000000f8080000)
 ParOldGen       total 184320K, used 132606K [0x00000000c2600000, 0x00000000cda00000, 0x00000000eb780000)
  object space 184320K, 71% used [0x00000000c2600000,0x00000000ca77fb28,0x00000000cda00000)
 Metaspace       used 26702K, capacity 26930K, committed 27136K, reserved 1073152K
  class space    used 2955K, capacity 3039K, committed 3072K, reserved 1048576K
}
Event: 5.804 GC heap before
{Heap before GC invocations=14 (full 2):
 PSYoungGen      total 168448K, used 167968K [0x00000000eb780000, 0x00000000f8080000, 0x0000000100000000)
  eden space 165376K, 100% used [0x00000000eb780000,0x00000000f5900000,0x00000000f5900000)
  from space 3072K, 84% used [0x00000000f6400000,0x00000000f6688120,0x00000000f6700000)
  to   space 15360K, 0% used [0x00000000f7180000,0x00000000f7180000,0x00000000f8080000)
 ParOldGen       total 184320K, used 132606K [0x00000000c2600000, 0x00000000cda00000, 0x00000000eb780000)
  object space 184320K, 71% used [0x00000000c2600000,0x00000000ca77fb28,0x00000000cda00000)
 Metaspace       used 26718K, capacity 26930K, committed 27136K, reserved 1073152K
  class space    used 2955K, capacity 3039K, committed 3072K, reserved 1048576K
Event: 5.812 GC heap after
Heap after GC invocations=14 (full 2):
 PSYoungGen      total 190464K, used 2592K [0x00000000eb780000, 0x00000000f9080000, 0x0000000100000000)
  eden space 175104K, 0% used [0x00000000eb780000,0x00000000eb780000,0x00000000f6280000)
  from space 15360K, 16% used [0x00000000f7180000,0x00000000f7408120,0x00000000f8080000)
  to   space 15360K, 0% used [0x00000000f6280000,0x00000000f6280000,0x00000000f7180000)
 ParOldGen       total 184320K, used 132606K [0x00000000c2600000, 0x00000000cda00000, 0x00000000eb780000)
  object space 184320K, 71% used [0x00000000c2600000,0x00000000ca77fb28,0x00000000cda00000)
 Metaspace       used 26718K, capacity 26930K, committed 27136K, reserved 1073152K
  class space    used 2955K, capacity 3039K, committed 3072K, reserved 1048576K
}
Event: 6.585 GC heap before
{Heap before GC invocations=15 (full 2):
 PSYoungGen      total 190464K, used 177696K [0x00000000eb780000, 0x00000000f9080000, 0x0000000100000000)
  eden space 175104K, 100% used [0x00000000eb780000,0x00000000f6280000,0x00000000f6280000)
  from space 15360K, 16% used [0x00000000f7180000,0x00000000f7408120,0x00000000f8080000)
  to   space 15360K, 0% used [0x00000000f6280000,0x00000000f6280000,0x00000000f7180000)
 ParOldGen       total 184320K, used 132606K [0x00000000c2600000, 0x00000000cda00000, 0x00000000eb780000)
  object space 184320K, 71% used [0x00000000c2600000,0x00000000ca77fb28,0x00000000cda00000)
 Metaspace       used 27095K, capacity 27346K, committed 27648K, reserved 1073152K
  class space    used 2997K, capacity 3071K, committed 3072K, reserved 1048576K

Deoptimization events (10 events):
Event: 6.320 Thread 0x00007fe85401d000 Uncommon trap: reason=class_check action=maybe_recompile pc=0x00007fe88912afbc method=org.apache.hadoop.mapreduce.task.TaskInputOutputContextImpl.write(Ljava/lang/Object;Ljava/lang/Object;)V @ 6
Event: 6.320 Thread 0x00007fe85401d000 Uncommon trap: reason=class_check action=maybe_recompile pc=0x00007fe88912afbc method=org.apache.hadoop.mapreduce.task.TaskInputOutputContextImpl.write(Ljava/lang/Object;Ljava/lang/Object;)V @ 6
Event: 6.320 Thread 0x00007fe85401d000 Uncommon trap: reason=class_check action=maybe_recompile pc=0x00007fe88912afbc method=org.apache.hadoop.mapreduce.task.TaskInputOutputContextImpl.write(Ljava/lang/Object;Ljava/lang/Object;)V @ 6
Event: 6.366 Thread 0x00007fe85401d000 Uncommon trap: reason=class_check action=maybe_recompile pc=0x00007fe889095a48 method=org.apache.hadoop.fs.FileSystem$Statistics.visitAll(Lorg/apache/hadoop/fs/FileSystem$Statistics$StatisticsAggregator;)Ljava/lang/Object; @ 5
Event: 6.366 Thread 0x00007fe85401d000 Uncommon trap: reason=class_check action=maybe_recompile pc=0x00007fe889095a48 method=org.apache.hadoop.fs.FileSystem$Statistics.visitAll(Lorg/apache/hadoop/fs/FileSystem$Statistics$StatisticsAggregator;)Ljava/lang/Object; @ 5
Event: 6.367 Thread 0x00007fe85401d000 Uncommon trap: reason=class_check action=maybe_recompile pc=0x00007fe889095a48 method=org.apache.hadoop.fs.FileSystem$Statistics.visitAll(Lorg/apache/hadoop/fs/FileSystem$Statistics$StatisticsAggregator;)Ljava/lang/Object; @ 5
Event: 6.367 Thread 0x00007fe85401d000 Uncommon trap: reason=class_check action=maybe_recompile pc=0x00007fe889095a48 method=org.apache.hadoop.fs.FileSystem$Statistics.visitAll(Lorg/apache/hadoop/fs/FileSystem$Statistics$StatisticsAggregator;)Ljava/lang/Object; @ 5
Event: 6.383 Thread 0x00007fe85401d000 Uncommon trap: reason=class_check action=maybe_recompile pc=0x00007fe889067ba0 method=java.util.regex.Pattern$Start.<init>(Ljava/util/regex/Pattern$Node;)V @ 22
Event: 6.386 Thread 0x00007fe85401d000 Uncommon trap: reason=unstable_if action=reinterpret pc=0x00007fe88911a5b4 method=org.apache.hadoop.io.serializer.WritableSerialization$WritableDeserializer.deserialize(Lorg/apache/hadoop/io/Writable;)Lorg/apache/hadoop/io/Writable; @ 1
Event: 6.419 Thread 0x00007fe85401d000 Uncommon trap: reason=bimorphic action=maybe_recompile pc=0x00007fe888d9143c method=java.io.DataOutputStream.writeShort(I)V @ 12

Classes redefined (0 events):
No events

Internal exceptions (10 events):
Event: 0.658 Thread 0x00007fe898013800 Exception <a 'java/lang/ClassNotFoundException': org/apache/log4j/FileAppenderBeanInfo> (0x00000000ec158688) thrown at [/build/openjdk-8-OqY7zN/openjdk-8-8u222-b10/src/hotspot/src/share/vm/classfile/systemDictionary.cpp, line 210]
Event: 0.658 Thread 0x00007fe898013800 Exception <a 'java/lang/ClassNotFoundException': org/apache/log4j/WriterAppenderBeanInfo> (0x00000000ec184300) thrown at [/build/openjdk-8-OqY7zN/openjdk-8-8u222-b10/src/hotspot/src/share/vm/classfile/systemDictionary.cpp, line 210]
Event: 0.659 Thread 0x00007fe898013800 Exception <a 'java/lang/ClassNotFoundException': org/apache/log4j/AppenderSkeletonBeanInfo> (0x00000000ec1b1588) thrown at [/build/openjdk-8-OqY7zN/openjdk-8-8u222-b10/src/hotspot/src/share/vm/classfile/systemDictionary.cpp, line 210]
Event: 0.664 Thread 0x00007fe898013800 Exception <a 'java/lang/ClassNotFoundException': org/apache/log4j/AppenderSkeletonCustomizer> (0x00000000ec1e1400) thrown at [/build/openjdk-8-OqY7zN/openjdk-8-8u222-b10/src/hotspot/src/share/vm/classfile/systemDictionary.cpp, line 210]
Event: 0.668 Thread 0x00007fe898013800 Exception <a 'java/lang/ClassNotFoundException': org/apache/log4j/WriterAppenderCustomizer> (0x00000000ec227f70) thrown at [/build/openjdk-8-OqY7zN/openjdk-8-8u222-b10/src/hotspot/src/share/vm/classfile/systemDictionary.cpp, line 210]
Event: 0.670 Thread 0x00007fe898013800 Exception <a 'java/lang/ClassNotFoundException': org/apache/log4j/FileAppenderCustomizer> (0x00000000ec260240) thrown at [/build/openjdk-8-OqY7zN/openjdk-8-8u222-b10/src/hotspot/src/share/vm/classfile/systemDictionary.cpp, line 210]
Event: 0.675 Thread 0x00007fe898013800 Exception <a 'java/lang/ClassNotFoundException': org/apache/log4j/DailyRollingFileAppenderCustomizer> (0x00000000ec2a2ab0) thrown at [/build/openjdk-8-OqY7zN/openjdk-8-8u222-b10/src/hotspot/src/share/vm/classfile/systemDictionary.cpp, line 210]
Event: 1.322 Thread 0x00007fe898013800 Exception <a 'java/lang/NoSuchFieldError': method resolution failed> (0x00000000ec3e74b8) thrown at [/build/openjdk-8-OqY7zN/openjdk-8-8u222-b10/src/hotspot/src/share/vm/prims/methodHandles.cpp, line 1167]
Event: 1.326 Thread 0x00007fe898013800 Exception <a 'java/lang/NoSuchFieldError': method resolution failed> (0x00000000ec3f4c48) thrown at [/build/openjdk-8-OqY7zN/openjdk-8-8u222-b10/src/hotspot/src/share/vm/prims/methodHandles.cpp, line 1167]
Event: 6.386 Thread 0x00007fe85401d000 Implicit null exception at 0x00007fe88911a02c to 0x00007fe88911a5a1

Events (10 events):
Event: 6.386 Thread 0x00007fe85401d000 DEOPT UNPACKING pc=0x00007fe888a1047a sp=0x00007fe85dc44490 mode 2
Event: 6.408 Thread 0x00007fe8580d9000 Thread added: 0x00007fe8580d9000
Event: 6.410 Executing VM operation: RevokeBias
Event: 6.410 Executing VM operation: RevokeBias done
Event: 6.419 Thread 0x00007fe85401d000 Uncommon trap: trap_request=0xffffffc6 fr.pc=0x00007fe888d9143c
Event: 6.419 Thread 0x00007fe85401d000 DEOPT PACKING pc=0x00007fe888d9143c sp=0x00007fe85dc43850
Event: 6.419 Thread 0x00007fe85401d000 DEOPT UNPACKING pc=0x00007fe888a1047a sp=0x00007fe85dc43880 mode 2
Event: 6.431 Thread 0x00007fe85401d000 DEOPT PACKING pc=0x00007fe888af526a sp=0x00007fe85dc44090
Event: 6.431 Thread 0x00007fe85401d000 DEOPT UNPACKING pc=0x00007fe888a124c4 sp=0x00007fe85dc43ea8 mode 0
Event: 6.585 Executing VM operation: ParallelGCFailedAllocation


Dynamic libraries:
c2600000-cda00000 rw-p 00000000 00:00 0 
d3e80000-eb780000 ---p 00000000 00:00 0 
eb780000-f9080000 rw-p 00000000 00:00 0 
f9080000-100000000 ---p 00000000 00:00 0 
100000000-100300000 rw-p 00000000 00:00 0 
100300000-140000000 ---p 00000000 00:00 0 
55a214b1b000-55a214b1c000 r-xp 00000000 08:01 280310                     /usr/lib/jvm/java-8-openjdk-amd64/jre/bin/java
55a214d1b000-55a214d1c000 r--p 00000000 08:01 280310                     /usr/lib/jvm/java-8-openjdk-amd64/jre/bin/java
55a214d1c000-55a214d1d000 rw-p 00001000 08:01 280310                     /usr/lib/jvm/java-8-openjdk-amd64/jre/bin/java
55a215c4a000-55a215c8c000 rw-p 00000000 00:00 0                          [heap]
7fe844000000-7fe84404e000 rw-p 00000000 00:00 0 
7fe84404e000-7fe848000000 ---p 00000000 00:00 0 
7fe84c000000-7fe84c021000 rw-p 00000000 00:00 0 
7fe84c021000-7fe850000000 ---p 00000000 00:00 0 
7fe850000000-7fe850021000 rw-p 00000000 00:00 0 
7fe850021000-7fe854000000 ---p 00000000 00:00 0 
7fe854000000-7fe854023000 rw-p 00000000 00:00 0 
7fe854023000-7fe858000000 ---p 00000000 00:00 0 
7fe858000000-7fe8580da000 rw-p 00000000 00:00 0 
7fe8580da000-7fe85c000000 ---p 00000000 00:00 0 
7fe85d541000-7fe85d544000 ---p 00000000 00:00 0 
7fe85d544000-7fe85d642000 rw-p 00000000 00:00 0 
7fe85d642000-7fe85d645000 ---p 00000000 00:00 0 
7fe85d645000-7fe85d743000 rw-p 00000000 00:00 0 
7fe85d743000-7fe85d746000 ---p 00000000 00:00 0 
7fe85d746000-7fe85d844000 rw-p 00000000 00:00 0 
7fe85d844000-7fe85d847000 ---p 00000000 00:00 0 
7fe85d847000-7fe85db45000 rw-p 00000000 00:00 0 
7fe85db45000-7fe85db48000 ---p 00000000 00:00 0 
7fe85db48000-7fe85dc46000 rw-p 00000000 00:00 0 
7fe85dc46000-7fe85dc4b000 r--s 002f9000 08:01 280360                     /usr/lib/jvm/java-8-openjdk-amd64/jre/lib/charsets.jar
7fe85dc4b000-7fe85dc5e000 r--s 00346000 08:01 280398                     /usr/lib/jvm/java-8-openjdk-amd64/jre/lib/resources.jar
7fe85dc5e000-7fe85de5e000 rw-p 00000000 00:00 0 
7fe85de5e000-7fe85e05e000 rw-p 00000000 00:00 0 
7fe85e05e000-7fe85e086000 r-xp 00000000 08:01 280353                     /usr/lib/jvm/java-8-openjdk-amd64/jre/lib/amd64/libsunec.so
7fe85e086000-7fe85e285000 ---p 00028000 08:01 280353                     /usr/lib/jvm/java-8-openjdk-amd64/jre/lib/amd64/libsunec.so
7fe85e285000-7fe85e289000 r--p 00027000 08:01 280353                     /usr/lib/jvm/java-8-openjdk-amd64/jre/lib/amd64/libsunec.so
7fe85e289000-7fe85e28a000 rw-p 0002b000 08:01 280353                     /usr/lib/jvm/java-8-openjdk-amd64/jre/lib/amd64/libsunec.so
7fe85e28a000-7fe85e28d000 ---p 00000000 00:00 0 
7fe85e28d000-7fe85e38b000 rw-p 00000000 00:00 0 
7fe85e38b000-7fe85e38e000 ---p 00000000 00:00 0 
7fe85e38e000-7fe85e48c000 rw-p 00000000 00:00 0 
7fe85e48c000-7fe85e48f000 ---p 00000000 00:00 0 
7fe85e48f000-7fe85e58d000 rw-p 00000000 00:00 0 
7fe85e58d000-7fe85e590000 ---p 00000000 00:00 0 
7fe85e590000-7fe85e68e000 rw-p 00000000 00:00 0 
7fe85e68e000-7fe85e69f000 r-xp 00000000 08:01 280349                     /usr/lib/jvm/java-8-openjdk-amd64/jre/lib/amd64/libnio.so
7fe85e69f000-7fe85e89e000 ---p 00011000 08:01 280349                     /usr/lib/jvm/java-8-openjdk-amd64/jre/lib/amd64/libnio.so
7fe85e89e000-7fe85e89f000 r--p 00010000 08:01 280349                     /usr/lib/jvm/java-8-openjdk-amd64/jre/lib/amd64/libnio.so
7fe85e89f000-7fe85e8a0000 rw-p 00011000 08:01 280349                     /usr/lib/jvm/java-8-openjdk-amd64/jre/lib/amd64/libnio.so
7fe85e8a0000-7fe85eaa0000 rw-p 00000000 00:00 0 
7fe85eaa0000-7fe85eaa2000 r--s 00016000 08:01 280391                     /usr/lib/jvm/java-8-openjdk-amd64/jre/lib/jce.jar
7fe85eaa2000-7fe85eca2000 rw-p 00000000 00:00 0 
7fe85eca2000-7fe85eea2000 rw-p 00000000 00:00 0 
7fe85eea2000-7fe85f0a2000 rw-p 00000000 00:00 0 
7fe85f0a2000-7fe85f0a7000 r--s 000a3000 08:01 280393                     /usr/lib/jvm/java-8-openjdk-amd64/jre/lib/jsse.jar
7fe85f0a7000-7fe85f0bd000 r-xp 00000000 08:01 280348                     /usr/lib/jvm/java-8-openjdk-amd64/jre/lib/amd64/libnet.so
7fe85f0bd000-7fe85f2bc000 ---p 00016000 08:01 280348                     /usr/lib/jvm/java-8-openjdk-amd64/jre/lib/amd64/libnet.so
7fe85f2bc000-7fe85f2bd000 r--p 00015000 08:01 280348                     /usr/lib/jvm/java-8-openjdk-amd64/jre/lib/amd64/libnet.so
7fe85f2bd000-7fe85f2be000 rw-p 00016000 08:01 280348                     /usr/lib/jvm/java-8-openjdk-amd64/jre/lib/amd64/libnet.so
7fe85f2be000-7fe85f4be000 rw-p 00000000 00:00 0 
7fe85f4be000-7fe85f4bf000 r-xp 00000000 08:01 280336                     /usr/lib/jvm/java-8-openjdk-amd64/jre/lib/amd64/libjaas_unix.so
7fe85f4bf000-7fe85f6be000 ---p 00001000 08:01 280336                     /usr/lib/jvm/java-8-openjdk-amd64/jre/lib/amd64/libjaas_unix.so
7fe85f6be000-7fe85f6bf000 r--p 00000000 08:01 280336                     /usr/lib/jvm/java-8-openjdk-amd64/jre/lib/amd64/libjaas_unix.so
7fe85f6bf000-7fe85f6c0000 rw-p 00001000 08:01 280336                     /usr/lib/jvm/java-8-openjdk-amd64/jre/lib/amd64/libjaas_unix.so
7fe85f6c0000-7fe85f6c3000 ---p 00000000 00:00 0 
7fe85f6c3000-7fe85f7c1000 rw-p 00000000 00:00 0 
7fe85f7c1000-7fe85f7c4000 ---p 00000000 00:00 0 
7fe85f7c4000-7fe85f7fa000 rw-p 00000000 00:00 0 
7fe85f7fa000-7fe85f803000 r-xp 00000000 08:01 280346                     /usr/lib/jvm/java-8-openjdk-amd64/jre/lib/amd64/libmanagement.so
7fe85f803000-7fe85fa02000 ---p 00009000 08:01 280346                     /usr/lib/jvm/java-8-openjdk-amd64/jre/lib/amd64/libmanagement.so
7fe85fa02000-7fe85fa03000 r--p 00008000 08:01 280346                     /usr/lib/jvm/java-8-openjdk-amd64/jre/lib/amd64/libmanagement.so
7fe85fa03000-7fe85fa04000 rw-p 00009000 08:01 280346                     /usr/lib/jvm/java-8-openjdk-amd64/jre/lib/amd64/libmanagement.so
7fe85fa04000-7fe85fa09000 r--s 0002d000 08:01 342719                     /home/uic/hadoop-3.2.1/share/hadoop/common/hadoop-nfs-3.2.1.jar
7fe85fa09000-7fe85fa47000 r--s 003b5000 08:01 342832                     /home/uic/hadoop-3.2.1/share/hadoop/common/hadoop-common-3.2.1.jar
7fe85fa47000-7fe85fa49000 r--s 0001e000 08:01 342717                     /home/uic/hadoop-3.2.1/share/hadoop/common/hadoop-kms-3.2.1.jar
7fe85fa49000-7fe85fa53000 r--s 00026000 08:01 342800                     /home/uic/hadoop-3.2.1/share/hadoop/common/lib/checker-qual-2.5.2.jar
7fe85fa53000-7fe85fa59000 r--s 00078000 08:01 342764                     /home/uic/hadoop-3.2.1/share/hadoop/common/lib/woodstox-core-5.0.3.jar
7fe85fa59000-7fe85fa5c000 r--s 00015000 08:01 342776                     /home/uic/hadoop-3.2.1/share/hadoop/common/lib/jetty-security-9.3.24.v20180605.jar
7fe85fa5c000-7fe85fa5d000 r--s 00000000 08:01 342808                     /home/uic/hadoop-3.2.1/share/hadoop/common/lib/listenablefuture-9999.0-empty-to-avoid-conflict-with-guava.jar
7fe85fa5d000-7fe85fa60000 r--s 0001b000 08:01 342803                     /home/uic/hadoop-3.2.1/share/hadoop/common/lib/json-smart-2.3.jar
7fe85fa60000-7fe85fa61000 r--s 00008000 08:01 342779                     /home/uic/hadoop-3.2.1/share/hadoop/common/lib/kerb-util-1.0.1.jar
7fe85fa61000-7fe85fa69000 r--s 0003e000 08:01 342798                     /home/uic/hadoop-3.2.1/share/hadoop/common/lib/curator-recipes-2.13.0.jar
7fe85fa69000-7fe85fa6e000 r--s 00038000 08:01 342744                     /home/uic/hadoop-3.2.1/share/hadoop/common/lib/commons-beanutils-1.9.3.jar
7fe85fa6e000-7fe85fa73000 r--s 00040000 08:01 342759                     /home/uic/hadoop-3.2.1/share/hadoop/common/lib/jsch-0.1.54.jar
7fe85fa73000-7fe85fa77000 r--s 00019000 08:01 342763                     /home/uic/hadoop-3.2.1/share/hadoop/common/lib/kerb-crypto-1.0.1.jar
7fe85fa77000-7fe85faa9000 r--s 0026d000 08:01 342753                     /home/uic/hadoop-3.2.1/share/hadoop/common/lib/guava-27.0-jre.jar
7fe85faa9000-7fe85faac000 r--s 00015000 08:01 342754                     /home/uic/hadoop-3.2.1/share/hadoop/common/lib/javax.servlet-api-3.1.0.jar
7fe85faac000-7fe85faaf000 r--s 00006000 08:01 342815                     /home/uic/hadoop-3.2.1/share/hadoop/common/lib/jsr305-3.0.0.jar
7fe85faaf000-7fe85fab1000 r--s 00000000 08:01 342780                     /home/uic/hadoop-3.2.1/share/hadoop/common/lib/jcip-annotations-1.0-1.jar
7fe85fab1000-7fe85face000 r--s 0016a000 08:01 342783                     /home/uic/hadoop-3.2.1/share/hadoop/common/lib/commons-math3-3.1.1.jar
7fe85face000-7fe85fad4000 r--s 00046000 08:01 342743                     /home/uic/hadoop-3.2.1/share/hadoop/common/lib/commons-net-3.6.jar
7fe85fad4000-7fe85fad7000 r--s 00016000 08:01 342813                     /home/uic/hadoop-3.2.1/share/hadoop/common/lib/jaxb-api-2.2.11.jar
7fe85fad7000-7fe85fade000 r--s 0002b000 08:01 342778                     /home/uic/hadoop-3.2.1/share/hadoop/common/lib/kerby-pkix-1.0.1.jar
7fe85fade000-7fe85fadf000 r--s 00002000 08:01 342775                     /home/uic/hadoop-3.2.1/share/hadoop/common/lib/slf4j-log4j12-1.7.25.jar
7fe85fadf000-7fe85fae1000 r--s 0000a000 08:01 342794                     /home/uic/hadoop-3.2.1/share/hadoop/common/lib/jsr311-api-1.1.1.jar
7fe85fae1000-7fe85fae2000 r--s 00006000 08:01 342822                     /home/uic/hadoop-3.2.1/share/hadoop/common/lib/jackson-xc-1.9.13.jar
7fe85fae2000-7fe85fae5000 r--s 0001a000 08:01 342817                     /home/uic/hadoop-3.2.1/share/hadoop/common/lib/jetty-webapp-9.3.24.v20180605.jar
7fe85fae5000-7fe85fae6000 r--s 0000c000 08:01 342749                     /home/uic/hadoop-3.2.1/share/hadoop/common/lib/jetty-xml-9.3.24.v20180605.jar
7fe85fae6000-7fe85faf2000 r--s 0008b000 08:01 342797                     /home/uic/hadoop-3.2.1/share/hadoop/common/lib/commons-configuration2-2.1.1.jar
7fe85faf2000-7fe85faf4000 r--s 0001e000 08:01 342828                     /home/uic/hadoop-3.2.1/share/hadoop/common/lib/re2j-1.1.jar
7fe85faf4000-7fe85faf5000 r--s 00009000 08:01 342741                     /home/uic/hadoop-3.2.1/share/hadoop/common/lib/kerby-util-1.0.1.jar
7fe85faf5000-7fe85faf8000 r--s 0000e000 08:01 342766                     /home/uic/hadoop-3.2.1/share/hadoop/common/lib/jackson-annotations-2.9.8.jar
7fe85faf8000-7fe85fafb000 r--s 0001b000 08:01 342812                     /home/uic/hadoop-3.2.1/share/hadoop/common/lib/jetty-io-9.3.24.v20180605.jar
7fe85fafb000-7fe85fb03000 r--s 00072000 08:01 342799                     /home/uic/hadoop-3.2.1/share/hadoop/common/lib/commons-lang3-3.7.jar
7fe85fb03000-7fe85fb05000 r--s 0000c000 08:01 342773                     /home/uic/hadoop-3.2.1/share/hadoop/common/lib/asm-5.0.4.jar
7fe85fb05000-7fe85fb0e000 r--s 0006f000 08:01 342756                     /home/uic/hadoop-3.2.1/share/hadoop/common/lib/log4j-1.2.17.jar
7fe85fb0e000-7fe85fb45000 r--s 00219000 08:01 342827                     /home/uic/hadoop-3.2.1/share/hadoop/common/lib/curator-client-2.13.0.jar
7fe85fb45000-7fe85fb47000 r--s 00017000 08:01 342755                     /home/uic/hadoop-3.2.1/share/hadoop/common/lib/kerby-asn1-1.0.1.jar
7fe85fb47000-7fe85fb48000 r--s 00004000 08:01 342768                     /home/uic/hadoop-3.2.1/share/hadoop/common/lib/kerb-identity-1.0.1.jar
7fe85fb48000-7fe85fb4a000 r--s 0000e000 08:01 342830                     /home/uic/hadoop-3.2.1/share/hadoop/common/lib/commons-logging-1.1.3.jar
7fe85fb4a000-7fe85fb5c000 r--s 00137000 08:01 342829                     /home/uic/hadoop-3.2.1/share/hadoop/common/lib/jackson-databind-2.9.8.jar
7fe85fb5c000-7fe85fb5d000 r--s 0000e000 08:01 342761                     /home/uic/hadoop-3.2.1/share/hadoop/common/lib/hadoop-annotations-3.2.1.jar
7fe85fb5d000-7fe85fb5f000 r--s 00000000 08:01 342746                     /home/uic/hadoop-3.2.1/share/hadoop/common/lib/jul-to-slf4j-1.7.25.jar
7fe85fb5f000-7fe85fb69000 r--s 00061000 08:01 342810                     /home/uic/hadoop-3.2.1/share/hadoop/common/lib/jersey-core-1.19.jar
7fe85fb69000-7fe85fb6d000 r--s 0002f000 08:01 342825                     /home/uic/hadoop-3.2.1/share/hadoop/common/lib/commons-io-2.5.jar
7fe85fb6d000-7fe85fb70000 r--s 00022000 08:01 342757                     /home/uic/hadoop-3.2.1/share/hadoop/common/lib/jetty-http-9.3.24.v20180605.jar
7fe85fb70000-7fe85fb72000 r--s 00130000 08:01 342745                     /home/uic/hadoop-3.2.1/share/hadoop/common/lib/snappy-java-1.0.5.jar
7fe85fb72000-7fe85fb74000 r--s 0000f000 08:01 342784                     /home/uic/hadoop-3.2.1/share/hadoop/common/lib/jettison-1.1.jar
7fe85fb74000-7fe85fb76000 r--s 00009000 08:01 342748                     /home/uic/hadoop-3.2.1/share/hadoop/common/lib/commons-cli-1.2.jar
7fe85fb76000-7fe85fb78000 r--s 0000e000 08:01 342760                     /home/uic/hadoop-3.2.1/share/hadoop/common/lib/kerb-common-1.0.1.jar
7fe85fb78000-7fe85fb7f000 r--s 00049000 08:01 342786                     /home/uic/hadoop-3.2.1/share/hadoop/common/lib/httpcore-4.4.10.jar
7fe85fb7f000-7fe85fb81000 r--s 00020000 08:01 342796                     /home/uic/hadoop-3.2.1/share/hadoop/common/lib/hadoop-auth-3.2.1.jar
7fe85fb81000-7fe85fb83000 r--s 00002000 08:01 342814                     /home/uic/hadoop-3.2.1/share/hadoop/common/lib/error_prone_annotations-2.2.0.jar
7fe85fb83000-7fe85fb90000 r--s 000d1000 08:01 342751                     /home/uic/hadoop-3.2.1/share/hadoop/common/lib/zookeeper-3.4.13.jar
7fe85fb90000-7fe85fb91000 r--s 00004000 08:01 342777                     /home/uic/hadoop-3.2.1/share/hadoop/common/lib/jackson-jaxrs-1.9.13.jar
7fe85fb91000-7fe85fb94000 r--s 0001b000 08:01 342767                     /home/uic/hadoop-3.2.1/share/hadoop/common/lib/jetty-servlet-9.3.24.v20180605.jar
7fe85fb94000-7fe85fb95000 r--s 00004000 08:01 342750                     /home/uic/hadoop-3.2.1/share/hadoop/common/lib/kerb-simplekdc-1.0.1.jar
7fe85fb95000-7fe85fbaf000 r--s 00155000 08:01 342782                     /home/uic/hadoop-3.2.1/share/hadoop/common/lib/htrace-core4-4.1.0-incubating.jar
7fe85fbaf000-7fe85fbb8000 r--s 00062000 08:01 342781                     /home/uic/hadoop-3.2.1/share/hadoop/common/lib/avro-1.7.7.jar
7fe85fbb8000-7fe85fbbd000 r--s 0002a000 08:01 342823                     /home/uic/hadoop-3.2.1/share/hadoop/common/lib/gson-2.2.4.jar
7fe85fbbd000-7fe85fbbe000 r--s 00000000 08:01 342824                     /home/uic/hadoop-3.2.1/share/hadoop/common/lib/failureaccess-1.0.jar
7fe85fbbe000-7fe85fbc0000 r--s 00006000 08:01 342811                     /home/uic/hadoop-3.2.1/share/hadoop/common/lib/accessors-smart-1.2.jar
7fe85fbc0000-7fe85fbc2000 r--s 00001000 08:01 342809                     /home/uic/hadoop-3.2.1/share/hadoop/common/lib/j2objc-annotations-1.1.jar
7fe85fbc2000-7fe85fbc6000 r--s 0001c000 08:01 342818                     /home/uic/hadoop-3.2.1/share/hadoop/common/lib/jersey-servlet-1.19.jar
7fe85fbc6000-7fe85fbcc000 r--s 0002c000 08:01 342821                     /home/uic/hadoop-3.2.1/share/hadoop/common/lib/curator-framework-2.13.0.jar
7fe85fbcc000-7fe85fbd0000 r--s 00024000 08:01 342805                     /home/uic/hadoop-3.2.1/share/hadoop/common/lib/stax2-api-3.1.4.jar
7fe85fbd0000-7fe85fbd6000 r--s 00044000 08:01 342772                     /home/uic/hadoop-3.2.1/share/hadoop/common/lib/nimbus-jose-jwt-4.41.1.jar
7fe85fbd6000-7fe85fbdd000 r--s 00069000 08:01 342795                     /home/uic/hadoop-3.2.1/share/hadoop/common/lib/jetty-util-9.3.24.v20180605.jar
7fe85fbdd000-7fe85fbe0000 r--s 00011000 08:01 342758                     /home/uic/hadoop-3.2.1/share/hadoop/common/lib/kerb-admin-1.0.1.jar
7fe85fbe0000-7fe85fbed000 r--s 00083000 08:01 342788                     /home/uic/hadoop-3.2.1/share/hadoop/common/lib/commons-collections-3.2.2.jar
7fe85fbed000-7fe85fbf0000 r--s 00012000 08:01 342747                     /home/uic/hadoop-3.2.1/share/hadoop/common/lib/kerb-server-1.0.1.jar
7fe85fbf0000-7fe85fbf4000 r--s 0001e000 08:01 342816                     /home/uic/hadoop-3.2.1/share/hadoop/common/lib/metrics-core-3.2.4.jar
7fe85fbf4000-7fe85fbf5000 r--s 00004000 08:01 342819                     /home/uic/hadoop-3.2.1/share/hadoop/common/lib/token-provider-1.0.1.jar
7fe85fbf5000-7fe85fbfd000 r--s 0007b000 08:01 342807                     /home/uic/hadoop-3.2.1/share/hadoop/common/lib/protobuf-java-2.5.0.jar
7fe85fbfd000-7fe85fc02000 r--s 00047000 08:01 342791                     /home/uic/hadoop-3.2.1/share/hadoop/common/lib/dnsjava-2.1.7.jar
7fe85fc02000-7fe85fc04000 r--s 00009000 08:01 342806                     /home/uic/hadoop-3.2.1/share/hadoop/common/lib/slf4j-api-1.7.25.jar
7fe85fc04000-7fe85fc06000 r--s 00006000 08:01 342787                     /home/uic/hadoop-3.2.1/share/hadoop/common/lib/paranamer-2.3.jar
7fe85fc06000-7fe85fc09000 r--s 00019000 08:01 342770                     /home/uic/hadoop-3.2.1/share/hadoop/common/lib/kerb-client-1.0.1.jar
7fe85fc09000-7fe85fc0d000 r--s 00035000 08:01 342826                     /home/uic/hadoop-3.2.1/share/hadoop/common/lib/jackson-core-asl-1.9.13.jar
7fe85fc0d000-7fe85fc10000 r--s 00016000 08:01 342769                     /home/uic/hadoop-3.2.1/share/hadoop/common/lib/jsp-api-2.1.jar
7fe85fc10000-7fe85fc17000 r--s 00031000 08:01 342765                     /home/uic/hadoop-3.2.1/share/hadoop/common/lib/kerb-core-1.0.1.jar
7fe85fc17000-7fe85fc25000 r--s 000b1000 08:01 342785                     /home/uic/hadoop-3.2.1/share/hadoop/common/lib/jackson-mapper-asl-1.9.13.jar
7fe85fc25000-7fe85fc30000 r--s 00086000 08:01 342820                     /home/uic/hadoop-3.2.1/share/hadoop/common/lib/commons-compress-1.18.jar
7fe85fc30000-7fe85fc32000 r--s 00006000 08:01 342742                     /home/uic/hadoop-3.2.1/share/hadoop/common/lib/kerby-xdr-1.0.1.jar
7fe85fc32000-7fe85fc36000 r--s 0004c000 08:01 342804                     /home/uic/hadoop-3.2.1/share/hadoop/common/lib/jackson-core-2.9.8.jar
7fe85fc36000-7fe85fc3a000 r--s 00025000 08:01 342752                     /home/uic/hadoop-3.2.1/share/hadoop/common/lib/jersey-json-1.19.jar
7fe85fc3a000-7fe85fc4a000 r--s 0009c000 08:01 342774                     /home/uic/hadoop-3.2.1/share/hadoop/common/lib/jersey-server-1.19.jar
7fe85fc4a000-7fe85fc4e000 r--s 00029000 08:01 342771                     /home/uic/hadoop-3.2.1/share/hadoop/common/lib/commons-text-1.4.jar
7fe85fc4e000-7fe85fc50000 r--s 00006000 08:01 342790                     /home/uic/hadoop-3.2.1/share/hadoop/common/lib/kerby-config-1.0.1.jar
7fe85fc50000-7fe85fc51000 r--s 00000000 08:01 342762                     /home/uic/hadoop-3.2.1/share/hadoop/common/lib/animal-sniffer-annotations-1.17.jar
7fe85fc51000-7fe85fc59000 r--s 00078000 08:01 342792                     /home/uic/hadoop-3.2.1/share/hadoop/common/lib/jetty-server-9.3.24.v20180605.jar
7fe85fc59000-7fe85fc66000 r--s 000af000 08:01 342789                     /home/uic/hadoop-3.2.1/share/hadoop/common/lib/httpclient-4.5.6.jar
7fe85fc66000-7fe85fc67000 r--s 00004000 08:01 342801                     /home/uic/hadoop-3.2.1/share/hadoop/common/lib/audience-annotations-0.5.0.jar
7fe85fc67000-7fe85fc7a000 r--s 000c7000 08:01 342793                     /home/uic/hadoop-3.2.1/share/hadoop/common/lib/jaxb-impl-2.2.3-1.jar
7fe85fc7a000-7fe85fc81000 r--s 0004b000 08:01 342802                     /home/uic/hadoop-3.2.1/share/hadoop/common/lib/commons-codec-1.11.jar
7fe85fc81000-7fe85fc9a000 r--s 0012c000 08:01 342831                     /home/uic/hadoop-3.2.1/share/hadoop/common/lib/netty-3.10.5.Final.jar
7fe85fc9a000-7fe85fca7000 r--s 000b8000 08:01 343146                     /home/uic/hadoop-3.2.1/share/hadoop/mapreduce/hadoop-mapreduce-client-common-3.2.1.jar
7fe85fca7000-7fe85fca9000 r--s 0000d000 08:01 343174                     /home/uic/hadoop-3.2.1/share/hadoop/mapreduce/hadoop-mapreduce-client-uploader-3.2.1.jar
7fe85fca9000-7fe85fcaa000 r--s 00014000 08:01 343148                     /home/uic/hadoop-3.2.1/share/hadoop/mapreduce/hadoop-mapreduce-client-jobclient-3.2.1.jar
7fe85fcaa000-7fe85fcc3000 r--s 0017c000 08:01 343147                     /home/uic/hadoop-3.2.1/share/hadoop/mapreduce/hadoop-mapreduce-client-core-3.2.1.jar
7fe85fcc3000-7fe85fcc6000 r--s 00032000 08:01 343145                     /home/uic/hadoop-3.2.1/share/hadoop/mapreduce/hadoop-mapreduce-client-hs-3.2.1.jar
7fe85fcc6000-7fe85fcd0000 r--s 0008c000 08:01 343149                     /home/uic/hadoop-3.2.1/share/hadoop/mapreduce/hadoop-mapreduce-client-app-3.2.1.jar
7fe85fcd0000-7fe85fcd2000 r--s 0000a000 08:01 343123                     /home/uic/hadoop-3.2.1/share/hadoop/mapreduce/hadoop-mapreduce-client-hs-plugins-3.2.1.jar
7fe85fcd2000-7fe85fcd3000 r--s 00017000 08:01 343150                     /home/uic/hadoop-3.2.1/share/hadoop/mapreduce/hadoop-mapreduce-client-shuffle-3.2.1.jar
7fe85fcd3000-7fe85fcd6000 r--s 0001c000 08:01 343175                     /home/uic/hadoop-3.2.1/share/hadoop/mapreduce/hadoop-mapreduce-client-nativetask-3.2.1.jar
7fe85fcd6000-7fe85fcd8000 r--s 00009000 08:01 343173                     /home/uic/hadoop-3.2.1/share/hadoop/mapreduce/lib/hamcrest-core-1.3.jar
7fe85fcd8000-7fe85fcde000 r--s 00036000 08:01 343172                     /home/uic/hadoop-3.2.1/share/hadoop/mapreduce/lib/junit-4.11.jar
7fe85fcde000-7fe85fce0000 r--s 0000a000 08:01 343039                     /home/uic/hadoop-3.2.1/share/hadoop/hdfs/hadoop-hdfs-native-client-3.2.1.jar
7fe85fce0000-7fe85fd28000 r--s 00567000 08:01 342923                     /home/uic/hadoop-3.2.1/share/hadoop/hdfs/hadoop-hdfs-3.2.1.jar
7fe85fd28000-7fe85fd2a000 r--s 00023000 08:01 342833                     /home/uic/hadoop-3.2.1/share/hadoop/hdfs/hadoop-hdfs-nfs-3.2.1.jar
7fe85fd2a000-7fe85fd6f000 r--s 00497000 08:01 342921                     /home/uic/hadoop-3.2.1/share/hadoop/hdfs/hadoop-hdfs-client-3.2.1.jar
7fe85fd6f000-7fe85fd7f000 r--s 000db000 08:01 343041                     /home/uic/hadoop-3.2.1/share/hadoop/hdfs/hadoop-hdfs-rbf-3.2.1.jar
7fe85fd7f000-7fe85fd85000 r--s 0003c000 08:01 342924                     /home/uic/hadoop-3.2.1/share/hadoop/hdfs/hadoop-hdfs-httpfs-3.2.1.jar
7fe85fd85000-7fe85fd8f000 r--s 00026000 08:01 343008                     /home/uic/hadoop-3.2.1/share/hadoop/hdfs/lib/checker-qual-2.5.2.jar
7fe85fd8f000-7fe85fd95000 r--s 00078000 08:01 342970                     /home/uic/hadoop-3.2.1/share/hadoop/hdfs/lib/woodstox-core-5.0.3.jar
7fe85fd95000-7fe85fd98000 r--s 00015000 08:01 342982                     /home/uic/hadoop-3.2.1/share/hadoop/hdfs/lib/jetty-security-9.3.24.v20180605.jar
7fe85fd98000-7fe85fd99000 r--s 00000000 08:01 343015                     /home/uic/hadoop-3.2.1/share/hadoop/hdfs/lib/listenablefuture-9999.0-empty-to-avoid-conflict-with-guava.jar
7fe85fd99000-7fe85fd9c000 r--s 0001b000 08:01 343011                     /home/uic/hadoop-3.2.1/share/hadoop/hdfs/lib/json-smart-2.3.jar
7fe85fd9c000-7fe85fd9d000 r--s 00008000 08:01 342985                     /home/uic/hadoop-3.2.1/share/hadoop/hdfs/lib/kerb-util-1.0.1.jar
7fe85fd9d000-7fe85fda5000 r--s 0003e000 08:01 343005                     /home/uic/hadoop-3.2.1/share/hadoop/hdfs/lib/curator-recipes-2.13.0.jar
7fe85fda5000-7fe85fdaa000 r--s 00038000 08:01 342949                     /home/uic/hadoop-3.2.1/share/hadoop/hdfs/lib/commons-beanutils-1.9.3.jar
7fe85fdaa000-7fe85fdaf000 r--s 00040000 08:01 342965                     /home/uic/hadoop-3.2.1/share/hadoop/hdfs/lib/jsch-0.1.54.jar
7fe85fdaf000-7fe85fdb3000 r--s 00019000 08:01 342969                     /home/uic/hadoop-3.2.1/share/hadoop/hdfs/lib/kerb-crypto-1.0.1.jar
7fe85fdb3000-7fe85fde5000 r--s 0026d000 08:01 342959                     /home/uic/hadoop-3.2.1/share/hadoop/hdfs/lib/guava-27.0-jre.jar
7fe85fde5000-7fe85fde8000 r--s 00015000 08:01 342960                     /home/uic/hadoop-3.2.1/share/hadoop/hdfs/lib/javax.servlet-api-3.1.0.jar
7fe85fde8000-7fe85fdeb000 r--s 00006000 08:01 343022                     /home/uic/hadoop-3.2.1/share/hadoop/hdfs/lib/jsr305-3.0.0.jar
7fe85fdeb000-7fe85fded000 r--s 00000000 08:01 342986                     /home/uic/hadoop-3.2.1/share/hadoop/hdfs/lib/jcip-annotations-1.0-1.jar
7fe85fded000-7fe85fe0a000 r--s 0016a000 08:01 342989                     /home/uic/hadoop-3.2.1/share/hadoop/hdfs/lib/commons-math3-3.1.1.jar
7fe85fe0a000-7fe85fe10000 r--s 00046000 08:01 342948                     /home/uic/hadoop-3.2.1/share/hadoop/hdfs/lib/commons-net-3.6.jar
7fe85fe10000-7fe85fe13000 r--s 00016000 08:01 343020                     /home/uic/hadoop-3.2.1/share/hadoop/hdfs/lib/jaxb-api-2.2.11.jar
7fe85fe13000-7fe85fe1a000 r--s 0002b000 08:01 342984                     /home/uic/hadoop-3.2.1/share/hadoop/hdfs/lib/kerby-pkix-1.0.1.jar
7fe85fe1a000-7fe85fe1f000 r--s 0004c000 08:01 342977                     /home/uic/hadoop-3.2.1/share/hadoop/hdfs/lib/okhttp-2.7.5.jar
7fe85fe1f000-7fe85fe21000 r--s 0000a000 08:01 343001                     /home/uic/hadoop-3.2.1/share/hadoop/hdfs/lib/jsr311-api-1.1.1.jar
7fe85fe21000-7fe85fe22000 r--s 00006000 08:01 343028                     /home/uic/hadoop-3.2.1/share/hadoop/hdfs/lib/jackson-xc-1.9.13.jar
7fe85fe22000-7fe85fe25000 r--s 0001a000 08:01 343023                     /home/uic/hadoop-3.2.1/share/hadoop/hdfs/lib/jetty-webapp-9.3.24.v20180605.jar
7fe85fe25000-7fe85fe26000 r--s 0000c000 08:01 342953                     /home/uic/hadoop-3.2.1/share/hadoop/hdfs/lib/jetty-xml-9.3.24.v20180605.jar
7fe85fe26000-7fe85fe32000 r--s 0008b000 08:01 343004                     /home/uic/hadoop-3.2.1/share/hadoop/hdfs/lib/commons-configuration2-2.1.1.jar
7fe85fe32000-7fe85fe34000 r--s 0001e000 08:01 343035                     /home/uic/hadoop-3.2.1/share/hadoop/hdfs/lib/re2j-1.1.jar
7fe85fe34000-7fe85fe35000 r--s 00009000 08:01 342946                     /home/uic/hadoop-3.2.1/share/hadoop/hdfs/lib/kerby-util-1.0.1.jar
7fe85fe35000-7fe85fe38000 r--s 0000e000 08:01 342972                     /home/uic/hadoop-3.2.1/share/hadoop/hdfs/lib/jackson-annotations-2.9.8.jar
7fe85fe38000-7fe85fe3b000 r--s 0001b000 08:01 343019                     /home/uic/hadoop-3.2.1/share/hadoop/hdfs/lib/jetty-io-9.3.24.v20180605.jar
7fe85fe3b000-7fe85fe43000 r--s 00072000 08:01 343007                     /home/uic/hadoop-3.2.1/share/hadoop/hdfs/lib/commons-lang3-3.7.jar
7fe85fe43000-7fe85fe45000 r--s 0000c000 08:01 342979                     /home/uic/hadoop-3.2.1/share/hadoop/hdfs/lib/asm-5.0.4.jar
7fe85fe45000-7fe85fe4e000 r--s 0006f000 08:01 342962                     /home/uic/hadoop-3.2.1/share/hadoop/hdfs/lib/log4j-1.2.17.jar
7fe85fe4e000-7fe85fe85000 r--s 00219000 08:01 343034                     /home/uic/hadoop-3.2.1/share/hadoop/hdfs/lib/curator-client-2.13.0.jar
7fe85fe85000-7fe85fe87000 r--s 00017000 08:01 342961                     /home/uic/hadoop-3.2.1/share/hadoop/hdfs/lib/kerby-asn1-1.0.1.jar
7fe85fe87000-7fe85fe88000 r--s 00004000 08:01 342974                     /home/uic/hadoop-3.2.1/share/hadoop/hdfs/lib/kerb-identity-1.0.1.jar
7fe85fe88000-7fe85fe8a000 r--s 0000e000 08:01 343037                     /home/uic/hadoop-3.2.1/share/hadoop/hdfs/lib/commons-logging-1.1.3.jar
7fe85fe8a000-7fe85fe9c000 r--s 00137000 08:01 343036                     /home/uic/hadoop-3.2.1/share/hadoop/hdfs/lib/jackson-databind-2.9.8.jar
7fe85fe9c000-7fe85fe9d000 r--s 0000e000 08:01 342967                     /home/uic/hadoop-3.2.1/share/hadoop/hdfs/lib/hadoop-annotations-3.2.1.jar
7fe85fe9d000-7fe85fea7000 r--s 00061000 08:01 343017                     /home/uic/hadoop-3.2.1/share/hadoop/hdfs/lib/jersey-core-1.19.jar
7fe85fea7000-7fe85feab000 r--s 0002f000 08:01 343032                     /home/uic/hadoop-3.2.1/share/hadoop/hdfs/lib/commons-io-2.5.jar
7fe85feab000-7fe85feae000 r--s 00022000 08:01 342963                     /home/uic/hadoop-3.2.1/share/hadoop/hdfs/lib/jetty-http-9.3.24.v20180605.jar
7fe85feae000-7fe85feb0000 r--s 00130000 08:01 342950                     /home/uic/hadoop-3.2.1/share/hadoop/hdfs/lib/snappy-java-1.0.5.jar
7fe85feb0000-7fe85feb2000 r--s 0000f000 08:01 342990                     /home/uic/hadoop-3.2.1/share/hadoop/hdfs/lib/jettison-1.1.jar
7fe85feb2000-7fe85feb4000 r--s 00009000 08:01 342952                     /home/uic/hadoop-3.2.1/share/hadoop/hdfs/lib/commons-cli-1.2.jar
7fe85feb4000-7fe85feb6000 r--s 0000e000 08:01 342966                     /home/uic/hadoop-3.2.1/share/hadoop/hdfs/lib/kerb-common-1.0.1.jar
7fe85feb6000-7fe85febd000 r--s 00049000 08:01 342992                     /home/uic/hadoop-3.2.1/share/hadoop/hdfs/lib/httpcore-4.4.10.jar
7fe85febd000-7fe85febf000 r--s 00020000 08:01 343003                     /home/uic/hadoop-3.2.1/share/hadoop/hdfs/lib/hadoop-auth-3.2.1.jar
7fe85febf000-7fe85fec1000 r--s 00002000 08:01 343021                     /home/uic/hadoop-3.2.1/share/hadoop/hdfs/lib/error_prone_annotations-2.2.0.jar
7fe85fec1000-7fe85fec2000 r--s 00005000 08:01 343006                     /home/uic/hadoop-3.2.1/share/hadoop/hdfs/lib/commons-daemon-1.0.13.jar
7fe85fec2000-7fe85fecf000 r--s 000d1000 08:01 342957                     /home/uic/hadoop-3.2.1/share/hadoop/hdfs/lib/zookeeper-3.4.13.jar
7fe85fecf000-7fe85fed0000 r--s 00004000 08:01 342983                     /home/uic/hadoop-3.2.1/share/hadoop/hdfs/lib/jackson-jaxrs-1.9.13.jar
7fe85fed0000-7fe85fed3000 r--s 0001b000 08:01 342973                     /home/uic/hadoop-3.2.1/share/hadoop/hdfs/lib/jetty-servlet-9.3.24.v20180605.jar
7fe85fed3000-7fe85fed4000 r--s 00004000 08:01 342954                     /home/uic/hadoop-3.2.1/share/hadoop/hdfs/lib/kerb-simplekdc-1.0.1.jar
7fe85fed4000-7fe85feee000 r--s 00155000 08:01 342988                     /home/uic/hadoop-3.2.1/share/hadoop/hdfs/lib/htrace-core4-4.1.0-incubating.jar
7fe85feee000-7fe85fef7000 r--s 00062000 08:01 342987                     /home/uic/hadoop-3.2.1/share/hadoop/hdfs/lib/avro-1.7.7.jar
7fe85fef7000-7fe85fefc000 r--s 0002a000 08:01 343029                     /home/uic/hadoop-3.2.1/share/hadoop/hdfs/lib/gson-2.2.4.jar
7fe85fefc000-7fe85fefd000 r--s 00000000 08:01 343031                     /home/uic/hadoop-3.2.1/share/hadoop/hdfs/lib/failureaccess-1.0.jar
7fe85fefd000-7fe85feff000 r--s 00006000 08:01 343018                     /home/uic/hadoop-3.2.1/share/hadoop/hdfs/lib/accessors-smart-1.2.jar
7fe85feff000-7fe85ff01000 r--s 00001000 08:01 343016                     /home/uic/hadoop-3.2.1/share/hadoop/hdfs/lib/j2objc-annotations-1.1.jar
7fe85ff01000-7fe85ff05000 r--s 0001c000 08:01 343024                     /home/uic/hadoop-3.2.1/share/hadoop/hdfs/lib/jersey-servlet-1.19.jar
7fe85ff05000-7fe85ff07000 r--s 00008000 08:01 342998                     /home/uic/hadoop-3.2.1/share/hadoop/hdfs/lib/jetty-util-ajax-9.3.24.v20180605.jar
7fe85ff07000-7fe85ff0d000 r--s 0002c000 08:01 343027                     /home/uic/hadoop-3.2.1/share/hadoop/hdfs/lib/curator-framework-2.13.0.jar
7fe85ff0d000-7fe85ff11000 r--s 00024000 08:01 343013                     /home/uic/hadoop-3.2.1/share/hadoop/hdfs/lib/stax2-api-3.1.4.jar
7fe85ff11000-7fe85ff17000 r--s 00044000 08:01 342978                     /home/uic/hadoop-3.2.1/share/hadoop/hdfs/lib/nimbus-jose-jwt-4.41.1.jar
7fe85ff17000-7fe85ff1e000 r--s 00069000 08:01 343002                     /home/uic/hadoop-3.2.1/share/hadoop/hdfs/lib/jetty-util-9.3.24.v20180605.jar
7fe85ff1e000-7fe85ff21000 r--s 00011000 08:01 342964                     /home/uic/hadoop-3.2.1/share/hadoop/hdfs/lib/kerb-admin-1.0.1.jar
7fe85ff21000-7fe85ff2e000 r--s 00083000 08:01 342994                     /home/uic/hadoop-3.2.1/share/hadoop/hdfs/lib/commons-collections-3.2.2.jar
7fe85ff2e000-7fe85ff31000 r--s 00012000 08:01 342951                     /home/uic/hadoop-3.2.1/share/hadoop/hdfs/lib/kerb-server-1.0.1.jar
7fe85ff31000-7fe85ff32000 r--s 00005000 08:01 342980                     /home/uic/hadoop-3.2.1/share/hadoop/hdfs/lib/json-simple-1.1.1.jar
7fe85ff32000-7fe85ff33000 r--s 00004000 08:01 343025                     /home/uic/hadoop-3.2.1/share/hadoop/hdfs/lib/token-provider-1.0.1.jar
7fe85ff33000-7fe85ff3b000 r--s 0007b000 08:01 343014                     /home/uic/hadoop-3.2.1/share/hadoop/hdfs/lib/protobuf-java-2.5.0.jar
7fe85ff3b000-7fe85ff40000 r--s 00047000 08:01 342997                     /home/uic/hadoop-3.2.1/share/hadoop/hdfs/lib/dnsjava-2.1.7.jar
7fe85ff40000-7fe85ff42000 r--s 00006000 08:01 342993                     /home/uic/hadoop-3.2.1/share/hadoop/hdfs/lib/paranamer-2.3.jar
7fe85ff42000-7fe85ff69000 r--s 00205000 08:01 342956                     /home/uic/hadoop-3.2.1/share/hadoop/hdfs/lib/netty-all-4.0.52.Final.jar
7fe85ff69000-7fe85ff6c000 r--s 00019000 08:01 342975                     /home/uic/hadoop-3.2.1/share/hadoop/hdfs/lib/kerb-client-1.0.1.jar
7fe85ff6c000-7fe85ff70000 r--s 00035000 08:01 343033                     /home/uic/hadoop-3.2.1/share/hadoop/hdfs/lib/jackson-core-asl-1.9.13.jar
7fe85ff70000-7fe85ff77000 r--s 00031000 08:01 342971                     /home/uic/hadoop-3.2.1/share/hadoop/hdfs/lib/kerb-core-1.0.1.jar
7fe85ff77000-7fe85ff85000 r--s 000b1000 08:01 342991                     /home/uic/hadoop-3.2.1/share/hadoop/hdfs/lib/jackson-mapper-asl-1.9.13.jar
7fe85ff85000-7fe85ff90000 r--s 00086000 08:01 343026                     /home/uic/hadoop-3.2.1/share/hadoop/hdfs/lib/commons-compress-1.18.jar
7fe85ff90000-7fe85ff92000 r--s 00006000 08:01 342947                     /home/uic/hadoop-3.2.1/share/hadoop/hdfs/lib/kerby-xdr-1.0.1.jar
7fe85ff92000-7fe85ff96000 r--s 0004c000 08:01 343012                     /home/uic/hadoop-3.2.1/share/hadoop/hdfs/lib/jackson-core-2.9.8.jar
7fe85ff96000-7fe85ff9a000 r--s 00025000 08:01 342958                     /home/uic/hadoop-3.2.1/share/hadoop/hdfs/lib/jersey-json-1.19.jar
7fe85ff9a000-7fe85ffaa000 r--s 0009c000 08:01 342981                     /home/uic/hadoop-3.2.1/share/hadoop/hdfs/lib/jersey-server-1.19.jar
7fe85ffaa000-7fe85ffad000 r--s 000fd000 08:01 342955                     /home/uic/hadoop-3.2.1/share/hadoop/hdfs/lib/leveldbjni-all-1.8.jar
7fe85ffad000-7fe85ffb1000 r--s 00029000 08:01 342976                     /home/uic/hadoop-3.2.1/share/hadoop/hdfs/lib/commons-text-1.4.jar
7fe85ffb1000-7fe85ffb3000 r--s 00006000 08:01 342996                     /home/uic/hadoop-3.2.1/share/hadoop/hdfs/lib/kerby-config-1.0.1.jar
7fe85ffb3000-7fe85ffb4000 r--s 00000000 08:01 342968                     /home/uic/hadoop-3.2.1/share/hadoop/hdfs/lib/animal-sniffer-annotations-1.17.jar
7fe85ffb4000-7fe85ffbc000 r--s 00078000 08:01 342999                     /home/uic/hadoop-3.2.1/share/hadoop/hdfs/lib/jetty-server-9.3.24.v20180605.jar
7fe85ffbc000-7fe85ffc9000 r--s 000af000 08:01 342995                     /home/uic/hadoop-3.2.1/share/hadoop/hdfs/lib/httpclient-4.5.6.jar
7fe85ffc9000-7fe85ffca000 r--s 00004000 08:01 343009                     /home/uic/hadoop-3.2.1/share/hadoop/hdfs/lib/audience-annotations-0.5.0.jar
7fe85ffca000-7fe85ffdd000 r--s 000c7000 08:01 343000                     /home/uic/hadoop-3.2.1/share/hadoop/hdfs/lib/jaxb-impl-2.2.3-1.jar
7fe85ffdd000-7fe85ffe4000 r--s 0004b000 08:01 343010                     /home/uic/hadoop-3.2.1/share/hadoop/hdfs/lib/commons-codec-1.11.jar
7fe85ffe4000-7fe85fffd000 r--s 0012c000 08:01 343038                     /home/uic/hadoop-3.2.1/share/hadoop/hdfs/lib/netty-3.10.5.Final.jar
7fe85fffd000-7fe860000000 r--s 0001a000 08:01 343177                     /home/uic/hadoop-3.2.1/share/hadoop/yarn/hadoop-yarn-submarine-3.2.1.jar
7fe860000000-7fe8604b6000 rw-p 00000000 00:00 0 
7fe8604b6000-7fe864000000 ---p 00000000 00:00 0 
7fe864000000-7fe864021000 rw-p 00000000 00:00 0 
7fe864021000-7fe868000000 ---p 00000000 00:00 0 
7fe868000000-7fe868021000 rw-p 00000000 00:00 0 
7fe868021000-7fe86c000000 ---p 00000000 00:00 0 
7fe86c000000-7fe86caff000 rw-p 00000000 00:00 0 
7fe86caff000-7fe870000000 ---p 00000000 00:00 0 
7fe870000000-7fe870021000 rw-p 00000000 00:00 0 
7fe870021000-7fe874000000 ---p 00000000 00:00 0 
7fe874000000-7fe874021000 rw-p 00000000 00:00 0 
7fe874021000-7fe878000000 ---p 00000000 00:00 0 
7fe878000000-7fe878021000 rw-p 00000000 00:00 0 
7fe878021000-7fe87c000000 ---p 00000000 00:00 0 
7fe87c000000-7fe87c021000 rw-p 00000000 00:00 0 
7fe87c021000-7fe880000000 ---p 00000000 00:00 0 
7fe880000000-7fe880002000 r--s 0000f000 08:01 343030                     /home/uic/hadoop-3.2.1/share/hadoop/hdfs/lib/okio-1.6.0.jar
7fe880002000-7fe880026000 r--s 0020a000 08:01 343262                     /home/uic/hadoop-3.2.1/share/hadoop/yarn/hadoop-yarn-server-resourcemanager-3.2.1.jar
7fe880026000-7fe880028000 r--s 00012000 08:01 343264                     /home/uic/hadoop-3.2.1/share/hadoop/yarn/hadoop-yarn-server-web-proxy-3.2.1.jar
7fe880028000-7fe88002a000 r--s 0001a000 08:01 343265                     /home/uic/hadoop-3.2.1/share/hadoop/yarn/hadoop-yarn-applications-distributedshell-3.2.1.jar
7fe88002a000-7fe88002f000 r--s 00043000 08:01 343307                     /home/uic/hadoop-3.2.1/share/hadoop/yarn/hadoop-yarn-server-applicationhistoryservice-3.2.1.jar
7fe88002f000-7fe880034000 r--s 00033000 08:01 343284                     /home/uic/hadoop-3.2.1/share/hadoop/yarn/hadoop-yarn-registry-3.2.1.jar
7fe880034000-7fe880037000 r--s 00024000 08:01 343259                     /home/uic/hadoop-3.2.1/share/hadoop/yarn/hadoop-yarn-server-router-3.2.1.jar
7fe880037000-7fe880039000 r--s 00015000 08:01 343210                     /home/uic/hadoop-3.2.1/share/hadoop/yarn/hadoop-yarn-server-timeline-pluginstorage-3.2.1.jar
7fe880039000-7fe88003c000 r--s 00015000 08:01 343209                     /home/uic/hadoop-3.2.1/share/hadoop/yarn/hadoop-yarn-server-sharedcachemanager-3.2.1.jar
7fe88003c000-7fe88003d000 r--s 0000d000 08:01 343212                     /home/uic/hadoop-3.2.1/share/hadoop/yarn/hadoop-yarn-applications-unmanaged-am-launcher-3.2.1.jar
7fe88003d000-7fe880047000 r--s 00091000 08:01 343213                     /home/uic/hadoop-3.2.1/share/hadoop/yarn/hadoop-yarn-services-core-3.2.1.jar
7fe880047000-7fe88004b000 r--s 0004b000 08:01 343260                     /home/uic/hadoop-3.2.1/share/hadoop/yarn/hadoop-yarn-client-3.2.1.jar
7fe88004b000-7fe880063000 r--s 00137000 08:01 343176                     /home/uic/hadoop-3.2.1/share/hadoop/yarn/hadoop-yarn-server-nodemanager-3.2.1.jar
7fe880063000-7fe880087000 r--s 002a5000 08:01 343211                     /home/uic/hadoop-3.2.1/share/hadoop/yarn/hadoop-yarn-common-3.2.1.jar
7fe880087000-7fe88009f000 r--s 0013d000 08:01 343282                     /home/uic/hadoop-3.2.1/share/hadoop/yarn/hadoop-yarn-server-common-3.2.1.jar
7fe88009f000-7fe8800a1000 r--s 00019000 08:01 343281                     /home/uic/hadoop-3.2.1/share/hadoop/yarn/hadoop-yarn-services-api-3.2.1.jar
7fe8800a1000-7fe8800ce000 r--s 002f6000 08:01 343283                     /home/uic/hadoop-3.2.1/share/hadoop/yarn/hadoop-yarn-api-3.2.1.jar
7fe8800ce000-7fe880126000 r--s 003a7000 08:01 343296                     /home/uic/hadoop-3.2.1/share/hadoop/yarn/lib/bcprov-jdk15on-1.60.jar
7fe880126000-7fe880128000 r--s 00000000 08:01 343285                     /home/uic/hadoop-3.2.1/share/hadoop/yarn/lib/aopalliance-1.0.jar
7fe880128000-7fe88012b000 r--s 0000b000 08:01 343300                     /home/uic/hadoop-3.2.1/share/hadoop/yarn/lib/geronimo-jcache_1.0_spec-1.0-alpha-1.jar
7fe88012b000-7fe880151000 r--s 00180000 08:01 343302                     /home/uic/hadoop-3.2.1/share/hadoop/yarn/lib/ehcache-3.3.1.jar
7fe880151000-7fe880154000 r--s 0001e000 08:01 343293                     /home/uic/hadoop-3.2.1/share/hadoop/yarn/lib/jersey-client-1.19.jar
7fe880154000-7fe880155000 ---p 00000000 00:00 0 
7fe880155000-7fe880255000 rw-p 00000000 00:00 0 
7fe880255000-7fe880258000 ---p 00000000 00:00 0 
7fe880258000-7fe880356000 rw-p 00000000 00:00 0 
7fe880356000-7fe880357000 ---p 00000000 00:00 0 
7fe880357000-7fe88035a000 ---p 00000000 00:00 0 
7fe88035a000-7fe880457000 rw-p 00000000 00:00 0 
7fe880457000-7fe880458000 ---p 00000000 00:00 0 
7fe880458000-7fe88045b000 ---p 00000000 00:00 0 
7fe88045b000-7fe880558000 rw-p 00000000 00:00 0 
7fe880558000-7fe88055b000 ---p 00000000 00:00 0 
7fe88055b000-7fe880659000 rw-p 00000000 00:00 0 
7fe880659000-7fe8807cc000 r--p 00000000 08:01 7800                       /usr/lib/locale/C.UTF-8/LC_COLLATE
7fe8807cc000-7fe880967000 r--p 00000000 08:01 7795                       /usr/lib/locale/locale-archive
7fe880967000-7fe88096a000 ---p 00000000 00:00 0 
7fe88096a000-7fe880a68000 rw-p 00000000 00:00 0 
7fe880a68000-7fe880a6b000 ---p 00000000 00:00 0 
7fe880a6b000-7fe880b69000 rw-p 00000000 00:00 0 
7fe880b69000-7fe880b6a000 ---p 00000000 00:00 0 
7fe880b6a000-7fe881573000 rw-p 00000000 00:00 0 
7fe881573000-7fe881743000 r--s 03c5c000 08:01 280399                     /usr/lib/jvm/java-8-openjdk-amd64/jre/lib/rt.jar
7fe881743000-7fe884000000 rw-p 00000000 00:00 0 
7fe884000000-7fe884029000 rw-p 00000000 00:00 0 
7fe884029000-7fe888000000 ---p 00000000 00:00 0 
7fe888000000-7fe888001000 r--s 00003000 08:01 343292                     /home/uic/hadoop-3.2.1/share/hadoop/yarn/lib/jackson-jaxrs-json-provider-2.9.8.jar
7fe888001000-7fe888002000 r--s 00007000 08:01 343306                     /home/uic/hadoop-3.2.1/share/hadoop/yarn/lib/jackson-module-jaxb-annotations-2.9.8.jar
7fe888002000-7fe88800b000 r--s 000b9000 08:01 343304                     /home/uic/hadoop-3.2.1/share/hadoop/yarn/lib/mssql-jdbc-6.2.1.jre7.jar
7fe88800b000-7fe88800d000 r--s 00005000 08:01 343297                     /home/uic/hadoop-3.2.1/share/hadoop/yarn/lib/objenesis-1.0.jar
7fe88800d000-7fe88800e000 r--s 00007000 08:01 343286                     /home/uic/hadoop-3.2.1/share/hadoop/yarn/lib/jackson-jaxrs-base-2.9.8.jar
7fe88800e000-7fe88800f000 r--s 00003000 08:01 343294                     /home/uic/hadoop-3.2.1/share/hadoop/yarn/lib/swagger-annotations-1.5.4.jar
7fe88800f000-7fe888022000 r--s 000b0000 08:01 343290                     /home/uic/hadoop-3.2.1/share/hadoop/yarn/lib/bcpkix-jdk15on-1.60.jar
7fe888022000-7fe888024000 r--s 00011000 08:01 343295                     /home/uic/hadoop-3.2.1/share/hadoop/yarn/lib/guice-servlet-4.0.jar
7fe888024000-7fe888028000 r--s 0001e000 08:01 343303                     /home/uic/hadoop-3.2.1/share/hadoop/yarn/lib/metrics-core-3.2.4.jar
7fe888028000-7fe888029000 r--s 00000000 08:01 343298                     /home/uic/hadoop-3.2.1/share/hadoop/yarn/lib/javax.inject-1.jar
7fe888029000-7fe888037000 r--s 00096000 08:01 343305                     /home/uic/hadoop-3.2.1/share/hadoop/yarn/lib/guice-4.0.jar
7fe888037000-7fe88803e000 r--s 00058000 08:01 343301                     /home/uic/hadoop-3.2.1/share/hadoop/yarn/lib/fst-2.50.jar
7fe88803e000-7fe888041000 r--s 0001e000 08:01 343289                     /home/uic/hadoop-3.2.1/share/hadoop/yarn/lib/HikariCP-java7-2.4.12.jar
7fe888041000-7fe888043000 r--s 00011000 08:01 343291                     /home/uic/hadoop-3.2.1/share/hadoop/yarn/lib/json-io-2.5.1.jar
7fe888043000-7fe888049000 r--s 0003c000 08:01 343288                     /home/uic/hadoop-3.2.1/share/hadoop/yarn/lib/snakeyaml-1.16.jar
7fe888049000-7fe88804b000 r--s 0000d000 08:01 343287                     /home/uic/hadoop-3.2.1/share/hadoop/yarn/lib/java-util-1.9.0.jar
7fe88804b000-7fe88804c000 r--s 00003000 08:01 343299                     /home/uic/hadoop-3.2.1/share/hadoop/yarn/lib/jersey-guice-1.19.jar
7fe88804c000-7fe88804e000 r--s 00007000 08:01 34299                      /usr/share/java/java-atk-wrapper.jar
7fe88804e000-7fe888050000 r--s 00001000 08:01 280371                     /usr/lib/jvm/java-8-openjdk-amd64/jre/lib/ext/dnsns.jar
7fe888050000-7fe888051000 r--s 0000a000 08:01 280373                     /usr/lib/jvm/java-8-openjdk-amd64/jre/lib/ext/jaccess.jar
7fe888051000-7fe888052000 r--s 00010000 08:01 280379                     /usr/lib/jvm/java-8-openjdk-amd64/jre/lib/ext/zipfs.jar
7fe888052000-7fe88806d000 r--s 001d6000 08:01 280375                     /usr/lib/jvm/java-8-openjdk-amd64/jre/lib/ext/nashorn.jar
7fe88806d000-7fe888077000 r--s 00116000 08:01 280374                     /usr/lib/jvm/java-8-openjdk-amd64/jre/lib/ext/localedata.jar
7fe888077000-7fe888078000 r--s 0000d000 08:01 280376                     /usr/lib/jvm/java-8-openjdk-amd64/jre/lib/ext/sunec.jar
7fe888078000-7fe888093000 r--s 00394000 08:01 280370                     /usr/lib/jvm/java-8-openjdk-amd64/jre/lib/ext/cldrdata.jar
7fe888093000-7fe888096000 r--s 00039000 08:01 280378                     /usr/lib/jvm/java-8-openjdk-amd64/jre/lib/ext/sunpkcs11.jar
7fe888096000-7fe88809b000 r--s 0003c000 08:01 280377                     /usr/lib/jvm/java-8-openjdk-amd64/jre/lib/ext/sunjce_provider.jar
7fe88809b000-7fe88809e000 r--s 0000f000 08:01 280372                     /usr/lib/jvm/java-8-openjdk-amd64/jre/lib/ext/icedtea-sound.jar
7fe88809e000-7fe8880cf000 r--p 00000000 08:01 7801                       /usr/lib/locale/C.UTF-8/LC_CTYPE
7fe8880cf000-7fe8880d0000 r--p 00000000 08:01 7806                       /usr/lib/locale/C.UTF-8/LC_NUMERIC
7fe8880d0000-7fe8880d1000 r--p 00000000 08:01 7809                       /usr/lib/locale/C.UTF-8/LC_TIME
7fe8880d1000-7fe8880d2000 r--p 00000000 08:01 7804                       /usr/lib/locale/C.UTF-8/LC_MONETARY
7fe8880d2000-7fe8880d3000 ---p 00000000 00:00 0 
7fe8880d3000-7fe8881d3000 rw-p 00000000 00:00 0 
7fe8881d3000-7fe8881d4000 ---p 00000000 00:00 0 
7fe8881d4000-7fe88832e000 rw-p 00000000 00:00 0 
7fe88832e000-7fe88841d000 ---p 00000000 00:00 0 
7fe88841d000-7fe888477000 rw-p 00000000 00:00 0 
7fe888477000-7fe888565000 ---p 00000000 00:00 0 
7fe888565000-7fe8885d3000 rw-p 00000000 00:00 0 
7fe8885d3000-7fe88860a000 ---p 00000000 00:00 0 
7fe88860a000-7fe888629000 rw-p 00000000 00:00 0 
7fe888629000-7fe8889cb000 ---p 00000000 00:00 0 
7fe8889cb000-7fe88914b000 rwxp 00000000 00:00 0 
7fe88914b000-7fe8979cb000 ---p 00000000 00:00 0 
7fe8979cb000-7fe8979d3000 r-xp 00000000 08:01 280356                     /usr/lib/jvm/java-8-openjdk-amd64/jre/lib/amd64/libzip.so
7fe8979d3000-7fe897bd2000 ---p 00008000 08:01 280356                     /usr/lib/jvm/java-8-openjdk-amd64/jre/lib/amd64/libzip.so
7fe897bd2000-7fe897bd3000 r--p 00007000 08:01 280356                     /usr/lib/jvm/java-8-openjdk-amd64/jre/lib/amd64/libzip.so
7fe897bd3000-7fe897bd4000 rw-p 00008000 08:01 280356                     /usr/lib/jvm/java-8-openjdk-amd64/jre/lib/amd64/libzip.so
7fe897bd4000-7fe897bdf000 r-xp 00000000 08:01 2093                       /lib/x86_64-linux-gnu/libnss_files-2.27.so
7fe897bdf000-7fe897dde000 ---p 0000b000 08:01 2093                       /lib/x86_64-linux-gnu/libnss_files-2.27.so
7fe897dde000-7fe897ddf000 r--p 0000a000 08:01 2093                       /lib/x86_64-linux-gnu/libnss_files-2.27.so
7fe897ddf000-7fe897de0000 rw-p 0000b000 08:01 2093                       /lib/x86_64-linux-gnu/libnss_files-2.27.so
7fe897de0000-7fe897de6000 rw-p 00000000 00:00 0 
7fe897de6000-7fe897dfd000 r-xp 00000000 08:01 2090                       /lib/x86_64-linux-gnu/libnsl-2.27.so
7fe897dfd000-7fe897ffc000 ---p 00017000 08:01 2090                       /lib/x86_64-linux-gnu/libnsl-2.27.so
7fe897ffc000-7fe897ffd000 r--p 00016000 08:01 2090                       /lib/x86_64-linux-gnu/libnsl-2.27.so
7fe897ffd000-7fe897ffe000 rw-p 00017000 08:01 2090                       /lib/x86_64-linux-gnu/libnsl-2.27.so
7fe897ffe000-7fe898000000 rw-p 00000000 00:00 0 
7fe898000000-7fe89929a000 rw-p 00000000 00:00 0 
7fe89929a000-7fe89c000000 ---p 00000000 00:00 0 
7fe89c000000-7fe89c001000 r--p 00000000 08:01 7798                       /usr/lib/locale/C.UTF-8/LC_MESSAGES/SYS_LC_MESSAGES
7fe89c001000-7fe89c002000 r--p 00000000 08:01 7807                       /usr/lib/locale/C.UTF-8/LC_PAPER
7fe89c002000-7fe89c0db000 rw-p 00000000 00:00 0 
7fe89c0db000-7fe89c0e6000 r-xp 00000000 08:01 2095                       /lib/x86_64-linux-gnu/libnss_nis-2.27.so
7fe89c0e6000-7fe89c2e5000 ---p 0000b000 08:01 2095                       /lib/x86_64-linux-gnu/libnss_nis-2.27.so
7fe89c2e5000-7fe89c2e6000 r--p 0000a000 08:01 2095                       /lib/x86_64-linux-gnu/libnss_nis-2.27.so
7fe89c2e6000-7fe89c2e7000 rw-p 0000b000 08:01 2095                       /lib/x86_64-linux-gnu/libnss_nis-2.27.so
7fe89c2e7000-7fe89c2ef000 r-xp 00000000 08:01 2091                       /lib/x86_64-linux-gnu/libnss_compat-2.27.so
7fe89c2ef000-7fe89c4ef000 ---p 00008000 08:01 2091                       /lib/x86_64-linux-gnu/libnss_compat-2.27.so
7fe89c4ef000-7fe89c4f0000 r--p 00008000 08:01 2091                       /lib/x86_64-linux-gnu/libnss_compat-2.27.so
7fe89c4f0000-7fe89c4f1000 rw-p 00009000 08:01 2091                       /lib/x86_64-linux-gnu/libnss_compat-2.27.so
7fe89c4f1000-7fe89c51b000 r-xp 00000000 08:01 280337                     /usr/lib/jvm/java-8-openjdk-amd64/jre/lib/amd64/libjava.so
7fe89c51b000-7fe89c71a000 ---p 0002a000 08:01 280337                     /usr/lib/jvm/java-8-openjdk-amd64/jre/lib/amd64/libjava.so
7fe89c71a000-7fe89c71b000 r--p 00029000 08:01 280337                     /usr/lib/jvm/java-8-openjdk-amd64/jre/lib/amd64/libjava.so
7fe89c71b000-7fe89c71d000 rw-p 0002a000 08:01 280337                     /usr/lib/jvm/java-8-openjdk-amd64/jre/lib/amd64/libjava.so
7fe89c71d000-7fe89c72d000 r-xp 00000000 08:01 280355                     /usr/lib/jvm/java-8-openjdk-amd64/jre/lib/amd64/libverify.so
7fe89c72d000-7fe89c92c000 ---p 00010000 08:01 280355                     /usr/lib/jvm/java-8-openjdk-amd64/jre/lib/amd64/libverify.so
7fe89c92c000-7fe89c92e000 r--p 0000f000 08:01 280355                     /usr/lib/jvm/java-8-openjdk-amd64/jre/lib/amd64/libverify.so
7fe89c92e000-7fe89c92f000 rw-p 00011000 08:01 280355                     /usr/lib/jvm/java-8-openjdk-amd64/jre/lib/amd64/libverify.so
7fe89c92f000-7fe89c936000 r-xp 00000000 08:01 2180                       /lib/x86_64-linux-gnu/librt-2.27.so
7fe89c936000-7fe89cb35000 ---p 00007000 08:01 2180                       /lib/x86_64-linux-gnu/librt-2.27.so
7fe89cb35000-7fe89cb36000 r--p 00006000 08:01 2180                       /lib/x86_64-linux-gnu/librt-2.27.so
7fe89cb36000-7fe89cb37000 rw-p 00007000 08:01 2180                       /lib/x86_64-linux-gnu/librt-2.27.so
7fe89cb37000-7fe89cb4e000 r-xp 00000000 08:01 2096                       /lib/x86_64-linux-gnu/libgcc_s.so.1
7fe89cb4e000-7fe89cd4d000 ---p 00017000 08:01 2096                       /lib/x86_64-linux-gnu/libgcc_s.so.1
7fe89cd4d000-7fe89cd4e000 r--p 00016000 08:01 2096                       /lib/x86_64-linux-gnu/libgcc_s.so.1
7fe89cd4e000-7fe89cd4f000 rw-p 00017000 08:01 2096                       /lib/x86_64-linux-gnu/libgcc_s.so.1
7fe89cd4f000-7fe89ceec000 r-xp 00000000 08:01 2087                       /lib/x86_64-linux-gnu/libm-2.27.so
7fe89ceec000-7fe89d0eb000 ---p 0019d000 08:01 2087                       /lib/x86_64-linux-gnu/libm-2.27.so
7fe89d0eb000-7fe89d0ec000 r--p 0019c000 08:01 2087                       /lib/x86_64-linux-gnu/libm-2.27.so
7fe89d0ec000-7fe89d0ed000 rw-p 0019d000 08:01 2087                       /lib/x86_64-linux-gnu/libm-2.27.so
7fe89d0ed000-7fe89d266000 r-xp 00000000 08:01 5016                       /usr/lib/x86_64-linux-gnu/libstdc++.so.6.0.25
7fe89d266000-7fe89d466000 ---p 00179000 08:01 5016                       /usr/lib/x86_64-linux-gnu/libstdc++.so.6.0.25
7fe89d466000-7fe89d470000 r--p 00179000 08:01 5016                       /usr/lib/x86_64-linux-gnu/libstdc++.so.6.0.25
7fe89d470000-7fe89d472000 rw-p 00183000 08:01 5016                       /usr/lib/x86_64-linux-gnu/libstdc++.so.6.0.25
7fe89d472000-7fe89d476000 rw-p 00000000 00:00 0 
7fe89d476000-7fe89e115000 r-xp 00000000 08:01 280359                     /usr/lib/jvm/java-8-openjdk-amd64/jre/lib/amd64/server/libjvm.so
7fe89e115000-7fe89e315000 ---p 00c9f000 08:01 280359                     /usr/lib/jvm/java-8-openjdk-amd64/jre/lib/amd64/server/libjvm.so
7fe89e315000-7fe89e3a9000 r--p 00c9f000 08:01 280359                     /usr/lib/jvm/java-8-openjdk-amd64/jre/lib/amd64/server/libjvm.so
7fe89e3a9000-7fe89e3d2000 rw-p 00d33000 08:01 280359                     /usr/lib/jvm/java-8-openjdk-amd64/jre/lib/amd64/server/libjvm.so
7fe89e3d2000-7fe89e402000 rw-p 00000000 00:00 0 
7fe89e402000-7fe89e41c000 r-xp 00000000 08:01 2178                       /lib/x86_64-linux-gnu/libpthread-2.27.so
7fe89e41c000-7fe89e61b000 ---p 0001a000 08:01 2178                       /lib/x86_64-linux-gnu/libpthread-2.27.so
7fe89e61b000-7fe89e61c000 r--p 00019000 08:01 2178                       /lib/x86_64-linux-gnu/libpthread-2.27.so
7fe89e61c000-7fe89e61d000 rw-p 0001a000 08:01 2178                       /lib/x86_64-linux-gnu/libpthread-2.27.so
7fe89e61d000-7fe89e621000 rw-p 00000000 00:00 0 
7fe89e621000-7fe89e624000 r-xp 00000000 08:01 2086                       /lib/x86_64-linux-gnu/libdl-2.27.so
7fe89e624000-7fe89e823000 ---p 00003000 08:01 2086                       /lib/x86_64-linux-gnu/libdl-2.27.so
7fe89e823000-7fe89e824000 r--p 00002000 08:01 2086                       /lib/x86_64-linux-gnu/libdl-2.27.so
7fe89e824000-7fe89e825000 rw-p 00003000 08:01 2086                       /lib/x86_64-linux-gnu/libdl-2.27.so
7fe89e825000-7fe89e841000 r-xp 00000000 08:01 2183                       /lib/x86_64-linux-gnu/libz.so.1.2.11
7fe89e841000-7fe89ea40000 ---p 0001c000 08:01 2183                       /lib/x86_64-linux-gnu/libz.so.1.2.11
7fe89ea40000-7fe89ea41000 r--p 0001b000 08:01 2183                       /lib/x86_64-linux-gnu/libz.so.1.2.11
7fe89ea41000-7fe89ea42000 rw-p 0001c000 08:01 2183                       /lib/x86_64-linux-gnu/libz.so.1.2.11
7fe89ea42000-7fe89ec29000 r-xp 00000000 08:01 2083                       /lib/x86_64-linux-gnu/libc-2.27.so
7fe89ec29000-7fe89ee29000 ---p 001e7000 08:01 2083                       /lib/x86_64-linux-gnu/libc-2.27.so
7fe89ee29000-7fe89ee2d000 r--p 001e7000 08:01 2083                       /lib/x86_64-linux-gnu/libc-2.27.so
7fe89ee2d000-7fe89ee2f000 rw-p 001eb000 08:01 2083                       /lib/x86_64-linux-gnu/libc-2.27.so
7fe89ee2f000-7fe89ee33000 rw-p 00000000 00:00 0 
7fe89ee33000-7fe89ee41000 r-xp 00000000 08:01 280323                     /usr/lib/jvm/java-8-openjdk-amd64/jre/lib/amd64/jli/libjli.so
7fe89ee41000-7fe89f040000 ---p 0000e000 08:01 280323                     /usr/lib/jvm/java-8-openjdk-amd64/jre/lib/amd64/jli/libjli.so
7fe89f040000-7fe89f041000 r--p 0000d000 08:01 280323                     /usr/lib/jvm/java-8-openjdk-amd64/jre/lib/amd64/jli/libjli.so
7fe89f041000-7fe89f042000 rw-p 0000e000 08:01 280323                     /usr/lib/jvm/java-8-openjdk-amd64/jre/lib/amd64/jli/libjli.so
7fe89f042000-7fe89f069000 r-xp 00000000 08:01 2079                       /lib/x86_64-linux-gnu/ld-2.27.so
7fe89f069000-7fe89f14e000 rw-p 00000000 00:00 0 
7fe89f14e000-7fe89f14f000 ---p 00000000 00:00 0 
7fe89f14f000-7fe89f152000 ---p 00000000 00:00 0 
7fe89f152000-7fe89f251000 rw-p 00000000 00:00 0 
7fe89f251000-7fe89f252000 r--p 00000000 08:01 7805                       /usr/lib/locale/C.UTF-8/LC_NAME
7fe89f252000-7fe89f253000 r--p 00000000 08:01 7799                       /usr/lib/locale/C.UTF-8/LC_ADDRESS
7fe89f253000-7fe89f254000 r--p 00000000 08:01 7808                       /usr/lib/locale/C.UTF-8/LC_TELEPHONE
7fe89f254000-7fe89f255000 r--p 00000000 08:01 7803                       /usr/lib/locale/C.UTF-8/LC_MEASUREMENT
7fe89f255000-7fe89f25c000 r--s 00000000 08:01 5009                       /usr/lib/x86_64-linux-gnu/gconv/gconv-modules.cache
7fe89f25c000-7fe89f25d000 r--p 00000000 08:01 7802                       /usr/lib/locale/C.UTF-8/LC_IDENTIFICATION
7fe89f25d000-7fe89f265000 rw-s 00000000 08:01 2002                       /tmp/hsperfdata_uic/1174
7fe89f265000-7fe89f266000 rw-p 00000000 00:00 0 
7fe89f266000-7fe89f267000 ---p 00000000 00:00 0 
7fe89f267000-7fe89f269000 rw-p 00000000 00:00 0 
7fe89f269000-7fe89f26a000 r--p 00027000 08:01 2079                       /lib/x86_64-linux-gnu/ld-2.27.so
7fe89f26a000-7fe89f26b000 rw-p 00028000 08:01 2079                       /lib/x86_64-linux-gnu/ld-2.27.so
7fe89f26b000-7fe89f26c000 rw-p 00000000 00:00 0 
7ffdd3af4000-7ffdd3b19000 rw-p 00000000 00:00 0                          [stack]
7ffdd3b44000-7ffdd3b47000 r--p 00000000 00:00 0                          [vvar]
7ffdd3b47000-7ffdd3b49000 r-xp 00000000 00:00 0                          [vdso]
ffffffffff600000-ffffffffff601000 r-xp 00000000 00:00 0                  [vsyscall]

VM Arguments:
jvm_args: -Dfile.encoding=UTF-8 
java_command: wordcount.wordcount hdfs:arrow4g:9000/data/wordcount hdfs://arrow4g:9000/data/eclipse-wordcount-output
java_class_path (initial): /home/uic/eclipse-workspace/wordcount/bin:/home/uic/hadoop-3.2.1/share/hadoop/yarn/lib/jersey-guice-1.19.jar:/home/uic/hadoop-3.2.1/share/hadoop/yarn/lib/java-util-1.9.0.jar:/home/uic/hadoop-3.2.1/share/hadoop/yarn/lib/snakeyaml-1.16.jar:/home/uic/hadoop-3.2.1/share/hadoop/yarn/lib/json-io-2.5.1.jar:/home/uic/hadoop-3.2.1/share/hadoop/yarn/lib/HikariCP-java7-2.4.12.jar:/home/uic/hadoop-3.2.1/share/hadoop/yarn/lib/fst-2.50.jar:/home/uic/hadoop-3.2.1/share/hadoop/yarn/lib/guice-4.0.jar:/home/uic/hadoop-3.2.1/share/hadoop/yarn/lib/javax.inject-1.jar:/home/uic/hadoop-3.2.1/share/hadoop/yarn/lib/metrics-core-3.2.4.jar:/home/uic/hadoop-3.2.1/share/hadoop/yarn/lib/guice-servlet-4.0.jar:/home/uic/hadoop-3.2.1/share/hadoop/yarn/lib/bcpkix-jdk15on-1.60.jar:/home/uic/hadoop-3.2.1/share/hadoop/yarn/lib/swagger-annotations-1.5.4.jar:/home/uic/hadoop-3.2.1/share/hadoop/yarn/lib/jackson-jaxrs-base-2.9.8.jar:/home/uic/hadoop-3.2.1/share/hadoop/yarn/lib/objenesis-1.0.jar:/home/uic/hadoop-3.2.1/share/hadoop/yarn/lib/mssql-jdbc-6.2.1.jre7.jar:/home/uic/hadoop-3.2.1/share/hadoop/yarn/lib/jackson-module-jaxb-annotations-2.9.8.jar:/home/uic/hadoop-3.2.1/share/hadoop/yarn/lib/jersey-client-1.19.jar:/home/uic/hadoop-3.2.1/share/hadoop/yarn/lib/jackson-jaxrs-json-provider-2.9.8.jar:/home/uic/hadoop-3.2.1/share/hadoop/yarn/lib/ehcache-3.3.1.jar:/home/uic/hadoop-3.2.1/share/hadoop/yarn/lib/geronimo-jcache_1.0_spec-1.0-alpha-1.jar:/home/uic/hadoop-3.2.1/share/hadoop/yarn/lib/aopalliance-1.0.jar:/home/uic/hadoop-3.2.1/share/hadoop/yarn/lib/bcprov-jdk15on-1.60.jar:/home/uic/hadoop-3.2.1/share/hadoop/yarn/hadoop-yarn-api-3.2.1.jar:/home/uic/hadoop-3.2.1/share/hadoop/yarn/hadoop-yarn-services-api-3.2.1.jar:/home/uic/hadoop-3.2.1/share/hadoop/yarn/hadoop-yarn-server-common-3.2.1.jar:/home/uic/hadoop-3.2.1/share/hadoop/yarn/hadoop-yarn-common-3.2.1.jar:/home/uic/hadoop-3.2.1/share/hadoop/yarn/hadoop-yarn-server-nodemanager-3.2.1.jar:/home/uic/hadoop-3.2.1/share/hadoop/ya
Launcher Type: SUN_STANDARD

Environment Variables:
JAVA_HOME=/usr/lib/jvm/java-8-openjdk-amd64/
PATH=:/home/uic/hadoop-3.2.1/bin:/home/uic/hadoop-3.2.1/sbin::/home/uic/hadoop-3.2.1/bin:/home/uic/hadoop-3.2.1/sbin:/sbin:/bin:/usr/bin:/usr/local/bin:/snap/bin:/usr/lib/jvm/java-8-openjdk-amd64//bin:/usr/lib/jvm/java-8-openjdk-amd64//bin
SHELL=/bin/bash
DISPLAY=:10.0

Signal Handlers:
SIGSEGV: [libjvm.so+0xab92f0], sa_mask[0]=11111111011111111101111111111110, sa_flags=SA_RESTART|SA_SIGINFO
SIGBUS: [libjvm.so+0xab92f0], sa_mask[0]=11111111011111111101111111111110, sa_flags=SA_RESTART|SA_SIGINFO
SIGFPE: [libjvm.so+0x8ee560], sa_mask[0]=11111111011111111101111111111110, sa_flags=SA_RESTART|SA_SIGINFO
SIGPIPE: [libjvm.so+0x8ee560], sa_mask[0]=11111111011111111101111111111110, sa_flags=SA_RESTART|SA_SIGINFO
SIGXFSZ: [libjvm.so+0x8ee560], sa_mask[0]=11111111011111111101111111111110, sa_flags=SA_RESTART|SA_SIGINFO
SIGILL: [libjvm.so+0x8ee560], sa_mask[0]=11111111011111111101111111111110, sa_flags=SA_RESTART|SA_SIGINFO
SIGUSR1: SIG_DFL, sa_mask[0]=00000000000000000000000000000000, sa_flags=none
SIGUSR2: [libjvm.so+0x8ee410], sa_mask[0]=00100000000000000000000000000000, sa_flags=SA_RESTART|SA_SIGINFO
SIGHUP: [libjvm.so+0x8eea80], sa_mask[0]=11111111011111111101111111111110, sa_flags=SA_RESTART|SA_SIGINFO
SIGINT: [libjvm.so+0x8eea80], sa_mask[0]=11111111011111111101111111111110, sa_flags=SA_RESTART|SA_SIGINFO
SIGTERM: [libjvm.so+0x8eea80], sa_mask[0]=11111111011111111101111111111110, sa_flags=SA_RESTART|SA_SIGINFO
SIGQUIT: [libjvm.so+0x8eea80], sa_mask[0]=11111111011111111101111111111110, sa_flags=SA_RESTART|SA_SIGINFO


---------------  S Y S T E M  ---------------

OS:DISTRIB_ID=Ubuntu
DISTRIB_RELEASE=18.04
DISTRIB_CODENAME=bionic
DISTRIB_DESCRIPTION="Ubuntu 18.04.3 LTS"

uname:Linux 4.15.0-65-generic #74-Ubuntu SMP Tue Sep 17 17:06:04 UTC 2019 x86_64
libc:glibc 2.27 NPTL 2.27 
rlimit: STACK 8192k, CORE 0k, NPROC 15641, NOFILE 4096, AS infinity
load average:0.77 0.49 0.40

/proc/meminfo:
MemTotal:        4034484 kB
MemFree:          104968 kB
MemAvailable:      41972 kB
Buffers:            1416 kB
Cached:            99688 kB
SwapCached:            0 kB
Active:          3661520 kB
Inactive:          66860 kB
Active(anon):    3628592 kB
Inactive(anon):    24504 kB
Active(file):      32928 kB
Inactive(file):    42356 kB
Unevictable:          96 kB
Mlocked:              96 kB
SwapTotal:             0 kB
SwapFree:              0 kB
Dirty:               388 kB
Writeback:             0 kB
AnonPages:       3627500 kB
Mapped:            96560 kB
Shmem:             25724 kB
Slab:             111588 kB
SReclaimable:      40044 kB
SUnreclaim:        71544 kB
KernelStack:       12880 kB
PageTables:        41408 kB
NFS_Unstable:          0 kB
Bounce:                0 kB
WritebackTmp:          0 kB
CommitLimit:     2017240 kB
Committed_AS:    6533100 kB
VmallocTotal:   34359738367 kB
VmallocUsed:           0 kB
VmallocChunk:          0 kB
HardwareCorrupted:     0 kB
AnonHugePages:         0 kB
ShmemHugePages:        0 kB
ShmemPmdMapped:        0 kB
CmaTotal:              0 kB
CmaFree:               0 kB
HugePages_Total:       0
HugePages_Free:        0
HugePages_Rsvd:        0
HugePages_Surp:        0
Hugepagesize:       2048 kB
DirectMap4k:      139136 kB
DirectMap2M:     4055040 kB

container (cgroup) information:
container_type: cgroupv1
cpu_cpuset_cpus: 0-1
cpu_memory_nodes: 0
active_processor_count: 2
cpu_quota: -1
cpu_period: 100000
cpu_shares: -1
memory_limit_in_bytes: -1
memory_and_swap_limit_in_bytes: -2
memory_soft_limit_in_bytes: -1
memory_usage_in_bytes: 3794145280
memory_max_usage_in_bytes: 3817459712


CPU:total 2 (initial active 2) (1 cores per cpu, 1 threads per core) family 6 model 85 stepping 4, cmov, cx8, fxsr, mmx, sse, sse2, sse3, ssse3, sse4.1, sse4.2, popcnt, avx, aes, clmul, 3dnowpref, tsc, tscinvbit

/proc/cpuinfo:
processor	: 0
vendor_id	: GenuineIntel
cpu family	: 6
model		: 85
model name	: Intel(R) Xeon(R) Gold 6148 CPU @ 2.40GHz
stepping	: 4
microcode	: 0x200005e
cpu MHz		: 2394.375
cache size	: 28160 KB
physical id	: 0
siblings	: 1
core id		: 0
cpu cores	: 1
apicid		: 0
initial apicid	: 0
fpu		: yes
fpu_exception	: yes
cpuid level	: 13
wp		: yes
flags		: fpu vme de pse tsc msr pae mce cx8 apic sep mtrr pge mca cmov pat pse36 clflush dts mmx fxsr sse sse2 ss syscall nx rdtscp lm constant_tsc arch_perfmon pebs bts nopl tsc_reliable nonstop_tsc cpuid pni pclmulqdq ssse3 fma cx16 sse4_1 sse4_2 movbe popcnt aes xsave avx hypervisor lahf_lm 3dnowprefetch pti arat
bugs		: cpu_meltdown spectre_v1 spectre_v2 spec_store_bypass l1tf mds swapgs
bogomips	: 4788.75
clflush size	: 64
cache_alignment	: 64
address sizes	: 40 bits physical, 48 bits virtual
power management:

processor	: 1
vendor_id	: GenuineIntel
cpu family	: 6
model		: 85
model name	: Intel(R) Xeon(R) Gold 6148 CPU @ 2.40GHz
stepping	: 4
microcode	: 0x200005e
cpu MHz		: 2394.375
cache size	: 28160 KB
physical id	: 2
siblings	: 1
core id		: 0
cpu cores	: 1
apicid		: 2
initial apicid	: 2
fpu		: yes
fpu_exception	: yes
cpuid level	: 13
wp		: yes
flags		: fpu vme de pse tsc msr pae mce cx8 apic sep mtrr pge mca cmov pat pse36 clflush dts mmx fxsr sse sse2 ss syscall nx rdtscp lm constant_tsc arch_perfmon pebs bts nopl tsc_reliable nonstop_tsc cpuid pni pclmulqdq ssse3 fma cx16 sse4_1 sse4_2 movbe popcnt aes xsave avx hypervisor lahf_lm 3dnowprefetch pti arat
bugs		: cpu_meltdown spectre_v1 spectre_v2 spec_store_bypass l1tf mds swapgs
bogomips	: 4788.75
clflush size	: 64
cache_alignment	: 64
address sizes	: 40 bits physical, 48 bits virtual
power management:



Memory: 4k page, physical 4034484k(104968k free), swap 0k(0k free)

vm_info: OpenJDK 64-Bit Server VM (25.222-b10) for linux-amd64 JRE (1.8.0_222-8u222-b10-1ubuntu1~18.04.1-b10), built on Jul 18 2019 18:52:48 by "buildd" with gcc 7.4.0

time: Tue Nov  5 11:34:33 2019
timezone: UTC
elapsed time: 6 seconds (0d 0h 0m 6s)

