#
# There is insufficient memory for the Java Runtime Environment to continue.
# Native memory allocation (mmap) failed to map 126353408 bytes for committing reserved memory.
# Possible reasons:
#   The system is out of physical RAM or swap space
#   The process is running with CompressedOops enabled, and the Java Heap may be blocking the growth of the native heap
# Possible solutions:
#   Reduce memory load on the system
#   Increase physical memory or swap space
#   Check if swap backing store is full
#   Decrease Java heap size (-Xmx/-Xms)
#   Decrease number of Java threads
#   Decrease Java thread stack sizes (-Xss)
#   Set larger code cache with -XX:ReservedCodeCacheSize=
#   JVM is running with Unscaled Compressed Oops mode in which the Java heap is
#     placed in the first 4GB address space. The Java Heap base address is the
#     maximum limit for the native heap growth. Please use -XX:HeapBaseMinAddress
#     to set the Java Heap base and to place the Java Heap above 4GB virtual address.
# This output file may be truncated or incomplete.
#
#  Out of Memory Error (os_linux.cpp:2757), pid=24993, tid=0x00007f22cd55e700
#
# JRE version: OpenJDK Runtime Environment (8.0_222-b10) (build 1.8.0_222-8u222-b10-1ubuntu1~18.04.1-b10)
# Java VM: OpenJDK 64-Bit Server VM (25.222-b10 mixed mode linux-amd64 compressed oops)
# Failed to write core dump. Core dumps have been disabled. To enable core dumping, try "ulimit -c unlimited" before starting Java again
#

---------------  T H R E A D  ---------------

Current thread (0x00007f22e007d800):  VMThread [stack: 0x00007f22cd45f000,0x00007f22cd55f000] [id=25003]

Stack: [0x00007f22cd45f000,0x00007f22cd55f000],  sp=0x00007f22cd55d4a0,  free space=1017k
Native frames: (J=compiled Java code, j=interpreted, Vv=VM code, C=native code)
V  [libjvm.so+0xab8992]
V  [libjvm.so+0x4dbfd7]
V  [libjvm.so+0x8f33a0]
V  [libjvm.so+0x8ea46e]
V  [libjvm.so+0x96e106]
V  [libjvm.so+0x96f478]
V  [libjvm.so+0x96ba76]
V  [libjvm.so+0x96be0c]
V  [libjvm.so+0x91a5a8]
V  [libjvm.so+0xaba662]
V  [libjvm.so+0xabf1d6]
V  [libjvm.so+0xabd4d5]
V  [libjvm.so+0xabddad]
V  [libjvm.so+0xabe1b8]
V  [libjvm.so+0x8f0732]

VM_Operation (0x00007f22a6b93840): ParallelGCFailedAllocation, mode: safepoint, requested by thread 0x00007f229c01f000


---------------  P R O C E S S  ---------------

Java Threads: ( => current thread )
  0x00007f22a0034800 JavaThread "SpillThread" daemon [_thread_blocked, id=25064, stack(0x00007f22a5f63000,0x00007f22a6064000)]
  0x00007f22a0017000 JavaThread "communication thread" daemon [_thread_blocked, id=25059, stack(0x00007f22a6064000,0x00007f22a6165000)]
  0x00007f229c01f000 JavaThread "LocalJobRunner Map Task Executor #0" [_thread_blocked, id=25058, stack(0x00007f22a6a97000,0x00007f22a6b98000)]
  0x00007f22e1307000 JavaThread "Thread-23" [_thread_blocked, id=25057, stack(0x00007f22a656a000,0x00007f22a666b000)]
  0x00007f22e11cc800 JavaThread "IPC Parameter Sending Thread #0" daemon [_thread_blocked, id=25018, stack(0x00007f22a6b98000,0x00007f22a6c99000)]
  0x00007f22e11cb000 JavaThread "IPC Client (1791045777) connection to arrow4g/172.31.12.83:9000 from uic" daemon [_thread_blocked, id=25017, stack(0x00007f22a6c99000,0x00007f22a6d9a000)]
  0x00007f22e1196800 JavaThread "Timer for 'JobTracker' metrics system" daemon [_thread_blocked, id=25016, stack(0x00007f22a6d9a000,0x00007f22a6e9b000)]
  0x00007f22e05e2800 JavaThread "org.apache.hadoop.fs.FileSystem$Statistics$StatisticsDataReferenceCleaner" daemon [_thread_blocked, id=25014, stack(0x00007f22a7ec6000,0x00007f22a7fc7000)]
  0x00007f22e0e45000 JavaThread "process reaper" daemon [_thread_blocked, id=25012, stack(0x00007f22a7fc7000,0x00007f22a8000000)]
  0x00007f22e00cd800 JavaThread "Service Thread" daemon [_thread_blocked, id=25009, stack(0x00007f22ccb17000,0x00007f22ccc18000)]
  0x00007f22e00c3000 JavaThread "C1 CompilerThread1" daemon [_thread_blocked, id=25008, stack(0x00007f22ccc19000,0x00007f22ccd19000)]
  0x00007f22e00c0000 JavaThread "C2 CompilerThread0" daemon [_thread_blocked, id=25007, stack(0x00007f22ccd1a000,0x00007f22cce1a000)]
  0x00007f22e00be800 JavaThread "Signal Dispatcher" daemon [_thread_blocked, id=25006, stack(0x00007f22cce1a000,0x00007f22ccf1b000)]
  0x00007f22e0089800 JavaThread "Finalizer" daemon [_thread_blocked, id=25005, stack(0x00007f22cd25c000,0x00007f22cd35d000)]
  0x00007f22e0087000 JavaThread "Reference Handler" daemon [_thread_blocked, id=25004, stack(0x00007f22cd35d000,0x00007f22cd45e000)]
  0x00007f22e0013800 JavaThread "main" [_thread_blocked, id=25000, stack(0x00007f22e7973000,0x00007f22e7a73000)]

Other Threads:
=>0x00007f22e007d800 VMThread [stack: 0x00007f22cd45f000,0x00007f22cd55f000] [id=25003]
  0x00007f22e00d0800 WatcherThread [stack: 0x00007f22cca17000,0x00007f22ccb17000] [id=25010]

VM state:at safepoint (normal execution)

VM Mutex/Monitor currently owned by a thread:  ([mutex/lock_event])
[0x00007f22e0010320] Threads_lock - owner thread: 0x00007f22e007d800
[0x00007f22e0010820] Heap_lock - owner thread: 0x00007f229c01f000

heap address: 0x00000000c2600000, size: 986 MB, Compressed Oops mode: 32-bit
Narrow klass base: 0x0000000000000000, Narrow klass shift: 3
Compressed class space size: 1073741824 Address: 0x0000000100000000

Heap:
 PSYoungGen      total 133632K, used 7668K [0x00000000eb780000, 0x00000000f4280000, 0x0000000100000000)
  eden space 125952K, 0% used [0x00000000eb780000,0x00000000eb780000,0x00000000f3280000)
  from space 7680K, 99% used [0x00000000f3280000,0x00000000f39fd3a0,0x00000000f3a00000)
  to   space 6656K, 0% used [0x00000000f3a00000,0x00000000f3a00000,0x00000000f4080000)
 ParOldGen       total 137216K, used 131344K [0x00000000c2600000, 0x00000000cac00000, 0x00000000eb780000)
  object space 137216K, 95% used [0x00000000c2600000,0x00000000ca644198,0x00000000cac00000)
 Metaspace       used 25959K, capacity 26226K, committed 26624K, reserved 1073152K
  class space    used 2896K, capacity 2975K, committed 3072K, reserved 1048576K

Card table byte_map: [0x00007f22e40dc000,0x00007f22e42ca000] byte_map_base: 0x00007f22e3ac9000

Marking Bits: (ParMarkBitMap*) 0x00007f22e6c09360
 Begin Bits: [0x00007f22cea25000, 0x00007f22cf98d000)
 End Bits:   [0x00007f22cf98d000, 0x00007f22d08f5000)

Polling page: 0x00007f22e7a8a000

CodeCache: size=245760Kb used=6424Kb max_used=6466Kb free=239335Kb
 bounds [0x00007f22d1000000, 0x00007f22d1660000, 0x00007f22e0000000]
 total_blobs=2385 nmethods=1875 adapters=424
 compilation: enabled

Compilation events (10 events):
Event: 5.253 Thread 0x00007f22e00c3000 1902       3       java.util.LinkedList$ListItr::<init> (47 bytes)
Event: 5.254 Thread 0x00007f22e00c3000 nmethod 1902 0x00007f22d1125550 code [0x00007f22d11256c0, 0x00007f22d1125968]
Event: 5.943 Thread 0x00007f22e00c3000 1903       1       org.apache.log4j.Category::getName (5 bytes)
Event: 6.053 Thread 0x00007f22e00c3000 nmethod 1903 0x00007f22d110af10 code [0x00007f22d110b060, 0x00007f22d110b170]
Event: 6.073 Thread 0x00007f22e00c0000 1904       4       java.lang.ref.Finalizer::register (10 bytes)
Event: 6.095 Thread 0x00007f22e00c0000 nmethod 1904 0x00007f22d1124f50 code [0x00007f22d11250c0, 0x00007f22d1125418]
Event: 6.095 Thread 0x00007f22e00c0000 1905   !   4       java.lang.ref.Finalizer::add (41 bytes)
Event: 6.096 Thread 0x00007f22e00c0000 nmethod 1905 0x00007f22d11109d0 code [0x00007f22d1110b20, 0x00007f22d1110db8]
Event: 6.338 Thread 0x00007f22e00c0000 1906       4       java.net.URLStreamHandler::setURL (73 bytes)
Event: 6.361 Thread 0x00007f22e00c0000 nmethod 1906 0x00007f22d1109650 code [0x00007f22d1109800, 0x00007f22d1109f48]

GC Heap History (10 events):
Event: 1.525 GC heap after
Heap after GC invocations=3 (full 0):
 PSYoungGen      total 34304K, used 2554K [0x00000000eb780000, 0x00000000efa80000, 0x0000000100000000)
  eden space 31744K, 0% used [0x00000000eb780000,0x00000000eb780000,0x00000000ed680000)
  from space 2560K, 99% used [0x00000000ed680000,0x00000000ed8fea78,0x00000000ed900000)
  to   space 2560K, 0% used [0x00000000ef800000,0x00000000ef800000,0x00000000efa80000)
 ParOldGen       total 42496K, used 1899K [0x00000000c2600000, 0x00000000c4f80000, 0x00000000eb780000)
  object space 42496K, 4% used [0x00000000c2600000,0x00000000c27daf80,0x00000000c4f80000)
 Metaspace       used 10114K, capacity 10276K, committed 10496K, reserved 1058816K
  class space    used 1117K, capacity 1188K, committed 1280K, reserved 1048576K
}
Event: 1.783 GC heap before
{Heap before GC invocations=4 (full 0):
 PSYoungGen      total 34304K, used 34298K [0x00000000eb780000, 0x00000000efa80000, 0x0000000100000000)
  eden space 31744K, 100% used [0x00000000eb780000,0x00000000ed680000,0x00000000ed680000)
  from space 2560K, 99% used [0x00000000ed680000,0x00000000ed8fea78,0x00000000ed900000)
  to   space 2560K, 0% used [0x00000000ef800000,0x00000000ef800000,0x00000000efa80000)
 ParOldGen       total 42496K, used 1899K [0x00000000c2600000, 0x00000000c4f80000, 0x00000000eb780000)
  object space 42496K, 4% used [0x00000000c2600000,0x00000000c27daf80,0x00000000c4f80000)
 Metaspace       used 12255K, capacity 12484K, committed 12800K, reserved 1060864K
  class space    used 1338K, capacity 1412K, committed 1536K, reserved 1048576K
Event: 1.794 GC heap after
Heap after GC invocations=4 (full 0):
 PSYoungGen      total 66048K, used 2546K [0x00000000eb780000, 0x00000000efa80000, 0x0000000100000000)
  eden space 63488K, 0% used [0x00000000eb780000,0x00000000eb780000,0x00000000ef580000)
  from space 2560K, 99% used [0x00000000ef800000,0x00000000efa7c830,0x00000000efa80000)
  to   space 2560K, 0% used [0x00000000ef580000,0x00000000ef580000,0x00000000ef800000)
 ParOldGen       total 42496K, used 4024K [0x00000000c2600000, 0x00000000c4f80000, 0x00000000eb780000)
  object space 42496K, 9% used [0x00000000c2600000,0x00000000c29ee0c8,0x00000000c4f80000)
 Metaspace       used 12255K, capacity 12484K, committed 12800K, reserved 1060864K
  class space    used 1338K, capacity 1412K, committed 1536K, reserved 1048576K
}
Event: 2.379 GC heap before
{Heap before GC invocations=5 (full 0):
 PSYoungGen      total 66048K, used 66034K [0x00000000eb780000, 0x00000000efa80000, 0x0000000100000000)
  eden space 63488K, 100% used [0x00000000eb780000,0x00000000ef580000,0x00000000ef580000)
  from space 2560K, 99% used [0x00000000ef800000,0x00000000efa7c830,0x00000000efa80000)
  to   space 2560K, 0% used [0x00000000ef580000,0x00000000ef580000,0x00000000ef800000)
 ParOldGen       total 42496K, used 4024K [0x00000000c2600000, 0x00000000c4f80000, 0x00000000eb780000)
  object space 42496K, 9% used [0x00000000c2600000,0x00000000c29ee0c8,0x00000000c4f80000)
 Metaspace       used 15929K, capacity 16100K, committed 16256K, reserved 1062912K
  class space    used 1761K, capacity 1828K, committed 1920K, reserved 1048576K
Event: 2.393 GC heap after
Heap after GC invocations=5 (full 0):
 PSYoungGen      total 66048K, used 2530K [0x00000000eb780000, 0x00000000f4080000, 0x0000000100000000)
  eden space 63488K, 0% used [0x00000000eb780000,0x00000000eb780000,0x00000000ef580000)
  from space 2560K, 98% used [0x00000000ef580000,0x00000000ef7f8840,0x00000000ef800000)
  to   space 6656K, 0% used [0x00000000f3a00000,0x00000000f3a00000,0x00000000f4080000)
 ParOldGen       total 42496K, used 7600K [0x00000000c2600000, 0x00000000c4f80000, 0x00000000eb780000)
  object space 42496K, 17% used [0x00000000c2600000,0x00000000c2d6c080,0x00000000c4f80000)
 Metaspace       used 15929K, capacity 16100K, committed 16256K, reserved 1062912K
  class space    used 1761K, capacity 1828K, committed 1920K, reserved 1048576K
}
Event: 3.297 GC heap before
{Heap before GC invocations=6 (full 0):
 PSYoungGen      total 66048K, used 54547K [0x00000000eb780000, 0x00000000f4080000, 0x0000000100000000)
  eden space 63488K, 81% used [0x00000000eb780000,0x00000000eea4c560,0x00000000ef580000)
  from space 2560K, 98% used [0x00000000ef580000,0x00000000ef7f8840,0x00000000ef800000)
  to   space 6656K, 0% used [0x00000000f3a00000,0x00000000f3a00000,0x00000000f4080000)
 ParOldGen       total 42496K, used 7600K [0x00000000c2600000, 0x00000000c4f80000, 0x00000000eb780000)
  object space 42496K, 17% used [0x00000000c2600000,0x00000000c2d6c080,0x00000000c4f80000)
 Metaspace       used 20901K, capacity 21098K, committed 21248K, reserved 1069056K
  class space    used 2373K, capacity 2451K, committed 2560K, reserved 1048576K
Event: 3.311 GC heap after
Heap after GC invocations=6 (full 0):
 PSYoungGen      total 132608K, used 6413K [0x00000000eb780000, 0x00000000f4280000, 0x0000000100000000)
  eden space 125952K, 0% used [0x00000000eb780000,0x00000000eb780000,0x00000000f3280000)
  from space 6656K, 96% used [0x00000000f3a00000,0x00000000f4043720,0x00000000f4080000)
  to   space 7680K, 0% used [0x00000000f3280000,0x00000000f3280000,0x00000000f3a00000)
 ParOldGen       total 42496K, used 7608K [0x00000000c2600000, 0x00000000c4f80000, 0x00000000eb780000)
  object space 42496K, 17% used [0x00000000c2600000,0x00000000c2d6e080,0x00000000c4f80000)
 Metaspace       used 20901K, capacity 21098K, committed 21248K, reserved 1069056K
  class space    used 2373K, capacity 2451K, committed 2560K, reserved 1048576K
}
Event: 3.311 GC heap before
{Heap before GC invocations=7 (full 1):
 PSYoungGen      total 132608K, used 6413K [0x00000000eb780000, 0x00000000f4280000, 0x0000000100000000)
  eden space 125952K, 0% used [0x00000000eb780000,0x00000000eb780000,0x00000000f3280000)
  from space 6656K, 96% used [0x00000000f3a00000,0x00000000f4043720,0x00000000f4080000)
  to   space 7680K, 0% used [0x00000000f3280000,0x00000000f3280000,0x00000000f3a00000)
 ParOldGen       total 42496K, used 7608K [0x00000000c2600000, 0x00000000c4f80000, 0x00000000eb780000)
  object space 42496K, 17% used [0x00000000c2600000,0x00000000c2d6e080,0x00000000c4f80000)
 Metaspace       used 20901K, capacity 21098K, committed 21248K, reserved 1069056K
  class space    used 2373K, capacity 2451K, committed 2560K, reserved 1048576K
Event: 3.365 GC heap after
Heap after GC invocations=7 (full 1):
 PSYoungGen      total 132608K, used 0K [0x00000000eb780000, 0x00000000f4280000, 0x0000000100000000)
  eden space 125952K, 0% used [0x00000000eb780000,0x00000000eb780000,0x00000000f3280000)
  from space 6656K, 0% used [0x00000000f3a00000,0x00000000f3a00000,0x00000000f4080000)
  to   space 7680K, 0% used [0x00000000f3280000,0x00000000f3280000,0x00000000f3a00000)
 ParOldGen       total 34304K, used 6838K [0x00000000c2600000, 0x00000000c4780000, 0x00000000eb780000)
  object space 34304K, 19% used [0x00000000c2600000,0x00000000c2cad8c8,0x00000000c4780000)
 Metaspace       used 20901K, capacity 21098K, committed 21248K, reserved 1069056K
  class space    used 2373K, capacity 2451K, committed 2560K, reserved 1048576K
}
Event: 6.371 GC heap before
{Heap before GC invocations=8 (full 1):
 PSYoungGen      total 132608K, used 125952K [0x00000000eb780000, 0x00000000f4280000, 0x0000000100000000)
  eden space 125952K, 100% used [0x00000000eb780000,0x00000000f3280000,0x00000000f3280000)
  from space 6656K, 0% used [0x00000000f3a00000,0x00000000f3a00000,0x00000000f4080000)
  to   space 7680K, 0% used [0x00000000f3280000,0x00000000f3280000,0x00000000f3a00000)
 ParOldGen       total 137216K, used 109238K [0x00000000c2600000, 0x00000000cac00000, 0x00000000eb780000)
  object space 137216K, 79% used [0x00000000c2600000,0x00000000c90ad8d8,0x00000000cac00000)
 Metaspace       used 25959K, capacity 26226K, committed 26624K, reserved 1073152K
  class space    used 2896K, capacity 2975K, committed 3072K, reserved 1048576K

Deoptimization events (10 events):
Event: 3.871 Thread 0x00007f22e0013800 Uncommon trap: reason=bimorphic action=maybe_recompile pc=0x00007f22d13d2c58 method=java.io.DataOutputStream.writeByte(I)V @ 5
Event: 3.871 Thread 0x00007f22e0013800 Uncommon trap: reason=bimorphic action=maybe_recompile pc=0x00007f22d13d2c58 method=java.io.DataOutputStream.writeByte(I)V @ 5
Event: 3.871 Thread 0x00007f22e0013800 Uncommon trap: reason=bimorphic action=maybe_recompile pc=0x00007f22d13d2c58 method=java.io.DataOutputStream.writeByte(I)V @ 5
Event: 4.195 Thread 0x00007f22e0013800 Uncommon trap: reason=unstable_if action=reinterpret pc=0x00007f22d136c018 method=sun.net.www.ParseUtil.encodePath(Ljava/lang/String;Z)Ljava/lang/String; @ 109
Event: 4.342 Thread 0x00007f22e0013800 Uncommon trap: reason=unstable_if action=reinterpret pc=0x00007f22d15a9c68 method=sun.nio.cs.UTF_8$Encoder.encodeArrayLoop(Ljava/nio/CharBuffer;Ljava/nio/ByteBuffer;)Ljava/nio/charset/CoderResult; @ 113
Event: 4.469 Thread 0x00007f22e0013800 Uncommon trap: reason=unstable_if action=reinterpret pc=0x00007f22d135fbd4 method=java.util.ArrayList.isEmpty()Z @ 4
Event: 4.607 Thread 0x00007f22e0013800 Uncommon trap: reason=class_check action=maybe_recompile pc=0x00007f22d158c8c4 method=com.sun.org.apache.xerces.internal.dom.NodeImpl.appendChild(Lorg/w3c/dom/Node;)Lorg/w3c/dom/Node; @ 3
Event: 4.607 Thread 0x00007f22e0013800 Uncommon trap: reason=speculate_class_check action=maybe_recompile pc=0x00007f22d158b800 method=com.sun.org.apache.xerces.internal.dom.CoreDocumentImpl.isKidOK(Lorg/w3c/dom/Node;Lorg/w3c/dom/Node;)Z @ 39
Event: 4.689 Thread 0x00007f22e0013800 Uncommon trap: reason=bimorphic action=maybe_recompile pc=0x00007f22d1448d58 method=java.net.URL.<init>(Ljava/net/URL;Ljava/lang/String;Ljava/net/URLStreamHandler;)V @ 504
Event: 6.107 Thread 0x00007f229c01f000 Uncommon trap: reason=unstable_if action=reinterpret pc=0x00007f22d146f2a4 method=com.google.protobuf.CodedInputStream.readRawVarint32()I @ 22

Classes redefined (0 events):
No events

Internal exceptions (10 events):
Event: 0.511 Thread 0x00007f22e0013800 Exception <a 'java/lang/ClassNotFoundException': org/apache/log4j/DailyRollingFileAppenderBeanInfo> (0x00000000ec12da28) thrown at [/build/openjdk-8-OqY7zN/openjdk-8-8u222-b10/src/hotspot/src/share/vm/classfile/systemDictionary.cpp, line 210]
Event: 0.511 Thread 0x00007f22e0013800 Exception <a 'java/lang/ClassNotFoundException': org/apache/log4j/FileAppenderBeanInfo> (0x00000000ec158600) thrown at [/build/openjdk-8-OqY7zN/openjdk-8-8u222-b10/src/hotspot/src/share/vm/classfile/systemDictionary.cpp, line 210]
Event: 0.512 Thread 0x00007f22e0013800 Exception <a 'java/lang/ClassNotFoundException': org/apache/log4j/WriterAppenderBeanInfo> (0x00000000ec184248) thrown at [/build/openjdk-8-OqY7zN/openjdk-8-8u222-b10/src/hotspot/src/share/vm/classfile/systemDictionary.cpp, line 210]
Event: 0.513 Thread 0x00007f22e0013800 Exception <a 'java/lang/ClassNotFoundException': org/apache/log4j/AppenderSkeletonBeanInfo> (0x00000000ec1b14d0) thrown at [/build/openjdk-8-OqY7zN/openjdk-8-8u222-b10/src/hotspot/src/share/vm/classfile/systemDictionary.cpp, line 210]
Event: 0.513 Thread 0x00007f22e0013800 Exception <a 'java/lang/ClassNotFoundException': org/apache/log4j/AppenderSkeletonCustomizer> (0x00000000ec1e12f0) thrown at [/build/openjdk-8-OqY7zN/openjdk-8-8u222-b10/src/hotspot/src/share/vm/classfile/systemDictionary.cpp, line 210]
Event: 0.522 Thread 0x00007f22e0013800 Exception <a 'java/lang/ClassNotFoundException': org/apache/log4j/WriterAppenderCustomizer> (0x00000000ec227eb0) thrown at [/build/openjdk-8-OqY7zN/openjdk-8-8u222-b10/src/hotspot/src/share/vm/classfile/systemDictionary.cpp, line 210]
Event: 0.524 Thread 0x00007f22e0013800 Exception <a 'java/lang/ClassNotFoundException': org/apache/log4j/FileAppenderCustomizer> (0x00000000ec260198) thrown at [/build/openjdk-8-OqY7zN/openjdk-8-8u222-b10/src/hotspot/src/share/vm/classfile/systemDictionary.cpp, line 210]
Event: 0.530 Thread 0x00007f22e0013800 Exception <a 'java/lang/ClassNotFoundException': org/apache/log4j/DailyRollingFileAppenderCustomizer> (0x00000000ec2a2a08) thrown at [/build/openjdk-8-OqY7zN/openjdk-8-8u222-b10/src/hotspot/src/share/vm/classfile/systemDictionary.cpp, line 210]
Event: 1.150 Thread 0x00007f22e0013800 Exception <a 'java/lang/NoSuchFieldError': method resolution failed> (0x00000000ec3ffdc8) thrown at [/build/openjdk-8-OqY7zN/openjdk-8-8u222-b10/src/hotspot/src/share/vm/prims/methodHandles.cpp, line 1167]
Event: 1.151 Thread 0x00007f22e0013800 Exception <a 'java/lang/NoSuchFieldError': method resolution failed> (0x00000000ec40d4c8) thrown at [/build/openjdk-8-OqY7zN/openjdk-8-8u222-b10/src/hotspot/src/share/vm/prims/methodHandles.cpp, line 1167]

Events (10 events):
Event: 6.366 loading class org/apache/hadoop/hdfs/protocol/datatransfer/DataTransferProtoUtil done
Event: 6.367 loading class org/apache/hadoop/hdfs/security/token/block/InvalidBlockTokenException
Event: 6.367 loading class org/apache/hadoop/hdfs/security/token/block/InvalidBlockTokenException done
Event: 6.368 loading class org/apache/hadoop/hdfs/protocol/datatransfer/BlockPinningException
Event: 6.368 loading class org/apache/hadoop/hdfs/protocol/datatransfer/BlockPinningException done
Event: 6.368 loading class org/apache/hadoop/hdfs/protocol/proto/DataTransferProtos$ClientOperationHeaderProto$Builder
Event: 6.368 loading class org/apache/hadoop/hdfs/protocol/proto/DataTransferProtos$ClientOperationHeaderProto$Builder done
Event: 6.369 loading class org/apache/hadoop/hdfs/protocol/proto/DataTransferProtos$BaseHeaderProto$Builder
Event: 6.369 loading class org/apache/hadoop/hdfs/protocol/proto/DataTransferProtos$BaseHeaderProto$Builder done
Event: 6.370 Executing VM operation: ParallelGCFailedAllocation


Dynamic libraries:
c2600000-cac00000 rw-p 00000000 00:00 0 
cac00000-eb780000 ---p 00000000 00:00 0 
eb780000-f4280000 rw-p 00000000 00:00 0 
fbb00000-100000000 ---p 00000000 00:00 0 
100000000-100300000 rw-p 00000000 00:00 0 
100300000-140000000 ---p 00000000 00:00 0 
5566b58a9000-5566b58aa000 r-xp 00000000 08:01 280310                     /usr/lib/jvm/java-8-openjdk-amd64/jre/bin/java
5566b5aa9000-5566b5aaa000 r--p 00000000 08:01 280310                     /usr/lib/jvm/java-8-openjdk-amd64/jre/bin/java
5566b5aaa000-5566b5aab000 rw-p 00001000 08:01 280310                     /usr/lib/jvm/java-8-openjdk-amd64/jre/bin/java
5566b7060000-5566b70a2000 rw-p 00000000 00:00 0                          [heap]
7f228c000000-7f228c04e000 rw-p 00000000 00:00 0 
7f228c04e000-7f2290000000 ---p 00000000 00:00 0 
7f2294000000-7f2294021000 rw-p 00000000 00:00 0 
7f2294021000-7f2298000000 ---p 00000000 00:00 0 
7f2298000000-7f2298021000 rw-p 00000000 00:00 0 
7f2298021000-7f229c000000 ---p 00000000 00:00 0 
7f229c000000-7f229c025000 rw-p 00000000 00:00 0 
7f229c025000-7f22a0000000 ---p 00000000 00:00 0 
7f22a0000000-7f22a00a7000 rw-p 00000000 00:00 0 
7f22a00a7000-7f22a4000000 ---p 00000000 00:00 0 
7f22a5f63000-7f22a5f66000 ---p 00000000 00:00 0 
7f22a5f66000-7f22a6064000 rw-p 00000000 00:00 0 
7f22a6064000-7f22a6067000 ---p 00000000 00:00 0 
7f22a6067000-7f22a6265000 rw-p 00000000 00:00 0 
7f22a6265000-7f22a6365000 ---p 00000000 00:00 0 
7f22a6365000-7f22a636a000 r--s 002f9000 08:01 280360                     /usr/lib/jvm/java-8-openjdk-amd64/jre/lib/charsets.jar
7f22a636a000-7f22a656a000 rw-p 00000000 00:00 0 
7f22a656a000-7f22a656d000 ---p 00000000 00:00 0 
7f22a656d000-7f22a686b000 rw-p 00000000 00:00 0 
7f22a686b000-7f22a6893000 r-xp 00000000 08:01 280353                     /usr/lib/jvm/java-8-openjdk-amd64/jre/lib/amd64/libsunec.so
7f22a6893000-7f22a6a92000 ---p 00028000 08:01 280353                     /usr/lib/jvm/java-8-openjdk-amd64/jre/lib/amd64/libsunec.so
7f22a6a92000-7f22a6a96000 r--p 00027000 08:01 280353                     /usr/lib/jvm/java-8-openjdk-amd64/jre/lib/amd64/libsunec.so
7f22a6a96000-7f22a6a97000 rw-p 0002b000 08:01 280353                     /usr/lib/jvm/java-8-openjdk-amd64/jre/lib/amd64/libsunec.so
7f22a6a97000-7f22a6a9a000 ---p 00000000 00:00 0 
7f22a6a9a000-7f22a6b98000 rw-p 00000000 00:00 0 
7f22a6b98000-7f22a6b9b000 ---p 00000000 00:00 0 
7f22a6b9b000-7f22a6c99000 rw-p 00000000 00:00 0 
7f22a6c99000-7f22a6c9c000 ---p 00000000 00:00 0 
7f22a6c9c000-7f22a6d9a000 rw-p 00000000 00:00 0 
7f22a6d9a000-7f22a6d9d000 ---p 00000000 00:00 0 
7f22a6d9d000-7f22a6e9b000 rw-p 00000000 00:00 0 
7f22a6e9b000-7f22a6eac000 r-xp 00000000 08:01 280349                     /usr/lib/jvm/java-8-openjdk-amd64/jre/lib/amd64/libnio.so
7f22a6eac000-7f22a70ab000 ---p 00011000 08:01 280349                     /usr/lib/jvm/java-8-openjdk-amd64/jre/lib/amd64/libnio.so
7f22a70ab000-7f22a70ac000 r--p 00010000 08:01 280349                     /usr/lib/jvm/java-8-openjdk-amd64/jre/lib/amd64/libnio.so
7f22a70ac000-7f22a70ad000 rw-p 00011000 08:01 280349                     /usr/lib/jvm/java-8-openjdk-amd64/jre/lib/amd64/libnio.so
7f22a70ad000-7f22a72ad000 rw-p 00000000 00:00 0 
7f22a72ad000-7f22a74ad000 rw-p 00000000 00:00 0 
7f22a74ad000-7f22a76ad000 rw-p 00000000 00:00 0 
7f22a76ad000-7f22a78ad000 rw-p 00000000 00:00 0 
7f22a78ad000-7f22a78c3000 r-xp 00000000 08:01 280348                     /usr/lib/jvm/java-8-openjdk-amd64/jre/lib/amd64/libnet.so
7f22a78c3000-7f22a7ac2000 ---p 00016000 08:01 280348                     /usr/lib/jvm/java-8-openjdk-amd64/jre/lib/amd64/libnet.so
7f22a7ac2000-7f22a7ac3000 r--p 00015000 08:01 280348                     /usr/lib/jvm/java-8-openjdk-amd64/jre/lib/amd64/libnet.so
7f22a7ac3000-7f22a7ac4000 rw-p 00016000 08:01 280348                     /usr/lib/jvm/java-8-openjdk-amd64/jre/lib/amd64/libnet.so
7f22a7ac4000-7f22a7cc4000 rw-p 00000000 00:00 0 
7f22a7cc4000-7f22a7cc5000 r-xp 00000000 08:01 280336                     /usr/lib/jvm/java-8-openjdk-amd64/jre/lib/amd64/libjaas_unix.so
7f22a7cc5000-7f22a7ec4000 ---p 00001000 08:01 280336                     /usr/lib/jvm/java-8-openjdk-amd64/jre/lib/amd64/libjaas_unix.so
7f22a7ec4000-7f22a7ec5000 r--p 00000000 08:01 280336                     /usr/lib/jvm/java-8-openjdk-amd64/jre/lib/amd64/libjaas_unix.so
7f22a7ec5000-7f22a7ec6000 rw-p 00001000 08:01 280336                     /usr/lib/jvm/java-8-openjdk-amd64/jre/lib/amd64/libjaas_unix.so
7f22a7ec6000-7f22a7ec9000 ---p 00000000 00:00 0 
7f22a7ec9000-7f22a7fc7000 rw-p 00000000 00:00 0 
7f22a7fc7000-7f22a7fca000 ---p 00000000 00:00 0 
7f22a7fca000-7f22a8000000 rw-p 00000000 00:00 0 
7f22a8000000-7f22a82f0000 rw-p 00000000 00:00 0 
7f22a82f0000-7f22ac000000 ---p 00000000 00:00 0 
7f22ac000000-7f22ac021000 rw-p 00000000 00:00 0 
7f22ac021000-7f22b0000000 ---p 00000000 00:00 0 
7f22b0000000-7f22b0021000 rw-p 00000000 00:00 0 
7f22b0021000-7f22b4000000 ---p 00000000 00:00 0 
7f22b4000000-7f22b4784000 rw-p 00000000 00:00 0 
7f22b4784000-7f22b8000000 ---p 00000000 00:00 0 
7f22b8000000-7f22b8021000 rw-p 00000000 00:00 0 
7f22b8021000-7f22bc000000 ---p 00000000 00:00 0 
7f22bc000000-7f22bc021000 rw-p 00000000 00:00 0 
7f22bc021000-7f22c0000000 ---p 00000000 00:00 0 
7f22c0000000-7f22c0021000 rw-p 00000000 00:00 0 
7f22c0021000-7f22c4000000 ---p 00000000 00:00 0 
7f22c4000000-7f22c4021000 rw-p 00000000 00:00 0 
7f22c4021000-7f22c8000000 ---p 00000000 00:00 0 
7f22c8000000-7f22c8021000 rw-p 00000000 00:00 0 
7f22c8021000-7f22cc000000 ---p 00000000 00:00 0 
7f22cc004000-7f22cc017000 r--s 00346000 08:01 280398                     /usr/lib/jvm/java-8-openjdk-amd64/jre/lib/resources.jar
7f22cc017000-7f22cc019000 r--s 00016000 08:01 280391                     /usr/lib/jvm/java-8-openjdk-amd64/jre/lib/jce.jar
7f22cc019000-7f22cc01e000 r--s 000a3000 08:01 280393                     /usr/lib/jvm/java-8-openjdk-amd64/jre/lib/jsse.jar
7f22cc01e000-7f22cc027000 r-xp 00000000 08:01 280346                     /usr/lib/jvm/java-8-openjdk-amd64/jre/lib/amd64/libmanagement.so
7f22cc027000-7f22cc226000 ---p 00009000 08:01 280346                     /usr/lib/jvm/java-8-openjdk-amd64/jre/lib/amd64/libmanagement.so
7f22cc226000-7f22cc227000 r--p 00008000 08:01 280346                     /usr/lib/jvm/java-8-openjdk-amd64/jre/lib/amd64/libmanagement.so
7f22cc227000-7f22cc228000 rw-p 00009000 08:01 280346                     /usr/lib/jvm/java-8-openjdk-amd64/jre/lib/amd64/libmanagement.so
7f22cc228000-7f22cc22d000 r--s 0002d000 08:01 342719                     /home/uic/hadoop-3.2.1/share/hadoop/common/hadoop-nfs-3.2.1.jar
7f22cc22d000-7f22cc26b000 r--s 003b5000 08:01 342832                     /home/uic/hadoop-3.2.1/share/hadoop/common/hadoop-common-3.2.1.jar
7f22cc26b000-7f22cc26d000 r--s 0001e000 08:01 342717                     /home/uic/hadoop-3.2.1/share/hadoop/common/hadoop-kms-3.2.1.jar
7f22cc26d000-7f22cc277000 r--s 00026000 08:01 342800                     /home/uic/hadoop-3.2.1/share/hadoop/common/lib/checker-qual-2.5.2.jar
7f22cc277000-7f22cc27d000 r--s 00078000 08:01 342764                     /home/uic/hadoop-3.2.1/share/hadoop/common/lib/woodstox-core-5.0.3.jar
7f22cc27d000-7f22cc280000 r--s 00015000 08:01 342776                     /home/uic/hadoop-3.2.1/share/hadoop/common/lib/jetty-security-9.3.24.v20180605.jar
7f22cc280000-7f22cc281000 r--s 00000000 08:01 342808                     /home/uic/hadoop-3.2.1/share/hadoop/common/lib/listenablefuture-9999.0-empty-to-avoid-conflict-with-guava.jar
7f22cc281000-7f22cc284000 r--s 0001b000 08:01 342803                     /home/uic/hadoop-3.2.1/share/hadoop/common/lib/json-smart-2.3.jar
7f22cc284000-7f22cc285000 r--s 00008000 08:01 342779                     /home/uic/hadoop-3.2.1/share/hadoop/common/lib/kerb-util-1.0.1.jar
7f22cc285000-7f22cc28d000 r--s 0003e000 08:01 342798                     /home/uic/hadoop-3.2.1/share/hadoop/common/lib/curator-recipes-2.13.0.jar
7f22cc28d000-7f22cc292000 r--s 00038000 08:01 342744                     /home/uic/hadoop-3.2.1/share/hadoop/common/lib/commons-beanutils-1.9.3.jar
7f22cc292000-7f22cc297000 r--s 00040000 08:01 342759                     /home/uic/hadoop-3.2.1/share/hadoop/common/lib/jsch-0.1.54.jar
7f22cc297000-7f22cc29b000 r--s 00019000 08:01 342763                     /home/uic/hadoop-3.2.1/share/hadoop/common/lib/kerb-crypto-1.0.1.jar
7f22cc29b000-7f22cc2cd000 r--s 0026d000 08:01 342753                     /home/uic/hadoop-3.2.1/share/hadoop/common/lib/guava-27.0-jre.jar
7f22cc2cd000-7f22cc2d0000 r--s 00015000 08:01 342754                     /home/uic/hadoop-3.2.1/share/hadoop/common/lib/javax.servlet-api-3.1.0.jar
7f22cc2d0000-7f22cc2d3000 r--s 00006000 08:01 342815                     /home/uic/hadoop-3.2.1/share/hadoop/common/lib/jsr305-3.0.0.jar
7f22cc2d3000-7f22cc2d5000 r--s 00000000 08:01 342780                     /home/uic/hadoop-3.2.1/share/hadoop/common/lib/jcip-annotations-1.0-1.jar
7f22cc2d5000-7f22cc2f2000 r--s 0016a000 08:01 342783                     /home/uic/hadoop-3.2.1/share/hadoop/common/lib/commons-math3-3.1.1.jar
7f22cc2f2000-7f22cc2f8000 r--s 00046000 08:01 342743                     /home/uic/hadoop-3.2.1/share/hadoop/common/lib/commons-net-3.6.jar
7f22cc2f8000-7f22cc2fb000 r--s 00016000 08:01 342813                     /home/uic/hadoop-3.2.1/share/hadoop/common/lib/jaxb-api-2.2.11.jar
7f22cc2fb000-7f22cc302000 r--s 0002b000 08:01 342778                     /home/uic/hadoop-3.2.1/share/hadoop/common/lib/kerby-pkix-1.0.1.jar
7f22cc302000-7f22cc303000 r--s 00002000 08:01 342775                     /home/uic/hadoop-3.2.1/share/hadoop/common/lib/slf4j-log4j12-1.7.25.jar
7f22cc303000-7f22cc305000 r--s 0000a000 08:01 342794                     /home/uic/hadoop-3.2.1/share/hadoop/common/lib/jsr311-api-1.1.1.jar
7f22cc305000-7f22cc306000 r--s 00006000 08:01 342822                     /home/uic/hadoop-3.2.1/share/hadoop/common/lib/jackson-xc-1.9.13.jar
7f22cc306000-7f22cc309000 r--s 0001a000 08:01 342817                     /home/uic/hadoop-3.2.1/share/hadoop/common/lib/jetty-webapp-9.3.24.v20180605.jar
7f22cc309000-7f22cc30a000 r--s 0000c000 08:01 342749                     /home/uic/hadoop-3.2.1/share/hadoop/common/lib/jetty-xml-9.3.24.v20180605.jar
7f22cc30a000-7f22cc316000 r--s 0008b000 08:01 342797                     /home/uic/hadoop-3.2.1/share/hadoop/common/lib/commons-configuration2-2.1.1.jar
7f22cc316000-7f22cc318000 r--s 0001e000 08:01 342828                     /home/uic/hadoop-3.2.1/share/hadoop/common/lib/re2j-1.1.jar
7f22cc318000-7f22cc319000 r--s 00009000 08:01 342741                     /home/uic/hadoop-3.2.1/share/hadoop/common/lib/kerby-util-1.0.1.jar
7f22cc319000-7f22cc31c000 r--s 0000e000 08:01 342766                     /home/uic/hadoop-3.2.1/share/hadoop/common/lib/jackson-annotations-2.9.8.jar
7f22cc31c000-7f22cc31f000 r--s 0001b000 08:01 342812                     /home/uic/hadoop-3.2.1/share/hadoop/common/lib/jetty-io-9.3.24.v20180605.jar
7f22cc31f000-7f22cc327000 r--s 00072000 08:01 342799                     /home/uic/hadoop-3.2.1/share/hadoop/common/lib/commons-lang3-3.7.jar
7f22cc327000-7f22cc329000 r--s 0000c000 08:01 342773                     /home/uic/hadoop-3.2.1/share/hadoop/common/lib/asm-5.0.4.jar
7f22cc329000-7f22cc332000 r--s 0006f000 08:01 342756                     /home/uic/hadoop-3.2.1/share/hadoop/common/lib/log4j-1.2.17.jar
7f22cc332000-7f22cc369000 r--s 00219000 08:01 342827                     /home/uic/hadoop-3.2.1/share/hadoop/common/lib/curator-client-2.13.0.jar
7f22cc369000-7f22cc36b000 r--s 00017000 08:01 342755                     /home/uic/hadoop-3.2.1/share/hadoop/common/lib/kerby-asn1-1.0.1.jar
7f22cc36b000-7f22cc36c000 r--s 00004000 08:01 342768                     /home/uic/hadoop-3.2.1/share/hadoop/common/lib/kerb-identity-1.0.1.jar
7f22cc36c000-7f22cc36e000 r--s 0000e000 08:01 342830                     /home/uic/hadoop-3.2.1/share/hadoop/common/lib/commons-logging-1.1.3.jar
7f22cc36e000-7f22cc380000 r--s 00137000 08:01 342829                     /home/uic/hadoop-3.2.1/share/hadoop/common/lib/jackson-databind-2.9.8.jar
7f22cc380000-7f22cc381000 r--s 0000e000 08:01 342761                     /home/uic/hadoop-3.2.1/share/hadoop/common/lib/hadoop-annotations-3.2.1.jar
7f22cc381000-7f22cc383000 r--s 00000000 08:01 342746                     /home/uic/hadoop-3.2.1/share/hadoop/common/lib/jul-to-slf4j-1.7.25.jar
7f22cc383000-7f22cc38d000 r--s 00061000 08:01 342810                     /home/uic/hadoop-3.2.1/share/hadoop/common/lib/jersey-core-1.19.jar
7f22cc38d000-7f22cc391000 r--s 0002f000 08:01 342825                     /home/uic/hadoop-3.2.1/share/hadoop/common/lib/commons-io-2.5.jar
7f22cc391000-7f22cc394000 r--s 00022000 08:01 342757                     /home/uic/hadoop-3.2.1/share/hadoop/common/lib/jetty-http-9.3.24.v20180605.jar
7f22cc394000-7f22cc396000 r--s 00130000 08:01 342745                     /home/uic/hadoop-3.2.1/share/hadoop/common/lib/snappy-java-1.0.5.jar
7f22cc396000-7f22cc398000 r--s 0000f000 08:01 342784                     /home/uic/hadoop-3.2.1/share/hadoop/common/lib/jettison-1.1.jar
7f22cc398000-7f22cc39a000 r--s 00009000 08:01 342748                     /home/uic/hadoop-3.2.1/share/hadoop/common/lib/commons-cli-1.2.jar
7f22cc39a000-7f22cc39c000 r--s 0000e000 08:01 342760                     /home/uic/hadoop-3.2.1/share/hadoop/common/lib/kerb-common-1.0.1.jar
7f22cc39c000-7f22cc3a3000 r--s 00049000 08:01 342786                     /home/uic/hadoop-3.2.1/share/hadoop/common/lib/httpcore-4.4.10.jar
7f22cc3a3000-7f22cc3a5000 r--s 00020000 08:01 342796                     /home/uic/hadoop-3.2.1/share/hadoop/common/lib/hadoop-auth-3.2.1.jar
7f22cc3a5000-7f22cc3a7000 r--s 00002000 08:01 342814                     /home/uic/hadoop-3.2.1/share/hadoop/common/lib/error_prone_annotations-2.2.0.jar
7f22cc3a7000-7f22cc3b4000 r--s 000d1000 08:01 342751                     /home/uic/hadoop-3.2.1/share/hadoop/common/lib/zookeeper-3.4.13.jar
7f22cc3b4000-7f22cc3b5000 r--s 00004000 08:01 342777                     /home/uic/hadoop-3.2.1/share/hadoop/common/lib/jackson-jaxrs-1.9.13.jar
7f22cc3b5000-7f22cc3b8000 r--s 0001b000 08:01 342767                     /home/uic/hadoop-3.2.1/share/hadoop/common/lib/jetty-servlet-9.3.24.v20180605.jar
7f22cc3b8000-7f22cc3b9000 r--s 00004000 08:01 342750                     /home/uic/hadoop-3.2.1/share/hadoop/common/lib/kerb-simplekdc-1.0.1.jar
7f22cc3b9000-7f22cc3d3000 r--s 00155000 08:01 342782                     /home/uic/hadoop-3.2.1/share/hadoop/common/lib/htrace-core4-4.1.0-incubating.jar
7f22cc3d3000-7f22cc3dc000 r--s 00062000 08:01 342781                     /home/uic/hadoop-3.2.1/share/hadoop/common/lib/avro-1.7.7.jar
7f22cc3dc000-7f22cc3e1000 r--s 0002a000 08:01 342823                     /home/uic/hadoop-3.2.1/share/hadoop/common/lib/gson-2.2.4.jar
7f22cc3e1000-7f22cc3e2000 r--s 00000000 08:01 342824                     /home/uic/hadoop-3.2.1/share/hadoop/common/lib/failureaccess-1.0.jar
7f22cc3e2000-7f22cc3e4000 r--s 00006000 08:01 342811                     /home/uic/hadoop-3.2.1/share/hadoop/common/lib/accessors-smart-1.2.jar
7f22cc3e4000-7f22cc3e6000 r--s 00001000 08:01 342809                     /home/uic/hadoop-3.2.1/share/hadoop/common/lib/j2objc-annotations-1.1.jar
7f22cc3e6000-7f22cc3ea000 r--s 0001c000 08:01 342818                     /home/uic/hadoop-3.2.1/share/hadoop/common/lib/jersey-servlet-1.19.jar
7f22cc3ea000-7f22cc3f0000 r--s 0002c000 08:01 342821                     /home/uic/hadoop-3.2.1/share/hadoop/common/lib/curator-framework-2.13.0.jar
7f22cc3f0000-7f22cc3f4000 r--s 00024000 08:01 342805                     /home/uic/hadoop-3.2.1/share/hadoop/common/lib/stax2-api-3.1.4.jar
7f22cc3f4000-7f22cc3fa000 r--s 00044000 08:01 342772                     /home/uic/hadoop-3.2.1/share/hadoop/common/lib/nimbus-jose-jwt-4.41.1.jar
7f22cc3fa000-7f22cc401000 r--s 00069000 08:01 342795                     /home/uic/hadoop-3.2.1/share/hadoop/common/lib/jetty-util-9.3.24.v20180605.jar
7f22cc401000-7f22cc404000 r--s 00011000 08:01 342758                     /home/uic/hadoop-3.2.1/share/hadoop/common/lib/kerb-admin-1.0.1.jar
7f22cc404000-7f22cc411000 r--s 00083000 08:01 342788                     /home/uic/hadoop-3.2.1/share/hadoop/common/lib/commons-collections-3.2.2.jar
7f22cc411000-7f22cc414000 r--s 00012000 08:01 342747                     /home/uic/hadoop-3.2.1/share/hadoop/common/lib/kerb-server-1.0.1.jar
7f22cc414000-7f22cc418000 r--s 0001e000 08:01 342816                     /home/uic/hadoop-3.2.1/share/hadoop/common/lib/metrics-core-3.2.4.jar
7f22cc418000-7f22cc419000 r--s 00004000 08:01 342819                     /home/uic/hadoop-3.2.1/share/hadoop/common/lib/token-provider-1.0.1.jar
7f22cc419000-7f22cc421000 r--s 0007b000 08:01 342807                     /home/uic/hadoop-3.2.1/share/hadoop/common/lib/protobuf-java-2.5.0.jar
7f22cc421000-7f22cc426000 r--s 00047000 08:01 342791                     /home/uic/hadoop-3.2.1/share/hadoop/common/lib/dnsjava-2.1.7.jar
7f22cc426000-7f22cc428000 r--s 00009000 08:01 342806                     /home/uic/hadoop-3.2.1/share/hadoop/common/lib/slf4j-api-1.7.25.jar
7f22cc428000-7f22cc42a000 r--s 00006000 08:01 342787                     /home/uic/hadoop-3.2.1/share/hadoop/common/lib/paranamer-2.3.jar
7f22cc42a000-7f22cc42d000 r--s 00019000 08:01 342770                     /home/uic/hadoop-3.2.1/share/hadoop/common/lib/kerb-client-1.0.1.jar
7f22cc42d000-7f22cc431000 r--s 00035000 08:01 342826                     /home/uic/hadoop-3.2.1/share/hadoop/common/lib/jackson-core-asl-1.9.13.jar
7f22cc431000-7f22cc434000 r--s 00016000 08:01 342769                     /home/uic/hadoop-3.2.1/share/hadoop/common/lib/jsp-api-2.1.jar
7f22cc434000-7f22cc43b000 r--s 00031000 08:01 342765                     /home/uic/hadoop-3.2.1/share/hadoop/common/lib/kerb-core-1.0.1.jar
7f22cc43b000-7f22cc449000 r--s 000b1000 08:01 342785                     /home/uic/hadoop-3.2.1/share/hadoop/common/lib/jackson-mapper-asl-1.9.13.jar
7f22cc449000-7f22cc454000 r--s 00086000 08:01 342820                     /home/uic/hadoop-3.2.1/share/hadoop/common/lib/commons-compress-1.18.jar
7f22cc454000-7f22cc456000 r--s 00006000 08:01 342742                     /home/uic/hadoop-3.2.1/share/hadoop/common/lib/kerby-xdr-1.0.1.jar
7f22cc456000-7f22cc45a000 r--s 0004c000 08:01 342804                     /home/uic/hadoop-3.2.1/share/hadoop/common/lib/jackson-core-2.9.8.jar
7f22cc45a000-7f22cc45e000 r--s 00025000 08:01 342752                     /home/uic/hadoop-3.2.1/share/hadoop/common/lib/jersey-json-1.19.jar
7f22cc45e000-7f22cc46e000 r--s 0009c000 08:01 342774                     /home/uic/hadoop-3.2.1/share/hadoop/common/lib/jersey-server-1.19.jar
7f22cc46e000-7f22cc472000 r--s 00029000 08:01 342771                     /home/uic/hadoop-3.2.1/share/hadoop/common/lib/commons-text-1.4.jar
7f22cc472000-7f22cc474000 r--s 00006000 08:01 342790                     /home/uic/hadoop-3.2.1/share/hadoop/common/lib/kerby-config-1.0.1.jar
7f22cc474000-7f22cc475000 r--s 00000000 08:01 342762                     /home/uic/hadoop-3.2.1/share/hadoop/common/lib/animal-sniffer-annotations-1.17.jar
7f22cc475000-7f22cc47d000 r--s 00078000 08:01 342792                     /home/uic/hadoop-3.2.1/share/hadoop/common/lib/jetty-server-9.3.24.v20180605.jar
7f22cc47d000-7f22cc48a000 r--s 000af000 08:01 342789                     /home/uic/hadoop-3.2.1/share/hadoop/common/lib/httpclient-4.5.6.jar
7f22cc48a000-7f22cc48b000 r--s 00004000 08:01 342801                     /home/uic/hadoop-3.2.1/share/hadoop/common/lib/audience-annotations-0.5.0.jar
7f22cc48b000-7f22cc49e000 r--s 000c7000 08:01 342793                     /home/uic/hadoop-3.2.1/share/hadoop/common/lib/jaxb-impl-2.2.3-1.jar
7f22cc49e000-7f22cc4a5000 r--s 0004b000 08:01 342802                     /home/uic/hadoop-3.2.1/share/hadoop/common/lib/commons-codec-1.11.jar
7f22cc4a5000-7f22cc4be000 r--s 0012c000 08:01 342831                     /home/uic/hadoop-3.2.1/share/hadoop/common/lib/netty-3.10.5.Final.jar
7f22cc4be000-7f22cc4cb000 r--s 000b8000 08:01 343146                     /home/uic/hadoop-3.2.1/share/hadoop/mapreduce/hadoop-mapreduce-client-common-3.2.1.jar
7f22cc4cb000-7f22cc4cd000 r--s 0000d000 08:01 343174                     /home/uic/hadoop-3.2.1/share/hadoop/mapreduce/hadoop-mapreduce-client-uploader-3.2.1.jar
7f22cc4cd000-7f22cc4ce000 r--s 00014000 08:01 343148                     /home/uic/hadoop-3.2.1/share/hadoop/mapreduce/hadoop-mapreduce-client-jobclient-3.2.1.jar
7f22cc4ce000-7f22cc4e7000 r--s 0017c000 08:01 343147                     /home/uic/hadoop-3.2.1/share/hadoop/mapreduce/hadoop-mapreduce-client-core-3.2.1.jar
7f22cc4e7000-7f22cc4ea000 r--s 00032000 08:01 343145                     /home/uic/hadoop-3.2.1/share/hadoop/mapreduce/hadoop-mapreduce-client-hs-3.2.1.jar
7f22cc4ea000-7f22cc4f4000 r--s 0008c000 08:01 343149                     /home/uic/hadoop-3.2.1/share/hadoop/mapreduce/hadoop-mapreduce-client-app-3.2.1.jar
7f22cc4f4000-7f22cc4f6000 r--s 0000a000 08:01 343123                     /home/uic/hadoop-3.2.1/share/hadoop/mapreduce/hadoop-mapreduce-client-hs-plugins-3.2.1.jar
7f22cc4f6000-7f22cc4f7000 r--s 00017000 08:01 343150                     /home/uic/hadoop-3.2.1/share/hadoop/mapreduce/hadoop-mapreduce-client-shuffle-3.2.1.jar
7f22cc4f7000-7f22cc4fa000 r--s 0001c000 08:01 343175                     /home/uic/hadoop-3.2.1/share/hadoop/mapreduce/hadoop-mapreduce-client-nativetask-3.2.1.jar
7f22cc4fa000-7f22cc4fc000 r--s 00009000 08:01 343173                     /home/uic/hadoop-3.2.1/share/hadoop/mapreduce/lib/hamcrest-core-1.3.jar
7f22cc4fc000-7f22cc502000 r--s 00036000 08:01 343172                     /home/uic/hadoop-3.2.1/share/hadoop/mapreduce/lib/junit-4.11.jar
7f22cc502000-7f22cc504000 r--s 0000a000 08:01 343039                     /home/uic/hadoop-3.2.1/share/hadoop/hdfs/hadoop-hdfs-native-client-3.2.1.jar
7f22cc504000-7f22cc54c000 r--s 00567000 08:01 342923                     /home/uic/hadoop-3.2.1/share/hadoop/hdfs/hadoop-hdfs-3.2.1.jar
7f22cc54c000-7f22cc54e000 r--s 00023000 08:01 342833                     /home/uic/hadoop-3.2.1/share/hadoop/hdfs/hadoop-hdfs-nfs-3.2.1.jar
7f22cc54e000-7f22cc593000 r--s 00497000 08:01 342921                     /home/uic/hadoop-3.2.1/share/hadoop/hdfs/hadoop-hdfs-client-3.2.1.jar
7f22cc593000-7f22cc5a3000 r--s 000db000 08:01 343041                     /home/uic/hadoop-3.2.1/share/hadoop/hdfs/hadoop-hdfs-rbf-3.2.1.jar
7f22cc5a3000-7f22cc5a9000 r--s 0003c000 08:01 342924                     /home/uic/hadoop-3.2.1/share/hadoop/hdfs/hadoop-hdfs-httpfs-3.2.1.jar
7f22cc5a9000-7f22cc5b3000 r--s 00026000 08:01 343008                     /home/uic/hadoop-3.2.1/share/hadoop/hdfs/lib/checker-qual-2.5.2.jar
7f22cc5b3000-7f22cc5b9000 r--s 00078000 08:01 342970                     /home/uic/hadoop-3.2.1/share/hadoop/hdfs/lib/woodstox-core-5.0.3.jar
7f22cc5b9000-7f22cc5bc000 r--s 00015000 08:01 342982                     /home/uic/hadoop-3.2.1/share/hadoop/hdfs/lib/jetty-security-9.3.24.v20180605.jar
7f22cc5bc000-7f22cc5bd000 r--s 00000000 08:01 343015                     /home/uic/hadoop-3.2.1/share/hadoop/hdfs/lib/listenablefuture-9999.0-empty-to-avoid-conflict-with-guava.jar
7f22cc5bd000-7f22cc5c0000 r--s 0001b000 08:01 343011                     /home/uic/hadoop-3.2.1/share/hadoop/hdfs/lib/json-smart-2.3.jar
7f22cc5c0000-7f22cc5c1000 r--s 00008000 08:01 342985                     /home/uic/hadoop-3.2.1/share/hadoop/hdfs/lib/kerb-util-1.0.1.jar
7f22cc5c1000-7f22cc5c9000 r--s 0003e000 08:01 343005                     /home/uic/hadoop-3.2.1/share/hadoop/hdfs/lib/curator-recipes-2.13.0.jar
7f22cc5c9000-7f22cc5ce000 r--s 00038000 08:01 342949                     /home/uic/hadoop-3.2.1/share/hadoop/hdfs/lib/commons-beanutils-1.9.3.jar
7f22cc5ce000-7f22cc5d3000 r--s 00040000 08:01 342965                     /home/uic/hadoop-3.2.1/share/hadoop/hdfs/lib/jsch-0.1.54.jar
7f22cc5d3000-7f22cc5d7000 r--s 00019000 08:01 342969                     /home/uic/hadoop-3.2.1/share/hadoop/hdfs/lib/kerb-crypto-1.0.1.jar
7f22cc5d7000-7f22cc609000 r--s 0026d000 08:01 342959                     /home/uic/hadoop-3.2.1/share/hadoop/hdfs/lib/guava-27.0-jre.jar
7f22cc609000-7f22cc60c000 r--s 00015000 08:01 342960                     /home/uic/hadoop-3.2.1/share/hadoop/hdfs/lib/javax.servlet-api-3.1.0.jar
7f22cc60c000-7f22cc60f000 r--s 00006000 08:01 343022                     /home/uic/hadoop-3.2.1/share/hadoop/hdfs/lib/jsr305-3.0.0.jar
7f22cc60f000-7f22cc611000 r--s 00000000 08:01 342986                     /home/uic/hadoop-3.2.1/share/hadoop/hdfs/lib/jcip-annotations-1.0-1.jar
7f22cc611000-7f22cc62e000 r--s 0016a000 08:01 342989                     /home/uic/hadoop-3.2.1/share/hadoop/hdfs/lib/commons-math3-3.1.1.jar
7f22cc62e000-7f22cc634000 r--s 00046000 08:01 342948                     /home/uic/hadoop-3.2.1/share/hadoop/hdfs/lib/commons-net-3.6.jar
7f22cc634000-7f22cc637000 r--s 00016000 08:01 343020                     /home/uic/hadoop-3.2.1/share/hadoop/hdfs/lib/jaxb-api-2.2.11.jar
7f22cc637000-7f22cc63e000 r--s 0002b000 08:01 342984                     /home/uic/hadoop-3.2.1/share/hadoop/hdfs/lib/kerby-pkix-1.0.1.jar
7f22cc63e000-7f22cc643000 r--s 0004c000 08:01 342977                     /home/uic/hadoop-3.2.1/share/hadoop/hdfs/lib/okhttp-2.7.5.jar
7f22cc643000-7f22cc645000 r--s 0000a000 08:01 343001                     /home/uic/hadoop-3.2.1/share/hadoop/hdfs/lib/jsr311-api-1.1.1.jar
7f22cc645000-7f22cc646000 r--s 00006000 08:01 343028                     /home/uic/hadoop-3.2.1/share/hadoop/hdfs/lib/jackson-xc-1.9.13.jar
7f22cc646000-7f22cc649000 r--s 0001a000 08:01 343023                     /home/uic/hadoop-3.2.1/share/hadoop/hdfs/lib/jetty-webapp-9.3.24.v20180605.jar
7f22cc649000-7f22cc64a000 r--s 0000c000 08:01 342953                     /home/uic/hadoop-3.2.1/share/hadoop/hdfs/lib/jetty-xml-9.3.24.v20180605.jar
7f22cc64a000-7f22cc656000 r--s 0008b000 08:01 343004                     /home/uic/hadoop-3.2.1/share/hadoop/hdfs/lib/commons-configuration2-2.1.1.jar
7f22cc656000-7f22cc658000 r--s 0001e000 08:01 343035                     /home/uic/hadoop-3.2.1/share/hadoop/hdfs/lib/re2j-1.1.jar
7f22cc658000-7f22cc659000 r--s 00009000 08:01 342946                     /home/uic/hadoop-3.2.1/share/hadoop/hdfs/lib/kerby-util-1.0.1.jar
7f22cc659000-7f22cc65c000 r--s 0000e000 08:01 342972                     /home/uic/hadoop-3.2.1/share/hadoop/hdfs/lib/jackson-annotations-2.9.8.jar
7f22cc65c000-7f22cc65f000 r--s 0001b000 08:01 343019                     /home/uic/hadoop-3.2.1/share/hadoop/hdfs/lib/jetty-io-9.3.24.v20180605.jar
7f22cc65f000-7f22cc667000 r--s 00072000 08:01 343007                     /home/uic/hadoop-3.2.1/share/hadoop/hdfs/lib/commons-lang3-3.7.jar
7f22cc667000-7f22cc669000 r--s 0000c000 08:01 342979                     /home/uic/hadoop-3.2.1/share/hadoop/hdfs/lib/asm-5.0.4.jar
7f22cc669000-7f22cc672000 r--s 0006f000 08:01 342962                     /home/uic/hadoop-3.2.1/share/hadoop/hdfs/lib/log4j-1.2.17.jar
7f22cc672000-7f22cc6a9000 r--s 00219000 08:01 343034                     /home/uic/hadoop-3.2.1/share/hadoop/hdfs/lib/curator-client-2.13.0.jar
7f22cc6a9000-7f22cc6ab000 r--s 00017000 08:01 342961                     /home/uic/hadoop-3.2.1/share/hadoop/hdfs/lib/kerby-asn1-1.0.1.jar
7f22cc6ab000-7f22cc6ac000 r--s 00004000 08:01 342974                     /home/uic/hadoop-3.2.1/share/hadoop/hdfs/lib/kerb-identity-1.0.1.jar
7f22cc6ac000-7f22cc6ae000 r--s 0000e000 08:01 343037                     /home/uic/hadoop-3.2.1/share/hadoop/hdfs/lib/commons-logging-1.1.3.jar
7f22cc6ae000-7f22cc6c0000 r--s 00137000 08:01 343036                     /home/uic/hadoop-3.2.1/share/hadoop/hdfs/lib/jackson-databind-2.9.8.jar
7f22cc6c0000-7f22cc6c1000 r--s 0000e000 08:01 342967                     /home/uic/hadoop-3.2.1/share/hadoop/hdfs/lib/hadoop-annotations-3.2.1.jar
7f22cc6c1000-7f22cc6cb000 r--s 00061000 08:01 343017                     /home/uic/hadoop-3.2.1/share/hadoop/hdfs/lib/jersey-core-1.19.jar
7f22cc6cb000-7f22cc6cf000 r--s 0002f000 08:01 343032                     /home/uic/hadoop-3.2.1/share/hadoop/hdfs/lib/commons-io-2.5.jar
7f22cc6cf000-7f22cc6d2000 r--s 00022000 08:01 342963                     /home/uic/hadoop-3.2.1/share/hadoop/hdfs/lib/jetty-http-9.3.24.v20180605.jar
7f22cc6d2000-7f22cc6d4000 r--s 00130000 08:01 342950                     /home/uic/hadoop-3.2.1/share/hadoop/hdfs/lib/snappy-java-1.0.5.jar
7f22cc6d4000-7f22cc6d6000 r--s 0000f000 08:01 342990                     /home/uic/hadoop-3.2.1/share/hadoop/hdfs/lib/jettison-1.1.jar
7f22cc6d6000-7f22cc6d8000 r--s 00009000 08:01 342952                     /home/uic/hadoop-3.2.1/share/hadoop/hdfs/lib/commons-cli-1.2.jar
7f22cc6d8000-7f22cc6da000 r--s 0000e000 08:01 342966                     /home/uic/hadoop-3.2.1/share/hadoop/hdfs/lib/kerb-common-1.0.1.jar
7f22cc6da000-7f22cc6e1000 r--s 00049000 08:01 342992                     /home/uic/hadoop-3.2.1/share/hadoop/hdfs/lib/httpcore-4.4.10.jar
7f22cc6e1000-7f22cc6e3000 r--s 00020000 08:01 343003                     /home/uic/hadoop-3.2.1/share/hadoop/hdfs/lib/hadoop-auth-3.2.1.jar
7f22cc6e3000-7f22cc6e5000 r--s 00002000 08:01 343021                     /home/uic/hadoop-3.2.1/share/hadoop/hdfs/lib/error_prone_annotations-2.2.0.jar
7f22cc6e5000-7f22cc6e6000 r--s 00005000 08:01 343006                     /home/uic/hadoop-3.2.1/share/hadoop/hdfs/lib/commons-daemon-1.0.13.jar
7f22cc6e6000-7f22cc6f3000 r--s 000d1000 08:01 342957                     /home/uic/hadoop-3.2.1/share/hadoop/hdfs/lib/zookeeper-3.4.13.jar
7f22cc6f3000-7f22cc6f4000 r--s 00004000 08:01 342983                     /home/uic/hadoop-3.2.1/share/hadoop/hdfs/lib/jackson-jaxrs-1.9.13.jar
7f22cc6f4000-7f22cc6f7000 r--s 0001b000 08:01 342973                     /home/uic/hadoop-3.2.1/share/hadoop/hdfs/lib/jetty-servlet-9.3.24.v20180605.jar
7f22cc6f7000-7f22cc6f8000 r--s 00004000 08:01 342954                     /home/uic/hadoop-3.2.1/share/hadoop/hdfs/lib/kerb-simplekdc-1.0.1.jar
7f22cc6f8000-7f22cc712000 r--s 00155000 08:01 342988                     /home/uic/hadoop-3.2.1/share/hadoop/hdfs/lib/htrace-core4-4.1.0-incubating.jar
7f22cc712000-7f22cc71b000 r--s 00062000 08:01 342987                     /home/uic/hadoop-3.2.1/share/hadoop/hdfs/lib/avro-1.7.7.jar
7f22cc71b000-7f22cc720000 r--s 0002a000 08:01 343029                     /home/uic/hadoop-3.2.1/share/hadoop/hdfs/lib/gson-2.2.4.jar
7f22cc720000-7f22cc721000 r--s 00000000 08:01 343031                     /home/uic/hadoop-3.2.1/share/hadoop/hdfs/lib/failureaccess-1.0.jar
7f22cc721000-7f22cc723000 r--s 00006000 08:01 343018                     /home/uic/hadoop-3.2.1/share/hadoop/hdfs/lib/accessors-smart-1.2.jar
7f22cc723000-7f22cc725000 r--s 00001000 08:01 343016                     /home/uic/hadoop-3.2.1/share/hadoop/hdfs/lib/j2objc-annotations-1.1.jar
7f22cc725000-7f22cc729000 r--s 0001c000 08:01 343024                     /home/uic/hadoop-3.2.1/share/hadoop/hdfs/lib/jersey-servlet-1.19.jar
7f22cc729000-7f22cc72b000 r--s 00008000 08:01 342998                     /home/uic/hadoop-3.2.1/share/hadoop/hdfs/lib/jetty-util-ajax-9.3.24.v20180605.jar
7f22cc72b000-7f22cc731000 r--s 0002c000 08:01 343027                     /home/uic/hadoop-3.2.1/share/hadoop/hdfs/lib/curator-framework-2.13.0.jar
7f22cc731000-7f22cc735000 r--s 00024000 08:01 343013                     /home/uic/hadoop-3.2.1/share/hadoop/hdfs/lib/stax2-api-3.1.4.jar
7f22cc735000-7f22cc73b000 r--s 00044000 08:01 342978                     /home/uic/hadoop-3.2.1/share/hadoop/hdfs/lib/nimbus-jose-jwt-4.41.1.jar
7f22cc73b000-7f22cc742000 r--s 00069000 08:01 343002                     /home/uic/hadoop-3.2.1/share/hadoop/hdfs/lib/jetty-util-9.3.24.v20180605.jar
7f22cc742000-7f22cc745000 r--s 00011000 08:01 342964                     /home/uic/hadoop-3.2.1/share/hadoop/hdfs/lib/kerb-admin-1.0.1.jar
7f22cc745000-7f22cc752000 r--s 00083000 08:01 342994                     /home/uic/hadoop-3.2.1/share/hadoop/hdfs/lib/commons-collections-3.2.2.jar
7f22cc752000-7f22cc755000 r--s 00012000 08:01 342951                     /home/uic/hadoop-3.2.1/share/hadoop/hdfs/lib/kerb-server-1.0.1.jar
7f22cc755000-7f22cc756000 r--s 00005000 08:01 342980                     /home/uic/hadoop-3.2.1/share/hadoop/hdfs/lib/json-simple-1.1.1.jar
7f22cc756000-7f22cc757000 r--s 00004000 08:01 343025                     /home/uic/hadoop-3.2.1/share/hadoop/hdfs/lib/token-provider-1.0.1.jar
7f22cc757000-7f22cc75f000 r--s 0007b000 08:01 343014                     /home/uic/hadoop-3.2.1/share/hadoop/hdfs/lib/protobuf-java-2.5.0.jar
7f22cc75f000-7f22cc764000 r--s 00047000 08:01 342997                     /home/uic/hadoop-3.2.1/share/hadoop/hdfs/lib/dnsjava-2.1.7.jar
7f22cc764000-7f22cc766000 r--s 00006000 08:01 342993                     /home/uic/hadoop-3.2.1/share/hadoop/hdfs/lib/paranamer-2.3.jar
7f22cc766000-7f22cc78d000 r--s 00205000 08:01 342956                     /home/uic/hadoop-3.2.1/share/hadoop/hdfs/lib/netty-all-4.0.52.Final.jar
7f22cc78d000-7f22cc790000 r--s 00019000 08:01 342975                     /home/uic/hadoop-3.2.1/share/hadoop/hdfs/lib/kerb-client-1.0.1.jar
7f22cc790000-7f22cc794000 r--s 00035000 08:01 343033                     /home/uic/hadoop-3.2.1/share/hadoop/hdfs/lib/jackson-core-asl-1.9.13.jar
7f22cc794000-7f22cc79b000 r--s 00031000 08:01 342971                     /home/uic/hadoop-3.2.1/share/hadoop/hdfs/lib/kerb-core-1.0.1.jar
7f22cc79b000-7f22cc7a9000 r--s 000b1000 08:01 342991                     /home/uic/hadoop-3.2.1/share/hadoop/hdfs/lib/jackson-mapper-asl-1.9.13.jar
7f22cc7a9000-7f22cc7b4000 r--s 00086000 08:01 343026                     /home/uic/hadoop-3.2.1/share/hadoop/hdfs/lib/commons-compress-1.18.jar
7f22cc7b4000-7f22cc7b6000 r--s 00006000 08:01 342947                     /home/uic/hadoop-3.2.1/share/hadoop/hdfs/lib/kerby-xdr-1.0.1.jar
7f22cc7b6000-7f22cc7ba000 r--s 0004c000 08:01 343012                     /home/uic/hadoop-3.2.1/share/hadoop/hdfs/lib/jackson-core-2.9.8.jar
7f22cc7ba000-7f22cc7be000 r--s 00025000 08:01 342958                     /home/uic/hadoop-3.2.1/share/hadoop/hdfs/lib/jersey-json-1.19.jar
7f22cc7be000-7f22cc7ce000 r--s 0009c000 08:01 342981                     /home/uic/hadoop-3.2.1/share/hadoop/hdfs/lib/jersey-server-1.19.jar
7f22cc7ce000-7f22cc7d1000 r--s 000fd000 08:01 342955                     /home/uic/hadoop-3.2.1/share/hadoop/hdfs/lib/leveldbjni-all-1.8.jar
7f22cc7d1000-7f22cc7d5000 r--s 00029000 08:01 342976                     /home/uic/hadoop-3.2.1/share/hadoop/hdfs/lib/commons-text-1.4.jar
7f22cc7d5000-7f22cc7d7000 r--s 00006000 08:01 342996                     /home/uic/hadoop-3.2.1/share/hadoop/hdfs/lib/kerby-config-1.0.1.jar
7f22cc7d7000-7f22cc7d8000 r--s 00000000 08:01 342968                     /home/uic/hadoop-3.2.1/share/hadoop/hdfs/lib/animal-sniffer-annotations-1.17.jar
7f22cc7d8000-7f22cc7e0000 r--s 00078000 08:01 342999                     /home/uic/hadoop-3.2.1/share/hadoop/hdfs/lib/jetty-server-9.3.24.v20180605.jar
7f22cc7e0000-7f22cc7ed000 r--s 000af000 08:01 342995                     /home/uic/hadoop-3.2.1/share/hadoop/hdfs/lib/httpclient-4.5.6.jar
7f22cc7ed000-7f22cc7ee000 r--s 00004000 08:01 343009                     /home/uic/hadoop-3.2.1/share/hadoop/hdfs/lib/audience-annotations-0.5.0.jar
7f22cc7ee000-7f22cc7f0000 r--s 0000f000 08:01 343030                     /home/uic/hadoop-3.2.1/share/hadoop/hdfs/lib/okio-1.6.0.jar
7f22cc7f0000-7f22cc803000 r--s 000c7000 08:01 343000                     /home/uic/hadoop-3.2.1/share/hadoop/hdfs/lib/jaxb-impl-2.2.3-1.jar
7f22cc803000-7f22cc80a000 r--s 0004b000 08:01 343010                     /home/uic/hadoop-3.2.1/share/hadoop/hdfs/lib/commons-codec-1.11.jar
7f22cc80a000-7f22cc823000 r--s 0012c000 08:01 343038                     /home/uic/hadoop-3.2.1/share/hadoop/hdfs/lib/netty-3.10.5.Final.jar
7f22cc823000-7f22cc826000 r--s 0001a000 08:01 343177                     /home/uic/hadoop-3.2.1/share/hadoop/yarn/hadoop-yarn-submarine-3.2.1.jar
7f22cc826000-7f22cc84a000 r--s 0020a000 08:01 343262                     /home/uic/hadoop-3.2.1/share/hadoop/yarn/hadoop-yarn-server-resourcemanager-3.2.1.jar
7f22cc84a000-7f22cc84c000 r--s 00012000 08:01 343264                     /home/uic/hadoop-3.2.1/share/hadoop/yarn/hadoop-yarn-server-web-proxy-3.2.1.jar
7f22cc84c000-7f22cc84e000 r--s 0001a000 08:01 343265                     /home/uic/hadoop-3.2.1/share/hadoop/yarn/hadoop-yarn-applications-distributedshell-3.2.1.jar
7f22cc84e000-7f22cc853000 r--s 00043000 08:01 343307                     /home/uic/hadoop-3.2.1/share/hadoop/yarn/hadoop-yarn-server-applicationhistoryservice-3.2.1.jar
7f22cc853000-7f22cc858000 r--s 00033000 08:01 343284                     /home/uic/hadoop-3.2.1/share/hadoop/yarn/hadoop-yarn-registry-3.2.1.jar
7f22cc858000-7f22cc85b000 r--s 00024000 08:01 343259                     /home/uic/hadoop-3.2.1/share/hadoop/yarn/hadoop-yarn-server-router-3.2.1.jar
7f22cc85b000-7f22cc85d000 r--s 00015000 08:01 343210                     /home/uic/hadoop-3.2.1/share/hadoop/yarn/hadoop-yarn-server-timeline-pluginstorage-3.2.1.jar
7f22cc85d000-7f22cc860000 r--s 00015000 08:01 343209                     /home/uic/hadoop-3.2.1/share/hadoop/yarn/hadoop-yarn-server-sharedcachemanager-3.2.1.jar
7f22cc860000-7f22cc861000 r--s 0000d000 08:01 343212                     /home/uic/hadoop-3.2.1/share/hadoop/yarn/hadoop-yarn-applications-unmanaged-am-launcher-3.2.1.jar
7f22cc861000-7f22cc86b000 r--s 00091000 08:01 343213                     /home/uic/hadoop-3.2.1/share/hadoop/yarn/hadoop-yarn-services-core-3.2.1.jar
7f22cc86b000-7f22cc86f000 r--s 0004b000 08:01 343260                     /home/uic/hadoop-3.2.1/share/hadoop/yarn/hadoop-yarn-client-3.2.1.jar
7f22cc86f000-7f22cc887000 r--s 00137000 08:01 343176                     /home/uic/hadoop-3.2.1/share/hadoop/yarn/hadoop-yarn-server-nodemanager-3.2.1.jar
7f22cc887000-7f22cc8ab000 r--s 002a5000 08:01 343211                     /home/uic/hadoop-3.2.1/share/hadoop/yarn/hadoop-yarn-common-3.2.1.jar
7f22cc8ab000-7f22cc8c3000 r--s 0013d000 08:01 343282                     /home/uic/hadoop-3.2.1/share/hadoop/yarn/hadoop-yarn-server-common-3.2.1.jar
7f22cc8c3000-7f22cc8c5000 r--s 00019000 08:01 343281                     /home/uic/hadoop-3.2.1/share/hadoop/yarn/hadoop-yarn-services-api-3.2.1.jar
7f22cc8c5000-7f22cc8f2000 r--s 002f6000 08:01 343283                     /home/uic/hadoop-3.2.1/share/hadoop/yarn/hadoop-yarn-api-3.2.1.jar
7f22cc8f2000-7f22cc94a000 r--s 003a7000 08:01 343296                     /home/uic/hadoop-3.2.1/share/hadoop/yarn/lib/bcprov-jdk15on-1.60.jar
7f22cc94a000-7f22cc94c000 r--s 00000000 08:01 343285                     /home/uic/hadoop-3.2.1/share/hadoop/yarn/lib/aopalliance-1.0.jar
7f22cc94c000-7f22cc94f000 r--s 0000b000 08:01 343300                     /home/uic/hadoop-3.2.1/share/hadoop/yarn/lib/geronimo-jcache_1.0_spec-1.0-alpha-1.jar
7f22cc94f000-7f22cc975000 r--s 00180000 08:01 343302                     /home/uic/hadoop-3.2.1/share/hadoop/yarn/lib/ehcache-3.3.1.jar
7f22cc975000-7f22cc976000 r--s 00003000 08:01 343292                     /home/uic/hadoop-3.2.1/share/hadoop/yarn/lib/jackson-jaxrs-json-provider-2.9.8.jar
7f22cc976000-7f22cc979000 r--s 0001e000 08:01 343293                     /home/uic/hadoop-3.2.1/share/hadoop/yarn/lib/jersey-client-1.19.jar
7f22cc979000-7f22cc97a000 r--s 00007000 08:01 343306                     /home/uic/hadoop-3.2.1/share/hadoop/yarn/lib/jackson-module-jaxb-annotations-2.9.8.jar
7f22cc97a000-7f22cc983000 r--s 000b9000 08:01 343304                     /home/uic/hadoop-3.2.1/share/hadoop/yarn/lib/mssql-jdbc-6.2.1.jre7.jar
7f22cc983000-7f22cc985000 r--s 00005000 08:01 343297                     /home/uic/hadoop-3.2.1/share/hadoop/yarn/lib/objenesis-1.0.jar
7f22cc985000-7f22cc986000 r--s 00007000 08:01 343286                     /home/uic/hadoop-3.2.1/share/hadoop/yarn/lib/jackson-jaxrs-base-2.9.8.jar
7f22cc986000-7f22cc987000 r--s 00003000 08:01 343294                     /home/uic/hadoop-3.2.1/share/hadoop/yarn/lib/swagger-annotations-1.5.4.jar
7f22cc987000-7f22cc99a000 r--s 000b0000 08:01 343290                     /home/uic/hadoop-3.2.1/share/hadoop/yarn/lib/bcpkix-jdk15on-1.60.jar
7f22cc99a000-7f22cc99c000 r--s 00011000 08:01 343295                     /home/uic/hadoop-3.2.1/share/hadoop/yarn/lib/guice-servlet-4.0.jar
7f22cc99c000-7f22cc9a0000 r--s 0001e000 08:01 343303                     /home/uic/hadoop-3.2.1/share/hadoop/yarn/lib/metrics-core-3.2.4.jar
7f22cc9a0000-7f22cc9a1000 r--s 00000000 08:01 343298                     /home/uic/hadoop-3.2.1/share/hadoop/yarn/lib/javax.inject-1.jar
7f22cc9a1000-7f22cc9af000 r--s 00096000 08:01 343305                     /home/uic/hadoop-3.2.1/share/hadoop/yarn/lib/guice-4.0.jar
7f22cc9af000-7f22cc9b6000 r--s 00058000 08:01 343301                     /home/uic/hadoop-3.2.1/share/hadoop/yarn/lib/fst-2.50.jar
7f22cc9b6000-7f22cc9b9000 r--s 0001e000 08:01 343289                     /home/uic/hadoop-3.2.1/share/hadoop/yarn/lib/HikariCP-java7-2.4.12.jar
7f22cc9b9000-7f22cc9bb000 r--s 00011000 08:01 343291                     /home/uic/hadoop-3.2.1/share/hadoop/yarn/lib/json-io-2.5.1.jar
7f22cc9bb000-7f22cc9c1000 r--s 0003c000 08:01 343288                     /home/uic/hadoop-3.2.1/share/hadoop/yarn/lib/snakeyaml-1.16.jar
7f22cc9c1000-7f22cc9c3000 r--s 0000d000 08:01 343287                     /home/uic/hadoop-3.2.1/share/hadoop/yarn/lib/java-util-1.9.0.jar
7f22cc9c3000-7f22cc9c4000 r--s 00003000 08:01 343299                     /home/uic/hadoop-3.2.1/share/hadoop/yarn/lib/jersey-guice-1.19.jar
7f22cc9c4000-7f22cc9c6000 r--s 00007000 08:01 34299                      /usr/share/java/java-atk-wrapper.jar
7f22cc9c6000-7f22cc9c8000 r--s 00001000 08:01 280371                     /usr/lib/jvm/java-8-openjdk-amd64/jre/lib/ext/dnsns.jar
7f22cc9c8000-7f22cc9c9000 r--s 0000a000 08:01 280373                     /usr/lib/jvm/java-8-openjdk-amd64/jre/lib/ext/jaccess.jar
7f22cc9c9000-7f22cc9ca000 r--s 00010000 08:01 280379                     /usr/lib/jvm/java-8-openjdk-amd64/jre/lib/ext/zipfs.jar
7f22cc9ca000-7f22cc9e5000 r--s 001d6000 08:01 280375                     /usr/lib/jvm/java-8-openjdk-amd64/jre/lib/ext/nashorn.jar
7f22cc9e5000-7f22cc9ef000 r--s 00116000 08:01 280374                     /usr/lib/jvm/java-8-openjdk-amd64/jre/lib/ext/localedata.jar
7f22cc9ef000-7f22cc9f0000 r--s 0000d000 08:01 280376                     /usr/lib/jvm/java-8-openjdk-amd64/jre/lib/ext/sunec.jar
7f22cc9f0000-7f22cca0b000 r--s 00394000 08:01 280370                     /usr/lib/jvm/java-8-openjdk-amd64/jre/lib/ext/cldrdata.jar
7f22cca0b000-7f22cca0e000 r--s 00039000 08:01 280378                     /usr/lib/jvm/java-8-openjdk-amd64/jre/lib/ext/sunpkcs11.jar
7f22cca0e000-7f22cca13000 r--s 0003c000 08:01 280377                     /usr/lib/jvm/java-8-openjdk-amd64/jre/lib/ext/sunjce_provider.jar
7f22cca13000-7f22cca16000 r--s 0000f000 08:01 280372                     /usr/lib/jvm/java-8-openjdk-amd64/jre/lib/ext/icedtea-sound.jar
7f22cca16000-7f22cca17000 ---p 00000000 00:00 0 
7f22cca17000-7f22ccb17000 rw-p 00000000 00:00 0 
7f22ccb17000-7f22ccb1a000 ---p 00000000 00:00 0 
7f22ccb1a000-7f22ccc18000 rw-p 00000000 00:00 0 
7f22ccc18000-7f22ccc19000 ---p 00000000 00:00 0 
7f22ccc19000-7f22ccc1c000 ---p 00000000 00:00 0 
7f22ccc1c000-7f22ccd19000 rw-p 00000000 00:00 0 
7f22ccd19000-7f22ccd1a000 ---p 00000000 00:00 0 
7f22ccd1a000-7f22ccd1d000 ---p 00000000 00:00 0 
7f22ccd1d000-7f22cce1a000 rw-p 00000000 00:00 0 
7f22cce1a000-7f22cce1d000 ---p 00000000 00:00 0 
7f22cce1d000-7f22ccf1b000 rw-p 00000000 00:00 0 
7f22ccf1b000-7f22ccf4c000 r--p 00000000 08:01 7801                       /usr/lib/locale/C.UTF-8/LC_CTYPE
7f22ccf4c000-7f22ccf4d000 r--p 00000000 08:01 7806                       /usr/lib/locale/C.UTF-8/LC_NUMERIC
7f22ccf4d000-7f22ccf4e000 r--p 00000000 08:01 7809                       /usr/lib/locale/C.UTF-8/LC_TIME
7f22ccf4e000-7f22cd0c1000 r--p 00000000 08:01 7800                       /usr/lib/locale/C.UTF-8/LC_COLLATE
7f22cd0c1000-7f22cd25c000 r--p 00000000 08:01 7795                       /usr/lib/locale/locale-archive
7f22cd25c000-7f22cd25f000 ---p 00000000 00:00 0 
7f22cd25f000-7f22cd35d000 rw-p 00000000 00:00 0 
7f22cd35d000-7f22cd360000 ---p 00000000 00:00 0 
7f22cd360000-7f22cd45e000 rw-p 00000000 00:00 0 
7f22cd45e000-7f22cd45f000 ---p 00000000 00:00 0 
7f22cd45f000-7f22cde68000 rw-p 00000000 00:00 0 
7f22cde68000-7f22ce038000 r--s 03c5c000 08:01 280399                     /usr/lib/jvm/java-8-openjdk-amd64/jre/lib/rt.jar
7f22ce038000-7f22d08f5000 rw-p 00000000 00:00 0 
7f22d08f5000-7f22d08f6000 ---p 00000000 00:00 0 
7f22d08f6000-7f22d09f6000 rw-p 00000000 00:00 0 
7f22d09f6000-7f22d09f7000 ---p 00000000 00:00 0 
7f22d09f7000-7f22d0b3a000 rw-p 00000000 00:00 0 
7f22d0b3a000-7f22d0c40000 ---p 00000000 00:00 0 
7f22d0c40000-7f22d0c5a000 rw-p 00000000 00:00 0 
7f22d0c5a000-7f22d1000000 ---p 00000000 00:00 0 
7f22d1000000-7f22d1660000 rwxp 00000000 00:00 0 
7f22d1660000-7f22e0000000 ---p 00000000 00:00 0 
7f22e0000000-7f22e1319000 rw-p 00000000 00:00 0 
7f22e1319000-7f22e4000000 ---p 00000000 00:00 0 
7f22e4000000-7f22e4001000 r--p 00000000 08:01 7804                       /usr/lib/locale/C.UTF-8/LC_MONETARY
7f22e4001000-7f22e4002000 r--p 00000000 08:01 7798                       /usr/lib/locale/C.UTF-8/LC_MESSAGES/SYS_LC_MESSAGES
7f22e4002000-7f22e4003000 r--p 00000000 08:01 7807                       /usr/lib/locale/C.UTF-8/LC_PAPER
7f22e4003000-7f22e411f000 rw-p 00000000 00:00 0 
7f22e411f000-7f22e4224000 ---p 00000000 00:00 0 
7f22e4224000-7f22e426b000 rw-p 00000000 00:00 0 
7f22e426b000-7f22e42c9000 ---p 00000000 00:00 0 
7f22e42c9000-7f22e42ca000 rw-p 00000000 00:00 0 
7f22e42ca000-7f22e42d2000 r-xp 00000000 08:01 280356                     /usr/lib/jvm/java-8-openjdk-amd64/jre/lib/amd64/libzip.so
7f22e42d2000-7f22e44d1000 ---p 00008000 08:01 280356                     /usr/lib/jvm/java-8-openjdk-amd64/jre/lib/amd64/libzip.so
7f22e44d1000-7f22e44d2000 r--p 00007000 08:01 280356                     /usr/lib/jvm/java-8-openjdk-amd64/jre/lib/amd64/libzip.so
7f22e44d2000-7f22e44d3000 rw-p 00008000 08:01 280356                     /usr/lib/jvm/java-8-openjdk-amd64/jre/lib/amd64/libzip.so
7f22e44d3000-7f22e44de000 r-xp 00000000 08:01 2093                       /lib/x86_64-linux-gnu/libnss_files-2.27.so
7f22e44de000-7f22e46dd000 ---p 0000b000 08:01 2093                       /lib/x86_64-linux-gnu/libnss_files-2.27.so
7f22e46dd000-7f22e46de000 r--p 0000a000 08:01 2093                       /lib/x86_64-linux-gnu/libnss_files-2.27.so
7f22e46de000-7f22e46df000 rw-p 0000b000 08:01 2093                       /lib/x86_64-linux-gnu/libnss_files-2.27.so
7f22e46df000-7f22e46e5000 rw-p 00000000 00:00 0 
7f22e46e5000-7f22e46fc000 r-xp 00000000 08:01 2090                       /lib/x86_64-linux-gnu/libnsl-2.27.so
7f22e46fc000-7f22e48fb000 ---p 00017000 08:01 2090                       /lib/x86_64-linux-gnu/libnsl-2.27.so
7f22e48fb000-7f22e48fc000 r--p 00016000 08:01 2090                       /lib/x86_64-linux-gnu/libnsl-2.27.so
7f22e48fc000-7f22e48fd000 rw-p 00017000 08:01 2090                       /lib/x86_64-linux-gnu/libnsl-2.27.so
7f22e48fd000-7f22e48ff000 rw-p 00000000 00:00 0 
7f22e48ff000-7f22e490a000 r-xp 00000000 08:01 2095                       /lib/x86_64-linux-gnu/libnss_nis-2.27.so
7f22e490a000-7f22e4b09000 ---p 0000b000 08:01 2095                       /lib/x86_64-linux-gnu/libnss_nis-2.27.so
7f22e4b09000-7f22e4b0a000 r--p 0000a000 08:01 2095                       /lib/x86_64-linux-gnu/libnss_nis-2.27.so
7f22e4b0a000-7f22e4b0b000 rw-p 0000b000 08:01 2095                       /lib/x86_64-linux-gnu/libnss_nis-2.27.so
7f22e4b0b000-7f22e4b13000 r-xp 00000000 08:01 2091                       /lib/x86_64-linux-gnu/libnss_compat-2.27.so
7f22e4b13000-7f22e4d13000 ---p 00008000 08:01 2091                       /lib/x86_64-linux-gnu/libnss_compat-2.27.so
7f22e4d13000-7f22e4d14000 r--p 00008000 08:01 2091                       /lib/x86_64-linux-gnu/libnss_compat-2.27.so
7f22e4d14000-7f22e4d15000 rw-p 00009000 08:01 2091                       /lib/x86_64-linux-gnu/libnss_compat-2.27.so
7f22e4d15000-7f22e4d3f000 r-xp 00000000 08:01 280337                     /usr/lib/jvm/java-8-openjdk-amd64/jre/lib/amd64/libjava.so
7f22e4d3f000-7f22e4f3e000 ---p 0002a000 08:01 280337                     /usr/lib/jvm/java-8-openjdk-amd64/jre/lib/amd64/libjava.so
7f22e4f3e000-7f22e4f3f000 r--p 00029000 08:01 280337                     /usr/lib/jvm/java-8-openjdk-amd64/jre/lib/amd64/libjava.so
7f22e4f3f000-7f22e4f41000 rw-p 0002a000 08:01 280337                     /usr/lib/jvm/java-8-openjdk-amd64/jre/lib/amd64/libjava.so
7f22e4f41000-7f22e4f51000 r-xp 00000000 08:01 280355                     /usr/lib/jvm/java-8-openjdk-amd64/jre/lib/amd64/libverify.so
7f22e4f51000-7f22e5150000 ---p 00010000 08:01 280355                     /usr/lib/jvm/java-8-openjdk-amd64/jre/lib/amd64/libverify.so
7f22e5150000-7f22e5152000 r--p 0000f000 08:01 280355                     /usr/lib/jvm/java-8-openjdk-amd64/jre/lib/amd64/libverify.so
7f22e5152000-7f22e5153000 rw-p 00011000 08:01 280355                     /usr/lib/jvm/java-8-openjdk-amd64/jre/lib/amd64/libverify.so
7f22e5153000-7f22e515a000 r-xp 00000000 08:01 2180                       /lib/x86_64-linux-gnu/librt-2.27.so
7f22e515a000-7f22e5359000 ---p 00007000 08:01 2180                       /lib/x86_64-linux-gnu/librt-2.27.so
7f22e5359000-7f22e535a000 r--p 00006000 08:01 2180                       /lib/x86_64-linux-gnu/librt-2.27.so
7f22e535a000-7f22e535b000 rw-p 00007000 08:01 2180                       /lib/x86_64-linux-gnu/librt-2.27.so
7f22e535b000-7f22e5372000 r-xp 00000000 08:01 2096                       /lib/x86_64-linux-gnu/libgcc_s.so.1
7f22e5372000-7f22e5571000 ---p 00017000 08:01 2096                       /lib/x86_64-linux-gnu/libgcc_s.so.1
7f22e5571000-7f22e5572000 r--p 00016000 08:01 2096                       /lib/x86_64-linux-gnu/libgcc_s.so.1
7f22e5572000-7f22e5573000 rw-p 00017000 08:01 2096                       /lib/x86_64-linux-gnu/libgcc_s.so.1
7f22e5573000-7f22e5710000 r-xp 00000000 08:01 2087                       /lib/x86_64-linux-gnu/libm-2.27.so
7f22e5710000-7f22e590f000 ---p 0019d000 08:01 2087                       /lib/x86_64-linux-gnu/libm-2.27.so
7f22e590f000-7f22e5910000 r--p 0019c000 08:01 2087                       /lib/x86_64-linux-gnu/libm-2.27.so
7f22e5910000-7f22e5911000 rw-p 0019d000 08:01 2087                       /lib/x86_64-linux-gnu/libm-2.27.so
7f22e5911000-7f22e5a8a000 r-xp 00000000 08:01 5016                       /usr/lib/x86_64-linux-gnu/libstdc++.so.6.0.25
7f22e5a8a000-7f22e5c8a000 ---p 00179000 08:01 5016                       /usr/lib/x86_64-linux-gnu/libstdc++.so.6.0.25
7f22e5c8a000-7f22e5c94000 r--p 00179000 08:01 5016                       /usr/lib/x86_64-linux-gnu/libstdc++.so.6.0.25
7f22e5c94000-7f22e5c96000 rw-p 00183000 08:01 5016                       /usr/lib/x86_64-linux-gnu/libstdc++.so.6.0.25
7f22e5c96000-7f22e5c9a000 rw-p 00000000 00:00 0 
7f22e5c9a000-7f22e6939000 r-xp 00000000 08:01 280359                     /usr/lib/jvm/java-8-openjdk-amd64/jre/lib/amd64/server/libjvm.so
7f22e6939000-7f22e6b39000 ---p 00c9f000 08:01 280359                     /usr/lib/jvm/java-8-openjdk-amd64/jre/lib/amd64/server/libjvm.so
7f22e6b39000-7f22e6bcd000 r--p 00c9f000 08:01 280359                     /usr/lib/jvm/java-8-openjdk-amd64/jre/lib/amd64/server/libjvm.so
7f22e6bcd000-7f22e6bf6000 rw-p 00d33000 08:01 280359                     /usr/lib/jvm/java-8-openjdk-amd64/jre/lib/amd64/server/libjvm.so
7f22e6bf6000-7f22e6c26000 rw-p 00000000 00:00 0 
7f22e6c26000-7f22e6c40000 r-xp 00000000 08:01 2178                       /lib/x86_64-linux-gnu/libpthread-2.27.so
7f22e6c40000-7f22e6e3f000 ---p 0001a000 08:01 2178                       /lib/x86_64-linux-gnu/libpthread-2.27.so
7f22e6e3f000-7f22e6e40000 r--p 00019000 08:01 2178                       /lib/x86_64-linux-gnu/libpthread-2.27.so
7f22e6e40000-7f22e6e41000 rw-p 0001a000 08:01 2178                       /lib/x86_64-linux-gnu/libpthread-2.27.so
7f22e6e41000-7f22e6e45000 rw-p 00000000 00:00 0 
7f22e6e45000-7f22e6e48000 r-xp 00000000 08:01 2086                       /lib/x86_64-linux-gnu/libdl-2.27.so
7f22e6e48000-7f22e7047000 ---p 00003000 08:01 2086                       /lib/x86_64-linux-gnu/libdl-2.27.so
7f22e7047000-7f22e7048000 r--p 00002000 08:01 2086                       /lib/x86_64-linux-gnu/libdl-2.27.so
7f22e7048000-7f22e7049000 rw-p 00003000 08:01 2086                       /lib/x86_64-linux-gnu/libdl-2.27.so
7f22e7049000-7f22e7065000 r-xp 00000000 08:01 2183                       /lib/x86_64-linux-gnu/libz.so.1.2.11
7f22e7065000-7f22e7264000 ---p 0001c000 08:01 2183                       /lib/x86_64-linux-gnu/libz.so.1.2.11
7f22e7264000-7f22e7265000 r--p 0001b000 08:01 2183                       /lib/x86_64-linux-gnu/libz.so.1.2.11
7f22e7265000-7f22e7266000 rw-p 0001c000 08:01 2183                       /lib/x86_64-linux-gnu/libz.so.1.2.11
7f22e7266000-7f22e744d000 r-xp 00000000 08:01 2083                       /lib/x86_64-linux-gnu/libc-2.27.so
7f22e744d000-7f22e764d000 ---p 001e7000 08:01 2083                       /lib/x86_64-linux-gnu/libc-2.27.so
7f22e764d000-7f22e7651000 r--p 001e7000 08:01 2083                       /lib/x86_64-linux-gnu/libc-2.27.so
7f22e7651000-7f22e7653000 rw-p 001eb000 08:01 2083                       /lib/x86_64-linux-gnu/libc-2.27.so
7f22e7653000-7f22e7657000 rw-p 00000000 00:00 0 
7f22e7657000-7f22e7665000 r-xp 00000000 08:01 280323                     /usr/lib/jvm/java-8-openjdk-amd64/jre/lib/amd64/jli/libjli.so
7f22e7665000-7f22e7864000 ---p 0000e000 08:01 280323                     /usr/lib/jvm/java-8-openjdk-amd64/jre/lib/amd64/jli/libjli.so
7f22e7864000-7f22e7865000 r--p 0000d000 08:01 280323                     /usr/lib/jvm/java-8-openjdk-amd64/jre/lib/amd64/jli/libjli.so
7f22e7865000-7f22e7866000 rw-p 0000e000 08:01 280323                     /usr/lib/jvm/java-8-openjdk-amd64/jre/lib/amd64/jli/libjli.so
7f22e7866000-7f22e788d000 r-xp 00000000 08:01 2079                       /lib/x86_64-linux-gnu/ld-2.27.so
7f22e788d000-7f22e7972000 rw-p 00000000 00:00 0 
7f22e7972000-7f22e7973000 ---p 00000000 00:00 0 
7f22e7973000-7f22e7976000 ---p 00000000 00:00 0 
7f22e7976000-7f22e7a75000 rw-p 00000000 00:00 0 
7f22e7a75000-7f22e7a76000 r--p 00000000 08:01 7805                       /usr/lib/locale/C.UTF-8/LC_NAME
7f22e7a76000-7f22e7a77000 r--p 00000000 08:01 7799                       /usr/lib/locale/C.UTF-8/LC_ADDRESS
7f22e7a77000-7f22e7a78000 r--p 00000000 08:01 7808                       /usr/lib/locale/C.UTF-8/LC_TELEPHONE
7f22e7a78000-7f22e7a79000 r--p 00000000 08:01 7803                       /usr/lib/locale/C.UTF-8/LC_MEASUREMENT
7f22e7a79000-7f22e7a80000 r--s 00000000 08:01 5009                       /usr/lib/x86_64-linux-gnu/gconv/gconv-modules.cache
7f22e7a80000-7f22e7a81000 r--p 00000000 08:01 7802                       /usr/lib/locale/C.UTF-8/LC_IDENTIFICATION
7f22e7a81000-7f22e7a89000 rw-s 00000000 08:01 2002                       /tmp/hsperfdata_uic/24993
7f22e7a89000-7f22e7a8a000 rw-p 00000000 00:00 0 
7f22e7a8a000-7f22e7a8b000 ---p 00000000 00:00 0 
7f22e7a8b000-7f22e7a8d000 rw-p 00000000 00:00 0 
7f22e7a8d000-7f22e7a8e000 r--p 00027000 08:01 2079                       /lib/x86_64-linux-gnu/ld-2.27.so
7f22e7a8e000-7f22e7a8f000 rw-p 00028000 08:01 2079                       /lib/x86_64-linux-gnu/ld-2.27.so
7f22e7a8f000-7f22e7a90000 rw-p 00000000 00:00 0 
7ffd77157000-7ffd7717c000 rw-p 00000000 00:00 0                          [stack]
7ffd771ab000-7ffd771ae000 r--p 00000000 00:00 0                          [vvar]
7ffd771ae000-7ffd771b0000 r-xp 00000000 00:00 0                          [vdso]
ffffffffff600000-ffffffffff601000 r-xp 00000000 00:00 0                  [vsyscall]

VM Arguments:
jvm_args: -Dfile.encoding=UTF-8 
java_command: wordcount.wordcount hdfs:arrow4g:9000/data/wordcount hdfs://arrow4g:9000/data/eclipse-wordcount-output
java_class_path (initial): /home/uic/eclipse-workspace/wordcount/bin:/home/uic/hadoop-3.2.1/share/hadoop/yarn/lib/jersey-guice-1.19.jar:/home/uic/hadoop-3.2.1/share/hadoop/yarn/lib/java-util-1.9.0.jar:/home/uic/hadoop-3.2.1/share/hadoop/yarn/lib/snakeyaml-1.16.jar:/home/uic/hadoop-3.2.1/share/hadoop/yarn/lib/json-io-2.5.1.jar:/home/uic/hadoop-3.2.1/share/hadoop/yarn/lib/HikariCP-java7-2.4.12.jar:/home/uic/hadoop-3.2.1/share/hadoop/yarn/lib/fst-2.50.jar:/home/uic/hadoop-3.2.1/share/hadoop/yarn/lib/guice-4.0.jar:/home/uic/hadoop-3.2.1/share/hadoop/yarn/lib/javax.inject-1.jar:/home/uic/hadoop-3.2.1/share/hadoop/yarn/lib/metrics-core-3.2.4.jar:/home/uic/hadoop-3.2.1/share/hadoop/yarn/lib/guice-servlet-4.0.jar:/home/uic/hadoop-3.2.1/share/hadoop/yarn/lib/bcpkix-jdk15on-1.60.jar:/home/uic/hadoop-3.2.1/share/hadoop/yarn/lib/swagger-annotations-1.5.4.jar:/home/uic/hadoop-3.2.1/share/hadoop/yarn/lib/jackson-jaxrs-base-2.9.8.jar:/home/uic/hadoop-3.2.1/share/hadoop/yarn/lib/objenesis-1.0.jar:/home/uic/hadoop-3.2.1/share/hadoop/yarn/lib/mssql-jdbc-6.2.1.jre7.jar:/home/uic/hadoop-3.2.1/share/hadoop/yarn/lib/jackson-module-jaxb-annotations-2.9.8.jar:/home/uic/hadoop-3.2.1/share/hadoop/yarn/lib/jersey-client-1.19.jar:/home/uic/hadoop-3.2.1/share/hadoop/yarn/lib/jackson-jaxrs-json-provider-2.9.8.jar:/home/uic/hadoop-3.2.1/share/hadoop/yarn/lib/ehcache-3.3.1.jar:/home/uic/hadoop-3.2.1/share/hadoop/yarn/lib/geronimo-jcache_1.0_spec-1.0-alpha-1.jar:/home/uic/hadoop-3.2.1/share/hadoop/yarn/lib/aopalliance-1.0.jar:/home/uic/hadoop-3.2.1/share/hadoop/yarn/lib/bcprov-jdk15on-1.60.jar:/home/uic/hadoop-3.2.1/share/hadoop/yarn/hadoop-yarn-api-3.2.1.jar:/home/uic/hadoop-3.2.1/share/hadoop/yarn/hadoop-yarn-services-api-3.2.1.jar:/home/uic/hadoop-3.2.1/share/hadoop/yarn/hadoop-yarn-server-common-3.2.1.jar:/home/uic/hadoop-3.2.1/share/hadoop/yarn/hadoop-yarn-common-3.2.1.jar:/home/uic/hadoop-3.2.1/share/hadoop/yarn/hadoop-yarn-server-nodemanager-3.2.1.jar:/home/uic/hadoop-3.2.1/share/hadoop/ya
Launcher Type: SUN_STANDARD

Environment Variables:
JAVA_HOME=/usr/lib/jvm/java-8-openjdk-amd64/
PATH=:/home/uic/hadoop-3.2.1/bin:/home/uic/hadoop-3.2.1/sbin::/home/uic/hadoop-3.2.1/bin:/home/uic/hadoop-3.2.1/sbin:/sbin:/bin:/usr/bin:/usr/local/bin:/snap/bin:/usr/lib/jvm/java-8-openjdk-amd64//bin:/usr/lib/jvm/java-8-openjdk-amd64//bin
SHELL=/bin/bash
DISPLAY=:10.0

Signal Handlers:
SIGSEGV: [libjvm.so+0xab92f0], sa_mask[0]=11111111011111111101111111111110, sa_flags=SA_RESTART|SA_SIGINFO
SIGBUS: [libjvm.so+0xab92f0], sa_mask[0]=11111111011111111101111111111110, sa_flags=SA_RESTART|SA_SIGINFO
SIGFPE: [libjvm.so+0x8ee560], sa_mask[0]=11111111011111111101111111111110, sa_flags=SA_RESTART|SA_SIGINFO
SIGPIPE: [libjvm.so+0x8ee560], sa_mask[0]=11111111011111111101111111111110, sa_flags=SA_RESTART|SA_SIGINFO
SIGXFSZ: [libjvm.so+0x8ee560], sa_mask[0]=11111111011111111101111111111110, sa_flags=SA_RESTART|SA_SIGINFO
SIGILL: [libjvm.so+0x8ee560], sa_mask[0]=11111111011111111101111111111110, sa_flags=SA_RESTART|SA_SIGINFO
SIGUSR1: SIG_DFL, sa_mask[0]=00000000000000000000000000000000, sa_flags=none
SIGUSR2: [libjvm.so+0x8ee410], sa_mask[0]=00100000000000000000000000000000, sa_flags=SA_RESTART|SA_SIGINFO
SIGHUP: [libjvm.so+0x8eea80], sa_mask[0]=11111111011111111101111111111110, sa_flags=SA_RESTART|SA_SIGINFO
SIGINT: [libjvm.so+0x8eea80], sa_mask[0]=11111111011111111101111111111110, sa_flags=SA_RESTART|SA_SIGINFO
SIGTERM: [libjvm.so+0x8eea80], sa_mask[0]=11111111011111111101111111111110, sa_flags=SA_RESTART|SA_SIGINFO
SIGQUIT: [libjvm.so+0x8eea80], sa_mask[0]=11111111011111111101111111111110, sa_flags=SA_RESTART|SA_SIGINFO


---------------  S Y S T E M  ---------------

OS:DISTRIB_ID=Ubuntu
DISTRIB_RELEASE=18.04
DISTRIB_CODENAME=bionic
DISTRIB_DESCRIPTION="Ubuntu 18.04.3 LTS"

uname:Linux 4.15.0-65-generic #74-Ubuntu SMP Tue Sep 17 17:06:04 UTC 2019 x86_64
libc:glibc 2.27 NPTL 2.27 
rlimit: STACK 8192k, CORE 0k, NPROC 15641, NOFILE 4096, AS infinity
load average:1.72 1.13 0.68

/proc/meminfo:
MemTotal:        4034484 kB
MemFree:           86840 kB
MemAvailable:          0 kB
Buffers:             224 kB
Cached:           143196 kB
SwapCached:            0 kB
Active:          3590080 kB
Inactive:         138440 kB
Active(anon):    3587096 kB
Inactive(anon):   133280 kB
Active(file):       2984 kB
Inactive(file):     5160 kB
Unevictable:          96 kB
Mlocked:              96 kB
SwapTotal:             0 kB
SwapFree:              0 kB
Dirty:                 8 kB
Writeback:             0 kB
AnonPages:       3585472 kB
Mapped:           138988 kB
Shmem:            135000 kB
Slab:             115016 kB
SReclaimable:      40512 kB
SUnreclaim:        74504 kB
KernelStack:       16128 kB
PageTables:        50320 kB
NFS_Unstable:          0 kB
Bounce:                0 kB
WritebackTmp:          0 kB
CommitLimit:     2017240 kB
Committed_AS:    7247984 kB
VmallocTotal:   34359738367 kB
VmallocUsed:           0 kB
VmallocChunk:          0 kB
HardwareCorrupted:     0 kB
AnonHugePages:         0 kB
ShmemHugePages:        0 kB
ShmemPmdMapped:        0 kB
CmaTotal:              0 kB
CmaFree:               0 kB
HugePages_Total:       0
HugePages_Free:        0
HugePages_Rsvd:        0
HugePages_Surp:        0
Hugepagesize:       2048 kB
DirectMap4k:      137088 kB
DirectMap2M:     4057088 kB

container (cgroup) information:
container_type: cgroupv1
cpu_cpuset_cpus: 0-1
cpu_memory_nodes: 0
active_processor_count: 2
cpu_quota: -1
cpu_period: 100000
cpu_shares: -1
memory_limit_in_bytes: -1
memory_and_swap_limit_in_bytes: -2
memory_soft_limit_in_bytes: -1
memory_usage_in_bytes: 3814825984
memory_max_usage_in_bytes: 3817459712


CPU:total 2 (initial active 2) (1 cores per cpu, 1 threads per core) family 6 model 85 stepping 4, cmov, cx8, fxsr, mmx, sse, sse2, sse3, ssse3, sse4.1, sse4.2, popcnt, avx, aes, clmul, 3dnowpref, tsc, tscinvbit

/proc/cpuinfo:
processor	: 0
vendor_id	: GenuineIntel
cpu family	: 6
model		: 85
model name	: Intel(R) Xeon(R) Gold 6148 CPU @ 2.40GHz
stepping	: 4
microcode	: 0x200005e
cpu MHz		: 2394.375
cache size	: 28160 KB
physical id	: 0
siblings	: 1
core id		: 0
cpu cores	: 1
apicid		: 0
initial apicid	: 0
fpu		: yes
fpu_exception	: yes
cpuid level	: 13
wp		: yes
flags		: fpu vme de pse tsc msr pae mce cx8 apic sep mtrr pge mca cmov pat pse36 clflush dts mmx fxsr sse sse2 ss syscall nx rdtscp lm constant_tsc arch_perfmon pebs bts nopl tsc_reliable nonstop_tsc cpuid pni pclmulqdq ssse3 fma cx16 sse4_1 sse4_2 movbe popcnt aes xsave avx hypervisor lahf_lm 3dnowprefetch pti arat
bugs		: cpu_meltdown spectre_v1 spectre_v2 spec_store_bypass l1tf mds swapgs
bogomips	: 4788.75
clflush size	: 64
cache_alignment	: 64
address sizes	: 40 bits physical, 48 bits virtual
power management:

processor	: 1
vendor_id	: GenuineIntel
cpu family	: 6
model		: 85
model name	: Intel(R) Xeon(R) Gold 6148 CPU @ 2.40GHz
stepping	: 4
microcode	: 0x200005e
cpu MHz		: 2394.375
cache size	: 28160 KB
physical id	: 2
siblings	: 1
core id		: 0
cpu cores	: 1
apicid		: 2
initial apicid	: 2
fpu		: yes
fpu_exception	: yes
cpuid level	: 13
wp		: yes
flags		: fpu vme de pse tsc msr pae mce cx8 apic sep mtrr pge mca cmov pat pse36 clflush dts mmx fxsr sse sse2 ss syscall nx rdtscp lm constant_tsc arch_perfmon pebs bts nopl tsc_reliable nonstop_tsc cpuid pni pclmulqdq ssse3 fma cx16 sse4_1 sse4_2 movbe popcnt aes xsave avx hypervisor lahf_lm 3dnowprefetch pti arat
bugs		: cpu_meltdown spectre_v1 spectre_v2 spec_store_bypass l1tf mds swapgs
bogomips	: 4788.75
clflush size	: 64
cache_alignment	: 64
address sizes	: 40 bits physical, 48 bits virtual
power management:



Memory: 4k page, physical 4034484k(88004k free), swap 0k(0k free)

vm_info: OpenJDK 64-Bit Server VM (25.222-b10) for linux-amd64 JRE (1.8.0_222-8u222-b10-1ubuntu1~18.04.1-b10), built on Jul 18 2019 18:52:48 by "buildd" with gcc 7.4.0

time: Tue Nov  5 10:20:21 2019
timezone: UTC
elapsed time: 8 seconds (0d 0h 0m 8s)

