#
# There is insufficient memory for the Java Runtime Environment to continue.
# Native memory allocation (mmap) failed to map 105381888 bytes for committing reserved memory.
# Possible reasons:
#   The system is out of physical RAM or swap space
#   The process is running with CompressedOops enabled, and the Java Heap may be blocking the growth of the native heap
# Possible solutions:
#   Reduce memory load on the system
#   Increase physical memory or swap space
#   Check if swap backing store is full
#   Decrease Java heap size (-Xmx/-Xms)
#   Decrease number of Java threads
#   Decrease Java thread stack sizes (-Xss)
#   Set larger code cache with -XX:ReservedCodeCacheSize=
#   JVM is running with Unscaled Compressed Oops mode in which the Java heap is
#     placed in the first 4GB address space. The Java Heap base address is the
#     maximum limit for the native heap growth. Please use -XX:HeapBaseMinAddress
#     to set the Java Heap base and to place the Java Heap above 4GB virtual address.
# This output file may be truncated or incomplete.
#
#  Out of Memory Error (os_linux.cpp:2757), pid=24623, tid=0x00007f9381152700
#
# JRE version: OpenJDK Runtime Environment (8.0_222-b10) (build 1.8.0_222-8u222-b10-1ubuntu1~18.04.1-b10)
# Java VM: OpenJDK 64-Bit Server VM (25.222-b10 mixed mode linux-amd64 compressed oops)
# Failed to write core dump. Core dumps have been disabled. To enable core dumping, try "ulimit -c unlimited" before starting Java again
#

---------------  T H R E A D  ---------------

Current thread (0x00007f937c02b000):  GCTaskThread [stack: 0x00007f9381053000,0x00007f9381153000] [id=24630]

Stack: [0x00007f9381053000,0x00007f9381153000],  sp=0x00007f9381151870,  free space=1018k
Native frames: (J=compiled Java code, j=interpreted, Vv=VM code, C=native code)
V  [libjvm.so+0xab8992]
V  [libjvm.so+0x4dbfd7]
V  [libjvm.so+0x8f33a0]
V  [libjvm.so+0x8ea46e]
V  [libjvm.so+0x96e106]
V  [libjvm.so+0x95cdaa]
V  [libjvm.so+0x95d4fd]
V  [libjvm.so+0x9692fa]
V  [libjvm.so+0x968768]
V  [libjvm.so+0x3cde2e]
V  [libjvm.so+0x96c9e9]
V  [libjvm.so+0x5beb96]
V  [libjvm.so+0x8f0732]


---------------  P R O C E S S  ---------------

Java Threads: ( => current thread )
  0x00007f933c0ab000 JavaThread "SpillThread" daemon [_thread_blocked, id=24742, stack(0x00007f93335d2000,0x00007f93336d3000)]
  0x00007f933c0aa000 JavaThread "communication thread" daemon [_thread_blocked, id=24741, stack(0x00007f93336d3000,0x00007f93337d4000)]
  0x00007f933c09e000 JavaThread "org.apache.hadoop.hdfs.PeerCache@2077271c" daemon [_thread_blocked, id=24701, stack(0x00007f93334d1000,0x00007f93335d2000)]
  0x00007f934001b800 JavaThread "LocalJobRunner Map Task Executor #0" [_thread_blocked, id=24685, stack(0x00007f9368016000,0x00007f9368117000)]
  0x00007f937d267800 JavaThread "Thread-23" [_thread_blocked, id=24684, stack(0x00007f936812f000,0x00007f9368230000)]
  0x00007f937d12c800 JavaThread "IPC Parameter Sending Thread #0" daemon [_thread_blocked, id=24645, stack(0x00007f9368230000,0x00007f9368331000)]
  0x00007f937d12b000 JavaThread "IPC Client (1791045777) connection to arrow4g/172.31.12.83:9000 from uic" daemon [_thread_blocked, id=24644, stack(0x00007f9368331000,0x00007f9368432000)]
  0x00007f937d0f6800 JavaThread "Timer for 'JobTracker' metrics system" daemon [_thread_blocked, id=24643, stack(0x00007f9368432000,0x00007f9368533000)]
  0x00007f937c503000 JavaThread "org.apache.hadoop.fs.FileSystem$Statistics$StatisticsDataReferenceCleaner" daemon [_thread_blocked, id=24642, stack(0x00007f9369565000,0x00007f9369666000)]
  0x00007f937cda4800 JavaThread "process reaper" daemon [_thread_blocked, id=24640, stack(0x00007f9369666000,0x00007f936969f000)]
  0x00007f937c0c5800 JavaThread "Service Thread" daemon [_thread_blocked, id=24637, stack(0x00007f936a182000,0x00007f936a283000)]
  0x00007f937c0c3000 JavaThread "C1 CompilerThread1" daemon [_thread_blocked, id=24636, stack(0x00007f936a284000,0x00007f936a384000)]
  0x00007f937c0c0000 JavaThread "C2 CompilerThread0" daemon [_thread_blocked, id=24635, stack(0x00007f936a385000,0x00007f936a485000)]
  0x00007f937c0be800 JavaThread "Signal Dispatcher" daemon [_thread_blocked, id=24634, stack(0x00007f936a485000,0x00007f936a586000)]
  0x00007f937c089800 JavaThread "Finalizer" daemon [_thread_blocked, id=24633, stack(0x00007f936a8c5000,0x00007f936a9c6000)]
  0x00007f937c087000 JavaThread "Reference Handler" daemon [_thread_blocked, id=24632, stack(0x00007f936a9c6000,0x00007f936aac7000)]
  0x00007f937c013800 JavaThread "main" [_thread_blocked, id=24628, stack(0x00007f9384ff4000,0x00007f93850f4000)]

Other Threads:
  0x00007f937c07d800 VMThread [stack: 0x00007f936aac8000,0x00007f936abc8000] [id=24631]
  0x00007f937c0c8800 WatcherThread [stack: 0x00007f936a082000,0x00007f936a182000] [id=24638]

=>0x00007f937c02b000 (exited) GCTaskThread [stack: 0x00007f9381053000,0x00007f9381153000] [id=24630]

VM state:at safepoint (normal execution)

VM Mutex/Monitor currently owned by a thread:  ([mutex/lock_event])
[0x00007f937c00fca0] ExpandHeap_lock - owner thread: 0x00007f937c02b000
[0x00007f937c010320] Threads_lock - owner thread: 0x00007f937c07d800
[0x00007f937c010820] Heap_lock - owner thread: 0x00007f934001b800

heap address: 0x00000000c2600000, size: 986 MB, Compressed Oops mode: 32-bit
Narrow klass base: 0x0000000000000000, Narrow klass shift: 3
Compressed class space size: 1073741824 Address: 0x0000000100000000

Heap:
 PSYoungGen      total 173056K, used 172800K [0x00000000eb780000, 0x00000000f7c00000, 0x0000000100000000)
  eden space 169472K, 100% used [0x00000000eb780000,0x00000000f5d00000,0x00000000f5d00000)
  from space 3584K, 92% used [0x00000000f6280000,0x00000000f65c01a0,0x00000000f6600000)
  to   space 14848K, 21% used [0x00000000f6d80000,0x00000000f70a01a0,0x00000000f7c00000)
 ParOldGen       total 387584K, used 336048K [0x00000000c2600000, 0x00000000da080000, 0x00000000eb780000)
  object space 387584K, 86% used [0x00000000c2600000,0x00000000d6e2c1c8,0x00000000da080000)
 Metaspace       used 27088K, capacity 27346K, committed 27648K, reserved 1073152K
  class space    used 2996K, capacity 3071K, committed 3072K, reserved 1048576K

Card table byte_map: [0x00007f938139d000,0x00007f938158b000] byte_map_base: 0x00007f9380d8a000

Marking Bits: (ParMarkBitMap*) 0x00007f938428a360
 Begin Bits: [0x00007f936b130000, 0x00007f936c098000)
 End Bits:   [0x00007f936c098000, 0x00007f936d000000)

Polling page: 0x00007f938510b000

CodeCache: size=245760Kb used=6192Kb max_used=7373Kb free=239567Kb
 bounds [0x00007f936d000000, 0x00007f936d750000, 0x00007f937c000000]
 total_blobs=2518 nmethods=2007 adapters=425
 compilation: enabled

Compilation events (10 events):
Event: 6.083 Thread 0x00007f937c0c3000 2396   !   3       sun.nio.ch.SocketChannelImpl::read (389 bytes)
Event: 6.085 Thread 0x00007f937c0c3000 nmethod 2396 0x00007f936d287ad0 code [0x00007f936d287de0, 0x00007f936d289ec8]
Event: 6.085 Thread 0x00007f937c0c0000 2397 % !   4       org.apache.hadoop.mapreduce.Mapper::run @ 5 (45 bytes)
Event: 6.088 Thread 0x00007f937c0c0000 nmethod 2397% 0x00007f936d21ca50 code [0x00007f936d21cc00, 0x00007f936d21ceb8]
Event: 6.101 Thread 0x00007f937c0c3000 2398   !   3       org.apache.hadoop.net.SocketIOWithTimeout::doIO (126 bytes)
Event: 6.102 Thread 0x00007f937c0c3000 nmethod 2398 0x00007f936d174190 code [0x00007f936d174380, 0x00007f936d174d68]
Event: 6.108 Thread 0x00007f937c0c3000 2399       3       org.apache.hadoop.util.NativeCodeLoader::isNativeCodeLoaded (4 bytes)
Event: 6.108 Thread 0x00007f937c0c3000 nmethod 2399 0x00007f936d4e3610 code [0x00007f936d4e3760, 0x00007f936d4e38b0]
Event: 6.127 Thread 0x00007f937c0c0000 2400   !   4       org.apache.hadoop.mapreduce.Mapper::run (45 bytes)
Event: 6.135 Thread 0x00007f937c0c0000 nmethod 2400 0x00007f936d37aad0 code [0x00007f936d37ac80, 0x00007f936d37af48]

GC Heap History (10 events):
Event: 2.040 GC heap after
Heap after GC invocations=9 (full 1):
 PSYoungGen      total 131072K, used 0K [0x00000000eb780000, 0x00000000f3d80000, 0x0000000100000000)
  eden space 125952K, 0% used [0x00000000eb780000,0x00000000eb780000,0x00000000f3280000)
  from space 5120K, 0% used [0x00000000f3880000,0x00000000f3880000,0x00000000f3d80000)
  to   space 5632K, 0% used [0x00000000f3280000,0x00000000f3280000,0x00000000f3800000)
 ParOldGen       total 27648K, used 5406K [0x00000000c2600000, 0x00000000c4100000, 0x00000000eb780000)
  object space 27648K, 19% used [0x00000000c2600000,0x00000000c2b47b20,0x00000000c4100000)
 Metaspace       used 20903K, capacity 21098K, committed 21248K, reserved 1069056K
  class space    used 2372K, capacity 2451K, committed 2560K, reserved 1048576K
}
Event: 3.254 GC heap before
{Heap before GC invocations=10 (full 1):
 PSYoungGen      total 131072K, used 125952K [0x00000000eb780000, 0x00000000f3d80000, 0x0000000100000000)
  eden space 125952K, 100% used [0x00000000eb780000,0x00000000f3280000,0x00000000f3280000)
  from space 5120K, 0% used [0x00000000f3880000,0x00000000f3880000,0x00000000f3d80000)
  to   space 5632K, 0% used [0x00000000f3280000,0x00000000f3280000,0x00000000f3800000)
 ParOldGen       total 130560K, used 107806K [0x00000000c2600000, 0x00000000ca580000, 0x00000000eb780000)
  object space 130560K, 82% used [0x00000000c2600000,0x00000000c8f47b30,0x00000000ca580000)
 Metaspace       used 25444K, capacity 25746K, committed 25984K, reserved 1073152K
  class space    used 2842K, capacity 2943K, committed 2944K, reserved 1048576K
Event: 3.357 GC heap after
Heap after GC invocations=10 (full 1):
 PSYoungGen      total 131584K, used 5600K [0x00000000eb780000, 0x00000000f8b00000, 0x0000000100000000)
  eden space 125952K, 0% used [0x00000000eb780000,0x00000000eb780000,0x00000000f3280000)
  from space 5632K, 99% used [0x00000000f3280000,0x00000000f37f82e0,0x00000000f3800000)
  to   space 15872K, 0% used [0x00000000f7b80000,0x00000000f7b80000,0x00000000f8b00000)
 ParOldGen       total 131584K, used 131239K [0x00000000c2600000, 0x00000000ca680000, 0x00000000eb780000)
  object space 131584K, 99% used [0x00000000c2600000,0x00000000ca629f20,0x00000000ca680000)
 Metaspace       used 25444K, capacity 25746K, committed 25984K, reserved 1073152K
  class space    used 2842K, capacity 2943K, committed 2944K, reserved 1048576K
}
Event: 3.357 GC heap before
{Heap before GC invocations=11 (full 2):
 PSYoungGen      total 131584K, used 5600K [0x00000000eb780000, 0x00000000f8b00000, 0x0000000100000000)
  eden space 125952K, 0% used [0x00000000eb780000,0x00000000eb780000,0x00000000f3280000)
  from space 5632K, 99% used [0x00000000f3280000,0x00000000f37f82e0,0x00000000f3800000)
  to   space 15872K, 0% used [0x00000000f7b80000,0x00000000f7b80000,0x00000000f8b00000)
 ParOldGen       total 131584K, used 131239K [0x00000000c2600000, 0x00000000ca680000, 0x00000000eb780000)
  object space 131584K, 99% used [0x00000000c2600000,0x00000000ca629f20,0x00000000ca680000)
 Metaspace       used 25444K, capacity 25746K, committed 25984K, reserved 1073152K
  class space    used 2842K, capacity 2943K, committed 2944K, reserved 1048576K
Event: 3.690 GC heap after
Heap after GC invocations=11 (full 2):
 PSYoungGen      total 131584K, used 2912K [0x00000000eb780000, 0x00000000f8b00000, 0x0000000100000000)
  eden space 125952K, 0% used [0x00000000eb780000,0x00000000eb780000,0x00000000f3280000)
  from space 5632K, 51% used [0x00000000f3280000,0x00000000f3558130,0x00000000f3800000)
  to   space 15872K, 0% used [0x00000000f7b80000,0x00000000f7b80000,0x00000000f8b00000)
 ParOldGen       total 181760K, used 131232K [0x00000000c2600000, 0x00000000cd780000, 0x00000000eb780000)
  object space 181760K, 72% used [0x00000000c2600000,0x00000000ca6281a8,0x00000000cd780000)
 Metaspace       used 25444K, capacity 25746K, committed 25984K, reserved 1073152K
  class space    used 2842K, capacity 2943K, committed 2944K, reserved 1048576K
}
Event: 4.848 GC heap before
{Heap before GC invocations=12 (full 2):
 PSYoungGen      total 131584K, used 128864K [0x00000000eb780000, 0x00000000f8b00000, 0x0000000100000000)
  eden space 125952K, 100% used [0x00000000eb780000,0x00000000f3280000,0x00000000f3280000)
  from space 5632K, 51% used [0x00000000f3280000,0x00000000f3558130,0x00000000f3800000)
  to   space 15872K, 0% used [0x00000000f7b80000,0x00000000f7b80000,0x00000000f8b00000)
 ParOldGen       total 284672K, used 233632K [0x00000000c2600000, 0x00000000d3c00000, 0x00000000eb780000)
  object space 284672K, 82% used [0x00000000c2600000,0x00000000d0a281b8,0x00000000d3c00000)
 Metaspace       used 27049K, capacity 27282K, committed 27392K, reserved 1073152K
  class space    used 2996K, capacity 3071K, committed 3072K, reserved 1048576K
Event: 4.861 GC heap after
Heap after GC invocations=12 (full 2):
 PSYoungGen      total 152576K, used 4644K [0x00000000eb780000, 0x00000000f8080000, 0x0000000100000000)
  eden space 147456K, 0% used [0x00000000eb780000,0x00000000eb780000,0x00000000f4780000)
  from space 5120K, 90% used [0x00000000f7b80000,0x00000000f80092f8,0x00000000f8080000)
  to   space 15360K, 0% used [0x00000000f6280000,0x00000000f6280000,0x00000000f7180000)
 ParOldGen       total 284672K, used 233632K [0x00000000c2600000, 0x00000000d3c00000, 0x00000000eb780000)
  object space 284672K, 82% used [0x00000000c2600000,0x00000000d0a281b8,0x00000000d3c00000)
 Metaspace       used 27049K, capacity 27282K, committed 27392K, reserved 1073152K
  class space    used 2996K, capacity 3071K, committed 3072K, reserved 1048576K
}
Event: 5.664 GC heap before
{Heap before GC invocations=13 (full 2):
 PSYoungGen      total 152576K, used 152100K [0x00000000eb780000, 0x00000000f8080000, 0x0000000100000000)
  eden space 147456K, 100% used [0x00000000eb780000,0x00000000f4780000,0x00000000f4780000)
  from space 5120K, 90% used [0x00000000f7b80000,0x00000000f80092f8,0x00000000f8080000)
  to   space 15360K, 0% used [0x00000000f6280000,0x00000000f6280000,0x00000000f7180000)
 ParOldGen       total 387584K, used 336032K [0x00000000c2600000, 0x00000000da080000, 0x00000000eb780000)
  object space 387584K, 86% used [0x00000000c2600000,0x00000000d6e281c8,0x00000000da080000)
 Metaspace       used 27064K, capacity 27282K, committed 27392K, reserved 1073152K
  class space    used 2996K, capacity 3071K, committed 3072K, reserved 1048576K
Event: 5.678 GC heap after
Heap after GC invocations=13 (full 2):
 PSYoungGen      total 173056K, used 3328K [0x00000000eb780000, 0x00000000f7c00000, 0x0000000100000000)
  eden space 169472K, 0% used [0x00000000eb780000,0x00000000eb780000,0x00000000f5d00000)
  from space 3584K, 92% used [0x00000000f6280000,0x00000000f65c01a0,0x00000000f6600000)
  to   space 14848K, 0% used [0x00000000f6d80000,0x00000000f6d80000,0x00000000f7c00000)
 ParOldGen       total 387584K, used 336040K [0x00000000c2600000, 0x00000000da080000, 0x00000000eb780000)
  object space 387584K, 86% used [0x00000000c2600000,0x00000000d6e2a1c8,0x00000000da080000)
 Metaspace       used 27064K, capacity 27282K, committed 27392K, reserved 1073152K
  class space    used 2996K, capacity 3071K, committed 3072K, reserved 1048576K
}
Event: 6.139 GC heap before
{Heap before GC invocations=14 (full 2):
 PSYoungGen      total 173056K, used 172800K [0x00000000eb780000, 0x00000000f7c00000, 0x0000000100000000)
  eden space 169472K, 100% used [0x00000000eb780000,0x00000000f5d00000,0x00000000f5d00000)
  from space 3584K, 92% used [0x00000000f6280000,0x00000000f65c01a0,0x00000000f6600000)
  to   space 14848K, 0% used [0x00000000f6d80000,0x00000000f6d80000,0x00000000f7c00000)
 ParOldGen       total 387584K, used 336040K [0x00000000c2600000, 0x00000000da080000, 0x00000000eb780000)
  object space 387584K, 86% used [0x00000000c2600000,0x00000000d6e2a1c8,0x00000000da080000)
 Metaspace       used 27088K, capacity 27346K, committed 27648K, reserved 1073152K
  class space    used 2996K, capacity 3071K, committed 3072K, reserved 1048576K

Deoptimization events (10 events):
Event: 4.727 Thread 0x00007f934001b800 Uncommon trap: reason=class_check action=maybe_recompile pc=0x00007f936d66e0dc method=org.apache.hadoop.fs.FileSystem$Statistics.visitAll(Lorg/apache/hadoop/fs/FileSystem$Statistics$StatisticsAggregator;)Ljava/lang/Object; @ 5
Event: 4.727 Thread 0x00007f934001b800 Uncommon trap: reason=unstable_if action=reinterpret pc=0x00007f936d6775c8 method=java.lang.Long.valueOf(J)Ljava/lang/Long; @ 13
Event: 4.746 Thread 0x00007f934001b800 Uncommon trap: reason=unstable_if action=reinterpret pc=0x00007f936d6ef738 method=org.apache.hadoop.io.serializer.WritableSerialization$WritableDeserializer.deserialize(Lorg/apache/hadoop/io/Writable;)Lorg/apache/hadoop/io/Writable; @ 1
Event: 4.819 Thread 0x00007f934001b800 Uncommon trap: reason=bimorphic action=maybe_recompile pc=0x00007f936d389c84 method=java.io.DataOutputStream.writeShort(I)V @ 12
Event: 5.368 Thread 0x00007f934001b800 Uncommon trap: reason=unstable_if action=reinterpret pc=0x00007f936d701574 method=org.apache.hadoop.mapred.Task$CombineOutputCollector.collect(Ljava/lang/Object;Ljava/lang/Object;)V @ 31
Event: 5.429 Thread 0x00007f934001b800 Uncommon trap: reason=null_check action=make_not_entrant pc=0x00007f936d11ee30 method=org.apache.hadoop.io.serializer.WritableSerialization$WritableDeserializer.deserialize(Ljava/lang/Object;)Ljava/lang/Object; @ 2
Event: 5.511 Thread 0x00007f934001b800 Uncommon trap: reason=bimorphic action=maybe_recompile pc=0x00007f936d389c84 method=java.io.DataOutputStream.writeShort(I)V @ 12
Event: 5.716 Thread 0x00007f934001b800 Uncommon trap: reason=unstable_if action=reinterpret pc=0x00007f936d152568 method=org.apache.hadoop.mapreduce.lib.input.LineRecordReader.nextKeyValue()Z @ 124
Event: 5.716 Thread 0x00007f934001b800 Uncommon trap: reason=unstable_if action=reinterpret pc=0x00007f936d27cbd8 method=org.apache.hadoop.mapred.MapTask$NewTrackingRecordReader.nextKeyValue()Z @ 28
Event: 6.062 Thread 0x00007f934001b800 Uncommon trap: reason=bimorphic action=maybe_recompile pc=0x00007f936d389c84 method=java.io.DataOutputStream.writeShort(I)V @ 12

Classes redefined (0 events):
No events

Internal exceptions (10 events):
Event: 0.446 Thread 0x00007f937c013800 Exception <a 'java/lang/ClassNotFoundException': org/apache/log4j/WriterAppenderBeanInfo> (0x00000000ec1841e0) thrown at [/build/openjdk-8-OqY7zN/openjdk-8-8u222-b10/src/hotspot/src/share/vm/classfile/systemDictionary.cpp, line 210]
Event: 0.448 Thread 0x00007f937c013800 Exception <a 'java/lang/ClassNotFoundException': org/apache/log4j/AppenderSkeletonBeanInfo> (0x00000000ec1b1468) thrown at [/build/openjdk-8-OqY7zN/openjdk-8-8u222-b10/src/hotspot/src/share/vm/classfile/systemDictionary.cpp, line 210]
Event: 0.449 Thread 0x00007f937c013800 Exception <a 'java/lang/ClassNotFoundException': org/apache/log4j/AppenderSkeletonCustomizer> (0x00000000ec1e12a0) thrown at [/build/openjdk-8-OqY7zN/openjdk-8-8u222-b10/src/hotspot/src/share/vm/classfile/systemDictionary.cpp, line 210]
Event: 0.454 Thread 0x00007f937c013800 Exception <a 'java/lang/ClassNotFoundException': org/apache/log4j/WriterAppenderCustomizer> (0x00000000ec227e40) thrown at [/build/openjdk-8-OqY7zN/openjdk-8-8u222-b10/src/hotspot/src/share/vm/classfile/systemDictionary.cpp, line 210]
Event: 0.461 Thread 0x00007f937c013800 Exception <a 'java/lang/ClassNotFoundException': org/apache/log4j/FileAppenderCustomizer> (0x00000000ec260120) thrown at [/build/openjdk-8-OqY7zN/openjdk-8-8u222-b10/src/hotspot/src/share/vm/classfile/systemDictionary.cpp, line 210]
Event: 0.466 Thread 0x00007f937c013800 Exception <a 'java/lang/ClassNotFoundException': org/apache/log4j/DailyRollingFileAppenderCustomizer> (0x00000000ec2a2990) thrown at [/build/openjdk-8-OqY7zN/openjdk-8-8u222-b10/src/hotspot/src/share/vm/classfile/systemDictionary.cpp, line 210]
Event: 1.033 Thread 0x00007f937c013800 Exception <a 'java/lang/NoSuchFieldError': method resolution failed> (0x00000000ec3e8978) thrown at [/build/openjdk-8-OqY7zN/openjdk-8-8u222-b10/src/hotspot/src/share/vm/prims/methodHandles.cpp, line 1167]
Event: 1.034 Thread 0x00007f937c013800 Exception <a 'java/lang/NoSuchFieldError': method resolution failed> (0x00000000ec3f60c0) thrown at [/build/openjdk-8-OqY7zN/openjdk-8-8u222-b10/src/hotspot/src/share/vm/prims/methodHandles.cpp, line 1167]
Event: 4.746 Thread 0x00007f934001b800 Implicit null exception at 0x00007f936d6ef2ec to 0x00007f936d6ef725
Event: 5.429 Thread 0x00007f934001b800 Implicit null exception at 0x00007f936d11ed8f to 0x00007f936d11ee22

Events (10 events):
Event: 6.044 Thread 0x00007f934001b800 DEOPT UNPACKING pc=0x00007f936d0474c4 sp=0x00007f9368115068 mode 0
Event: 6.059 Thread 0x00007f933c0ab000 Thread added: 0x00007f933c0ab000
Event: 6.060 Executing VM operation: RevokeBias
Event: 6.060 Executing VM operation: RevokeBias done
Event: 6.062 Thread 0x00007f934001b800 Uncommon trap: trap_request=0xffffffc6 fr.pc=0x00007f936d389c84
Event: 6.062 Thread 0x00007f934001b800 DEOPT PACKING pc=0x00007f936d389c84 sp=0x00007f9368114a70
Event: 6.062 Thread 0x00007f934001b800 DEOPT UNPACKING pc=0x00007f936d04547a sp=0x00007f9368114a80 mode 2
Event: 6.118 Thread 0x00007f934001b800 DEOPT PACKING pc=0x00007f936d7095f2 sp=0x00007f93681155a0
Event: 6.118 Thread 0x00007f934001b800 DEOPT UNPACKING pc=0x00007f936d0474c4 sp=0x00007f9368115308 mode 0
Event: 6.139 Executing VM operation: ParallelGCFailedAllocation


Dynamic libraries:
c2600000-da080000 rw-p 00000000 00:00 0 
e0500000-eb780000 ---p 00000000 00:00 0 
eb780000-f7c00000 rw-p 00000000 00:00 0 
f7c00000-100000000 ---p 00000000 00:00 0 
100000000-100300000 rw-p 00000000 00:00 0 
100300000-140000000 ---p 00000000 00:00 0 
55948c24b000-55948c24c000 r-xp 00000000 08:01 280310                     /usr/lib/jvm/java-8-openjdk-amd64/jre/bin/java
55948c44b000-55948c44c000 r--p 00000000 08:01 280310                     /usr/lib/jvm/java-8-openjdk-amd64/jre/bin/java
55948c44c000-55948c44d000 rw-p 00001000 08:01 280310                     /usr/lib/jvm/java-8-openjdk-amd64/jre/bin/java
55948d17d000-55948d19e000 rw-p 00000000 00:00 0                          [heap]
7f932c000000-7f932c04d000 rw-p 00000000 00:00 0 
7f932c04d000-7f9330000000 ---p 00000000 00:00 0 
7f93333d0000-7f93333d3000 ---p 00000000 00:00 0 
7f93333d3000-7f93334d1000 rw-p 00000000 00:00 0 
7f93334d1000-7f93334d4000 ---p 00000000 00:00 0 
7f93334d4000-7f93335d2000 rw-p 00000000 00:00 0 
7f93335d2000-7f93335d5000 ---p 00000000 00:00 0 
7f93335d5000-7f93336d3000 rw-p 00000000 00:00 0 
7f93336d3000-7f93336d6000 ---p 00000000 00:00 0 
7f93336d6000-7f93339d4000 rw-p 00000000 00:00 0 
7f93339d4000-7f9333bd4000 rw-p 00000000 00:00 0 
7f9333bd4000-7f9333dd4000 rw-p 00000000 00:00 0 
7f9333dd4000-7f9333dfc000 r-xp 00000000 08:01 280353                     /usr/lib/jvm/java-8-openjdk-amd64/jre/lib/amd64/libsunec.so
7f9333dfc000-7f9333ffb000 ---p 00028000 08:01 280353                     /usr/lib/jvm/java-8-openjdk-amd64/jre/lib/amd64/libsunec.so
7f9333ffb000-7f9333fff000 r--p 00027000 08:01 280353                     /usr/lib/jvm/java-8-openjdk-amd64/jre/lib/amd64/libsunec.so
7f9333fff000-7f9334000000 rw-p 0002b000 08:01 280353                     /usr/lib/jvm/java-8-openjdk-amd64/jre/lib/amd64/libsunec.so
7f9334000000-7f9334021000 rw-p 00000000 00:00 0 
7f9334021000-7f9338000000 ---p 00000000 00:00 0 
7f9338000000-7f9338021000 rw-p 00000000 00:00 0 
7f9338021000-7f933c000000 ---p 00000000 00:00 0 
7f933c000000-7f933c0b7000 rw-p 00000000 00:00 0 
7f933c0b7000-7f9340000000 ---p 00000000 00:00 0 
7f9340000000-7f9340026000 rw-p 00000000 00:00 0 
7f9340026000-7f9344000000 ---p 00000000 00:00 0 
7f9344000000-7f9344412000 rw-p 00000000 00:00 0 
7f9344412000-7f9348000000 ---p 00000000 00:00 0 
7f9348000000-7f9348021000 rw-p 00000000 00:00 0 
7f9348021000-7f934c000000 ---p 00000000 00:00 0 
7f934c000000-7f934c021000 rw-p 00000000 00:00 0 
7f934c021000-7f9350000000 ---p 00000000 00:00 0 
7f9350000000-7f935092e000 rw-p 00000000 00:00 0 
7f935092e000-7f9354000000 ---p 00000000 00:00 0 
7f9354000000-7f9354021000 rw-p 00000000 00:00 0 
7f9354021000-7f9358000000 ---p 00000000 00:00 0 
7f9358000000-7f9358021000 rw-p 00000000 00:00 0 
7f9358021000-7f935c000000 ---p 00000000 00:00 0 
7f935c000000-7f935c021000 rw-p 00000000 00:00 0 
7f935c021000-7f9360000000 ---p 00000000 00:00 0 
7f9360000000-7f9360021000 rw-p 00000000 00:00 0 
7f9360021000-7f9364000000 ---p 00000000 00:00 0 
7f9364000000-7f9364021000 rw-p 00000000 00:00 0 
7f9364021000-7f9368000000 ---p 00000000 00:00 0 
7f9368016000-7f9368019000 ---p 00000000 00:00 0 
7f9368019000-7f9368117000 rw-p 00000000 00:00 0 
7f9368117000-7f936811c000 r--s 002f9000 08:01 280360                     /usr/lib/jvm/java-8-openjdk-amd64/jre/lib/charsets.jar
7f936811c000-7f936812f000 r--s 00346000 08:01 280398                     /usr/lib/jvm/java-8-openjdk-amd64/jre/lib/resources.jar
7f936812f000-7f9368132000 ---p 00000000 00:00 0 
7f9368132000-7f9368230000 rw-p 00000000 00:00 0 
7f9368230000-7f9368233000 ---p 00000000 00:00 0 
7f9368233000-7f9368331000 rw-p 00000000 00:00 0 
7f9368331000-7f9368334000 ---p 00000000 00:00 0 
7f9368334000-7f9368432000 rw-p 00000000 00:00 0 
7f9368432000-7f9368435000 ---p 00000000 00:00 0 
7f9368435000-7f9368533000 rw-p 00000000 00:00 0 
7f9368533000-7f9368544000 r-xp 00000000 08:01 280349                     /usr/lib/jvm/java-8-openjdk-amd64/jre/lib/amd64/libnio.so
7f9368544000-7f9368743000 ---p 00011000 08:01 280349                     /usr/lib/jvm/java-8-openjdk-amd64/jre/lib/amd64/libnio.so
7f9368743000-7f9368744000 r--p 00010000 08:01 280349                     /usr/lib/jvm/java-8-openjdk-amd64/jre/lib/amd64/libnio.so
7f9368744000-7f9368745000 rw-p 00011000 08:01 280349                     /usr/lib/jvm/java-8-openjdk-amd64/jre/lib/amd64/libnio.so
7f9368745000-7f9368945000 rw-p 00000000 00:00 0 
7f9368945000-7f9368947000 r--s 00016000 08:01 280391                     /usr/lib/jvm/java-8-openjdk-amd64/jre/lib/jce.jar
7f9368947000-7f9368b47000 rw-p 00000000 00:00 0 
7f9368b47000-7f9368d47000 rw-p 00000000 00:00 0 
7f9368d47000-7f9368f47000 rw-p 00000000 00:00 0 
7f9368f47000-7f9368f4c000 r--s 000a3000 08:01 280393                     /usr/lib/jvm/java-8-openjdk-amd64/jre/lib/jsse.jar
7f9368f4c000-7f9368f62000 r-xp 00000000 08:01 280348                     /usr/lib/jvm/java-8-openjdk-amd64/jre/lib/amd64/libnet.so
7f9368f62000-7f9369161000 ---p 00016000 08:01 280348                     /usr/lib/jvm/java-8-openjdk-amd64/jre/lib/amd64/libnet.so
7f9369161000-7f9369162000 r--p 00015000 08:01 280348                     /usr/lib/jvm/java-8-openjdk-amd64/jre/lib/amd64/libnet.so
7f9369162000-7f9369163000 rw-p 00016000 08:01 280348                     /usr/lib/jvm/java-8-openjdk-amd64/jre/lib/amd64/libnet.so
7f9369163000-7f9369363000 rw-p 00000000 00:00 0 
7f9369363000-7f9369364000 r-xp 00000000 08:01 280336                     /usr/lib/jvm/java-8-openjdk-amd64/jre/lib/amd64/libjaas_unix.so
7f9369364000-7f9369563000 ---p 00001000 08:01 280336                     /usr/lib/jvm/java-8-openjdk-amd64/jre/lib/amd64/libjaas_unix.so
7f9369563000-7f9369564000 r--p 00000000 08:01 280336                     /usr/lib/jvm/java-8-openjdk-amd64/jre/lib/amd64/libjaas_unix.so
7f9369564000-7f9369565000 rw-p 00001000 08:01 280336                     /usr/lib/jvm/java-8-openjdk-amd64/jre/lib/amd64/libjaas_unix.so
7f9369565000-7f9369568000 ---p 00000000 00:00 0 
7f9369568000-7f9369666000 rw-p 00000000 00:00 0 
7f9369666000-7f9369669000 ---p 00000000 00:00 0 
7f9369669000-7f936969f000 rw-p 00000000 00:00 0 
7f936969f000-7f93696a8000 r-xp 00000000 08:01 280346                     /usr/lib/jvm/java-8-openjdk-amd64/jre/lib/amd64/libmanagement.so
7f93696a8000-7f93698a7000 ---p 00009000 08:01 280346                     /usr/lib/jvm/java-8-openjdk-amd64/jre/lib/amd64/libmanagement.so
7f93698a7000-7f93698a8000 r--p 00008000 08:01 280346                     /usr/lib/jvm/java-8-openjdk-amd64/jre/lib/amd64/libmanagement.so
7f93698a8000-7f93698a9000 rw-p 00009000 08:01 280346                     /usr/lib/jvm/java-8-openjdk-amd64/jre/lib/amd64/libmanagement.so
7f93698a9000-7f93698ae000 r--s 0002d000 08:01 342719                     /home/uic/hadoop-3.2.1/share/hadoop/common/hadoop-nfs-3.2.1.jar
7f93698ae000-7f93698ec000 r--s 003b5000 08:01 342832                     /home/uic/hadoop-3.2.1/share/hadoop/common/hadoop-common-3.2.1.jar
7f93698ec000-7f93698ee000 r--s 0001e000 08:01 342717                     /home/uic/hadoop-3.2.1/share/hadoop/common/hadoop-kms-3.2.1.jar
7f93698ee000-7f93698f8000 r--s 00026000 08:01 342800                     /home/uic/hadoop-3.2.1/share/hadoop/common/lib/checker-qual-2.5.2.jar
7f93698f8000-7f93698fe000 r--s 00078000 08:01 342764                     /home/uic/hadoop-3.2.1/share/hadoop/common/lib/woodstox-core-5.0.3.jar
7f93698fe000-7f9369901000 r--s 00015000 08:01 342776                     /home/uic/hadoop-3.2.1/share/hadoop/common/lib/jetty-security-9.3.24.v20180605.jar
7f9369901000-7f9369902000 r--s 00000000 08:01 342808                     /home/uic/hadoop-3.2.1/share/hadoop/common/lib/listenablefuture-9999.0-empty-to-avoid-conflict-with-guava.jar
7f9369902000-7f9369905000 r--s 0001b000 08:01 342803                     /home/uic/hadoop-3.2.1/share/hadoop/common/lib/json-smart-2.3.jar
7f9369905000-7f9369906000 r--s 00008000 08:01 342779                     /home/uic/hadoop-3.2.1/share/hadoop/common/lib/kerb-util-1.0.1.jar
7f9369906000-7f936990e000 r--s 0003e000 08:01 342798                     /home/uic/hadoop-3.2.1/share/hadoop/common/lib/curator-recipes-2.13.0.jar
7f936990e000-7f9369913000 r--s 00038000 08:01 342744                     /home/uic/hadoop-3.2.1/share/hadoop/common/lib/commons-beanutils-1.9.3.jar
7f9369913000-7f9369918000 r--s 00040000 08:01 342759                     /home/uic/hadoop-3.2.1/share/hadoop/common/lib/jsch-0.1.54.jar
7f9369918000-7f936991c000 r--s 00019000 08:01 342763                     /home/uic/hadoop-3.2.1/share/hadoop/common/lib/kerb-crypto-1.0.1.jar
7f936991c000-7f936994e000 r--s 0026d000 08:01 342753                     /home/uic/hadoop-3.2.1/share/hadoop/common/lib/guava-27.0-jre.jar
7f936994e000-7f9369951000 r--s 00015000 08:01 342754                     /home/uic/hadoop-3.2.1/share/hadoop/common/lib/javax.servlet-api-3.1.0.jar
7f9369951000-7f9369954000 r--s 00006000 08:01 342815                     /home/uic/hadoop-3.2.1/share/hadoop/common/lib/jsr305-3.0.0.jar
7f9369954000-7f9369956000 r--s 00000000 08:01 342780                     /home/uic/hadoop-3.2.1/share/hadoop/common/lib/jcip-annotations-1.0-1.jar
7f9369956000-7f9369973000 r--s 0016a000 08:01 342783                     /home/uic/hadoop-3.2.1/share/hadoop/common/lib/commons-math3-3.1.1.jar
7f9369973000-7f9369979000 r--s 00046000 08:01 342743                     /home/uic/hadoop-3.2.1/share/hadoop/common/lib/commons-net-3.6.jar
7f9369979000-7f936997c000 r--s 00016000 08:01 342813                     /home/uic/hadoop-3.2.1/share/hadoop/common/lib/jaxb-api-2.2.11.jar
7f936997c000-7f9369983000 r--s 0002b000 08:01 342778                     /home/uic/hadoop-3.2.1/share/hadoop/common/lib/kerby-pkix-1.0.1.jar
7f9369983000-7f9369984000 r--s 00002000 08:01 342775                     /home/uic/hadoop-3.2.1/share/hadoop/common/lib/slf4j-log4j12-1.7.25.jar
7f9369984000-7f9369986000 r--s 0000a000 08:01 342794                     /home/uic/hadoop-3.2.1/share/hadoop/common/lib/jsr311-api-1.1.1.jar
7f9369986000-7f9369987000 r--s 00006000 08:01 342822                     /home/uic/hadoop-3.2.1/share/hadoop/common/lib/jackson-xc-1.9.13.jar
7f9369987000-7f936998a000 r--s 0001a000 08:01 342817                     /home/uic/hadoop-3.2.1/share/hadoop/common/lib/jetty-webapp-9.3.24.v20180605.jar
7f936998a000-7f936998b000 r--s 0000c000 08:01 342749                     /home/uic/hadoop-3.2.1/share/hadoop/common/lib/jetty-xml-9.3.24.v20180605.jar
7f936998b000-7f9369997000 r--s 0008b000 08:01 342797                     /home/uic/hadoop-3.2.1/share/hadoop/common/lib/commons-configuration2-2.1.1.jar
7f9369997000-7f9369999000 r--s 0001e000 08:01 342828                     /home/uic/hadoop-3.2.1/share/hadoop/common/lib/re2j-1.1.jar
7f9369999000-7f936999a000 r--s 00009000 08:01 342741                     /home/uic/hadoop-3.2.1/share/hadoop/common/lib/kerby-util-1.0.1.jar
7f936999a000-7f936999d000 r--s 0000e000 08:01 342766                     /home/uic/hadoop-3.2.1/share/hadoop/common/lib/jackson-annotations-2.9.8.jar
7f936999d000-7f93699a0000 r--s 0001b000 08:01 342812                     /home/uic/hadoop-3.2.1/share/hadoop/common/lib/jetty-io-9.3.24.v20180605.jar
7f93699a0000-7f93699a8000 r--s 00072000 08:01 342799                     /home/uic/hadoop-3.2.1/share/hadoop/common/lib/commons-lang3-3.7.jar
7f93699a8000-7f93699aa000 r--s 0000c000 08:01 342773                     /home/uic/hadoop-3.2.1/share/hadoop/common/lib/asm-5.0.4.jar
7f93699aa000-7f93699b3000 r--s 0006f000 08:01 342756                     /home/uic/hadoop-3.2.1/share/hadoop/common/lib/log4j-1.2.17.jar
7f93699b3000-7f93699ea000 r--s 00219000 08:01 342827                     /home/uic/hadoop-3.2.1/share/hadoop/common/lib/curator-client-2.13.0.jar
7f93699ea000-7f93699ec000 r--s 00017000 08:01 342755                     /home/uic/hadoop-3.2.1/share/hadoop/common/lib/kerby-asn1-1.0.1.jar
7f93699ec000-7f93699ed000 r--s 00004000 08:01 342768                     /home/uic/hadoop-3.2.1/share/hadoop/common/lib/kerb-identity-1.0.1.jar
7f93699ed000-7f93699ef000 r--s 0000e000 08:01 342830                     /home/uic/hadoop-3.2.1/share/hadoop/common/lib/commons-logging-1.1.3.jar
7f93699ef000-7f9369a01000 r--s 00137000 08:01 342829                     /home/uic/hadoop-3.2.1/share/hadoop/common/lib/jackson-databind-2.9.8.jar
7f9369a01000-7f9369a02000 r--s 0000e000 08:01 342761                     /home/uic/hadoop-3.2.1/share/hadoop/common/lib/hadoop-annotations-3.2.1.jar
7f9369a02000-7f9369a04000 r--s 00000000 08:01 342746                     /home/uic/hadoop-3.2.1/share/hadoop/common/lib/jul-to-slf4j-1.7.25.jar
7f9369a04000-7f9369a0e000 r--s 00061000 08:01 342810                     /home/uic/hadoop-3.2.1/share/hadoop/common/lib/jersey-core-1.19.jar
7f9369a0e000-7f9369a12000 r--s 0002f000 08:01 342825                     /home/uic/hadoop-3.2.1/share/hadoop/common/lib/commons-io-2.5.jar
7f9369a12000-7f9369a15000 r--s 00022000 08:01 342757                     /home/uic/hadoop-3.2.1/share/hadoop/common/lib/jetty-http-9.3.24.v20180605.jar
7f9369a15000-7f9369a17000 r--s 00130000 08:01 342745                     /home/uic/hadoop-3.2.1/share/hadoop/common/lib/snappy-java-1.0.5.jar
7f9369a17000-7f9369a19000 r--s 0000f000 08:01 342784                     /home/uic/hadoop-3.2.1/share/hadoop/common/lib/jettison-1.1.jar
7f9369a19000-7f9369a1b000 r--s 00009000 08:01 342748                     /home/uic/hadoop-3.2.1/share/hadoop/common/lib/commons-cli-1.2.jar
7f9369a1b000-7f9369a1d000 r--s 0000e000 08:01 342760                     /home/uic/hadoop-3.2.1/share/hadoop/common/lib/kerb-common-1.0.1.jar
7f9369a1d000-7f9369a24000 r--s 00049000 08:01 342786                     /home/uic/hadoop-3.2.1/share/hadoop/common/lib/httpcore-4.4.10.jar
7f9369a24000-7f9369a26000 r--s 00020000 08:01 342796                     /home/uic/hadoop-3.2.1/share/hadoop/common/lib/hadoop-auth-3.2.1.jar
7f9369a26000-7f9369a28000 r--s 00002000 08:01 342814                     /home/uic/hadoop-3.2.1/share/hadoop/common/lib/error_prone_annotations-2.2.0.jar
7f9369a28000-7f9369a35000 r--s 000d1000 08:01 342751                     /home/uic/hadoop-3.2.1/share/hadoop/common/lib/zookeeper-3.4.13.jar
7f9369a35000-7f9369a36000 r--s 00004000 08:01 342777                     /home/uic/hadoop-3.2.1/share/hadoop/common/lib/jackson-jaxrs-1.9.13.jar
7f9369a36000-7f9369a39000 r--s 0001b000 08:01 342767                     /home/uic/hadoop-3.2.1/share/hadoop/common/lib/jetty-servlet-9.3.24.v20180605.jar
7f9369a39000-7f9369a3a000 r--s 00004000 08:01 342750                     /home/uic/hadoop-3.2.1/share/hadoop/common/lib/kerb-simplekdc-1.0.1.jar
7f9369a3a000-7f9369a54000 r--s 00155000 08:01 342782                     /home/uic/hadoop-3.2.1/share/hadoop/common/lib/htrace-core4-4.1.0-incubating.jar
7f9369a54000-7f9369a5d000 r--s 00062000 08:01 342781                     /home/uic/hadoop-3.2.1/share/hadoop/common/lib/avro-1.7.7.jar
7f9369a5d000-7f9369a62000 r--s 0002a000 08:01 342823                     /home/uic/hadoop-3.2.1/share/hadoop/common/lib/gson-2.2.4.jar
7f9369a62000-7f9369a63000 r--s 00000000 08:01 342824                     /home/uic/hadoop-3.2.1/share/hadoop/common/lib/failureaccess-1.0.jar
7f9369a63000-7f9369a65000 r--s 00006000 08:01 342811                     /home/uic/hadoop-3.2.1/share/hadoop/common/lib/accessors-smart-1.2.jar
7f9369a65000-7f9369a67000 r--s 00001000 08:01 342809                     /home/uic/hadoop-3.2.1/share/hadoop/common/lib/j2objc-annotations-1.1.jar
7f9369a67000-7f9369a6b000 r--s 0001c000 08:01 342818                     /home/uic/hadoop-3.2.1/share/hadoop/common/lib/jersey-servlet-1.19.jar
7f9369a6b000-7f9369a71000 r--s 0002c000 08:01 342821                     /home/uic/hadoop-3.2.1/share/hadoop/common/lib/curator-framework-2.13.0.jar
7f9369a71000-7f9369a75000 r--s 00024000 08:01 342805                     /home/uic/hadoop-3.2.1/share/hadoop/common/lib/stax2-api-3.1.4.jar
7f9369a75000-7f9369a7b000 r--s 00044000 08:01 342772                     /home/uic/hadoop-3.2.1/share/hadoop/common/lib/nimbus-jose-jwt-4.41.1.jar
7f9369a7b000-7f9369a82000 r--s 00069000 08:01 342795                     /home/uic/hadoop-3.2.1/share/hadoop/common/lib/jetty-util-9.3.24.v20180605.jar
7f9369a82000-7f9369a85000 r--s 00011000 08:01 342758                     /home/uic/hadoop-3.2.1/share/hadoop/common/lib/kerb-admin-1.0.1.jar
7f9369a85000-7f9369a92000 r--s 00083000 08:01 342788                     /home/uic/hadoop-3.2.1/share/hadoop/common/lib/commons-collections-3.2.2.jar
7f9369a92000-7f9369a95000 r--s 00012000 08:01 342747                     /home/uic/hadoop-3.2.1/share/hadoop/common/lib/kerb-server-1.0.1.jar
7f9369a95000-7f9369a99000 r--s 0001e000 08:01 342816                     /home/uic/hadoop-3.2.1/share/hadoop/common/lib/metrics-core-3.2.4.jar
7f9369a99000-7f9369a9a000 r--s 00004000 08:01 342819                     /home/uic/hadoop-3.2.1/share/hadoop/common/lib/token-provider-1.0.1.jar
7f9369a9a000-7f9369aa2000 r--s 0007b000 08:01 342807                     /home/uic/hadoop-3.2.1/share/hadoop/common/lib/protobuf-java-2.5.0.jar
7f9369aa2000-7f9369aa7000 r--s 00047000 08:01 342791                     /home/uic/hadoop-3.2.1/share/hadoop/common/lib/dnsjava-2.1.7.jar
7f9369aa7000-7f9369aa9000 r--s 00009000 08:01 342806                     /home/uic/hadoop-3.2.1/share/hadoop/common/lib/slf4j-api-1.7.25.jar
7f9369aa9000-7f9369aab000 r--s 00006000 08:01 342787                     /home/uic/hadoop-3.2.1/share/hadoop/common/lib/paranamer-2.3.jar
7f9369aab000-7f9369aae000 r--s 00019000 08:01 342770                     /home/uic/hadoop-3.2.1/share/hadoop/common/lib/kerb-client-1.0.1.jar
7f9369aae000-7f9369ab2000 r--s 00035000 08:01 342826                     /home/uic/hadoop-3.2.1/share/hadoop/common/lib/jackson-core-asl-1.9.13.jar
7f9369ab2000-7f9369ab5000 r--s 00016000 08:01 342769                     /home/uic/hadoop-3.2.1/share/hadoop/common/lib/jsp-api-2.1.jar
7f9369ab5000-7f9369abc000 r--s 00031000 08:01 342765                     /home/uic/hadoop-3.2.1/share/hadoop/common/lib/kerb-core-1.0.1.jar
7f9369abc000-7f9369aca000 r--s 000b1000 08:01 342785                     /home/uic/hadoop-3.2.1/share/hadoop/common/lib/jackson-mapper-asl-1.9.13.jar
7f9369aca000-7f9369ad5000 r--s 00086000 08:01 342820                     /home/uic/hadoop-3.2.1/share/hadoop/common/lib/commons-compress-1.18.jar
7f9369ad5000-7f9369ad7000 r--s 00006000 08:01 342742                     /home/uic/hadoop-3.2.1/share/hadoop/common/lib/kerby-xdr-1.0.1.jar
7f9369ad7000-7f9369adb000 r--s 0004c000 08:01 342804                     /home/uic/hadoop-3.2.1/share/hadoop/common/lib/jackson-core-2.9.8.jar
7f9369adb000-7f9369adf000 r--s 00025000 08:01 342752                     /home/uic/hadoop-3.2.1/share/hadoop/common/lib/jersey-json-1.19.jar
7f9369adf000-7f9369aef000 r--s 0009c000 08:01 342774                     /home/uic/hadoop-3.2.1/share/hadoop/common/lib/jersey-server-1.19.jar
7f9369aef000-7f9369af3000 r--s 00029000 08:01 342771                     /home/uic/hadoop-3.2.1/share/hadoop/common/lib/commons-text-1.4.jar
7f9369af3000-7f9369af5000 r--s 00006000 08:01 342790                     /home/uic/hadoop-3.2.1/share/hadoop/common/lib/kerby-config-1.0.1.jar
7f9369af5000-7f9369af6000 r--s 00000000 08:01 342762                     /home/uic/hadoop-3.2.1/share/hadoop/common/lib/animal-sniffer-annotations-1.17.jar
7f9369af6000-7f9369afe000 r--s 00078000 08:01 342792                     /home/uic/hadoop-3.2.1/share/hadoop/common/lib/jetty-server-9.3.24.v20180605.jar
7f9369afe000-7f9369b0b000 r--s 000af000 08:01 342789                     /home/uic/hadoop-3.2.1/share/hadoop/common/lib/httpclient-4.5.6.jar
7f9369b0b000-7f9369b0c000 r--s 00004000 08:01 342801                     /home/uic/hadoop-3.2.1/share/hadoop/common/lib/audience-annotations-0.5.0.jar
7f9369b0c000-7f9369b1f000 r--s 000c7000 08:01 342793                     /home/uic/hadoop-3.2.1/share/hadoop/common/lib/jaxb-impl-2.2.3-1.jar
7f9369b1f000-7f9369b26000 r--s 0004b000 08:01 342802                     /home/uic/hadoop-3.2.1/share/hadoop/common/lib/commons-codec-1.11.jar
7f9369b26000-7f9369b3f000 r--s 0012c000 08:01 342831                     /home/uic/hadoop-3.2.1/share/hadoop/common/lib/netty-3.10.5.Final.jar
7f9369b3f000-7f9369b4c000 r--s 000b8000 08:01 343146                     /home/uic/hadoop-3.2.1/share/hadoop/mapreduce/hadoop-mapreduce-client-common-3.2.1.jar
7f9369b4c000-7f9369b4e000 r--s 0000d000 08:01 343174                     /home/uic/hadoop-3.2.1/share/hadoop/mapreduce/hadoop-mapreduce-client-uploader-3.2.1.jar
7f9369b4e000-7f9369b4f000 r--s 00014000 08:01 343148                     /home/uic/hadoop-3.2.1/share/hadoop/mapreduce/hadoop-mapreduce-client-jobclient-3.2.1.jar
7f9369b4f000-7f9369b68000 r--s 0017c000 08:01 343147                     /home/uic/hadoop-3.2.1/share/hadoop/mapreduce/hadoop-mapreduce-client-core-3.2.1.jar
7f9369b68000-7f9369b6b000 r--s 00032000 08:01 343145                     /home/uic/hadoop-3.2.1/share/hadoop/mapreduce/hadoop-mapreduce-client-hs-3.2.1.jar
7f9369b6b000-7f9369b75000 r--s 0008c000 08:01 343149                     /home/uic/hadoop-3.2.1/share/hadoop/mapreduce/hadoop-mapreduce-client-app-3.2.1.jar
7f9369b75000-7f9369b77000 r--s 0000a000 08:01 343123                     /home/uic/hadoop-3.2.1/share/hadoop/mapreduce/hadoop-mapreduce-client-hs-plugins-3.2.1.jar
7f9369b77000-7f9369b78000 r--s 00017000 08:01 343150                     /home/uic/hadoop-3.2.1/share/hadoop/mapreduce/hadoop-mapreduce-client-shuffle-3.2.1.jar
7f9369b78000-7f9369b7b000 r--s 0001c000 08:01 343175                     /home/uic/hadoop-3.2.1/share/hadoop/mapreduce/hadoop-mapreduce-client-nativetask-3.2.1.jar
7f9369b7b000-7f9369b7d000 r--s 00009000 08:01 343173                     /home/uic/hadoop-3.2.1/share/hadoop/mapreduce/lib/hamcrest-core-1.3.jar
7f9369b7d000-7f9369b83000 r--s 00036000 08:01 343172                     /home/uic/hadoop-3.2.1/share/hadoop/mapreduce/lib/junit-4.11.jar
7f9369b83000-7f9369b85000 r--s 0000a000 08:01 343039                     /home/uic/hadoop-3.2.1/share/hadoop/hdfs/hadoop-hdfs-native-client-3.2.1.jar
7f9369b85000-7f9369bcd000 r--s 00567000 08:01 342923                     /home/uic/hadoop-3.2.1/share/hadoop/hdfs/hadoop-hdfs-3.2.1.jar
7f9369bcd000-7f9369bcf000 r--s 00023000 08:01 342833                     /home/uic/hadoop-3.2.1/share/hadoop/hdfs/hadoop-hdfs-nfs-3.2.1.jar
7f9369bcf000-7f9369c14000 r--s 00497000 08:01 342921                     /home/uic/hadoop-3.2.1/share/hadoop/hdfs/hadoop-hdfs-client-3.2.1.jar
7f9369c14000-7f9369c24000 r--s 000db000 08:01 343041                     /home/uic/hadoop-3.2.1/share/hadoop/hdfs/hadoop-hdfs-rbf-3.2.1.jar
7f9369c24000-7f9369c2a000 r--s 0003c000 08:01 342924                     /home/uic/hadoop-3.2.1/share/hadoop/hdfs/hadoop-hdfs-httpfs-3.2.1.jar
7f9369c2a000-7f9369c34000 r--s 00026000 08:01 343008                     /home/uic/hadoop-3.2.1/share/hadoop/hdfs/lib/checker-qual-2.5.2.jar
7f9369c34000-7f9369c3a000 r--s 00078000 08:01 342970                     /home/uic/hadoop-3.2.1/share/hadoop/hdfs/lib/woodstox-core-5.0.3.jar
7f9369c3a000-7f9369c3d000 r--s 00015000 08:01 342982                     /home/uic/hadoop-3.2.1/share/hadoop/hdfs/lib/jetty-security-9.3.24.v20180605.jar
7f9369c3d000-7f9369c3e000 r--s 00000000 08:01 343015                     /home/uic/hadoop-3.2.1/share/hadoop/hdfs/lib/listenablefuture-9999.0-empty-to-avoid-conflict-with-guava.jar
7f9369c3e000-7f9369c41000 r--s 0001b000 08:01 343011                     /home/uic/hadoop-3.2.1/share/hadoop/hdfs/lib/json-smart-2.3.jar
7f9369c41000-7f9369c42000 r--s 00008000 08:01 342985                     /home/uic/hadoop-3.2.1/share/hadoop/hdfs/lib/kerb-util-1.0.1.jar
7f9369c42000-7f9369c4a000 r--s 0003e000 08:01 343005                     /home/uic/hadoop-3.2.1/share/hadoop/hdfs/lib/curator-recipes-2.13.0.jar
7f9369c4a000-7f9369c4f000 r--s 00038000 08:01 342949                     /home/uic/hadoop-3.2.1/share/hadoop/hdfs/lib/commons-beanutils-1.9.3.jar
7f9369c4f000-7f9369c54000 r--s 00040000 08:01 342965                     /home/uic/hadoop-3.2.1/share/hadoop/hdfs/lib/jsch-0.1.54.jar
7f9369c54000-7f9369c58000 r--s 00019000 08:01 342969                     /home/uic/hadoop-3.2.1/share/hadoop/hdfs/lib/kerb-crypto-1.0.1.jar
7f9369c58000-7f9369c8a000 r--s 0026d000 08:01 342959                     /home/uic/hadoop-3.2.1/share/hadoop/hdfs/lib/guava-27.0-jre.jar
7f9369c8a000-7f9369c8d000 r--s 00015000 08:01 342960                     /home/uic/hadoop-3.2.1/share/hadoop/hdfs/lib/javax.servlet-api-3.1.0.jar
7f9369c8d000-7f9369c90000 r--s 00006000 08:01 343022                     /home/uic/hadoop-3.2.1/share/hadoop/hdfs/lib/jsr305-3.0.0.jar
7f9369c90000-7f9369c92000 r--s 00000000 08:01 342986                     /home/uic/hadoop-3.2.1/share/hadoop/hdfs/lib/jcip-annotations-1.0-1.jar
7f9369c92000-7f9369caf000 r--s 0016a000 08:01 342989                     /home/uic/hadoop-3.2.1/share/hadoop/hdfs/lib/commons-math3-3.1.1.jar
7f9369caf000-7f9369cb5000 r--s 00046000 08:01 342948                     /home/uic/hadoop-3.2.1/share/hadoop/hdfs/lib/commons-net-3.6.jar
7f9369cb5000-7f9369cb8000 r--s 00016000 08:01 343020                     /home/uic/hadoop-3.2.1/share/hadoop/hdfs/lib/jaxb-api-2.2.11.jar
7f9369cb8000-7f9369cbf000 r--s 0002b000 08:01 342984                     /home/uic/hadoop-3.2.1/share/hadoop/hdfs/lib/kerby-pkix-1.0.1.jar
7f9369cbf000-7f9369cc4000 r--s 0004c000 08:01 342977                     /home/uic/hadoop-3.2.1/share/hadoop/hdfs/lib/okhttp-2.7.5.jar
7f9369cc4000-7f9369cc6000 r--s 0000a000 08:01 343001                     /home/uic/hadoop-3.2.1/share/hadoop/hdfs/lib/jsr311-api-1.1.1.jar
7f9369cc6000-7f9369cc7000 r--s 00006000 08:01 343028                     /home/uic/hadoop-3.2.1/share/hadoop/hdfs/lib/jackson-xc-1.9.13.jar
7f9369cc7000-7f9369cca000 r--s 0001a000 08:01 343023                     /home/uic/hadoop-3.2.1/share/hadoop/hdfs/lib/jetty-webapp-9.3.24.v20180605.jar
7f9369cca000-7f9369ccb000 r--s 0000c000 08:01 342953                     /home/uic/hadoop-3.2.1/share/hadoop/hdfs/lib/jetty-xml-9.3.24.v20180605.jar
7f9369ccb000-7f9369cd7000 r--s 0008b000 08:01 343004                     /home/uic/hadoop-3.2.1/share/hadoop/hdfs/lib/commons-configuration2-2.1.1.jar
7f9369cd7000-7f9369cd9000 r--s 0001e000 08:01 343035                     /home/uic/hadoop-3.2.1/share/hadoop/hdfs/lib/re2j-1.1.jar
7f9369cd9000-7f9369cda000 r--s 00009000 08:01 342946                     /home/uic/hadoop-3.2.1/share/hadoop/hdfs/lib/kerby-util-1.0.1.jar
7f9369cda000-7f9369cdd000 r--s 0000e000 08:01 342972                     /home/uic/hadoop-3.2.1/share/hadoop/hdfs/lib/jackson-annotations-2.9.8.jar
7f9369cdd000-7f9369ce0000 r--s 0001b000 08:01 343019                     /home/uic/hadoop-3.2.1/share/hadoop/hdfs/lib/jetty-io-9.3.24.v20180605.jar
7f9369ce0000-7f9369ce8000 r--s 00072000 08:01 343007                     /home/uic/hadoop-3.2.1/share/hadoop/hdfs/lib/commons-lang3-3.7.jar
7f9369ce8000-7f9369cea000 r--s 0000c000 08:01 342979                     /home/uic/hadoop-3.2.1/share/hadoop/hdfs/lib/asm-5.0.4.jar
7f9369cea000-7f9369cf3000 r--s 0006f000 08:01 342962                     /home/uic/hadoop-3.2.1/share/hadoop/hdfs/lib/log4j-1.2.17.jar
7f9369cf3000-7f9369d2a000 r--s 00219000 08:01 343034                     /home/uic/hadoop-3.2.1/share/hadoop/hdfs/lib/curator-client-2.13.0.jar
7f9369d2a000-7f9369d2c000 r--s 00017000 08:01 342961                     /home/uic/hadoop-3.2.1/share/hadoop/hdfs/lib/kerby-asn1-1.0.1.jar
7f9369d2c000-7f9369d2d000 r--s 00004000 08:01 342974                     /home/uic/hadoop-3.2.1/share/hadoop/hdfs/lib/kerb-identity-1.0.1.jar
7f9369d2d000-7f9369d2f000 r--s 0000e000 08:01 343037                     /home/uic/hadoop-3.2.1/share/hadoop/hdfs/lib/commons-logging-1.1.3.jar
7f9369d2f000-7f9369d41000 r--s 00137000 08:01 343036                     /home/uic/hadoop-3.2.1/share/hadoop/hdfs/lib/jackson-databind-2.9.8.jar
7f9369d41000-7f9369d42000 r--s 0000e000 08:01 342967                     /home/uic/hadoop-3.2.1/share/hadoop/hdfs/lib/hadoop-annotations-3.2.1.jar
7f9369d42000-7f9369d4c000 r--s 00061000 08:01 343017                     /home/uic/hadoop-3.2.1/share/hadoop/hdfs/lib/jersey-core-1.19.jar
7f9369d4c000-7f9369d50000 r--s 0002f000 08:01 343032                     /home/uic/hadoop-3.2.1/share/hadoop/hdfs/lib/commons-io-2.5.jar
7f9369d50000-7f9369d53000 r--s 00022000 08:01 342963                     /home/uic/hadoop-3.2.1/share/hadoop/hdfs/lib/jetty-http-9.3.24.v20180605.jar
7f9369d53000-7f9369d55000 r--s 00130000 08:01 342950                     /home/uic/hadoop-3.2.1/share/hadoop/hdfs/lib/snappy-java-1.0.5.jar
7f9369d55000-7f9369d57000 r--s 0000f000 08:01 342990                     /home/uic/hadoop-3.2.1/share/hadoop/hdfs/lib/jettison-1.1.jar
7f9369d57000-7f9369d59000 r--s 00009000 08:01 342952                     /home/uic/hadoop-3.2.1/share/hadoop/hdfs/lib/commons-cli-1.2.jar
7f9369d59000-7f9369d5b000 r--s 0000e000 08:01 342966                     /home/uic/hadoop-3.2.1/share/hadoop/hdfs/lib/kerb-common-1.0.1.jar
7f9369d5b000-7f9369d62000 r--s 00049000 08:01 342992                     /home/uic/hadoop-3.2.1/share/hadoop/hdfs/lib/httpcore-4.4.10.jar
7f9369d62000-7f9369d64000 r--s 00020000 08:01 343003                     /home/uic/hadoop-3.2.1/share/hadoop/hdfs/lib/hadoop-auth-3.2.1.jar
7f9369d64000-7f9369d66000 r--s 00002000 08:01 343021                     /home/uic/hadoop-3.2.1/share/hadoop/hdfs/lib/error_prone_annotations-2.2.0.jar
7f9369d66000-7f9369d67000 r--s 00005000 08:01 343006                     /home/uic/hadoop-3.2.1/share/hadoop/hdfs/lib/commons-daemon-1.0.13.jar
7f9369d67000-7f9369d74000 r--s 000d1000 08:01 342957                     /home/uic/hadoop-3.2.1/share/hadoop/hdfs/lib/zookeeper-3.4.13.jar
7f9369d74000-7f9369d75000 r--s 00004000 08:01 342983                     /home/uic/hadoop-3.2.1/share/hadoop/hdfs/lib/jackson-jaxrs-1.9.13.jar
7f9369d75000-7f9369d78000 r--s 0001b000 08:01 342973                     /home/uic/hadoop-3.2.1/share/hadoop/hdfs/lib/jetty-servlet-9.3.24.v20180605.jar
7f9369d78000-7f9369d79000 r--s 00004000 08:01 342954                     /home/uic/hadoop-3.2.1/share/hadoop/hdfs/lib/kerb-simplekdc-1.0.1.jar
7f9369d79000-7f9369d93000 r--s 00155000 08:01 342988                     /home/uic/hadoop-3.2.1/share/hadoop/hdfs/lib/htrace-core4-4.1.0-incubating.jar
7f9369d93000-7f9369d9c000 r--s 00062000 08:01 342987                     /home/uic/hadoop-3.2.1/share/hadoop/hdfs/lib/avro-1.7.7.jar
7f9369d9c000-7f9369da1000 r--s 0002a000 08:01 343029                     /home/uic/hadoop-3.2.1/share/hadoop/hdfs/lib/gson-2.2.4.jar
7f9369da1000-7f9369da2000 r--s 00000000 08:01 343031                     /home/uic/hadoop-3.2.1/share/hadoop/hdfs/lib/failureaccess-1.0.jar
7f9369da2000-7f9369da4000 r--s 00006000 08:01 343018                     /home/uic/hadoop-3.2.1/share/hadoop/hdfs/lib/accessors-smart-1.2.jar
7f9369da4000-7f9369da6000 r--s 00001000 08:01 343016                     /home/uic/hadoop-3.2.1/share/hadoop/hdfs/lib/j2objc-annotations-1.1.jar
7f9369da6000-7f9369daa000 r--s 0001c000 08:01 343024                     /home/uic/hadoop-3.2.1/share/hadoop/hdfs/lib/jersey-servlet-1.19.jar
7f9369daa000-7f9369dac000 r--s 00008000 08:01 342998                     /home/uic/hadoop-3.2.1/share/hadoop/hdfs/lib/jetty-util-ajax-9.3.24.v20180605.jar
7f9369dac000-7f9369db2000 r--s 0002c000 08:01 343027                     /home/uic/hadoop-3.2.1/share/hadoop/hdfs/lib/curator-framework-2.13.0.jar
7f9369db2000-7f9369db6000 r--s 00024000 08:01 343013                     /home/uic/hadoop-3.2.1/share/hadoop/hdfs/lib/stax2-api-3.1.4.jar
7f9369db6000-7f9369dbc000 r--s 00044000 08:01 342978                     /home/uic/hadoop-3.2.1/share/hadoop/hdfs/lib/nimbus-jose-jwt-4.41.1.jar
7f9369dbc000-7f9369dc3000 r--s 00069000 08:01 343002                     /home/uic/hadoop-3.2.1/share/hadoop/hdfs/lib/jetty-util-9.3.24.v20180605.jar
7f9369dc3000-7f9369dc6000 r--s 00011000 08:01 342964                     /home/uic/hadoop-3.2.1/share/hadoop/hdfs/lib/kerb-admin-1.0.1.jar
7f9369dc6000-7f9369dd3000 r--s 00083000 08:01 342994                     /home/uic/hadoop-3.2.1/share/hadoop/hdfs/lib/commons-collections-3.2.2.jar
7f9369dd3000-7f9369dd6000 r--s 00012000 08:01 342951                     /home/uic/hadoop-3.2.1/share/hadoop/hdfs/lib/kerb-server-1.0.1.jar
7f9369dd6000-7f9369dd7000 r--s 00005000 08:01 342980                     /home/uic/hadoop-3.2.1/share/hadoop/hdfs/lib/json-simple-1.1.1.jar
7f9369dd7000-7f9369dd8000 r--s 00004000 08:01 343025                     /home/uic/hadoop-3.2.1/share/hadoop/hdfs/lib/token-provider-1.0.1.jar
7f9369dd8000-7f9369de0000 r--s 0007b000 08:01 343014                     /home/uic/hadoop-3.2.1/share/hadoop/hdfs/lib/protobuf-java-2.5.0.jar
7f9369de0000-7f9369de5000 r--s 00047000 08:01 342997                     /home/uic/hadoop-3.2.1/share/hadoop/hdfs/lib/dnsjava-2.1.7.jar
7f9369de5000-7f9369de7000 r--s 00006000 08:01 342993                     /home/uic/hadoop-3.2.1/share/hadoop/hdfs/lib/paranamer-2.3.jar
7f9369de7000-7f9369e0e000 r--s 00205000 08:01 342956                     /home/uic/hadoop-3.2.1/share/hadoop/hdfs/lib/netty-all-4.0.52.Final.jar
7f9369e0e000-7f9369e11000 r--s 00019000 08:01 342975                     /home/uic/hadoop-3.2.1/share/hadoop/hdfs/lib/kerb-client-1.0.1.jar
7f9369e11000-7f9369e15000 r--s 00035000 08:01 343033                     /home/uic/hadoop-3.2.1/share/hadoop/hdfs/lib/jackson-core-asl-1.9.13.jar
7f9369e15000-7f9369e1c000 r--s 00031000 08:01 342971                     /home/uic/hadoop-3.2.1/share/hadoop/hdfs/lib/kerb-core-1.0.1.jar
7f9369e1c000-7f9369e2a000 r--s 000b1000 08:01 342991                     /home/uic/hadoop-3.2.1/share/hadoop/hdfs/lib/jackson-mapper-asl-1.9.13.jar
7f9369e2a000-7f9369e35000 r--s 00086000 08:01 343026                     /home/uic/hadoop-3.2.1/share/hadoop/hdfs/lib/commons-compress-1.18.jar
7f9369e35000-7f9369e37000 r--s 00006000 08:01 342947                     /home/uic/hadoop-3.2.1/share/hadoop/hdfs/lib/kerby-xdr-1.0.1.jar
7f9369e37000-7f9369e3b000 r--s 0004c000 08:01 343012                     /home/uic/hadoop-3.2.1/share/hadoop/hdfs/lib/jackson-core-2.9.8.jar
7f9369e3b000-7f9369e3f000 r--s 00025000 08:01 342958                     /home/uic/hadoop-3.2.1/share/hadoop/hdfs/lib/jersey-json-1.19.jar
7f9369e3f000-7f9369e4f000 r--s 0009c000 08:01 342981                     /home/uic/hadoop-3.2.1/share/hadoop/hdfs/lib/jersey-server-1.19.jar
7f9369e4f000-7f9369e52000 r--s 000fd000 08:01 342955                     /home/uic/hadoop-3.2.1/share/hadoop/hdfs/lib/leveldbjni-all-1.8.jar
7f9369e52000-7f9369e56000 r--s 00029000 08:01 342976                     /home/uic/hadoop-3.2.1/share/hadoop/hdfs/lib/commons-text-1.4.jar
7f9369e56000-7f9369e58000 r--s 00006000 08:01 342996                     /home/uic/hadoop-3.2.1/share/hadoop/hdfs/lib/kerby-config-1.0.1.jar
7f9369e58000-7f9369e59000 r--s 00000000 08:01 342968                     /home/uic/hadoop-3.2.1/share/hadoop/hdfs/lib/animal-sniffer-annotations-1.17.jar
7f9369e59000-7f9369e61000 r--s 00078000 08:01 342999                     /home/uic/hadoop-3.2.1/share/hadoop/hdfs/lib/jetty-server-9.3.24.v20180605.jar
7f9369e61000-7f9369e6e000 r--s 000af000 08:01 342995                     /home/uic/hadoop-3.2.1/share/hadoop/hdfs/lib/httpclient-4.5.6.jar
7f9369e6e000-7f9369e6f000 r--s 00004000 08:01 343009                     /home/uic/hadoop-3.2.1/share/hadoop/hdfs/lib/audience-annotations-0.5.0.jar
7f9369e6f000-7f9369e71000 r--s 0000f000 08:01 343030                     /home/uic/hadoop-3.2.1/share/hadoop/hdfs/lib/okio-1.6.0.jar
7f9369e71000-7f9369e84000 r--s 000c7000 08:01 343000                     /home/uic/hadoop-3.2.1/share/hadoop/hdfs/lib/jaxb-impl-2.2.3-1.jar
7f9369e84000-7f9369e8b000 r--s 0004b000 08:01 343010                     /home/uic/hadoop-3.2.1/share/hadoop/hdfs/lib/commons-codec-1.11.jar
7f9369e8b000-7f9369ea4000 r--s 0012c000 08:01 343038                     /home/uic/hadoop-3.2.1/share/hadoop/hdfs/lib/netty-3.10.5.Final.jar
7f9369ea4000-7f9369ea7000 r--s 0001a000 08:01 343177                     /home/uic/hadoop-3.2.1/share/hadoop/yarn/hadoop-yarn-submarine-3.2.1.jar
7f9369ea7000-7f9369ecb000 r--s 0020a000 08:01 343262                     /home/uic/hadoop-3.2.1/share/hadoop/yarn/hadoop-yarn-server-resourcemanager-3.2.1.jar
7f9369ecb000-7f9369ecd000 r--s 00012000 08:01 343264                     /home/uic/hadoop-3.2.1/share/hadoop/yarn/hadoop-yarn-server-web-proxy-3.2.1.jar
7f9369ecd000-7f9369ecf000 r--s 0001a000 08:01 343265                     /home/uic/hadoop-3.2.1/share/hadoop/yarn/hadoop-yarn-applications-distributedshell-3.2.1.jar
7f9369ecf000-7f9369ed4000 r--s 00043000 08:01 343307                     /home/uic/hadoop-3.2.1/share/hadoop/yarn/hadoop-yarn-server-applicationhistoryservice-3.2.1.jar
7f9369ed4000-7f9369ed9000 r--s 00033000 08:01 343284                     /home/uic/hadoop-3.2.1/share/hadoop/yarn/hadoop-yarn-registry-3.2.1.jar
7f9369ed9000-7f9369edc000 r--s 00024000 08:01 343259                     /home/uic/hadoop-3.2.1/share/hadoop/yarn/hadoop-yarn-server-router-3.2.1.jar
7f9369edc000-7f9369ede000 r--s 00015000 08:01 343210                     /home/uic/hadoop-3.2.1/share/hadoop/yarn/hadoop-yarn-server-timeline-pluginstorage-3.2.1.jar
7f9369ede000-7f9369ee1000 r--s 00015000 08:01 343209                     /home/uic/hadoop-3.2.1/share/hadoop/yarn/hadoop-yarn-server-sharedcachemanager-3.2.1.jar
7f9369ee1000-7f9369ee2000 r--s 0000d000 08:01 343212                     /home/uic/hadoop-3.2.1/share/hadoop/yarn/hadoop-yarn-applications-unmanaged-am-launcher-3.2.1.jar
7f9369ee2000-7f9369eec000 r--s 00091000 08:01 343213                     /home/uic/hadoop-3.2.1/share/hadoop/yarn/hadoop-yarn-services-core-3.2.1.jar
7f9369eec000-7f9369ef0000 r--s 0004b000 08:01 343260                     /home/uic/hadoop-3.2.1/share/hadoop/yarn/hadoop-yarn-client-3.2.1.jar
7f9369ef0000-7f9369f08000 r--s 00137000 08:01 343176                     /home/uic/hadoop-3.2.1/share/hadoop/yarn/hadoop-yarn-server-nodemanager-3.2.1.jar
7f9369f08000-7f9369f2c000 r--s 002a5000 08:01 343211                     /home/uic/hadoop-3.2.1/share/hadoop/yarn/hadoop-yarn-common-3.2.1.jar
7f9369f2c000-7f9369f44000 r--s 0013d000 08:01 343282                     /home/uic/hadoop-3.2.1/share/hadoop/yarn/hadoop-yarn-server-common-3.2.1.jar
7f9369f44000-7f9369f46000 r--s 00019000 08:01 343281                     /home/uic/hadoop-3.2.1/share/hadoop/yarn/hadoop-yarn-services-api-3.2.1.jar
7f9369f46000-7f9369f73000 r--s 002f6000 08:01 343283                     /home/uic/hadoop-3.2.1/share/hadoop/yarn/hadoop-yarn-api-3.2.1.jar
7f9369f73000-7f9369fcb000 r--s 003a7000 08:01 343296                     /home/uic/hadoop-3.2.1/share/hadoop/yarn/lib/bcprov-jdk15on-1.60.jar
7f9369fcb000-7f9369fcd000 r--s 00000000 08:01 343285                     /home/uic/hadoop-3.2.1/share/hadoop/yarn/lib/aopalliance-1.0.jar
7f9369fcd000-7f9369fd0000 r--s 0000b000 08:01 343300                     /home/uic/hadoop-3.2.1/share/hadoop/yarn/lib/geronimo-jcache_1.0_spec-1.0-alpha-1.jar
7f9369fd0000-7f9369ff6000 r--s 00180000 08:01 343302                     /home/uic/hadoop-3.2.1/share/hadoop/yarn/lib/ehcache-3.3.1.jar
7f9369ff6000-7f9369ff7000 r--s 00003000 08:01 343292                     /home/uic/hadoop-3.2.1/share/hadoop/yarn/lib/jackson-jaxrs-json-provider-2.9.8.jar
7f9369ff7000-7f9369ffa000 r--s 0001e000 08:01 343293                     /home/uic/hadoop-3.2.1/share/hadoop/yarn/lib/jersey-client-1.19.jar
7f9369ffa000-7f9369ffb000 r--s 00007000 08:01 343306                     /home/uic/hadoop-3.2.1/share/hadoop/yarn/lib/jackson-module-jaxb-annotations-2.9.8.jar
7f9369ffb000-7f936a004000 r--s 000b9000 08:01 343304                     /home/uic/hadoop-3.2.1/share/hadoop/yarn/lib/mssql-jdbc-6.2.1.jre7.jar
7f936a004000-7f936a006000 r--s 00005000 08:01 343297                     /home/uic/hadoop-3.2.1/share/hadoop/yarn/lib/objenesis-1.0.jar
7f936a006000-7f936a007000 r--s 00007000 08:01 343286                     /home/uic/hadoop-3.2.1/share/hadoop/yarn/lib/jackson-jaxrs-base-2.9.8.jar
7f936a007000-7f936a008000 r--s 00003000 08:01 343294                     /home/uic/hadoop-3.2.1/share/hadoop/yarn/lib/swagger-annotations-1.5.4.jar
7f936a008000-7f936a01b000 r--s 000b0000 08:01 343290                     /home/uic/hadoop-3.2.1/share/hadoop/yarn/lib/bcpkix-jdk15on-1.60.jar
7f936a01b000-7f936a01d000 r--s 00011000 08:01 343295                     /home/uic/hadoop-3.2.1/share/hadoop/yarn/lib/guice-servlet-4.0.jar
7f936a01d000-7f936a021000 r--s 0001e000 08:01 343303                     /home/uic/hadoop-3.2.1/share/hadoop/yarn/lib/metrics-core-3.2.4.jar
7f936a021000-7f936a022000 r--s 00000000 08:01 343298                     /home/uic/hadoop-3.2.1/share/hadoop/yarn/lib/javax.inject-1.jar
7f936a022000-7f936a030000 r--s 00096000 08:01 343305                     /home/uic/hadoop-3.2.1/share/hadoop/yarn/lib/guice-4.0.jar
7f936a030000-7f936a037000 r--s 00058000 08:01 343301                     /home/uic/hadoop-3.2.1/share/hadoop/yarn/lib/fst-2.50.jar
7f936a037000-7f936a03a000 r--s 0001e000 08:01 343289                     /home/uic/hadoop-3.2.1/share/hadoop/yarn/lib/HikariCP-java7-2.4.12.jar
7f936a03a000-7f936a03c000 r--s 00011000 08:01 343291                     /home/uic/hadoop-3.2.1/share/hadoop/yarn/lib/json-io-2.5.1.jar
7f936a03c000-7f936a042000 r--s 0003c000 08:01 343288                     /home/uic/hadoop-3.2.1/share/hadoop/yarn/lib/snakeyaml-1.16.jar
7f936a042000-7f936a044000 r--s 0000d000 08:01 343287                     /home/uic/hadoop-3.2.1/share/hadoop/yarn/lib/java-util-1.9.0.jar
7f936a044000-7f936a045000 r--s 00003000 08:01 343299                     /home/uic/hadoop-3.2.1/share/hadoop/yarn/lib/jersey-guice-1.19.jar
7f936a045000-7f936a047000 r--s 00007000 08:01 34299                      /usr/share/java/java-atk-wrapper.jar
7f936a047000-7f936a049000 r--s 00001000 08:01 280371                     /usr/lib/jvm/java-8-openjdk-amd64/jre/lib/ext/dnsns.jar
7f936a049000-7f936a04a000 r--s 0000a000 08:01 280373                     /usr/lib/jvm/java-8-openjdk-amd64/jre/lib/ext/jaccess.jar
7f936a04a000-7f936a04b000 r--s 00010000 08:01 280379                     /usr/lib/jvm/java-8-openjdk-amd64/jre/lib/ext/zipfs.jar
7f936a04b000-7f936a066000 r--s 001d6000 08:01 280375                     /usr/lib/jvm/java-8-openjdk-amd64/jre/lib/ext/nashorn.jar
7f936a066000-7f936a081000 r--s 00394000 08:01 280370                     /usr/lib/jvm/java-8-openjdk-amd64/jre/lib/ext/cldrdata.jar
7f936a081000-7f936a082000 ---p 00000000 00:00 0 
7f936a082000-7f936a182000 rw-p 00000000 00:00 0 
7f936a182000-7f936a185000 ---p 00000000 00:00 0 
7f936a185000-7f936a283000 rw-p 00000000 00:00 0 
7f936a283000-7f936a284000 ---p 00000000 00:00 0 
7f936a284000-7f936a287000 ---p 00000000 00:00 0 
7f936a287000-7f936a384000 rw-p 00000000 00:00 0 
7f936a384000-7f936a385000 ---p 00000000 00:00 0 
7f936a385000-7f936a388000 ---p 00000000 00:00 0 
7f936a388000-7f936a485000 rw-p 00000000 00:00 0 
7f936a485000-7f936a488000 ---p 00000000 00:00 0 
7f936a488000-7f936a586000 rw-p 00000000 00:00 0 
7f936a586000-7f936a5b7000 r--p 00000000 08:01 7801                       /usr/lib/locale/C.UTF-8/LC_CTYPE
7f936a5b7000-7f936a72a000 r--p 00000000 08:01 7800                       /usr/lib/locale/C.UTF-8/LC_COLLATE
7f936a72a000-7f936a8c5000 r--p 00000000 08:01 7795                       /usr/lib/locale/locale-archive
7f936a8c5000-7f936a8c8000 ---p 00000000 00:00 0 
7f936a8c8000-7f936a9c6000 rw-p 00000000 00:00 0 
7f936a9c6000-7f936a9c9000 ---p 00000000 00:00 0 
7f936a9c9000-7f936aac7000 rw-p 00000000 00:00 0 
7f936aac7000-7f936aac8000 ---p 00000000 00:00 0 
7f936aac8000-7f936d000000 rw-p 00000000 00:00 0 
7f936d000000-7f936d750000 rwxp 00000000 00:00 0 
7f936d750000-7f937c000000 ---p 00000000 00:00 0 
7f937c000000-7f937d27b000 rw-p 00000000 00:00 0 
7f937d27b000-7f9380000000 ---p 00000000 00:00 0 
7f9380000000-7f938000a000 r--s 00116000 08:01 280374                     /usr/lib/jvm/java-8-openjdk-amd64/jre/lib/ext/localedata.jar
7f938000a000-7f938000b000 r--s 0000d000 08:01 280376                     /usr/lib/jvm/java-8-openjdk-amd64/jre/lib/ext/sunec.jar
7f938000b000-7f938000e000 r--s 00039000 08:01 280378                     /usr/lib/jvm/java-8-openjdk-amd64/jre/lib/ext/sunpkcs11.jar
7f938000e000-7f9380013000 r--s 0003c000 08:01 280377                     /usr/lib/jvm/java-8-openjdk-amd64/jre/lib/ext/sunjce_provider.jar
7f9380013000-7f9380016000 r--s 0000f000 08:01 280372                     /usr/lib/jvm/java-8-openjdk-amd64/jre/lib/ext/icedtea-sound.jar
7f9380016000-7f9380017000 r--p 00000000 08:01 7806                       /usr/lib/locale/C.UTF-8/LC_NUMERIC
7f9380017000-7f9380018000 r--p 00000000 08:01 7809                       /usr/lib/locale/C.UTF-8/LC_TIME
7f9380018000-7f9380019000 r--p 00000000 08:01 7804                       /usr/lib/locale/C.UTF-8/LC_MONETARY
7f9380019000-7f938001a000 r--p 00000000 08:01 7798                       /usr/lib/locale/C.UTF-8/LC_MESSAGES/SYS_LC_MESSAGES
7f938001a000-7f938001b000 r--p 00000000 08:01 7807                       /usr/lib/locale/C.UTF-8/LC_PAPER
7f938001b000-7f938041f000 rw-p 00000000 00:00 0 
7f938041f000-7f93805ef000 r--s 03c5c000 08:01 280399                     /usr/lib/jvm/java-8-openjdk-amd64/jre/lib/rt.jar
7f93805ef000-7f9381052000 rw-p 00000000 00:00 0 
7f9381052000-7f9381053000 ---p 00000000 00:00 0 
7f9381053000-7f9381153000 rw-p 00000000 00:00 0 
7f9381153000-7f9381154000 ---p 00000000 00:00 0 
7f9381154000-7f9381312000 rw-p 00000000 00:00 0 
7f9381312000-7f938139d000 ---p 00000000 00:00 0 
7f938139d000-7f938145b000 rw-p 00000000 00:00 0 
7f938145b000-7f93814e5000 ---p 00000000 00:00 0 
7f93814e5000-7f9381548000 rw-p 00000000 00:00 0 
7f9381548000-7f938158a000 ---p 00000000 00:00 0 
7f938158a000-7f93815a9000 rw-p 00000000 00:00 0 
7f93815a9000-7f938194b000 ---p 00000000 00:00 0 
7f938194b000-7f9381953000 r-xp 00000000 08:01 280356                     /usr/lib/jvm/java-8-openjdk-amd64/jre/lib/amd64/libzip.so
7f9381953000-7f9381b52000 ---p 00008000 08:01 280356                     /usr/lib/jvm/java-8-openjdk-amd64/jre/lib/amd64/libzip.so
7f9381b52000-7f9381b53000 r--p 00007000 08:01 280356                     /usr/lib/jvm/java-8-openjdk-amd64/jre/lib/amd64/libzip.so
7f9381b53000-7f9381b54000 rw-p 00008000 08:01 280356                     /usr/lib/jvm/java-8-openjdk-amd64/jre/lib/amd64/libzip.so
7f9381b54000-7f9381b5f000 r-xp 00000000 08:01 2093                       /lib/x86_64-linux-gnu/libnss_files-2.27.so
7f9381b5f000-7f9381d5e000 ---p 0000b000 08:01 2093                       /lib/x86_64-linux-gnu/libnss_files-2.27.so
7f9381d5e000-7f9381d5f000 r--p 0000a000 08:01 2093                       /lib/x86_64-linux-gnu/libnss_files-2.27.so
7f9381d5f000-7f9381d60000 rw-p 0000b000 08:01 2093                       /lib/x86_64-linux-gnu/libnss_files-2.27.so
7f9381d60000-7f9381d66000 rw-p 00000000 00:00 0 
7f9381d66000-7f9381d7d000 r-xp 00000000 08:01 2090                       /lib/x86_64-linux-gnu/libnsl-2.27.so
7f9381d7d000-7f9381f7c000 ---p 00017000 08:01 2090                       /lib/x86_64-linux-gnu/libnsl-2.27.so
7f9381f7c000-7f9381f7d000 r--p 00016000 08:01 2090                       /lib/x86_64-linux-gnu/libnsl-2.27.so
7f9381f7d000-7f9381f7e000 rw-p 00017000 08:01 2090                       /lib/x86_64-linux-gnu/libnsl-2.27.so
7f9381f7e000-7f9381f80000 rw-p 00000000 00:00 0 
7f9381f80000-7f9381f8b000 r-xp 00000000 08:01 2095                       /lib/x86_64-linux-gnu/libnss_nis-2.27.so
7f9381f8b000-7f938218a000 ---p 0000b000 08:01 2095                       /lib/x86_64-linux-gnu/libnss_nis-2.27.so
7f938218a000-7f938218b000 r--p 0000a000 08:01 2095                       /lib/x86_64-linux-gnu/libnss_nis-2.27.so
7f938218b000-7f938218c000 rw-p 0000b000 08:01 2095                       /lib/x86_64-linux-gnu/libnss_nis-2.27.so
7f938218c000-7f9382194000 r-xp 00000000 08:01 2091                       /lib/x86_64-linux-gnu/libnss_compat-2.27.so
7f9382194000-7f9382394000 ---p 00008000 08:01 2091                       /lib/x86_64-linux-gnu/libnss_compat-2.27.so
7f9382394000-7f9382395000 r--p 00008000 08:01 2091                       /lib/x86_64-linux-gnu/libnss_compat-2.27.so
7f9382395000-7f9382396000 rw-p 00009000 08:01 2091                       /lib/x86_64-linux-gnu/libnss_compat-2.27.so
7f9382396000-7f93823c0000 r-xp 00000000 08:01 280337                     /usr/lib/jvm/java-8-openjdk-amd64/jre/lib/amd64/libjava.so
7f93823c0000-7f93825bf000 ---p 0002a000 08:01 280337                     /usr/lib/jvm/java-8-openjdk-amd64/jre/lib/amd64/libjava.so
7f93825bf000-7f93825c0000 r--p 00029000 08:01 280337                     /usr/lib/jvm/java-8-openjdk-amd64/jre/lib/amd64/libjava.so
7f93825c0000-7f93825c2000 rw-p 0002a000 08:01 280337                     /usr/lib/jvm/java-8-openjdk-amd64/jre/lib/amd64/libjava.so
7f93825c2000-7f93825d2000 r-xp 00000000 08:01 280355                     /usr/lib/jvm/java-8-openjdk-amd64/jre/lib/amd64/libverify.so
7f93825d2000-7f93827d1000 ---p 00010000 08:01 280355                     /usr/lib/jvm/java-8-openjdk-amd64/jre/lib/amd64/libverify.so
7f93827d1000-7f93827d3000 r--p 0000f000 08:01 280355                     /usr/lib/jvm/java-8-openjdk-amd64/jre/lib/amd64/libverify.so
7f93827d3000-7f93827d4000 rw-p 00011000 08:01 280355                     /usr/lib/jvm/java-8-openjdk-amd64/jre/lib/amd64/libverify.so
7f93827d4000-7f93827db000 r-xp 00000000 08:01 2180                       /lib/x86_64-linux-gnu/librt-2.27.so
7f93827db000-7f93829da000 ---p 00007000 08:01 2180                       /lib/x86_64-linux-gnu/librt-2.27.so
7f93829da000-7f93829db000 r--p 00006000 08:01 2180                       /lib/x86_64-linux-gnu/librt-2.27.so
7f93829db000-7f93829dc000 rw-p 00007000 08:01 2180                       /lib/x86_64-linux-gnu/librt-2.27.so
7f93829dc000-7f93829f3000 r-xp 00000000 08:01 2096                       /lib/x86_64-linux-gnu/libgcc_s.so.1
7f93829f3000-7f9382bf2000 ---p 00017000 08:01 2096                       /lib/x86_64-linux-gnu/libgcc_s.so.1
7f9382bf2000-7f9382bf3000 r--p 00016000 08:01 2096                       /lib/x86_64-linux-gnu/libgcc_s.so.1
7f9382bf3000-7f9382bf4000 rw-p 00017000 08:01 2096                       /lib/x86_64-linux-gnu/libgcc_s.so.1
7f9382bf4000-7f9382d91000 r-xp 00000000 08:01 2087                       /lib/x86_64-linux-gnu/libm-2.27.so
7f9382d91000-7f9382f90000 ---p 0019d000 08:01 2087                       /lib/x86_64-linux-gnu/libm-2.27.so
7f9382f90000-7f9382f91000 r--p 0019c000 08:01 2087                       /lib/x86_64-linux-gnu/libm-2.27.so
7f9382f91000-7f9382f92000 rw-p 0019d000 08:01 2087                       /lib/x86_64-linux-gnu/libm-2.27.so
7f9382f92000-7f938310b000 r-xp 00000000 08:01 5016                       /usr/lib/x86_64-linux-gnu/libstdc++.so.6.0.25
7f938310b000-7f938330b000 ---p 00179000 08:01 5016                       /usr/lib/x86_64-linux-gnu/libstdc++.so.6.0.25
7f938330b000-7f9383315000 r--p 00179000 08:01 5016                       /usr/lib/x86_64-linux-gnu/libstdc++.so.6.0.25
7f9383315000-7f9383317000 rw-p 00183000 08:01 5016                       /usr/lib/x86_64-linux-gnu/libstdc++.so.6.0.25
7f9383317000-7f938331b000 rw-p 00000000 00:00 0 
7f938331b000-7f9383fba000 r-xp 00000000 08:01 280359                     /usr/lib/jvm/java-8-openjdk-amd64/jre/lib/amd64/server/libjvm.so
7f9383fba000-7f93841ba000 ---p 00c9f000 08:01 280359                     /usr/lib/jvm/java-8-openjdk-amd64/jre/lib/amd64/server/libjvm.so
7f93841ba000-7f938424e000 r--p 00c9f000 08:01 280359                     /usr/lib/jvm/java-8-openjdk-amd64/jre/lib/amd64/server/libjvm.so
7f938424e000-7f9384277000 rw-p 00d33000 08:01 280359                     /usr/lib/jvm/java-8-openjdk-amd64/jre/lib/amd64/server/libjvm.so
7f9384277000-7f93842a7000 rw-p 00000000 00:00 0 
7f93842a7000-7f93842c1000 r-xp 00000000 08:01 2178                       /lib/x86_64-linux-gnu/libpthread-2.27.so
7f93842c1000-7f93844c0000 ---p 0001a000 08:01 2178                       /lib/x86_64-linux-gnu/libpthread-2.27.so
7f93844c0000-7f93844c1000 r--p 00019000 08:01 2178                       /lib/x86_64-linux-gnu/libpthread-2.27.so
7f93844c1000-7f93844c2000 rw-p 0001a000 08:01 2178                       /lib/x86_64-linux-gnu/libpthread-2.27.so
7f93844c2000-7f93844c6000 rw-p 00000000 00:00 0 
7f93844c6000-7f93844c9000 r-xp 00000000 08:01 2086                       /lib/x86_64-linux-gnu/libdl-2.27.so
7f93844c9000-7f93846c8000 ---p 00003000 08:01 2086                       /lib/x86_64-linux-gnu/libdl-2.27.so
7f93846c8000-7f93846c9000 r--p 00002000 08:01 2086                       /lib/x86_64-linux-gnu/libdl-2.27.so
7f93846c9000-7f93846ca000 rw-p 00003000 08:01 2086                       /lib/x86_64-linux-gnu/libdl-2.27.so
7f93846ca000-7f93846e6000 r-xp 00000000 08:01 2183                       /lib/x86_64-linux-gnu/libz.so.1.2.11
7f93846e6000-7f93848e5000 ---p 0001c000 08:01 2183                       /lib/x86_64-linux-gnu/libz.so.1.2.11
7f93848e5000-7f93848e6000 r--p 0001b000 08:01 2183                       /lib/x86_64-linux-gnu/libz.so.1.2.11
7f93848e6000-7f93848e7000 rw-p 0001c000 08:01 2183                       /lib/x86_64-linux-gnu/libz.so.1.2.11
7f93848e7000-7f9384ace000 r-xp 00000000 08:01 2083                       /lib/x86_64-linux-gnu/libc-2.27.so
7f9384ace000-7f9384cce000 ---p 001e7000 08:01 2083                       /lib/x86_64-linux-gnu/libc-2.27.so
7f9384cce000-7f9384cd2000 r--p 001e7000 08:01 2083                       /lib/x86_64-linux-gnu/libc-2.27.so
7f9384cd2000-7f9384cd4000 rw-p 001eb000 08:01 2083                       /lib/x86_64-linux-gnu/libc-2.27.so
7f9384cd4000-7f9384cd8000 rw-p 00000000 00:00 0 
7f9384cd8000-7f9384ce6000 r-xp 00000000 08:01 280323                     /usr/lib/jvm/java-8-openjdk-amd64/jre/lib/amd64/jli/libjli.so
7f9384ce6000-7f9384ee5000 ---p 0000e000 08:01 280323                     /usr/lib/jvm/java-8-openjdk-amd64/jre/lib/amd64/jli/libjli.so
7f9384ee5000-7f9384ee6000 r--p 0000d000 08:01 280323                     /usr/lib/jvm/java-8-openjdk-amd64/jre/lib/amd64/jli/libjli.so
7f9384ee6000-7f9384ee7000 rw-p 0000e000 08:01 280323                     /usr/lib/jvm/java-8-openjdk-amd64/jre/lib/amd64/jli/libjli.so
7f9384ee7000-7f9384f0e000 r-xp 00000000 08:01 2079                       /lib/x86_64-linux-gnu/ld-2.27.so
7f9384f0e000-7f9384ff3000 rw-p 00000000 00:00 0 
7f9384ff3000-7f9384ff4000 ---p 00000000 00:00 0 
7f9384ff4000-7f9384ff7000 ---p 00000000 00:00 0 
7f9384ff7000-7f93850f6000 rw-p 00000000 00:00 0 
7f93850f6000-7f93850f7000 r--p 00000000 08:01 7805                       /usr/lib/locale/C.UTF-8/LC_NAME
7f93850f7000-7f93850f8000 r--p 00000000 08:01 7799                       /usr/lib/locale/C.UTF-8/LC_ADDRESS
7f93850f8000-7f93850f9000 r--p 00000000 08:01 7808                       /usr/lib/locale/C.UTF-8/LC_TELEPHONE
7f93850f9000-7f93850fa000 r--p 00000000 08:01 7803                       /usr/lib/locale/C.UTF-8/LC_MEASUREMENT
7f93850fa000-7f9385101000 r--s 00000000 08:01 5009                       /usr/lib/x86_64-linux-gnu/gconv/gconv-modules.cache
7f9385101000-7f9385102000 r--p 00000000 08:01 7802                       /usr/lib/locale/C.UTF-8/LC_IDENTIFICATION
7f9385102000-7f938510a000 rw-s 00000000 08:01 2002                       /tmp/hsperfdata_uic/24623
7f938510a000-7f938510b000 rw-p 00000000 00:00 0 
7f938510b000-7f938510c000 ---p 00000000 00:00 0 
7f938510c000-7f938510e000 rw-p 00000000 00:00 0 
7f938510e000-7f938510f000 r--p 00027000 08:01 2079                       /lib/x86_64-linux-gnu/ld-2.27.so
7f938510f000-7f9385110000 rw-p 00028000 08:01 2079                       /lib/x86_64-linux-gnu/ld-2.27.so
7f9385110000-7f9385111000 rw-p 00000000 00:00 0 
7ffec159f000-7ffec15c4000 rw-p 00000000 00:00 0                          [stack]
7ffec15d9000-7ffec15dc000 r--p 00000000 00:00 0                          [vvar]
7ffec15dc000-7ffec15de000 r-xp 00000000 00:00 0                          [vdso]
ffffffffff600000-ffffffffff601000 r-xp 00000000 00:00 0                  [vsyscall]

VM Arguments:
jvm_args: -Dfile.encoding=UTF-8 
java_command: wordcount.wordcount hdfs:arrow4g:9000/data/wordcount hdfs://arrow4g:9000/data/eclipse-wordcount-output
java_class_path (initial): /home/uic/eclipse-workspace/wordcount/bin:/home/uic/hadoop-3.2.1/share/hadoop/yarn/lib/jersey-guice-1.19.jar:/home/uic/hadoop-3.2.1/share/hadoop/yarn/lib/java-util-1.9.0.jar:/home/uic/hadoop-3.2.1/share/hadoop/yarn/lib/snakeyaml-1.16.jar:/home/uic/hadoop-3.2.1/share/hadoop/yarn/lib/json-io-2.5.1.jar:/home/uic/hadoop-3.2.1/share/hadoop/yarn/lib/HikariCP-java7-2.4.12.jar:/home/uic/hadoop-3.2.1/share/hadoop/yarn/lib/fst-2.50.jar:/home/uic/hadoop-3.2.1/share/hadoop/yarn/lib/guice-4.0.jar:/home/uic/hadoop-3.2.1/share/hadoop/yarn/lib/javax.inject-1.jar:/home/uic/hadoop-3.2.1/share/hadoop/yarn/lib/metrics-core-3.2.4.jar:/home/uic/hadoop-3.2.1/share/hadoop/yarn/lib/guice-servlet-4.0.jar:/home/uic/hadoop-3.2.1/share/hadoop/yarn/lib/bcpkix-jdk15on-1.60.jar:/home/uic/hadoop-3.2.1/share/hadoop/yarn/lib/swagger-annotations-1.5.4.jar:/home/uic/hadoop-3.2.1/share/hadoop/yarn/lib/jackson-jaxrs-base-2.9.8.jar:/home/uic/hadoop-3.2.1/share/hadoop/yarn/lib/objenesis-1.0.jar:/home/uic/hadoop-3.2.1/share/hadoop/yarn/lib/mssql-jdbc-6.2.1.jre7.jar:/home/uic/hadoop-3.2.1/share/hadoop/yarn/lib/jackson-module-jaxb-annotations-2.9.8.jar:/home/uic/hadoop-3.2.1/share/hadoop/yarn/lib/jersey-client-1.19.jar:/home/uic/hadoop-3.2.1/share/hadoop/yarn/lib/jackson-jaxrs-json-provider-2.9.8.jar:/home/uic/hadoop-3.2.1/share/hadoop/yarn/lib/ehcache-3.3.1.jar:/home/uic/hadoop-3.2.1/share/hadoop/yarn/lib/geronimo-jcache_1.0_spec-1.0-alpha-1.jar:/home/uic/hadoop-3.2.1/share/hadoop/yarn/lib/aopalliance-1.0.jar:/home/uic/hadoop-3.2.1/share/hadoop/yarn/lib/bcprov-jdk15on-1.60.jar:/home/uic/hadoop-3.2.1/share/hadoop/yarn/hadoop-yarn-api-3.2.1.jar:/home/uic/hadoop-3.2.1/share/hadoop/yarn/hadoop-yarn-services-api-3.2.1.jar:/home/uic/hadoop-3.2.1/share/hadoop/yarn/hadoop-yarn-server-common-3.2.1.jar:/home/uic/hadoop-3.2.1/share/hadoop/yarn/hadoop-yarn-common-3.2.1.jar:/home/uic/hadoop-3.2.1/share/hadoop/yarn/hadoop-yarn-server-nodemanager-3.2.1.jar:/home/uic/hadoop-3.2.1/share/hadoop/ya
Launcher Type: SUN_STANDARD

Environment Variables:
JAVA_HOME=/usr/lib/jvm/java-8-openjdk-amd64/
PATH=:/home/uic/hadoop-3.2.1/bin:/home/uic/hadoop-3.2.1/sbin::/home/uic/hadoop-3.2.1/bin:/home/uic/hadoop-3.2.1/sbin:/sbin:/bin:/usr/bin:/usr/local/bin:/snap/bin:/usr/lib/jvm/java-8-openjdk-amd64//bin:/usr/lib/jvm/java-8-openjdk-amd64//bin
SHELL=/bin/bash
DISPLAY=:10.0

Signal Handlers:
SIGSEGV: [libjvm.so+0xab92f0], sa_mask[0]=11111111011111111101111111111110, sa_flags=SA_RESTART|SA_SIGINFO
SIGBUS: [libjvm.so+0xab92f0], sa_mask[0]=11111111011111111101111111111110, sa_flags=SA_RESTART|SA_SIGINFO
SIGFPE: [libjvm.so+0x8ee560], sa_mask[0]=11111111011111111101111111111110, sa_flags=SA_RESTART|SA_SIGINFO
SIGPIPE: [libjvm.so+0x8ee560], sa_mask[0]=11111111011111111101111111111110, sa_flags=SA_RESTART|SA_SIGINFO
SIGXFSZ: [libjvm.so+0x8ee560], sa_mask[0]=11111111011111111101111111111110, sa_flags=SA_RESTART|SA_SIGINFO
SIGILL: [libjvm.so+0x8ee560], sa_mask[0]=11111111011111111101111111111110, sa_flags=SA_RESTART|SA_SIGINFO
SIGUSR1: SIG_DFL, sa_mask[0]=00000000000000000000000000000000, sa_flags=none
SIGUSR2: [libjvm.so+0x8ee410], sa_mask[0]=00100000000000000000000000000000, sa_flags=SA_RESTART|SA_SIGINFO
SIGHUP: [libjvm.so+0x8eea80], sa_mask[0]=11111111011111111101111111111110, sa_flags=SA_RESTART|SA_SIGINFO
SIGINT: [libjvm.so+0x8eea80], sa_mask[0]=11111111011111111101111111111110, sa_flags=SA_RESTART|SA_SIGINFO
SIGTERM: [libjvm.so+0x8eea80], sa_mask[0]=11111111011111111101111111111110, sa_flags=SA_RESTART|SA_SIGINFO
SIGQUIT: [libjvm.so+0x8eea80], sa_mask[0]=11111111011111111101111111111110, sa_flags=SA_RESTART|SA_SIGINFO


---------------  S Y S T E M  ---------------

OS:DISTRIB_ID=Ubuntu
DISTRIB_RELEASE=18.04
DISTRIB_CODENAME=bionic
DISTRIB_DESCRIPTION="Ubuntu 18.04.3 LTS"

uname:Linux 4.15.0-65-generic #74-Ubuntu SMP Tue Sep 17 17:06:04 UTC 2019 x86_64
libc:glibc 2.27 NPTL 2.27 
rlimit: STACK 8192k, CORE 0k, NPROC 15641, NOFILE 4096, AS infinity
load average:1.30 0.76 0.42

/proc/meminfo:
MemTotal:        4034484 kB
MemFree:          109796 kB
MemAvailable:      38612 kB
Buffers:            3544 kB
Cached:           118392 kB
SwapCached:            0 kB
Active:          3609808 kB
Inactive:          96244 kB
Active(anon):    3586032 kB
Inactive(anon):    64632 kB
Active(file):      23776 kB
Inactive(file):    31612 kB
Unevictable:          96 kB
Mlocked:              96 kB
SwapTotal:             0 kB
SwapFree:              0 kB
Dirty:               448 kB
Writeback:             0 kB
AnonPages:       3584328 kB
Mapped:           114104 kB
Shmem:             66352 kB
Slab:             117212 kB
SReclaimable:      43564 kB
SUnreclaim:        73648 kB
KernelStack:       15648 kB
PageTables:        48108 kB
NFS_Unstable:          0 kB
Bounce:                0 kB
WritebackTmp:          0 kB
CommitLimit:     2017240 kB
Committed_AS:    7207308 kB
VmallocTotal:   34359738367 kB
VmallocUsed:           0 kB
VmallocChunk:          0 kB
HardwareCorrupted:     0 kB
AnonHugePages:         0 kB
ShmemHugePages:        0 kB
ShmemPmdMapped:        0 kB
CmaTotal:              0 kB
CmaFree:               0 kB
HugePages_Total:       0
HugePages_Free:        0
HugePages_Rsvd:        0
HugePages_Surp:        0
Hugepagesize:       2048 kB
DirectMap4k:      132992 kB
DirectMap2M:     4061184 kB

container (cgroup) information:
container_type: cgroupv1
cpu_cpuset_cpus: 0-1
cpu_memory_nodes: 0
active_processor_count: 2
cpu_quota: -1
cpu_period: 100000
cpu_shares: -1
memory_limit_in_bytes: -1
memory_and_swap_limit_in_bytes: -2
memory_soft_limit_in_bytes: -1
memory_usage_in_bytes: 3776561152
memory_max_usage_in_bytes: 3783127040


CPU:total 2 (initial active 2) (1 cores per cpu, 1 threads per core) family 6 model 85 stepping 4, cmov, cx8, fxsr, mmx, sse, sse2, sse3, ssse3, sse4.1, sse4.2, popcnt, avx, aes, clmul, 3dnowpref, tsc, tscinvbit

/proc/cpuinfo:
processor	: 0
vendor_id	: GenuineIntel
cpu family	: 6
model		: 85
model name	: Intel(R) Xeon(R) Gold 6148 CPU @ 2.40GHz
stepping	: 4
microcode	: 0x200005e
cpu MHz		: 2394.375
cache size	: 28160 KB
physical id	: 0
siblings	: 1
core id		: 0
cpu cores	: 1
apicid		: 0
initial apicid	: 0
fpu		: yes
fpu_exception	: yes
cpuid level	: 13
wp		: yes
flags		: fpu vme de pse tsc msr pae mce cx8 apic sep mtrr pge mca cmov pat pse36 clflush dts mmx fxsr sse sse2 ss syscall nx rdtscp lm constant_tsc arch_perfmon pebs bts nopl tsc_reliable nonstop_tsc cpuid pni pclmulqdq ssse3 fma cx16 sse4_1 sse4_2 movbe popcnt aes xsave avx hypervisor lahf_lm 3dnowprefetch pti arat
bugs		: cpu_meltdown spectre_v1 spectre_v2 spec_store_bypass l1tf mds swapgs
bogomips	: 4788.75
clflush size	: 64
cache_alignment	: 64
address sizes	: 40 bits physical, 48 bits virtual
power management:

processor	: 1
vendor_id	: GenuineIntel
cpu family	: 6
model		: 85
model name	: Intel(R) Xeon(R) Gold 6148 CPU @ 2.40GHz
stepping	: 4
microcode	: 0x200005e
cpu MHz		: 2394.375
cache size	: 28160 KB
physical id	: 2
siblings	: 1
core id		: 0
cpu cores	: 1
apicid		: 2
initial apicid	: 2
fpu		: yes
fpu_exception	: yes
cpuid level	: 13
wp		: yes
flags		: fpu vme de pse tsc msr pae mce cx8 apic sep mtrr pge mca cmov pat pse36 clflush dts mmx fxsr sse sse2 ss syscall nx rdtscp lm constant_tsc arch_perfmon pebs bts nopl tsc_reliable nonstop_tsc cpuid pni pclmulqdq ssse3 fma cx16 sse4_1 sse4_2 movbe popcnt aes xsave avx hypervisor lahf_lm 3dnowprefetch pti arat
bugs		: cpu_meltdown spectre_v1 spectre_v2 spec_store_bypass l1tf mds swapgs
bogomips	: 4788.75
clflush size	: 64
cache_alignment	: 64
address sizes	: 40 bits physical, 48 bits virtual
power management:



Memory: 4k page, physical 4034484k(109796k free), swap 0k(0k free)

vm_info: OpenJDK 64-Bit Server VM (25.222-b10) for linux-amd64 JRE (1.8.0_222-8u222-b10-1ubuntu1~18.04.1-b10), built on Jul 18 2019 18:52:48 by "buildd" with gcc 7.4.0

time: Tue Nov  5 10:14:33 2019
timezone: UTC
elapsed time: 6 seconds (0d 0h 0m 6s)

