#
# There is insufficient memory for the Java Runtime Environment to continue.
# Native memory allocation (mmap) failed to map 105381888 bytes for committing reserved memory.
# Possible reasons:
#   The system is out of physical RAM or swap space
#   The process is running with CompressedOops enabled, and the Java Heap may be blocking the growth of the native heap
# Possible solutions:
#   Reduce memory load on the system
#   Increase physical memory or swap space
#   Check if swap backing store is full
#   Decrease Java heap size (-Xmx/-Xms)
#   Decrease number of Java threads
#   Decrease Java thread stack sizes (-Xss)
#   Set larger code cache with -XX:ReservedCodeCacheSize=
#   JVM is running with Unscaled Compressed Oops mode in which the Java heap is
#     placed in the first 4GB address space. The Java Heap base address is the
#     maximum limit for the native heap growth. Please use -XX:HeapBaseMinAddress
#     to set the Java Heap base and to place the Java Heap above 4GB virtual address.
# This output file may be truncated or incomplete.
#
#  Out of Memory Error (os_linux.cpp:2757), pid=6321, tid=0x00007f499c819700
#
# JRE version: OpenJDK Runtime Environment (8.0_222-b10) (build 1.8.0_222-8u222-b10-1ubuntu1~18.04.1-b10)
# Java VM: OpenJDK 64-Bit Server VM (25.222-b10 mixed mode linux-amd64 compressed oops)
# Failed to write core dump. Core dumps have been disabled. To enable core dumping, try "ulimit -c unlimited" before starting Java again
#

---------------  T H R E A D  ---------------

Current thread (0x00007f499802b000):  GCTaskThread [stack: 0x00007f499c71a000,0x00007f499c81a000] [id=6328]

Stack: [0x00007f499c71a000,0x00007f499c81a000],  sp=0x00007f499c818870,  free space=1018k
Native frames: (J=compiled Java code, j=interpreted, Vv=VM code, C=native code)
V  [libjvm.so+0xab8992]
V  [libjvm.so+0x4dbfd7]
V  [libjvm.so+0x8f33a0]
V  [libjvm.so+0x8ea46e]
V  [libjvm.so+0x96e106]
V  [libjvm.so+0x95cdaa]
V  [libjvm.so+0x95d4fd]
V  [libjvm.so+0x9692fa]
V  [libjvm.so+0x968768]
V  [libjvm.so+0x3cde2e]
V  [libjvm.so+0x96c9e9]
V  [libjvm.so+0x5beb96]
V  [libjvm.so+0x8f0732]


---------------  P R O C E S S  ---------------

Java Threads: ( => current thread )
  0x00007f4958089000 JavaThread "SpillThread" daemon [_thread_blocked, id=6412, stack(0x00007f4956bce000,0x00007f4956ccf000)]
  0x00007f49580b0000 JavaThread "communication thread" daemon [_thread_blocked, id=6411, stack(0x00007f4956ccf000,0x00007f4956dd0000)]
  0x00007f495807e800 JavaThread "org.apache.hadoop.hdfs.PeerCache@18b3261e" daemon [_thread_blocked, id=6391, stack(0x00007f4956acd000,0x00007f4956bce000)]
  0x00007f495c012800 JavaThread "LocalJobRunner Map Task Executor #0" [_thread_blocked, id=6384, stack(0x00007f4956fd0000,0x00007f49570d1000)]
  0x00007f4999325000 JavaThread "Thread-23" [_thread_blocked, id=6383, stack(0x00007f49576fd000,0x00007f49577fe000)]
  0x00007f499916f800 JavaThread "IPC Parameter Sending Thread #0" daemon [_thread_blocked, id=6344, stack(0x00007f49577fe000,0x00007f49578ff000)]
  0x00007f499916d800 JavaThread "IPC Client (2081191879) connection to arrow4g/172.31.12.83:9000 from uic" daemon [_thread_blocked, id=6343, stack(0x00007f49578ff000,0x00007f4957a00000)]
  0x00007f4999135800 JavaThread "Timer for 'JobTracker' metrics system" daemon [_thread_blocked, id=6342, stack(0x00007f49840f9000,0x00007f49841fa000)]
  0x00007f4998589000 JavaThread "org.apache.hadoop.fs.FileSystem$Statistics$StatisticsDataReferenceCleaner" daemon [_thread_blocked, id=6341, stack(0x00007f4984e36000,0x00007f4984f37000)]
  0x00007f4998d6b000 JavaThread "process reaper" daemon [_thread_blocked, id=6339, stack(0x00007f4984f37000,0x00007f4984f70000)]
  0x00007f49980c5800 JavaThread "Service Thread" daemon [_thread_blocked, id=6335, stack(0x00007f4985814000,0x00007f4985915000)]
  0x00007f49980c3000 JavaThread "C1 CompilerThread1" daemon [_thread_blocked, id=6334, stack(0x00007f4985916000,0x00007f4985a16000)]
  0x00007f49980c0000 JavaThread "C2 CompilerThread0" daemon [_thread_in_native, id=6333, stack(0x00007f4985a17000,0x00007f4985b17000)]
  0x00007f49980be800 JavaThread "Signal Dispatcher" daemon [_thread_blocked, id=6332, stack(0x00007f4985b17000,0x00007f4985c18000)]
  0x00007f4998089800 JavaThread "Finalizer" daemon [_thread_blocked, id=6331, stack(0x00007f4985f26000,0x00007f4986027000)]
  0x00007f4998087000 JavaThread "Reference Handler" daemon [_thread_blocked, id=6330, stack(0x00007f4986027000,0x00007f4986128000)]
  0x00007f4998013800 JavaThread "main" [_thread_blocked, id=6326, stack(0x00007f49a06bb000,0x00007f49a07bb000)]

Other Threads:
  0x00007f499807d800 VMThread [stack: 0x00007f4986129000,0x00007f4986229000] [id=6329]
  0x00007f49980c8800 WatcherThread [stack: 0x00007f4985714000,0x00007f4985814000] [id=6336]

=>0x00007f499802b000 (exited) GCTaskThread [stack: 0x00007f499c71a000,0x00007f499c81a000] [id=6328]

VM state:at safepoint (normal execution)

VM Mutex/Monitor currently owned by a thread:  ([mutex/lock_event])
[0x00007f499800fce0] ExpandHeap_lock - owner thread: 0x00007f499802b000
[0x00007f4998010360] Threads_lock - owner thread: 0x00007f499807d800
[0x00007f4998010860] Heap_lock - owner thread: 0x00007f495c012800

heap address: 0x00000000c2600000, size: 986 MB, Compressed Oops mode: 32-bit
Narrow klass base: 0x0000000000000000, Narrow klass shift: 3
Compressed class space size: 1073741824 Address: 0x0000000100000000

Heap:
 PSYoungGen      total 211968K, used 193792K [0x00000000eb780000, 0x00000000fc880000, 0x0000000100000000)
  eden space 193536K, 100% used [0x00000000eb780000,0x00000000f7480000,0x00000000f7480000)
  from space 18432K, 1% used [0x00000000f7480000,0x00000000f74c0000,0x00000000f8680000)
  to   space 17920K, 0% used [0x00000000fb700000,0x00000000fb728000,0x00000000fc880000)
 ParOldGen       total 302080K, used 236784K [0x00000000c2600000, 0x00000000d4d00000, 0x00000000eb780000)
  object space 302080K, 78% used [0x00000000c2600000,0x00000000d0d3c098,0x00000000d4d00000)
 Metaspace       used 27119K, capacity 27342K, committed 27648K, reserved 1073152K
  class space    used 2993K, capacity 3071K, committed 3072K, reserved 1048576K

Card table byte_map: [0x00007f499ca64000,0x00007f499cc52000] byte_map_base: 0x00007f499c451000

Marking Bits: (ParMarkBitMap*) 0x00007f499f951360
 Begin Bits: [0x00007f4987130000, 0x00007f4988098000)
 End Bits:   [0x00007f4988098000, 0x00007f4989000000)

Polling page: 0x00007f49a07d2000

CodeCache: size=245760Kb used=7062Kb max_used=7804Kb free=238697Kb
 bounds [0x00007f4989000000, 0x00007f49897c0000, 0x00007f4998000000]
 total_blobs=2651 nmethods=2140 adapters=425
 compilation: enabled

Compilation events (10 events):
Event: 7.638 Thread 0x00007f49980c3000 2403       2       java.lang.String::<init> (38 bytes)
Event: 7.638 Thread 0x00007f49980c3000 nmethod 2403 0x00007f49891106d0 code [0x00007f4989110860, 0x00007f4989110ae8]
Event: 7.639 Thread 0x00007f49980c3000 2404       1       java.net.InetAddress::holder (5 bytes)
Event: 7.639 Thread 0x00007f49980c3000 nmethod 2404 0x00007f498924b910 code [0x00007f498924ba60, 0x00007f498924bb70]
Event: 7.640 Thread 0x00007f49980c3000 2405       1       java.util.Collections$EmptyIterator::hasNext (2 bytes)
Event: 7.640 Thread 0x00007f49980c3000 nmethod 2405 0x00007f4989376750 code [0x00007f49893768a0, 0x00007f49893769b0]
Event: 7.641 Thread 0x00007f49980c3000 2406       2       java.lang.Integer::hashCode (8 bytes)
Event: 7.642 Thread 0x00007f49980c3000 nmethod 2406 0x00007f498910ec90 code [0x00007f498910ede0, 0x00007f498910ef30]
Event: 7.642 Thread 0x00007f49980c3000 2407       2       java.lang.Integer::hashCode (2 bytes)
Event: 7.642 Thread 0x00007f49980c3000 nmethod 2407 0x00007f4989113d10 code [0x00007f4989113e60, 0x00007f4989113f90]

GC Heap History (10 events):
Event: 4.251 GC heap after
Heap after GC invocations=11 (full 2):
 PSYoungGen      total 164352K, used 96K [0x00000000eb780000, 0x00000000f8e00000, 0x0000000100000000)
  eden space 163840K, 0% used [0x00000000eb780000,0x00000000eb780000,0x00000000f5780000)
  from space 512K, 18% used [0x00000000f6800000,0x00000000f6818000,0x00000000f6880000)
  to   space 19968K, 0% used [0x00000000f7a80000,0x00000000f7a80000,0x00000000f8e00000)
 ParOldGen       total 199168K, used 134368K [0x00000000c2600000, 0x00000000ce880000, 0x00000000eb780000)
  object space 199168K, 67% used [0x00000000c2600000,0x00000000ca938088,0x00000000ce880000)
 Metaspace       used 26672K, capacity 26926K, committed 27136K, reserved 1073152K
  class space    used 2950K, capacity 3039K, committed 3072K, reserved 1048576K
}
Event: 5.334 GC heap before
{Heap before GC invocations=12 (full 2):
 PSYoungGen      total 164352K, used 163936K [0x00000000eb780000, 0x00000000f8e00000, 0x0000000100000000)
  eden space 163840K, 100% used [0x00000000eb780000,0x00000000f5780000,0x00000000f5780000)
  from space 512K, 18% used [0x00000000f6800000,0x00000000f6818000,0x00000000f6880000)
  to   space 19968K, 0% used [0x00000000f7a80000,0x00000000f7a80000,0x00000000f8e00000)
 ParOldGen       total 199168K, used 134368K [0x00000000c2600000, 0x00000000ce880000, 0x00000000eb780000)
  object space 199168K, 67% used [0x00000000c2600000,0x00000000ca938088,0x00000000ce880000)
 Metaspace       used 26903K, capacity 27182K, committed 27392K, reserved 1073152K
  class space    used 2970K, capacity 3039K, committed 3072K, reserved 1048576K
Event: 5.337 GC heap after
Heap after GC invocations=12 (full 2):
 PSYoungGen      total 192512K, used 256K [0x00000000eb780000, 0x00000000f8a00000, 0x0000000100000000)
  eden space 176640K, 0% used [0x00000000eb780000,0x00000000eb780000,0x00000000f6400000)
  from space 15872K, 1% used [0x00000000f7a80000,0x00000000f7ac0000,0x00000000f8a00000)
  to   space 19456K, 0% used [0x00000000f6400000,0x00000000f6400000,0x00000000f7700000)
 ParOldGen       total 199168K, used 134368K [0x00000000c2600000, 0x00000000ce880000, 0x00000000eb780000)
  object space 199168K, 67% used [0x00000000c2600000,0x00000000ca938088,0x00000000ce880000)
 Metaspace       used 26903K, capacity 27182K, committed 27392K, reserved 1073152K
  class space    used 2970K, capacity 3039K, committed 3072K, reserved 1048576K
}
Event: 5.975 GC heap before
{Heap before GC invocations=13 (full 2):
 PSYoungGen      total 192512K, used 176896K [0x00000000eb780000, 0x00000000f8a00000, 0x0000000100000000)
  eden space 176640K, 100% used [0x00000000eb780000,0x00000000f6400000,0x00000000f6400000)
  from space 15872K, 1% used [0x00000000f7a80000,0x00000000f7ac0000,0x00000000f8a00000)
  to   space 19456K, 0% used [0x00000000f6400000,0x00000000f6400000,0x00000000f7700000)
 ParOldGen       total 302080K, used 236768K [0x00000000c2600000, 0x00000000d4d00000, 0x00000000eb780000)
  object space 302080K, 78% used [0x00000000c2600000,0x00000000d0d38098,0x00000000d4d00000)
 Metaspace       used 27090K, capacity 27342K, committed 27648K, reserved 1073152K
  class space    used 2991K, capacity 3071K, committed 3072K, reserved 1048576K
Event: 5.997 GC heap after
Heap after GC invocations=13 (full 2):
 PSYoungGen      total 196096K, used 384K [0x00000000eb780000, 0x00000000f9900000, 0x0000000100000000)
  eden space 176640K, 0% used [0x00000000eb780000,0x00000000eb780000,0x00000000f6400000)
  from space 19456K, 1% used [0x00000000f6400000,0x00000000f6460000,0x00000000f7700000)
  to   space 18944K, 0% used [0x00000000f8680000,0x00000000f8680000,0x00000000f9900000)
 ParOldGen       total 302080K, used 236768K [0x00000000c2600000, 0x00000000d4d00000, 0x00000000eb780000)
  object space 302080K, 78% used [0x00000000c2600000,0x00000000d0d38098,0x00000000d4d00000)
 Metaspace       used 27090K, capacity 27342K, committed 27648K, reserved 1073152K
  class space    used 2991K, capacity 3071K, committed 3072K, reserved 1048576K
}
Event: 6.170 GC heap before
{Heap before GC invocations=14 (full 2):
 PSYoungGen      total 196096K, used 177024K [0x00000000eb780000, 0x00000000f9900000, 0x0000000100000000)
  eden space 176640K, 100% used [0x00000000eb780000,0x00000000f6400000,0x00000000f6400000)
  from space 19456K, 1% used [0x00000000f6400000,0x00000000f6460000,0x00000000f7700000)
  to   space 18944K, 0% used [0x00000000f8680000,0x00000000f8680000,0x00000000f9900000)
 ParOldGen       total 302080K, used 236768K [0x00000000c2600000, 0x00000000d4d00000, 0x00000000eb780000)
  object space 302080K, 78% used [0x00000000c2600000,0x00000000d0d38098,0x00000000d4d00000)
 Metaspace       used 27091K, capacity 27342K, committed 27648K, reserved 1073152K
  class space    used 2991K, capacity 3071K, committed 3072K, reserved 1048576K
Event: 6.235 GC heap after
Heap after GC invocations=14 (full 2):
 PSYoungGen      total 212480K, used 192K [0x00000000eb780000, 0x00000000fb400000, 0x0000000100000000)
  eden space 193536K, 0% used [0x00000000eb780000,0x00000000eb780000,0x00000000f7480000)
  from space 18944K, 1% used [0x00000000f8680000,0x00000000f86b0000,0x00000000f9900000)
  to   space 18432K, 0% used [0x00000000f7480000,0x00000000f7480000,0x00000000f8680000)
 ParOldGen       total 302080K, used 236776K [0x00000000c2600000, 0x00000000d4d00000, 0x00000000eb780000)
  object space 302080K, 78% used [0x00000000c2600000,0x00000000d0d3a098,0x00000000d4d00000)
 Metaspace       used 27091K, capacity 27342K, committed 27648K, reserved 1073152K
  class space    used 2991K, capacity 3071K, committed 3072K, reserved 1048576K
}
Event: 7.316 GC heap before
{Heap before GC invocations=15 (full 2):
 PSYoungGen      total 212480K, used 193728K [0x00000000eb780000, 0x00000000fb400000, 0x0000000100000000)
  eden space 193536K, 100% used [0x00000000eb780000,0x00000000f7480000,0x00000000f7480000)
  from space 18944K, 1% used [0x00000000f8680000,0x00000000f86b0000,0x00000000f9900000)
  to   space 18432K, 0% used [0x00000000f7480000,0x00000000f7480000,0x00000000f8680000)
 ParOldGen       total 302080K, used 236776K [0x00000000c2600000, 0x00000000d4d00000, 0x00000000eb780000)
  object space 302080K, 78% used [0x00000000c2600000,0x00000000d0d3a098,0x00000000d4d00000)
 Metaspace       used 27093K, capacity 27342K, committed 27648K, reserved 1073152K
  class space    used 2991K, capacity 3071K, committed 3072K, reserved 1048576K
Event: 7.430 GC heap after
Heap after GC invocations=15 (full 2):
 PSYoungGen      total 211968K, used 256K [0x00000000eb780000, 0x00000000fc880000, 0x0000000100000000)
  eden space 193536K, 0% used [0x00000000eb780000,0x00000000eb780000,0x00000000f7480000)
  from space 18432K, 1% used [0x00000000f7480000,0x00000000f74c0000,0x00000000f8680000)
  to   space 17920K, 0% used [0x00000000fb700000,0x00000000fb700000,0x00000000fc880000)
 ParOldGen       total 302080K, used 236784K [0x00000000c2600000, 0x00000000d4d00000, 0x00000000eb780000)
  object space 302080K, 78% used [0x00000000c2600000,0x00000000d0d3c098,0x00000000d4d00000)
 Metaspace       used 27093K, capacity 27342K, committed 27648K, reserved 1073152K
  class space    used 2991K, capacity 3071K, committed 3072K, reserved 1048576K
}
Event: 7.806 GC heap before
{Heap before GC invocations=16 (full 2):
 PSYoungGen      total 211968K, used 193792K [0x00000000eb780000, 0x00000000fc880000, 0x0000000100000000)
  eden space 193536K, 100% used [0x00000000eb780000,0x00000000f7480000,0x00000000f7480000)
  from space 18432K, 1% used [0x00000000f7480000,0x00000000f74c0000,0x00000000f8680000)
  to   space 17920K, 0% used [0x00000000fb700000,0x00000000fb700000,0x00000000fc880000)
 ParOldGen       total 302080K, used 236784K [0x00000000c2600000, 0x00000000d4d00000, 0x00000000eb780000)
  object space 302080K, 78% used [0x00000000c2600000,0x00000000d0d3c098,0x00000000d4d00000)
 Metaspace       used 27119K, capacity 27342K, committed 27648K, reserved 1073152K
  class space    used 2993K, capacity 3071K, committed 3072K, reserved 1048576K

Deoptimization events (10 events):
Event: 5.500 Thread 0x00007f495c012800 Uncommon trap: reason=class_check action=maybe_recompile pc=0x00007f49896bb4ac method=org.apache.hadoop.fs.FileSystem$Statistics.visitAll(Lorg/apache/hadoop/fs/FileSystem$Statistics$StatisticsAggregator;)Ljava/lang/Object; @ 5
Event: 5.501 Thread 0x00007f495c012800 Uncommon trap: reason=unstable_if action=reinterpret pc=0x00007f49896d0ec8 method=java.lang.Long.valueOf(J)Ljava/lang/Long; @ 13
Event: 5.505 Thread 0x00007f495c012800 Uncommon trap: reason=class_check action=maybe_recompile pc=0x00007f4989746dec method=org.apache.hadoop.io.Text.readWithKnownLength(Ljava/io/DataInput;I)V @ 13
Event: 5.521 Thread 0x00007f495c012800 Uncommon trap: reason=unstable_if action=reinterpret pc=0x00007f4989753564 method=org.apache.hadoop.io.serializer.WritableSerialization$WritableDeserializer.deserialize(Lorg/apache/hadoop/io/Writable;)Lorg/apache/hadoop/io/Writable; @ 1
Event: 5.781 Thread 0x00007f495c012800 Uncommon trap: reason=bimorphic action=maybe_recompile pc=0x00007f49893cb480 method=java.io.DataOutputStream.writeShort(I)V @ 12
Event: 6.354 Thread 0x00007f495c012800 Uncommon trap: reason=class_check action=maybe_recompile pc=0x00007f4989746dec method=org.apache.hadoop.io.Text.readWithKnownLength(Ljava/io/DataInput;I)V @ 13
Event: 6.998 Thread 0x00007f495c012800 Uncommon trap: reason=unstable_if action=reinterpret pc=0x00007f49896f37e4 method=org.apache.hadoop.mapred.MapTask$MapOutputBuffer.sortAndSpill()V @ 354
Event: 6.999 Thread 0x00007f495c012800 Uncommon trap: reason=unstable_if action=reinterpret pc=0x00007f498977bda0 method=wordcount.wordcount3$Combiner_Part1.reduce(Lorg/apache/hadoop/io/Text;Ljava/lang/Iterable;Lorg/apache/hadoop/mapreduce/Reducer$Context;)V @ 31
Event: 7.615 Thread 0x00007f495c012800 Uncommon trap: reason=class_check action=maybe_recompile pc=0x00007f4989746dec method=org.apache.hadoop.io.Text.readWithKnownLength(Ljava/io/DataInput;I)V @ 13
Event: 7.640 Thread 0x00007f495c012800 Uncommon trap: reason=bimorphic action=maybe_recompile pc=0x00007f49893cb480 method=java.io.DataOutputStream.writeShort(I)V @ 12

Classes redefined (0 events):
No events

Internal exceptions (10 events):
Event: 0.492 Thread 0x00007f4998013800 Exception <a 'java/lang/ClassNotFoundException': org/apache/log4j/WriterAppenderBeanInfo> (0x00000000ec1c0ea0) thrown at [/build/openjdk-8-OqY7zN/openjdk-8-8u222-b10/src/hotspot/src/share/vm/classfile/systemDictionary.cpp, line 210]
Event: 0.494 Thread 0x00007f4998013800 Exception <a 'java/lang/ClassNotFoundException': org/apache/log4j/AppenderSkeletonBeanInfo> (0x00000000ec1ee128) thrown at [/build/openjdk-8-OqY7zN/openjdk-8-8u222-b10/src/hotspot/src/share/vm/classfile/systemDictionary.cpp, line 210]
Event: 0.495 Thread 0x00007f4998013800 Exception <a 'java/lang/ClassNotFoundException': org/apache/log4j/AppenderSkeletonCustomizer> (0x00000000ec21df48) thrown at [/build/openjdk-8-OqY7zN/openjdk-8-8u222-b10/src/hotspot/src/share/vm/classfile/systemDictionary.cpp, line 210]
Event: 0.508 Thread 0x00007f4998013800 Exception <a 'java/lang/ClassNotFoundException': org/apache/log4j/WriterAppenderCustomizer> (0x00000000ec264af0) thrown at [/build/openjdk-8-OqY7zN/openjdk-8-8u222-b10/src/hotspot/src/share/vm/classfile/systemDictionary.cpp, line 210]
Event: 0.510 Thread 0x00007f4998013800 Exception <a 'java/lang/ClassNotFoundException': org/apache/log4j/FileAppenderCustomizer> (0x00000000ec29cd70) thrown at [/build/openjdk-8-OqY7zN/openjdk-8-8u222-b10/src/hotspot/src/share/vm/classfile/systemDictionary.cpp, line 210]
Event: 0.513 Thread 0x00007f4998013800 Exception <a 'java/lang/ClassNotFoundException': org/apache/log4j/DailyRollingFileAppenderCustomizer> (0x00000000ec2df5f8) thrown at [/build/openjdk-8-OqY7zN/openjdk-8-8u222-b10/src/hotspot/src/share/vm/classfile/systemDictionary.cpp, line 210]
Event: 0.859 Thread 0x00007f4998013800 Exception <a 'java/lang/NoSuchFieldError': method resolution failed> (0x00000000ec3cdd40) thrown at [/build/openjdk-8-OqY7zN/openjdk-8-8u222-b10/src/hotspot/src/share/vm/prims/methodHandles.cpp, line 1167]
Event: 0.866 Thread 0x00007f4998013800 Exception <a 'java/lang/NoSuchFieldError': method resolution failed> (0x00000000ec3db450) thrown at [/build/openjdk-8-OqY7zN/openjdk-8-8u222-b10/src/hotspot/src/share/vm/prims/methodHandles.cpp, line 1167]
Event: 3.273 Thread 0x00007f495c012800 Implicit null exception at 0x00007f49894a420b to 0x00007f49894a4845
Event: 5.521 Thread 0x00007f495c012800 Implicit null exception at 0x00007f498975314c to 0x00007f4989753551

Events (10 events):
Event: 7.620 Thread 0x00007f495c012800 DEOPT UNPACKING pc=0x00007f49890474c4 sp=0x00007f49570cebf8 mode 0
Event: 7.634 Thread 0x00007f4958089000 Thread added: 0x00007f4958089000
Event: 7.635 Executing VM operation: RevokeBias
Event: 7.636 Executing VM operation: RevokeBias done
Event: 7.637 Executing VM operation: RevokeBias
Event: 7.637 Executing VM operation: RevokeBias done
Event: 7.640 Thread 0x00007f495c012800 Uncommon trap: trap_request=0xffffffc6 fr.pc=0x00007f49893cb480
Event: 7.640 Thread 0x00007f495c012800 DEOPT PACKING pc=0x00007f49893cb480 sp=0x00007f49570ce930
Event: 7.640 Thread 0x00007f495c012800 DEOPT UNPACKING pc=0x00007f498904547a sp=0x00007f49570ce960 mode 2
Event: 7.805 Executing VM operation: ParallelGCFailedAllocation


Dynamic libraries:
c2600000-d4d00000 rw-p 00000000 00:00 0 
db180000-eb780000 ---p 00000000 00:00 0 
eb780000-fc880000 rw-p 00000000 00:00 0 
fc880000-100000000 ---p 00000000 00:00 0 
100000000-100300000 rw-p 00000000 00:00 0 
100300000-140000000 ---p 00000000 00:00 0 
56513259e000-56513259f000 r-xp 00000000 08:01 280310                     /usr/lib/jvm/java-8-openjdk-amd64/jre/bin/java
56513279e000-56513279f000 r--p 00000000 08:01 280310                     /usr/lib/jvm/java-8-openjdk-amd64/jre/bin/java
56513279f000-5651327a0000 rw-p 00001000 08:01 280310                     /usr/lib/jvm/java-8-openjdk-amd64/jre/bin/java
565134218000-565134239000 rw-p 00000000 00:00 0                          [heap]
7f4944000000-7f4944055000 rw-p 00000000 00:00 0 
7f4944055000-7f4948000000 ---p 00000000 00:00 0 
7f494c000000-7f494c021000 rw-p 00000000 00:00 0 
7f494c021000-7f4950000000 ---p 00000000 00:00 0 
7f4950000000-7f4950021000 rw-p 00000000 00:00 0 
7f4950021000-7f4954000000 ---p 00000000 00:00 0 
7f49569cc000-7f49569cf000 ---p 00000000 00:00 0 
7f49569cf000-7f4956acd000 rw-p 00000000 00:00 0 
7f4956acd000-7f4956ad0000 ---p 00000000 00:00 0 
7f4956ad0000-7f4956bce000 rw-p 00000000 00:00 0 
7f4956bce000-7f4956bd1000 ---p 00000000 00:00 0 
7f4956bd1000-7f4956ccf000 rw-p 00000000 00:00 0 
7f4956ccf000-7f4956cd2000 ---p 00000000 00:00 0 
7f4956cd2000-7f4956fd0000 rw-p 00000000 00:00 0 
7f4956fd0000-7f4956fd3000 ---p 00000000 00:00 0 
7f4956fd3000-7f49572d1000 rw-p 00000000 00:00 0 
7f49572d1000-7f49574d1000 rw-p 00000000 00:00 0 
7f49574d1000-7f49574f9000 r-xp 00000000 08:01 280353                     /usr/lib/jvm/java-8-openjdk-amd64/jre/lib/amd64/libsunec.so
7f49574f9000-7f49576f8000 ---p 00028000 08:01 280353                     /usr/lib/jvm/java-8-openjdk-amd64/jre/lib/amd64/libsunec.so
7f49576f8000-7f49576fc000 r--p 00027000 08:01 280353                     /usr/lib/jvm/java-8-openjdk-amd64/jre/lib/amd64/libsunec.so
7f49576fc000-7f49576fd000 rw-p 0002b000 08:01 280353                     /usr/lib/jvm/java-8-openjdk-amd64/jre/lib/amd64/libsunec.so
7f49576fd000-7f4957700000 ---p 00000000 00:00 0 
7f4957700000-7f49577fe000 rw-p 00000000 00:00 0 
7f49577fe000-7f4957801000 ---p 00000000 00:00 0 
7f4957801000-7f49578ff000 rw-p 00000000 00:00 0 
7f49578ff000-7f4957902000 ---p 00000000 00:00 0 
7f4957902000-7f4957c00000 rw-p 00000000 00:00 0 
7f4957c00000-7f4957e00000 rw-p 00000000 00:00 0 
7f4957e00000-7f4958000000 rw-p 00000000 00:00 0 
7f4958000000-7f49580d2000 rw-p 00000000 00:00 0 
7f49580d2000-7f495c000000 ---p 00000000 00:00 0 
7f495c000000-7f495c024000 rw-p 00000000 00:00 0 
7f495c024000-7f4960000000 ---p 00000000 00:00 0 
7f4960000000-7f49604cb000 rw-p 00000000 00:00 0 
7f49604cb000-7f4964000000 ---p 00000000 00:00 0 
7f4964000000-7f4964021000 rw-p 00000000 00:00 0 
7f4964021000-7f4968000000 ---p 00000000 00:00 0 
7f4968000000-7f4968021000 rw-p 00000000 00:00 0 
7f4968021000-7f496c000000 ---p 00000000 00:00 0 
7f496c000000-7f496d236000 rw-p 00000000 00:00 0 
7f496d236000-7f4970000000 ---p 00000000 00:00 0 
7f4970000000-7f4970021000 rw-p 00000000 00:00 0 
7f4970021000-7f4974000000 ---p 00000000 00:00 0 
7f4974000000-7f4974021000 rw-p 00000000 00:00 0 
7f4974021000-7f4978000000 ---p 00000000 00:00 0 
7f4978000000-7f4978021000 rw-p 00000000 00:00 0 
7f4978021000-7f497c000000 ---p 00000000 00:00 0 
7f497c000000-7f497c021000 rw-p 00000000 00:00 0 
7f497c021000-7f4980000000 ---p 00000000 00:00 0 
7f4980000000-7f4980021000 rw-p 00000000 00:00 0 
7f4980021000-7f4984000000 ---p 00000000 00:00 0 
7f49840e1000-7f49840e6000 r--s 002f9000 08:01 280360                     /usr/lib/jvm/java-8-openjdk-amd64/jre/lib/charsets.jar
7f49840e6000-7f49840f9000 r--s 00346000 08:01 280398                     /usr/lib/jvm/java-8-openjdk-amd64/jre/lib/resources.jar
7f49840f9000-7f49840fc000 ---p 00000000 00:00 0 
7f49840fc000-7f49841fa000 rw-p 00000000 00:00 0 
7f49841fa000-7f49841fc000 r--s 00016000 08:01 280391                     /usr/lib/jvm/java-8-openjdk-amd64/jre/lib/jce.jar
7f49841fc000-7f4984201000 r--s 000a3000 08:01 280393                     /usr/lib/jvm/java-8-openjdk-amd64/jre/lib/jsse.jar
7f4984201000-7f4984401000 rw-p 00000000 00:00 0 
7f4984401000-7f4984412000 r-xp 00000000 08:01 280349                     /usr/lib/jvm/java-8-openjdk-amd64/jre/lib/amd64/libnio.so
7f4984412000-7f4984611000 ---p 00011000 08:01 280349                     /usr/lib/jvm/java-8-openjdk-amd64/jre/lib/amd64/libnio.so
7f4984611000-7f4984612000 r--p 00010000 08:01 280349                     /usr/lib/jvm/java-8-openjdk-amd64/jre/lib/amd64/libnio.so
7f4984612000-7f4984613000 rw-p 00011000 08:01 280349                     /usr/lib/jvm/java-8-openjdk-amd64/jre/lib/amd64/libnio.so
7f4984613000-7f4984629000 r-xp 00000000 08:01 280348                     /usr/lib/jvm/java-8-openjdk-amd64/jre/lib/amd64/libnet.so
7f4984629000-7f4984828000 ---p 00016000 08:01 280348                     /usr/lib/jvm/java-8-openjdk-amd64/jre/lib/amd64/libnet.so
7f4984828000-7f4984829000 r--p 00015000 08:01 280348                     /usr/lib/jvm/java-8-openjdk-amd64/jre/lib/amd64/libnet.so
7f4984829000-7f498482a000 rw-p 00016000 08:01 280348                     /usr/lib/jvm/java-8-openjdk-amd64/jre/lib/amd64/libnet.so
7f498482a000-7f498482b000 r-xp 00000000 08:01 280336                     /usr/lib/jvm/java-8-openjdk-amd64/jre/lib/amd64/libjaas_unix.so
7f498482b000-7f4984a2a000 ---p 00001000 08:01 280336                     /usr/lib/jvm/java-8-openjdk-amd64/jre/lib/amd64/libjaas_unix.so
7f4984a2a000-7f4984a2b000 r--p 00000000 08:01 280336                     /usr/lib/jvm/java-8-openjdk-amd64/jre/lib/amd64/libjaas_unix.so
7f4984a2b000-7f4984a2c000 rw-p 00001000 08:01 280336                     /usr/lib/jvm/java-8-openjdk-amd64/jre/lib/amd64/libjaas_unix.so
7f4984a2c000-7f4984c2c000 rw-p 00000000 00:00 0 
7f4984c2c000-7f4984c35000 r-xp 00000000 08:01 280346                     /usr/lib/jvm/java-8-openjdk-amd64/jre/lib/amd64/libmanagement.so
7f4984c35000-7f4984e34000 ---p 00009000 08:01 280346                     /usr/lib/jvm/java-8-openjdk-amd64/jre/lib/amd64/libmanagement.so
7f4984e34000-7f4984e35000 r--p 00008000 08:01 280346                     /usr/lib/jvm/java-8-openjdk-amd64/jre/lib/amd64/libmanagement.so
7f4984e35000-7f4984e36000 rw-p 00009000 08:01 280346                     /usr/lib/jvm/java-8-openjdk-amd64/jre/lib/amd64/libmanagement.so
7f4984e36000-7f4984e39000 ---p 00000000 00:00 0 
7f4984e39000-7f4984f37000 rw-p 00000000 00:00 0 
7f4984f37000-7f4984f3a000 ---p 00000000 00:00 0 
7f4984f3a000-7f4984f70000 rw-p 00000000 00:00 0 
7f4984f70000-7f4984f75000 r--s 0002d000 08:01 342719                     /home/uic/hadoop-3.2.1/share/hadoop/common/hadoop-nfs-3.2.1.jar
7f4984f75000-7f4984fb3000 r--s 003b5000 08:01 342832                     /home/uic/hadoop-3.2.1/share/hadoop/common/hadoop-common-3.2.1.jar
7f4984fb3000-7f4984fb5000 r--s 0001e000 08:01 342717                     /home/uic/hadoop-3.2.1/share/hadoop/common/hadoop-kms-3.2.1.jar
7f4984fb5000-7f4984fbf000 r--s 00026000 08:01 342800                     /home/uic/hadoop-3.2.1/share/hadoop/common/lib/checker-qual-2.5.2.jar
7f4984fbf000-7f4984fc5000 r--s 00078000 08:01 342764                     /home/uic/hadoop-3.2.1/share/hadoop/common/lib/woodstox-core-5.0.3.jar
7f4984fc5000-7f4984fc8000 r--s 00015000 08:01 342776                     /home/uic/hadoop-3.2.1/share/hadoop/common/lib/jetty-security-9.3.24.v20180605.jar
7f4984fc8000-7f4984fc9000 r--s 00000000 08:01 342808                     /home/uic/hadoop-3.2.1/share/hadoop/common/lib/listenablefuture-9999.0-empty-to-avoid-conflict-with-guava.jar
7f4984fc9000-7f4984fcc000 r--s 0001b000 08:01 342803                     /home/uic/hadoop-3.2.1/share/hadoop/common/lib/json-smart-2.3.jar
7f4984fcc000-7f4984fcd000 r--s 00008000 08:01 342779                     /home/uic/hadoop-3.2.1/share/hadoop/common/lib/kerb-util-1.0.1.jar
7f4984fcd000-7f4984fd5000 r--s 0003e000 08:01 342798                     /home/uic/hadoop-3.2.1/share/hadoop/common/lib/curator-recipes-2.13.0.jar
7f4984fd5000-7f4984fda000 r--s 00038000 08:01 342744                     /home/uic/hadoop-3.2.1/share/hadoop/common/lib/commons-beanutils-1.9.3.jar
7f4984fda000-7f4984fdf000 r--s 00040000 08:01 342759                     /home/uic/hadoop-3.2.1/share/hadoop/common/lib/jsch-0.1.54.jar
7f4984fdf000-7f4984fe3000 r--s 00019000 08:01 342763                     /home/uic/hadoop-3.2.1/share/hadoop/common/lib/kerb-crypto-1.0.1.jar
7f4984fe3000-7f4985015000 r--s 0026d000 08:01 342753                     /home/uic/hadoop-3.2.1/share/hadoop/common/lib/guava-27.0-jre.jar
7f4985015000-7f4985018000 r--s 00015000 08:01 342754                     /home/uic/hadoop-3.2.1/share/hadoop/common/lib/javax.servlet-api-3.1.0.jar
7f4985018000-7f498501b000 r--s 00006000 08:01 342815                     /home/uic/hadoop-3.2.1/share/hadoop/common/lib/jsr305-3.0.0.jar
7f498501b000-7f498501d000 r--s 00000000 08:01 342780                     /home/uic/hadoop-3.2.1/share/hadoop/common/lib/jcip-annotations-1.0-1.jar
7f498501d000-7f498503a000 r--s 0016a000 08:01 342783                     /home/uic/hadoop-3.2.1/share/hadoop/common/lib/commons-math3-3.1.1.jar
7f498503a000-7f4985040000 r--s 00046000 08:01 342743                     /home/uic/hadoop-3.2.1/share/hadoop/common/lib/commons-net-3.6.jar
7f4985040000-7f4985043000 r--s 00016000 08:01 342813                     /home/uic/hadoop-3.2.1/share/hadoop/common/lib/jaxb-api-2.2.11.jar
7f4985043000-7f498504a000 r--s 0002b000 08:01 342778                     /home/uic/hadoop-3.2.1/share/hadoop/common/lib/kerby-pkix-1.0.1.jar
7f498504a000-7f498504b000 r--s 00002000 08:01 342775                     /home/uic/hadoop-3.2.1/share/hadoop/common/lib/slf4j-log4j12-1.7.25.jar
7f498504b000-7f498504d000 r--s 0000a000 08:01 342794                     /home/uic/hadoop-3.2.1/share/hadoop/common/lib/jsr311-api-1.1.1.jar
7f498504d000-7f498504e000 r--s 00006000 08:01 342822                     /home/uic/hadoop-3.2.1/share/hadoop/common/lib/jackson-xc-1.9.13.jar
7f498504e000-7f4985051000 r--s 0001a000 08:01 342817                     /home/uic/hadoop-3.2.1/share/hadoop/common/lib/jetty-webapp-9.3.24.v20180605.jar
7f4985051000-7f4985052000 r--s 0000c000 08:01 342749                     /home/uic/hadoop-3.2.1/share/hadoop/common/lib/jetty-xml-9.3.24.v20180605.jar
7f4985052000-7f498505e000 r--s 0008b000 08:01 342797                     /home/uic/hadoop-3.2.1/share/hadoop/common/lib/commons-configuration2-2.1.1.jar
7f498505e000-7f4985060000 r--s 0001e000 08:01 342828                     /home/uic/hadoop-3.2.1/share/hadoop/common/lib/re2j-1.1.jar
7f4985060000-7f4985061000 r--s 00009000 08:01 342741                     /home/uic/hadoop-3.2.1/share/hadoop/common/lib/kerby-util-1.0.1.jar
7f4985061000-7f4985064000 r--s 0000e000 08:01 342766                     /home/uic/hadoop-3.2.1/share/hadoop/common/lib/jackson-annotations-2.9.8.jar
7f4985064000-7f4985067000 r--s 0001b000 08:01 342812                     /home/uic/hadoop-3.2.1/share/hadoop/common/lib/jetty-io-9.3.24.v20180605.jar
7f4985067000-7f498506f000 r--s 00072000 08:01 342799                     /home/uic/hadoop-3.2.1/share/hadoop/common/lib/commons-lang3-3.7.jar
7f498506f000-7f4985071000 r--s 0000c000 08:01 342773                     /home/uic/hadoop-3.2.1/share/hadoop/common/lib/asm-5.0.4.jar
7f4985071000-7f498507a000 r--s 0006f000 08:01 342756                     /home/uic/hadoop-3.2.1/share/hadoop/common/lib/log4j-1.2.17.jar
7f498507a000-7f49850b1000 r--s 00219000 08:01 342827                     /home/uic/hadoop-3.2.1/share/hadoop/common/lib/curator-client-2.13.0.jar
7f49850b1000-7f49850b3000 r--s 00017000 08:01 342755                     /home/uic/hadoop-3.2.1/share/hadoop/common/lib/kerby-asn1-1.0.1.jar
7f49850b3000-7f49850b4000 r--s 00004000 08:01 342768                     /home/uic/hadoop-3.2.1/share/hadoop/common/lib/kerb-identity-1.0.1.jar
7f49850b4000-7f49850b6000 r--s 0000e000 08:01 342830                     /home/uic/hadoop-3.2.1/share/hadoop/common/lib/commons-logging-1.1.3.jar
7f49850b6000-7f49850c8000 r--s 00137000 08:01 342829                     /home/uic/hadoop-3.2.1/share/hadoop/common/lib/jackson-databind-2.9.8.jar
7f49850c8000-7f49850c9000 r--s 0000e000 08:01 342761                     /home/uic/hadoop-3.2.1/share/hadoop/common/lib/hadoop-annotations-3.2.1.jar
7f49850c9000-7f49850cb000 r--s 00000000 08:01 342746                     /home/uic/hadoop-3.2.1/share/hadoop/common/lib/jul-to-slf4j-1.7.25.jar
7f49850cb000-7f49850d5000 r--s 00061000 08:01 342810                     /home/uic/hadoop-3.2.1/share/hadoop/common/lib/jersey-core-1.19.jar
7f49850d5000-7f49850d9000 r--s 0002f000 08:01 342825                     /home/uic/hadoop-3.2.1/share/hadoop/common/lib/commons-io-2.5.jar
7f49850d9000-7f49850dc000 r--s 00022000 08:01 342757                     /home/uic/hadoop-3.2.1/share/hadoop/common/lib/jetty-http-9.3.24.v20180605.jar
7f49850dc000-7f49850de000 r--s 00130000 08:01 342745                     /home/uic/hadoop-3.2.1/share/hadoop/common/lib/snappy-java-1.0.5.jar
7f49850de000-7f49850e0000 r--s 0000f000 08:01 342784                     /home/uic/hadoop-3.2.1/share/hadoop/common/lib/jettison-1.1.jar
7f49850e0000-7f49850e2000 r--s 00009000 08:01 342748                     /home/uic/hadoop-3.2.1/share/hadoop/common/lib/commons-cli-1.2.jar
7f49850e2000-7f49850e4000 r--s 0000e000 08:01 342760                     /home/uic/hadoop-3.2.1/share/hadoop/common/lib/kerb-common-1.0.1.jar
7f49850e4000-7f49850eb000 r--s 00049000 08:01 342786                     /home/uic/hadoop-3.2.1/share/hadoop/common/lib/httpcore-4.4.10.jar
7f49850eb000-7f49850ed000 r--s 00020000 08:01 342796                     /home/uic/hadoop-3.2.1/share/hadoop/common/lib/hadoop-auth-3.2.1.jar
7f49850ed000-7f49850ef000 r--s 00002000 08:01 342814                     /home/uic/hadoop-3.2.1/share/hadoop/common/lib/error_prone_annotations-2.2.0.jar
7f49850ef000-7f49850fc000 r--s 000d1000 08:01 342751                     /home/uic/hadoop-3.2.1/share/hadoop/common/lib/zookeeper-3.4.13.jar
7f49850fc000-7f49850fd000 r--s 00004000 08:01 342777                     /home/uic/hadoop-3.2.1/share/hadoop/common/lib/jackson-jaxrs-1.9.13.jar
7f49850fd000-7f4985100000 r--s 0001b000 08:01 342767                     /home/uic/hadoop-3.2.1/share/hadoop/common/lib/jetty-servlet-9.3.24.v20180605.jar
7f4985100000-7f4985101000 r--s 00004000 08:01 342750                     /home/uic/hadoop-3.2.1/share/hadoop/common/lib/kerb-simplekdc-1.0.1.jar
7f4985101000-7f498511b000 r--s 00155000 08:01 342782                     /home/uic/hadoop-3.2.1/share/hadoop/common/lib/htrace-core4-4.1.0-incubating.jar
7f498511b000-7f4985124000 r--s 00062000 08:01 342781                     /home/uic/hadoop-3.2.1/share/hadoop/common/lib/avro-1.7.7.jar
7f4985124000-7f4985129000 r--s 0002a000 08:01 342823                     /home/uic/hadoop-3.2.1/share/hadoop/common/lib/gson-2.2.4.jar
7f4985129000-7f498512a000 r--s 00000000 08:01 342824                     /home/uic/hadoop-3.2.1/share/hadoop/common/lib/failureaccess-1.0.jar
7f498512a000-7f498512c000 r--s 00006000 08:01 342811                     /home/uic/hadoop-3.2.1/share/hadoop/common/lib/accessors-smart-1.2.jar
7f498512c000-7f498512e000 r--s 00001000 08:01 342809                     /home/uic/hadoop-3.2.1/share/hadoop/common/lib/j2objc-annotations-1.1.jar
7f498512e000-7f4985132000 r--s 0001c000 08:01 342818                     /home/uic/hadoop-3.2.1/share/hadoop/common/lib/jersey-servlet-1.19.jar
7f4985132000-7f4985138000 r--s 0002c000 08:01 342821                     /home/uic/hadoop-3.2.1/share/hadoop/common/lib/curator-framework-2.13.0.jar
7f4985138000-7f498513c000 r--s 00024000 08:01 342805                     /home/uic/hadoop-3.2.1/share/hadoop/common/lib/stax2-api-3.1.4.jar
7f498513c000-7f4985142000 r--s 00044000 08:01 342772                     /home/uic/hadoop-3.2.1/share/hadoop/common/lib/nimbus-jose-jwt-4.41.1.jar
7f4985142000-7f4985149000 r--s 00069000 08:01 342795                     /home/uic/hadoop-3.2.1/share/hadoop/common/lib/jetty-util-9.3.24.v20180605.jar
7f4985149000-7f498514c000 r--s 00011000 08:01 342758                     /home/uic/hadoop-3.2.1/share/hadoop/common/lib/kerb-admin-1.0.1.jar
7f498514c000-7f4985159000 r--s 00083000 08:01 342788                     /home/uic/hadoop-3.2.1/share/hadoop/common/lib/commons-collections-3.2.2.jar
7f4985159000-7f498515c000 r--s 00012000 08:01 342747                     /home/uic/hadoop-3.2.1/share/hadoop/common/lib/kerb-server-1.0.1.jar
7f498515c000-7f4985160000 r--s 0001e000 08:01 342816                     /home/uic/hadoop-3.2.1/share/hadoop/common/lib/metrics-core-3.2.4.jar
7f4985160000-7f4985161000 r--s 00004000 08:01 342819                     /home/uic/hadoop-3.2.1/share/hadoop/common/lib/token-provider-1.0.1.jar
7f4985161000-7f4985169000 r--s 0007b000 08:01 342807                     /home/uic/hadoop-3.2.1/share/hadoop/common/lib/protobuf-java-2.5.0.jar
7f4985169000-7f498516e000 r--s 00047000 08:01 342791                     /home/uic/hadoop-3.2.1/share/hadoop/common/lib/dnsjava-2.1.7.jar
7f498516e000-7f4985170000 r--s 00009000 08:01 342806                     /home/uic/hadoop-3.2.1/share/hadoop/common/lib/slf4j-api-1.7.25.jar
7f4985170000-7f4985172000 r--s 00006000 08:01 342787                     /home/uic/hadoop-3.2.1/share/hadoop/common/lib/paranamer-2.3.jar
7f4985172000-7f4985175000 r--s 00019000 08:01 342770                     /home/uic/hadoop-3.2.1/share/hadoop/common/lib/kerb-client-1.0.1.jar
7f4985175000-7f4985179000 r--s 00035000 08:01 342826                     /home/uic/hadoop-3.2.1/share/hadoop/common/lib/jackson-core-asl-1.9.13.jar
7f4985179000-7f498517c000 r--s 00016000 08:01 342769                     /home/uic/hadoop-3.2.1/share/hadoop/common/lib/jsp-api-2.1.jar
7f498517c000-7f4985183000 r--s 00031000 08:01 342765                     /home/uic/hadoop-3.2.1/share/hadoop/common/lib/kerb-core-1.0.1.jar
7f4985183000-7f4985191000 r--s 000b1000 08:01 342785                     /home/uic/hadoop-3.2.1/share/hadoop/common/lib/jackson-mapper-asl-1.9.13.jar
7f4985191000-7f498519c000 r--s 00086000 08:01 342820                     /home/uic/hadoop-3.2.1/share/hadoop/common/lib/commons-compress-1.18.jar
7f498519c000-7f498519e000 r--s 00006000 08:01 342742                     /home/uic/hadoop-3.2.1/share/hadoop/common/lib/kerby-xdr-1.0.1.jar
7f498519e000-7f49851a2000 r--s 0004c000 08:01 342804                     /home/uic/hadoop-3.2.1/share/hadoop/common/lib/jackson-core-2.9.8.jar
7f49851a2000-7f49851a6000 r--s 00025000 08:01 342752                     /home/uic/hadoop-3.2.1/share/hadoop/common/lib/jersey-json-1.19.jar
7f49851a6000-7f49851b6000 r--s 0009c000 08:01 342774                     /home/uic/hadoop-3.2.1/share/hadoop/common/lib/jersey-server-1.19.jar
7f49851b6000-7f49851ba000 r--s 00029000 08:01 342771                     /home/uic/hadoop-3.2.1/share/hadoop/common/lib/commons-text-1.4.jar
7f49851ba000-7f49851bc000 r--s 00006000 08:01 342790                     /home/uic/hadoop-3.2.1/share/hadoop/common/lib/kerby-config-1.0.1.jar
7f49851bc000-7f49851bd000 r--s 00000000 08:01 342762                     /home/uic/hadoop-3.2.1/share/hadoop/common/lib/animal-sniffer-annotations-1.17.jar
7f49851bd000-7f49851c5000 r--s 00078000 08:01 342792                     /home/uic/hadoop-3.2.1/share/hadoop/common/lib/jetty-server-9.3.24.v20180605.jar
7f49851c5000-7f49851d2000 r--s 000af000 08:01 342789                     /home/uic/hadoop-3.2.1/share/hadoop/common/lib/httpclient-4.5.6.jar
7f49851d2000-7f49851d3000 r--s 00004000 08:01 342801                     /home/uic/hadoop-3.2.1/share/hadoop/common/lib/audience-annotations-0.5.0.jar
7f49851d3000-7f49851e6000 r--s 000c7000 08:01 342793                     /home/uic/hadoop-3.2.1/share/hadoop/common/lib/jaxb-impl-2.2.3-1.jar
7f49851e6000-7f49851ed000 r--s 0004b000 08:01 342802                     /home/uic/hadoop-3.2.1/share/hadoop/common/lib/commons-codec-1.11.jar
7f49851ed000-7f4985206000 r--s 0012c000 08:01 342831                     /home/uic/hadoop-3.2.1/share/hadoop/common/lib/netty-3.10.5.Final.jar
7f4985206000-7f4985213000 r--s 000b8000 08:01 343146                     /home/uic/hadoop-3.2.1/share/hadoop/mapreduce/hadoop-mapreduce-client-common-3.2.1.jar
7f4985213000-7f4985215000 r--s 0000d000 08:01 343174                     /home/uic/hadoop-3.2.1/share/hadoop/mapreduce/hadoop-mapreduce-client-uploader-3.2.1.jar
7f4985215000-7f4985216000 r--s 00014000 08:01 343148                     /home/uic/hadoop-3.2.1/share/hadoop/mapreduce/hadoop-mapreduce-client-jobclient-3.2.1.jar
7f4985216000-7f498522f000 r--s 0017c000 08:01 343147                     /home/uic/hadoop-3.2.1/share/hadoop/mapreduce/hadoop-mapreduce-client-core-3.2.1.jar
7f498522f000-7f4985232000 r--s 00032000 08:01 343145                     /home/uic/hadoop-3.2.1/share/hadoop/mapreduce/hadoop-mapreduce-client-hs-3.2.1.jar
7f4985232000-7f498523c000 r--s 0008c000 08:01 343149                     /home/uic/hadoop-3.2.1/share/hadoop/mapreduce/hadoop-mapreduce-client-app-3.2.1.jar
7f498523c000-7f498523e000 r--s 0000a000 08:01 343123                     /home/uic/hadoop-3.2.1/share/hadoop/mapreduce/hadoop-mapreduce-client-hs-plugins-3.2.1.jar
7f498523e000-7f498523f000 r--s 00017000 08:01 343150                     /home/uic/hadoop-3.2.1/share/hadoop/mapreduce/hadoop-mapreduce-client-shuffle-3.2.1.jar
7f498523f000-7f4985242000 r--s 0001c000 08:01 343175                     /home/uic/hadoop-3.2.1/share/hadoop/mapreduce/hadoop-mapreduce-client-nativetask-3.2.1.jar
7f4985242000-7f4985244000 r--s 00009000 08:01 343173                     /home/uic/hadoop-3.2.1/share/hadoop/mapreduce/lib/hamcrest-core-1.3.jar
7f4985244000-7f498524a000 r--s 00036000 08:01 343172                     /home/uic/hadoop-3.2.1/share/hadoop/mapreduce/lib/junit-4.11.jar
7f498524a000-7f498524c000 r--s 0000a000 08:01 343039                     /home/uic/hadoop-3.2.1/share/hadoop/hdfs/hadoop-hdfs-native-client-3.2.1.jar
7f498524c000-7f4985294000 r--s 00567000 08:01 342923                     /home/uic/hadoop-3.2.1/share/hadoop/hdfs/hadoop-hdfs-3.2.1.jar
7f4985294000-7f4985296000 r--s 00023000 08:01 342833                     /home/uic/hadoop-3.2.1/share/hadoop/hdfs/hadoop-hdfs-nfs-3.2.1.jar
7f4985296000-7f49852db000 r--s 00497000 08:01 342921                     /home/uic/hadoop-3.2.1/share/hadoop/hdfs/hadoop-hdfs-client-3.2.1.jar
7f49852db000-7f49852eb000 r--s 000db000 08:01 343041                     /home/uic/hadoop-3.2.1/share/hadoop/hdfs/hadoop-hdfs-rbf-3.2.1.jar
7f49852eb000-7f49852f1000 r--s 0003c000 08:01 342924                     /home/uic/hadoop-3.2.1/share/hadoop/hdfs/hadoop-hdfs-httpfs-3.2.1.jar
7f49852f1000-7f49852fb000 r--s 00026000 08:01 343008                     /home/uic/hadoop-3.2.1/share/hadoop/hdfs/lib/checker-qual-2.5.2.jar
7f49852fb000-7f4985301000 r--s 00078000 08:01 342970                     /home/uic/hadoop-3.2.1/share/hadoop/hdfs/lib/woodstox-core-5.0.3.jar
7f4985301000-7f4985304000 r--s 00015000 08:01 342982                     /home/uic/hadoop-3.2.1/share/hadoop/hdfs/lib/jetty-security-9.3.24.v20180605.jar
7f4985304000-7f4985305000 r--s 00000000 08:01 343015                     /home/uic/hadoop-3.2.1/share/hadoop/hdfs/lib/listenablefuture-9999.0-empty-to-avoid-conflict-with-guava.jar
7f4985305000-7f4985308000 r--s 0001b000 08:01 343011                     /home/uic/hadoop-3.2.1/share/hadoop/hdfs/lib/json-smart-2.3.jar
7f4985308000-7f4985309000 r--s 00008000 08:01 342985                     /home/uic/hadoop-3.2.1/share/hadoop/hdfs/lib/kerb-util-1.0.1.jar
7f4985309000-7f4985311000 r--s 0003e000 08:01 343005                     /home/uic/hadoop-3.2.1/share/hadoop/hdfs/lib/curator-recipes-2.13.0.jar
7f4985311000-7f4985316000 r--s 00038000 08:01 342949                     /home/uic/hadoop-3.2.1/share/hadoop/hdfs/lib/commons-beanutils-1.9.3.jar
7f4985316000-7f498531b000 r--s 00040000 08:01 342965                     /home/uic/hadoop-3.2.1/share/hadoop/hdfs/lib/jsch-0.1.54.jar
7f498531b000-7f498531f000 r--s 00019000 08:01 342969                     /home/uic/hadoop-3.2.1/share/hadoop/hdfs/lib/kerb-crypto-1.0.1.jar
7f498531f000-7f4985351000 r--s 0026d000 08:01 342959                     /home/uic/hadoop-3.2.1/share/hadoop/hdfs/lib/guava-27.0-jre.jar
7f4985351000-7f4985354000 r--s 00015000 08:01 342960                     /home/uic/hadoop-3.2.1/share/hadoop/hdfs/lib/javax.servlet-api-3.1.0.jar
7f4985354000-7f4985357000 r--s 00006000 08:01 343022                     /home/uic/hadoop-3.2.1/share/hadoop/hdfs/lib/jsr305-3.0.0.jar
7f4985357000-7f4985359000 r--s 00000000 08:01 342986                     /home/uic/hadoop-3.2.1/share/hadoop/hdfs/lib/jcip-annotations-1.0-1.jar
7f4985359000-7f4985376000 r--s 0016a000 08:01 342989                     /home/uic/hadoop-3.2.1/share/hadoop/hdfs/lib/commons-math3-3.1.1.jar
7f4985376000-7f498537c000 r--s 00046000 08:01 342948                     /home/uic/hadoop-3.2.1/share/hadoop/hdfs/lib/commons-net-3.6.jar
7f498537c000-7f498537f000 r--s 00016000 08:01 343020                     /home/uic/hadoop-3.2.1/share/hadoop/hdfs/lib/jaxb-api-2.2.11.jar
7f498537f000-7f4985386000 r--s 0002b000 08:01 342984                     /home/uic/hadoop-3.2.1/share/hadoop/hdfs/lib/kerby-pkix-1.0.1.jar
7f4985386000-7f498538b000 r--s 0004c000 08:01 342977                     /home/uic/hadoop-3.2.1/share/hadoop/hdfs/lib/okhttp-2.7.5.jar
7f498538b000-7f498538d000 r--s 0000a000 08:01 343001                     /home/uic/hadoop-3.2.1/share/hadoop/hdfs/lib/jsr311-api-1.1.1.jar
7f498538d000-7f498538e000 r--s 00006000 08:01 343028                     /home/uic/hadoop-3.2.1/share/hadoop/hdfs/lib/jackson-xc-1.9.13.jar
7f498538e000-7f4985391000 r--s 0001a000 08:01 343023                     /home/uic/hadoop-3.2.1/share/hadoop/hdfs/lib/jetty-webapp-9.3.24.v20180605.jar
7f4985391000-7f4985392000 r--s 0000c000 08:01 342953                     /home/uic/hadoop-3.2.1/share/hadoop/hdfs/lib/jetty-xml-9.3.24.v20180605.jar
7f4985392000-7f498539e000 r--s 0008b000 08:01 343004                     /home/uic/hadoop-3.2.1/share/hadoop/hdfs/lib/commons-configuration2-2.1.1.jar
7f498539e000-7f49853a0000 r--s 0001e000 08:01 343035                     /home/uic/hadoop-3.2.1/share/hadoop/hdfs/lib/re2j-1.1.jar
7f49853a0000-7f49853a1000 r--s 00009000 08:01 342946                     /home/uic/hadoop-3.2.1/share/hadoop/hdfs/lib/kerby-util-1.0.1.jar
7f49853a1000-7f49853a4000 r--s 0000e000 08:01 342972                     /home/uic/hadoop-3.2.1/share/hadoop/hdfs/lib/jackson-annotations-2.9.8.jar
7f49853a4000-7f49853a7000 r--s 0001b000 08:01 343019                     /home/uic/hadoop-3.2.1/share/hadoop/hdfs/lib/jetty-io-9.3.24.v20180605.jar
7f49853a7000-7f49853af000 r--s 00072000 08:01 343007                     /home/uic/hadoop-3.2.1/share/hadoop/hdfs/lib/commons-lang3-3.7.jar
7f49853af000-7f49853b1000 r--s 0000c000 08:01 342979                     /home/uic/hadoop-3.2.1/share/hadoop/hdfs/lib/asm-5.0.4.jar
7f49853b1000-7f49853ba000 r--s 0006f000 08:01 342962                     /home/uic/hadoop-3.2.1/share/hadoop/hdfs/lib/log4j-1.2.17.jar
7f49853ba000-7f49853f1000 r--s 00219000 08:01 343034                     /home/uic/hadoop-3.2.1/share/hadoop/hdfs/lib/curator-client-2.13.0.jar
7f49853f1000-7f49853f3000 r--s 00017000 08:01 342961                     /home/uic/hadoop-3.2.1/share/hadoop/hdfs/lib/kerby-asn1-1.0.1.jar
7f49853f3000-7f49853f4000 r--s 00004000 08:01 342974                     /home/uic/hadoop-3.2.1/share/hadoop/hdfs/lib/kerb-identity-1.0.1.jar
7f49853f4000-7f49853f6000 r--s 0000e000 08:01 343037                     /home/uic/hadoop-3.2.1/share/hadoop/hdfs/lib/commons-logging-1.1.3.jar
7f49853f6000-7f4985408000 r--s 00137000 08:01 343036                     /home/uic/hadoop-3.2.1/share/hadoop/hdfs/lib/jackson-databind-2.9.8.jar
7f4985408000-7f4985409000 r--s 0000e000 08:01 342967                     /home/uic/hadoop-3.2.1/share/hadoop/hdfs/lib/hadoop-annotations-3.2.1.jar
7f4985409000-7f4985413000 r--s 00061000 08:01 343017                     /home/uic/hadoop-3.2.1/share/hadoop/hdfs/lib/jersey-core-1.19.jar
7f4985413000-7f4985417000 r--s 0002f000 08:01 343032                     /home/uic/hadoop-3.2.1/share/hadoop/hdfs/lib/commons-io-2.5.jar
7f4985417000-7f498541a000 r--s 00022000 08:01 342963                     /home/uic/hadoop-3.2.1/share/hadoop/hdfs/lib/jetty-http-9.3.24.v20180605.jar
7f498541a000-7f498541c000 r--s 00130000 08:01 342950                     /home/uic/hadoop-3.2.1/share/hadoop/hdfs/lib/snappy-java-1.0.5.jar
7f498541c000-7f498541e000 r--s 0000f000 08:01 342990                     /home/uic/hadoop-3.2.1/share/hadoop/hdfs/lib/jettison-1.1.jar
7f498541e000-7f4985420000 r--s 00009000 08:01 342952                     /home/uic/hadoop-3.2.1/share/hadoop/hdfs/lib/commons-cli-1.2.jar
7f4985420000-7f4985422000 r--s 0000e000 08:01 342966                     /home/uic/hadoop-3.2.1/share/hadoop/hdfs/lib/kerb-common-1.0.1.jar
7f4985422000-7f4985429000 r--s 00049000 08:01 342992                     /home/uic/hadoop-3.2.1/share/hadoop/hdfs/lib/httpcore-4.4.10.jar
7f4985429000-7f498542b000 r--s 00020000 08:01 343003                     /home/uic/hadoop-3.2.1/share/hadoop/hdfs/lib/hadoop-auth-3.2.1.jar
7f498542b000-7f498542d000 r--s 00002000 08:01 343021                     /home/uic/hadoop-3.2.1/share/hadoop/hdfs/lib/error_prone_annotations-2.2.0.jar
7f498542d000-7f498542e000 r--s 00005000 08:01 343006                     /home/uic/hadoop-3.2.1/share/hadoop/hdfs/lib/commons-daemon-1.0.13.jar
7f498542e000-7f498543b000 r--s 000d1000 08:01 342957                     /home/uic/hadoop-3.2.1/share/hadoop/hdfs/lib/zookeeper-3.4.13.jar
7f498543b000-7f498543c000 r--s 00004000 08:01 342983                     /home/uic/hadoop-3.2.1/share/hadoop/hdfs/lib/jackson-jaxrs-1.9.13.jar
7f498543c000-7f498543f000 r--s 0001b000 08:01 342973                     /home/uic/hadoop-3.2.1/share/hadoop/hdfs/lib/jetty-servlet-9.3.24.v20180605.jar
7f498543f000-7f4985440000 r--s 00004000 08:01 342954                     /home/uic/hadoop-3.2.1/share/hadoop/hdfs/lib/kerb-simplekdc-1.0.1.jar
7f4985440000-7f498545a000 r--s 00155000 08:01 342988                     /home/uic/hadoop-3.2.1/share/hadoop/hdfs/lib/htrace-core4-4.1.0-incubating.jar
7f498545a000-7f4985463000 r--s 00062000 08:01 342987                     /home/uic/hadoop-3.2.1/share/hadoop/hdfs/lib/avro-1.7.7.jar
7f4985463000-7f4985468000 r--s 0002a000 08:01 343029                     /home/uic/hadoop-3.2.1/share/hadoop/hdfs/lib/gson-2.2.4.jar
7f4985468000-7f4985469000 r--s 00000000 08:01 343031                     /home/uic/hadoop-3.2.1/share/hadoop/hdfs/lib/failureaccess-1.0.jar
7f4985469000-7f498546b000 r--s 00006000 08:01 343018                     /home/uic/hadoop-3.2.1/share/hadoop/hdfs/lib/accessors-smart-1.2.jar
7f498546b000-7f498546d000 r--s 00001000 08:01 343016                     /home/uic/hadoop-3.2.1/share/hadoop/hdfs/lib/j2objc-annotations-1.1.jar
7f498546d000-7f4985471000 r--s 0001c000 08:01 343024                     /home/uic/hadoop-3.2.1/share/hadoop/hdfs/lib/jersey-servlet-1.19.jar
7f4985471000-7f4985473000 r--s 00008000 08:01 342998                     /home/uic/hadoop-3.2.1/share/hadoop/hdfs/lib/jetty-util-ajax-9.3.24.v20180605.jar
7f4985473000-7f4985479000 r--s 0002c000 08:01 343027                     /home/uic/hadoop-3.2.1/share/hadoop/hdfs/lib/curator-framework-2.13.0.jar
7f4985479000-7f498547d000 r--s 00024000 08:01 343013                     /home/uic/hadoop-3.2.1/share/hadoop/hdfs/lib/stax2-api-3.1.4.jar
7f498547d000-7f4985483000 r--s 00044000 08:01 342978                     /home/uic/hadoop-3.2.1/share/hadoop/hdfs/lib/nimbus-jose-jwt-4.41.1.jar
7f4985483000-7f498548a000 r--s 00069000 08:01 343002                     /home/uic/hadoop-3.2.1/share/hadoop/hdfs/lib/jetty-util-9.3.24.v20180605.jar
7f498548a000-7f498548d000 r--s 00011000 08:01 342964                     /home/uic/hadoop-3.2.1/share/hadoop/hdfs/lib/kerb-admin-1.0.1.jar
7f498548d000-7f498549a000 r--s 00083000 08:01 342994                     /home/uic/hadoop-3.2.1/share/hadoop/hdfs/lib/commons-collections-3.2.2.jar
7f498549a000-7f498549d000 r--s 00012000 08:01 342951                     /home/uic/hadoop-3.2.1/share/hadoop/hdfs/lib/kerb-server-1.0.1.jar
7f498549d000-7f498549e000 r--s 00005000 08:01 342980                     /home/uic/hadoop-3.2.1/share/hadoop/hdfs/lib/json-simple-1.1.1.jar
7f498549e000-7f498549f000 r--s 00004000 08:01 343025                     /home/uic/hadoop-3.2.1/share/hadoop/hdfs/lib/token-provider-1.0.1.jar
7f498549f000-7f49854a7000 r--s 0007b000 08:01 343014                     /home/uic/hadoop-3.2.1/share/hadoop/hdfs/lib/protobuf-java-2.5.0.jar
7f49854a7000-7f49854ac000 r--s 00047000 08:01 342997                     /home/uic/hadoop-3.2.1/share/hadoop/hdfs/lib/dnsjava-2.1.7.jar
7f49854ac000-7f49854ae000 r--s 00006000 08:01 342993                     /home/uic/hadoop-3.2.1/share/hadoop/hdfs/lib/paranamer-2.3.jar
7f49854ae000-7f49854d5000 r--s 00205000 08:01 342956                     /home/uic/hadoop-3.2.1/share/hadoop/hdfs/lib/netty-all-4.0.52.Final.jar
7f49854d5000-7f49854d8000 r--s 00019000 08:01 342975                     /home/uic/hadoop-3.2.1/share/hadoop/hdfs/lib/kerb-client-1.0.1.jar
7f49854d8000-7f49854dc000 r--s 00035000 08:01 343033                     /home/uic/hadoop-3.2.1/share/hadoop/hdfs/lib/jackson-core-asl-1.9.13.jar
7f49854dc000-7f49854e3000 r--s 00031000 08:01 342971                     /home/uic/hadoop-3.2.1/share/hadoop/hdfs/lib/kerb-core-1.0.1.jar
7f49854e3000-7f49854f1000 r--s 000b1000 08:01 342991                     /home/uic/hadoop-3.2.1/share/hadoop/hdfs/lib/jackson-mapper-asl-1.9.13.jar
7f49854f1000-7f49854fc000 r--s 00086000 08:01 343026                     /home/uic/hadoop-3.2.1/share/hadoop/hdfs/lib/commons-compress-1.18.jar
7f49854fc000-7f49854fe000 r--s 00006000 08:01 342947                     /home/uic/hadoop-3.2.1/share/hadoop/hdfs/lib/kerby-xdr-1.0.1.jar
7f49854fe000-7f4985502000 r--s 0004c000 08:01 343012                     /home/uic/hadoop-3.2.1/share/hadoop/hdfs/lib/jackson-core-2.9.8.jar
7f4985502000-7f4985506000 r--s 00025000 08:01 342958                     /home/uic/hadoop-3.2.1/share/hadoop/hdfs/lib/jersey-json-1.19.jar
7f4985506000-7f4985516000 r--s 0009c000 08:01 342981                     /home/uic/hadoop-3.2.1/share/hadoop/hdfs/lib/jersey-server-1.19.jar
7f4985516000-7f4985519000 r--s 000fd000 08:01 342955                     /home/uic/hadoop-3.2.1/share/hadoop/hdfs/lib/leveldbjni-all-1.8.jar
7f4985519000-7f498551d000 r--s 00029000 08:01 342976                     /home/uic/hadoop-3.2.1/share/hadoop/hdfs/lib/commons-text-1.4.jar
7f498551d000-7f498551f000 r--s 00006000 08:01 342996                     /home/uic/hadoop-3.2.1/share/hadoop/hdfs/lib/kerby-config-1.0.1.jar
7f498551f000-7f4985520000 r--s 00000000 08:01 342968                     /home/uic/hadoop-3.2.1/share/hadoop/hdfs/lib/animal-sniffer-annotations-1.17.jar
7f4985520000-7f4985528000 r--s 00078000 08:01 342999                     /home/uic/hadoop-3.2.1/share/hadoop/hdfs/lib/jetty-server-9.3.24.v20180605.jar
7f4985528000-7f4985535000 r--s 000af000 08:01 342995                     /home/uic/hadoop-3.2.1/share/hadoop/hdfs/lib/httpclient-4.5.6.jar
7f4985535000-7f4985536000 r--s 00004000 08:01 343009                     /home/uic/hadoop-3.2.1/share/hadoop/hdfs/lib/audience-annotations-0.5.0.jar
7f4985536000-7f4985538000 r--s 0000f000 08:01 343030                     /home/uic/hadoop-3.2.1/share/hadoop/hdfs/lib/okio-1.6.0.jar
7f4985538000-7f498554b000 r--s 000c7000 08:01 343000                     /home/uic/hadoop-3.2.1/share/hadoop/hdfs/lib/jaxb-impl-2.2.3-1.jar
7f498554b000-7f4985552000 r--s 0004b000 08:01 343010                     /home/uic/hadoop-3.2.1/share/hadoop/hdfs/lib/commons-codec-1.11.jar
7f4985552000-7f498556b000 r--s 0012c000 08:01 343038                     /home/uic/hadoop-3.2.1/share/hadoop/hdfs/lib/netty-3.10.5.Final.jar
7f498556b000-7f498556e000 r--s 0001a000 08:01 343177                     /home/uic/hadoop-3.2.1/share/hadoop/yarn/hadoop-yarn-submarine-3.2.1.jar
7f498556e000-7f4985592000 r--s 0020a000 08:01 343262                     /home/uic/hadoop-3.2.1/share/hadoop/yarn/hadoop-yarn-server-resourcemanager-3.2.1.jar
7f4985592000-7f4985594000 r--s 00012000 08:01 343264                     /home/uic/hadoop-3.2.1/share/hadoop/yarn/hadoop-yarn-server-web-proxy-3.2.1.jar
7f4985594000-7f4985596000 r--s 0001a000 08:01 343265                     /home/uic/hadoop-3.2.1/share/hadoop/yarn/hadoop-yarn-applications-distributedshell-3.2.1.jar
7f4985596000-7f498559b000 r--s 00043000 08:01 343307                     /home/uic/hadoop-3.2.1/share/hadoop/yarn/hadoop-yarn-server-applicationhistoryservice-3.2.1.jar
7f498559b000-7f49855a0000 r--s 00033000 08:01 343284                     /home/uic/hadoop-3.2.1/share/hadoop/yarn/hadoop-yarn-registry-3.2.1.jar
7f49855a0000-7f49855a3000 r--s 00024000 08:01 343259                     /home/uic/hadoop-3.2.1/share/hadoop/yarn/hadoop-yarn-server-router-3.2.1.jar
7f49855a3000-7f49855a5000 r--s 00015000 08:01 343210                     /home/uic/hadoop-3.2.1/share/hadoop/yarn/hadoop-yarn-server-timeline-pluginstorage-3.2.1.jar
7f49855a5000-7f49855a8000 r--s 00015000 08:01 343209                     /home/uic/hadoop-3.2.1/share/hadoop/yarn/hadoop-yarn-server-sharedcachemanager-3.2.1.jar
7f49855a8000-7f49855a9000 r--s 0000d000 08:01 343212                     /home/uic/hadoop-3.2.1/share/hadoop/yarn/hadoop-yarn-applications-unmanaged-am-launcher-3.2.1.jar
7f49855a9000-7f49855b3000 r--s 00091000 08:01 343213                     /home/uic/hadoop-3.2.1/share/hadoop/yarn/hadoop-yarn-services-core-3.2.1.jar
7f49855b3000-7f49855b7000 r--s 0004b000 08:01 343260                     /home/uic/hadoop-3.2.1/share/hadoop/yarn/hadoop-yarn-client-3.2.1.jar
7f49855b7000-7f49855cf000 r--s 00137000 08:01 343176                     /home/uic/hadoop-3.2.1/share/hadoop/yarn/hadoop-yarn-server-nodemanager-3.2.1.jar
7f49855cf000-7f49855f3000 r--s 002a5000 08:01 343211                     /home/uic/hadoop-3.2.1/share/hadoop/yarn/hadoop-yarn-common-3.2.1.jar
7f49855f3000-7f498560b000 r--s 0013d000 08:01 343282                     /home/uic/hadoop-3.2.1/share/hadoop/yarn/hadoop-yarn-server-common-3.2.1.jar
7f498560b000-7f498560d000 r--s 00019000 08:01 343281                     /home/uic/hadoop-3.2.1/share/hadoop/yarn/hadoop-yarn-services-api-3.2.1.jar
7f498560d000-7f498563a000 r--s 002f6000 08:01 343283                     /home/uic/hadoop-3.2.1/share/hadoop/yarn/hadoop-yarn-api-3.2.1.jar
7f498563a000-7f4985692000 r--s 003a7000 08:01 343296                     /home/uic/hadoop-3.2.1/share/hadoop/yarn/lib/bcprov-jdk15on-1.60.jar
7f4985692000-7f4985694000 r--s 00000000 08:01 343285                     /home/uic/hadoop-3.2.1/share/hadoop/yarn/lib/aopalliance-1.0.jar
7f4985694000-7f4985697000 r--s 0000b000 08:01 343300                     /home/uic/hadoop-3.2.1/share/hadoop/yarn/lib/geronimo-jcache_1.0_spec-1.0-alpha-1.jar
7f4985697000-7f49856bd000 r--s 00180000 08:01 343302                     /home/uic/hadoop-3.2.1/share/hadoop/yarn/lib/ehcache-3.3.1.jar
7f49856bd000-7f49856be000 r--s 00003000 08:01 343292                     /home/uic/hadoop-3.2.1/share/hadoop/yarn/lib/jackson-jaxrs-json-provider-2.9.8.jar
7f49856be000-7f49856c1000 r--s 0001e000 08:01 343293                     /home/uic/hadoop-3.2.1/share/hadoop/yarn/lib/jersey-client-1.19.jar
7f49856c1000-7f49856c2000 r--s 00007000 08:01 343306                     /home/uic/hadoop-3.2.1/share/hadoop/yarn/lib/jackson-module-jaxb-annotations-2.9.8.jar
7f49856c2000-7f49856cb000 r--s 000b9000 08:01 343304                     /home/uic/hadoop-3.2.1/share/hadoop/yarn/lib/mssql-jdbc-6.2.1.jre7.jar
7f49856cb000-7f49856cd000 r--s 00005000 08:01 343297                     /home/uic/hadoop-3.2.1/share/hadoop/yarn/lib/objenesis-1.0.jar
7f49856cd000-7f49856ce000 r--s 00007000 08:01 343286                     /home/uic/hadoop-3.2.1/share/hadoop/yarn/lib/jackson-jaxrs-base-2.9.8.jar
7f49856ce000-7f49856e1000 r--s 000b0000 08:01 343290                     /home/uic/hadoop-3.2.1/share/hadoop/yarn/lib/bcpkix-jdk15on-1.60.jar
7f49856e1000-7f49856e3000 r--s 00011000 08:01 343295                     /home/uic/hadoop-3.2.1/share/hadoop/yarn/lib/guice-servlet-4.0.jar
7f49856e3000-7f49856f1000 r--s 00096000 08:01 343305                     /home/uic/hadoop-3.2.1/share/hadoop/yarn/lib/guice-4.0.jar
7f49856f1000-7f49856f8000 r--s 00058000 08:01 343301                     /home/uic/hadoop-3.2.1/share/hadoop/yarn/lib/fst-2.50.jar
7f49856f8000-7f4985713000 r--s 001d6000 08:01 280375                     /usr/lib/jvm/java-8-openjdk-amd64/jre/lib/ext/nashorn.jar
7f4985713000-7f4985714000 ---p 00000000 00:00 0 
7f4985714000-7f4985814000 rw-p 00000000 00:00 0 
7f4985814000-7f4985817000 ---p 00000000 00:00 0 
7f4985817000-7f4985915000 rw-p 00000000 00:00 0 
7f4985915000-7f4985916000 ---p 00000000 00:00 0 
7f4985916000-7f4985919000 ---p 00000000 00:00 0 
7f4985919000-7f4985a16000 rw-p 00000000 00:00 0 
7f4985a16000-7f4985a17000 ---p 00000000 00:00 0 
7f4985a17000-7f4985a1a000 ---p 00000000 00:00 0 
7f4985a1a000-7f4985b17000 rw-p 00000000 00:00 0 
7f4985b17000-7f4985b1a000 ---p 00000000 00:00 0 
7f4985b1a000-7f4985c18000 rw-p 00000000 00:00 0 
7f4985c18000-7f4985d8b000 r--p 00000000 08:01 7800                       /usr/lib/locale/C.UTF-8/LC_COLLATE
7f4985d8b000-7f4985f26000 r--p 00000000 08:01 7795                       /usr/lib/locale/locale-archive
7f4985f26000-7f4985f29000 ---p 00000000 00:00 0 
7f4985f29000-7f4986027000 rw-p 00000000 00:00 0 
7f4986027000-7f498602a000 ---p 00000000 00:00 0 
7f498602a000-7f4986128000 rw-p 00000000 00:00 0 
7f4986128000-7f4986129000 ---p 00000000 00:00 0 
7f4986129000-7f4989000000 rw-p 00000000 00:00 0 
7f4989000000-7f49897c0000 rwxp 00000000 00:00 0 
7f49897c0000-7f4998000000 ---p 00000000 00:00 0 
7f4998000000-7f4999339000 rw-p 00000000 00:00 0 
7f4999339000-7f499c000000 ---p 00000000 00:00 0 
7f499c000000-7f499c001000 r--s 00003000 08:01 343294                     /home/uic/hadoop-3.2.1/share/hadoop/yarn/lib/swagger-annotations-1.5.4.jar
7f499c001000-7f499c005000 r--s 0001e000 08:01 343303                     /home/uic/hadoop-3.2.1/share/hadoop/yarn/lib/metrics-core-3.2.4.jar
7f499c005000-7f499c006000 r--s 00000000 08:01 343298                     /home/uic/hadoop-3.2.1/share/hadoop/yarn/lib/javax.inject-1.jar
7f499c006000-7f499c009000 r--s 0001e000 08:01 343289                     /home/uic/hadoop-3.2.1/share/hadoop/yarn/lib/HikariCP-java7-2.4.12.jar
7f499c009000-7f499c00b000 r--s 00011000 08:01 343291                     /home/uic/hadoop-3.2.1/share/hadoop/yarn/lib/json-io-2.5.1.jar
7f499c00b000-7f499c011000 r--s 0003c000 08:01 343288                     /home/uic/hadoop-3.2.1/share/hadoop/yarn/lib/snakeyaml-1.16.jar
7f499c011000-7f499c013000 r--s 0000d000 08:01 343287                     /home/uic/hadoop-3.2.1/share/hadoop/yarn/lib/java-util-1.9.0.jar
7f499c013000-7f499c014000 r--s 00003000 08:01 343299                     /home/uic/hadoop-3.2.1/share/hadoop/yarn/lib/jersey-guice-1.19.jar
7f499c014000-7f499c016000 r--s 00007000 08:01 34299                      /usr/share/java/java-atk-wrapper.jar
7f499c016000-7f499c018000 r--s 00001000 08:01 280371                     /usr/lib/jvm/java-8-openjdk-amd64/jre/lib/ext/dnsns.jar
7f499c018000-7f499c019000 r--s 0000a000 08:01 280373                     /usr/lib/jvm/java-8-openjdk-amd64/jre/lib/ext/jaccess.jar
7f499c019000-7f499c01a000 r--s 00010000 08:01 280379                     /usr/lib/jvm/java-8-openjdk-amd64/jre/lib/ext/zipfs.jar
7f499c01a000-7f499c024000 r--s 00116000 08:01 280374                     /usr/lib/jvm/java-8-openjdk-amd64/jre/lib/ext/localedata.jar
7f499c024000-7f499c025000 r--s 0000d000 08:01 280376                     /usr/lib/jvm/java-8-openjdk-amd64/jre/lib/ext/sunec.jar
7f499c025000-7f499c040000 r--s 00394000 08:01 280370                     /usr/lib/jvm/java-8-openjdk-amd64/jre/lib/ext/cldrdata.jar
7f499c040000-7f499c043000 r--s 00039000 08:01 280378                     /usr/lib/jvm/java-8-openjdk-amd64/jre/lib/ext/sunpkcs11.jar
7f499c043000-7f499c048000 r--s 0003c000 08:01 280377                     /usr/lib/jvm/java-8-openjdk-amd64/jre/lib/ext/sunjce_provider.jar
7f499c048000-7f499c04b000 r--s 0000f000 08:01 280372                     /usr/lib/jvm/java-8-openjdk-amd64/jre/lib/ext/icedtea-sound.jar
7f499c04b000-7f499c07c000 r--p 00000000 08:01 7801                       /usr/lib/locale/C.UTF-8/LC_CTYPE
7f499c07c000-7f499c07d000 r--p 00000000 08:01 7806                       /usr/lib/locale/C.UTF-8/LC_NUMERIC
7f499c07d000-7f499c07e000 r--p 00000000 08:01 7809                       /usr/lib/locale/C.UTF-8/LC_TIME
7f499c07e000-7f499c07f000 r--p 00000000 08:01 7804                       /usr/lib/locale/C.UTF-8/LC_MONETARY
7f499c07f000-7f499c080000 r--p 00000000 08:01 7798                       /usr/lib/locale/C.UTF-8/LC_MESSAGES/SYS_LC_MESSAGES
7f499c080000-7f499c081000 r--p 00000000 08:01 7807                       /usr/lib/locale/C.UTF-8/LC_PAPER
7f499c081000-7f499c2e6000 rw-p 00000000 00:00 0 
7f499c2e6000-7f499c4b6000 r--s 03c5c000 08:01 280399                     /usr/lib/jvm/java-8-openjdk-amd64/jre/lib/rt.jar
7f499c4b6000-7f499c719000 rw-p 00000000 00:00 0 
7f499c719000-7f499c71a000 ---p 00000000 00:00 0 
7f499c71a000-7f499c81a000 rw-p 00000000 00:00 0 
7f499c81a000-7f499c81b000 ---p 00000000 00:00 0 
7f499c81b000-7f499c9af000 rw-p 00000000 00:00 0 
7f499c9af000-7f499ca64000 ---p 00000000 00:00 0 
7f499ca64000-7f499caf8000 rw-p 00000000 00:00 0 
7f499caf8000-7f499cbac000 ---p 00000000 00:00 0 
7f499cbac000-7f499cc36000 rw-p 00000000 00:00 0 
7f499cc36000-7f499cc51000 ---p 00000000 00:00 0 
7f499cc51000-7f499cc71000 rw-p 00000000 00:00 0 
7f499cc71000-7f499d012000 ---p 00000000 00:00 0 
7f499d012000-7f499d01a000 r-xp 00000000 08:01 280356                     /usr/lib/jvm/java-8-openjdk-amd64/jre/lib/amd64/libzip.so
7f499d01a000-7f499d219000 ---p 00008000 08:01 280356                     /usr/lib/jvm/java-8-openjdk-amd64/jre/lib/amd64/libzip.so
7f499d219000-7f499d21a000 r--p 00007000 08:01 280356                     /usr/lib/jvm/java-8-openjdk-amd64/jre/lib/amd64/libzip.so
7f499d21a000-7f499d21b000 rw-p 00008000 08:01 280356                     /usr/lib/jvm/java-8-openjdk-amd64/jre/lib/amd64/libzip.so
7f499d21b000-7f499d226000 r-xp 00000000 08:01 2093                       /lib/x86_64-linux-gnu/libnss_files-2.27.so
7f499d226000-7f499d425000 ---p 0000b000 08:01 2093                       /lib/x86_64-linux-gnu/libnss_files-2.27.so
7f499d425000-7f499d426000 r--p 0000a000 08:01 2093                       /lib/x86_64-linux-gnu/libnss_files-2.27.so
7f499d426000-7f499d427000 rw-p 0000b000 08:01 2093                       /lib/x86_64-linux-gnu/libnss_files-2.27.so
7f499d427000-7f499d42d000 rw-p 00000000 00:00 0 
7f499d42d000-7f499d444000 r-xp 00000000 08:01 2090                       /lib/x86_64-linux-gnu/libnsl-2.27.so
7f499d444000-7f499d643000 ---p 00017000 08:01 2090                       /lib/x86_64-linux-gnu/libnsl-2.27.so
7f499d643000-7f499d644000 r--p 00016000 08:01 2090                       /lib/x86_64-linux-gnu/libnsl-2.27.so
7f499d644000-7f499d645000 rw-p 00017000 08:01 2090                       /lib/x86_64-linux-gnu/libnsl-2.27.so
7f499d645000-7f499d647000 rw-p 00000000 00:00 0 
7f499d647000-7f499d652000 r-xp 00000000 08:01 2095                       /lib/x86_64-linux-gnu/libnss_nis-2.27.so
7f499d652000-7f499d851000 ---p 0000b000 08:01 2095                       /lib/x86_64-linux-gnu/libnss_nis-2.27.so
7f499d851000-7f499d852000 r--p 0000a000 08:01 2095                       /lib/x86_64-linux-gnu/libnss_nis-2.27.so
7f499d852000-7f499d853000 rw-p 0000b000 08:01 2095                       /lib/x86_64-linux-gnu/libnss_nis-2.27.so
7f499d853000-7f499d85b000 r-xp 00000000 08:01 2091                       /lib/x86_64-linux-gnu/libnss_compat-2.27.so
7f499d85b000-7f499da5b000 ---p 00008000 08:01 2091                       /lib/x86_64-linux-gnu/libnss_compat-2.27.so
7f499da5b000-7f499da5c000 r--p 00008000 08:01 2091                       /lib/x86_64-linux-gnu/libnss_compat-2.27.so
7f499da5c000-7f499da5d000 rw-p 00009000 08:01 2091                       /lib/x86_64-linux-gnu/libnss_compat-2.27.so
7f499da5d000-7f499da87000 r-xp 00000000 08:01 280337                     /usr/lib/jvm/java-8-openjdk-amd64/jre/lib/amd64/libjava.so
7f499da87000-7f499dc86000 ---p 0002a000 08:01 280337                     /usr/lib/jvm/java-8-openjdk-amd64/jre/lib/amd64/libjava.so
7f499dc86000-7f499dc87000 r--p 00029000 08:01 280337                     /usr/lib/jvm/java-8-openjdk-amd64/jre/lib/amd64/libjava.so
7f499dc87000-7f499dc89000 rw-p 0002a000 08:01 280337                     /usr/lib/jvm/java-8-openjdk-amd64/jre/lib/amd64/libjava.so
7f499dc89000-7f499dc99000 r-xp 00000000 08:01 280355                     /usr/lib/jvm/java-8-openjdk-amd64/jre/lib/amd64/libverify.so
7f499dc99000-7f499de98000 ---p 00010000 08:01 280355                     /usr/lib/jvm/java-8-openjdk-amd64/jre/lib/amd64/libverify.so
7f499de98000-7f499de9a000 r--p 0000f000 08:01 280355                     /usr/lib/jvm/java-8-openjdk-amd64/jre/lib/amd64/libverify.so
7f499de9a000-7f499de9b000 rw-p 00011000 08:01 280355                     /usr/lib/jvm/java-8-openjdk-amd64/jre/lib/amd64/libverify.so
7f499de9b000-7f499dea2000 r-xp 00000000 08:01 2180                       /lib/x86_64-linux-gnu/librt-2.27.so
7f499dea2000-7f499e0a1000 ---p 00007000 08:01 2180                       /lib/x86_64-linux-gnu/librt-2.27.so
7f499e0a1000-7f499e0a2000 r--p 00006000 08:01 2180                       /lib/x86_64-linux-gnu/librt-2.27.so
7f499e0a2000-7f499e0a3000 rw-p 00007000 08:01 2180                       /lib/x86_64-linux-gnu/librt-2.27.so
7f499e0a3000-7f499e0ba000 r-xp 00000000 08:01 2096                       /lib/x86_64-linux-gnu/libgcc_s.so.1
7f499e0ba000-7f499e2b9000 ---p 00017000 08:01 2096                       /lib/x86_64-linux-gnu/libgcc_s.so.1
7f499e2b9000-7f499e2ba000 r--p 00016000 08:01 2096                       /lib/x86_64-linux-gnu/libgcc_s.so.1
7f499e2ba000-7f499e2bb000 rw-p 00017000 08:01 2096                       /lib/x86_64-linux-gnu/libgcc_s.so.1
7f499e2bb000-7f499e458000 r-xp 00000000 08:01 2087                       /lib/x86_64-linux-gnu/libm-2.27.so
7f499e458000-7f499e657000 ---p 0019d000 08:01 2087                       /lib/x86_64-linux-gnu/libm-2.27.so
7f499e657000-7f499e658000 r--p 0019c000 08:01 2087                       /lib/x86_64-linux-gnu/libm-2.27.so
7f499e658000-7f499e659000 rw-p 0019d000 08:01 2087                       /lib/x86_64-linux-gnu/libm-2.27.so
7f499e659000-7f499e7d2000 r-xp 00000000 08:01 5016                       /usr/lib/x86_64-linux-gnu/libstdc++.so.6.0.25
7f499e7d2000-7f499e9d2000 ---p 00179000 08:01 5016                       /usr/lib/x86_64-linux-gnu/libstdc++.so.6.0.25
7f499e9d2000-7f499e9dc000 r--p 00179000 08:01 5016                       /usr/lib/x86_64-linux-gnu/libstdc++.so.6.0.25
7f499e9dc000-7f499e9de000 rw-p 00183000 08:01 5016                       /usr/lib/x86_64-linux-gnu/libstdc++.so.6.0.25
7f499e9de000-7f499e9e2000 rw-p 00000000 00:00 0 
7f499e9e2000-7f499f681000 r-xp 00000000 08:01 280359                     /usr/lib/jvm/java-8-openjdk-amd64/jre/lib/amd64/server/libjvm.so
7f499f681000-7f499f881000 ---p 00c9f000 08:01 280359                     /usr/lib/jvm/java-8-openjdk-amd64/jre/lib/amd64/server/libjvm.so
7f499f881000-7f499f915000 r--p 00c9f000 08:01 280359                     /usr/lib/jvm/java-8-openjdk-amd64/jre/lib/amd64/server/libjvm.so
7f499f915000-7f499f93e000 rw-p 00d33000 08:01 280359                     /usr/lib/jvm/java-8-openjdk-amd64/jre/lib/amd64/server/libjvm.so
7f499f93e000-7f499f96e000 rw-p 00000000 00:00 0 
7f499f96e000-7f499f988000 r-xp 00000000 08:01 2178                       /lib/x86_64-linux-gnu/libpthread-2.27.so
7f499f988000-7f499fb87000 ---p 0001a000 08:01 2178                       /lib/x86_64-linux-gnu/libpthread-2.27.so
7f499fb87000-7f499fb88000 r--p 00019000 08:01 2178                       /lib/x86_64-linux-gnu/libpthread-2.27.so
7f499fb88000-7f499fb89000 rw-p 0001a000 08:01 2178                       /lib/x86_64-linux-gnu/libpthread-2.27.so
7f499fb89000-7f499fb8d000 rw-p 00000000 00:00 0 
7f499fb8d000-7f499fb90000 r-xp 00000000 08:01 2086                       /lib/x86_64-linux-gnu/libdl-2.27.so
7f499fb90000-7f499fd8f000 ---p 00003000 08:01 2086                       /lib/x86_64-linux-gnu/libdl-2.27.so
7f499fd8f000-7f499fd90000 r--p 00002000 08:01 2086                       /lib/x86_64-linux-gnu/libdl-2.27.so
7f499fd90000-7f499fd91000 rw-p 00003000 08:01 2086                       /lib/x86_64-linux-gnu/libdl-2.27.so
7f499fd91000-7f499fdad000 r-xp 00000000 08:01 2183                       /lib/x86_64-linux-gnu/libz.so.1.2.11
7f499fdad000-7f499ffac000 ---p 0001c000 08:01 2183                       /lib/x86_64-linux-gnu/libz.so.1.2.11
7f499ffac000-7f499ffad000 r--p 0001b000 08:01 2183                       /lib/x86_64-linux-gnu/libz.so.1.2.11
7f499ffad000-7f499ffae000 rw-p 0001c000 08:01 2183                       /lib/x86_64-linux-gnu/libz.so.1.2.11
7f499ffae000-7f49a0195000 r-xp 00000000 08:01 2083                       /lib/x86_64-linux-gnu/libc-2.27.so
7f49a0195000-7f49a0395000 ---p 001e7000 08:01 2083                       /lib/x86_64-linux-gnu/libc-2.27.so
7f49a0395000-7f49a0399000 r--p 001e7000 08:01 2083                       /lib/x86_64-linux-gnu/libc-2.27.so
7f49a0399000-7f49a039b000 rw-p 001eb000 08:01 2083                       /lib/x86_64-linux-gnu/libc-2.27.so
7f49a039b000-7f49a039f000 rw-p 00000000 00:00 0 
7f49a039f000-7f49a03ad000 r-xp 00000000 08:01 280323                     /usr/lib/jvm/java-8-openjdk-amd64/jre/lib/amd64/jli/libjli.so
7f49a03ad000-7f49a05ac000 ---p 0000e000 08:01 280323                     /usr/lib/jvm/java-8-openjdk-amd64/jre/lib/amd64/jli/libjli.so
7f49a05ac000-7f49a05ad000 r--p 0000d000 08:01 280323                     /usr/lib/jvm/java-8-openjdk-amd64/jre/lib/amd64/jli/libjli.so
7f49a05ad000-7f49a05ae000 rw-p 0000e000 08:01 280323                     /usr/lib/jvm/java-8-openjdk-amd64/jre/lib/amd64/jli/libjli.so
7f49a05ae000-7f49a05d5000 r-xp 00000000 08:01 2079                       /lib/x86_64-linux-gnu/ld-2.27.so
7f49a05d5000-7f49a06ba000 rw-p 00000000 00:00 0 
7f49a06ba000-7f49a06bb000 ---p 00000000 00:00 0 
7f49a06bb000-7f49a06be000 ---p 00000000 00:00 0 
7f49a06be000-7f49a07bd000 rw-p 00000000 00:00 0 
7f49a07bd000-7f49a07be000 r--p 00000000 08:01 7805                       /usr/lib/locale/C.UTF-8/LC_NAME
7f49a07be000-7f49a07bf000 r--p 00000000 08:01 7799                       /usr/lib/locale/C.UTF-8/LC_ADDRESS
7f49a07bf000-7f49a07c0000 r--p 00000000 08:01 7808                       /usr/lib/locale/C.UTF-8/LC_TELEPHONE
7f49a07c0000-7f49a07c1000 r--p 00000000 08:01 7803                       /usr/lib/locale/C.UTF-8/LC_MEASUREMENT
7f49a07c1000-7f49a07c8000 r--s 00000000 08:01 5009                       /usr/lib/x86_64-linux-gnu/gconv/gconv-modules.cache
7f49a07c8000-7f49a07c9000 r--p 00000000 08:01 7802                       /usr/lib/locale/C.UTF-8/LC_IDENTIFICATION
7f49a07c9000-7f49a07d1000 rw-s 00000000 08:01 569230                     /tmp/hsperfdata_uic/6321
7f49a07d1000-7f49a07d2000 rw-p 00000000 00:00 0 
7f49a07d2000-7f49a07d3000 ---p 00000000 00:00 0 
7f49a07d3000-7f49a07d5000 rw-p 00000000 00:00 0 
7f49a07d5000-7f49a07d6000 r--p 00027000 08:01 2079                       /lib/x86_64-linux-gnu/ld-2.27.so
7f49a07d6000-7f49a07d7000 rw-p 00028000 08:01 2079                       /lib/x86_64-linux-gnu/ld-2.27.so
7f49a07d7000-7f49a07d8000 rw-p 00000000 00:00 0 
7ffd16961000-7ffd16986000 rw-p 00000000 00:00 0                          [stack]
7ffd169a0000-7ffd169a3000 r--p 00000000 00:00 0                          [vvar]
7ffd169a3000-7ffd169a5000 r-xp 00000000 00:00 0                          [vdso]
ffffffffff600000-ffffffffff601000 r-xp 00000000 00:00 0                  [vsyscall]

VM Arguments:
jvm_args: -Dfile.encoding=UTF-8 
java_command: wordcount.wordcount3
java_class_path (initial): /home/uic/eclipse-workspace/wordcount/bin:/home/uic/hadoop-3.2.1/share/hadoop/yarn/lib/jersey-guice-1.19.jar:/home/uic/hadoop-3.2.1/share/hadoop/yarn/lib/java-util-1.9.0.jar:/home/uic/hadoop-3.2.1/share/hadoop/yarn/lib/snakeyaml-1.16.jar:/home/uic/hadoop-3.2.1/share/hadoop/yarn/lib/json-io-2.5.1.jar:/home/uic/hadoop-3.2.1/share/hadoop/yarn/lib/HikariCP-java7-2.4.12.jar:/home/uic/hadoop-3.2.1/share/hadoop/yarn/lib/fst-2.50.jar:/home/uic/hadoop-3.2.1/share/hadoop/yarn/lib/guice-4.0.jar:/home/uic/hadoop-3.2.1/share/hadoop/yarn/lib/javax.inject-1.jar:/home/uic/hadoop-3.2.1/share/hadoop/yarn/lib/metrics-core-3.2.4.jar:/home/uic/hadoop-3.2.1/share/hadoop/yarn/lib/guice-servlet-4.0.jar:/home/uic/hadoop-3.2.1/share/hadoop/yarn/lib/bcpkix-jdk15on-1.60.jar:/home/uic/hadoop-3.2.1/share/hadoop/yarn/lib/swagger-annotations-1.5.4.jar:/home/uic/hadoop-3.2.1/share/hadoop/yarn/lib/jackson-jaxrs-base-2.9.8.jar:/home/uic/hadoop-3.2.1/share/hadoop/yarn/lib/objenesis-1.0.jar:/home/uic/hadoop-3.2.1/share/hadoop/yarn/lib/mssql-jdbc-6.2.1.jre7.jar:/home/uic/hadoop-3.2.1/share/hadoop/yarn/lib/jackson-module-jaxb-annotations-2.9.8.jar:/home/uic/hadoop-3.2.1/share/hadoop/yarn/lib/jersey-client-1.19.jar:/home/uic/hadoop-3.2.1/share/hadoop/yarn/lib/jackson-jaxrs-json-provider-2.9.8.jar:/home/uic/hadoop-3.2.1/share/hadoop/yarn/lib/ehcache-3.3.1.jar:/home/uic/hadoop-3.2.1/share/hadoop/yarn/lib/geronimo-jcache_1.0_spec-1.0-alpha-1.jar:/home/uic/hadoop-3.2.1/share/hadoop/yarn/lib/aopalliance-1.0.jar:/home/uic/hadoop-3.2.1/share/hadoop/yarn/lib/bcprov-jdk15on-1.60.jar:/home/uic/hadoop-3.2.1/share/hadoop/yarn/hadoop-yarn-api-3.2.1.jar:/home/uic/hadoop-3.2.1/share/hadoop/yarn/hadoop-yarn-services-api-3.2.1.jar:/home/uic/hadoop-3.2.1/share/hadoop/yarn/hadoop-yarn-server-common-3.2.1.jar:/home/uic/hadoop-3.2.1/share/hadoop/yarn/hadoop-yarn-common-3.2.1.jar:/home/uic/hadoop-3.2.1/share/hadoop/yarn/hadoop-yarn-server-nodemanager-3.2.1.jar:/home/uic/hadoop-3.2.1/share/hadoop/ya
Launcher Type: SUN_STANDARD

Environment Variables:
JAVA_HOME=/usr/lib/jvm/java-8-openjdk-amd64/
PATH=:/home/uic/hadoop-3.2.1/bin:/home/uic/hadoop-3.2.1/sbin::/home/uic/hadoop-3.2.1/bin:/home/uic/hadoop-3.2.1/sbin:/sbin:/bin:/usr/bin:/usr/local/bin:/snap/bin:/usr/lib/jvm/java-8-openjdk-amd64//bin:/usr/lib/jvm/java-8-openjdk-amd64//bin
SHELL=/bin/bash
DISPLAY=:10.0

Signal Handlers:
SIGSEGV: [libjvm.so+0xab92f0], sa_mask[0]=11111111011111111101111111111110, sa_flags=SA_RESTART|SA_SIGINFO
SIGBUS: [libjvm.so+0xab92f0], sa_mask[0]=11111111011111111101111111111110, sa_flags=SA_RESTART|SA_SIGINFO
SIGFPE: [libjvm.so+0x8ee560], sa_mask[0]=11111111011111111101111111111110, sa_flags=SA_RESTART|SA_SIGINFO
SIGPIPE: [libjvm.so+0x8ee560], sa_mask[0]=11111111011111111101111111111110, sa_flags=SA_RESTART|SA_SIGINFO
SIGXFSZ: [libjvm.so+0x8ee560], sa_mask[0]=11111111011111111101111111111110, sa_flags=SA_RESTART|SA_SIGINFO
SIGILL: [libjvm.so+0x8ee560], sa_mask[0]=11111111011111111101111111111110, sa_flags=SA_RESTART|SA_SIGINFO
SIGUSR1: SIG_DFL, sa_mask[0]=00000000000000000000000000000000, sa_flags=none
SIGUSR2: [libjvm.so+0x8ee410], sa_mask[0]=00100000000000000000000000000000, sa_flags=SA_RESTART|SA_SIGINFO
SIGHUP: [libjvm.so+0x8eea80], sa_mask[0]=11111111011111111101111111111110, sa_flags=SA_RESTART|SA_SIGINFO
SIGINT: [libjvm.so+0x8eea80], sa_mask[0]=11111111011111111101111111111110, sa_flags=SA_RESTART|SA_SIGINFO
SIGTERM: [libjvm.so+0x8eea80], sa_mask[0]=11111111011111111101111111111110, sa_flags=SA_RESTART|SA_SIGINFO
SIGQUIT: [libjvm.so+0x8eea80], sa_mask[0]=11111111011111111101111111111110, sa_flags=SA_RESTART|SA_SIGINFO


---------------  S Y S T E M  ---------------

OS:DISTRIB_ID=Ubuntu
DISTRIB_RELEASE=18.04
DISTRIB_CODENAME=bionic
DISTRIB_DESCRIPTION="Ubuntu 18.04.3 LTS"

uname:Linux 4.15.0-65-generic #74-Ubuntu SMP Tue Sep 17 17:06:04 UTC 2019 x86_64
libc:glibc 2.27 NPTL 2.27 
rlimit: STACK 8192k, CORE 0k, NPROC 15641, NOFILE 4096, AS infinity
load average:2.00 1.23 0.79

/proc/meminfo:
MemTotal:        4034496 kB
MemFree:          104720 kB
MemAvailable:      10248 kB
Buffers:             380 kB
Cached:           104096 kB
SwapCached:            0 kB
Active:          3619764 kB
Inactive:         101724 kB
Active(anon):    3618740 kB
Inactive(anon):    88888 kB
Active(file):       1024 kB
Inactive(file):    12836 kB
Unevictable:          96 kB
Mlocked:              96 kB
SwapTotal:             0 kB
SwapFree:              0 kB
Dirty:               144 kB
Writeback:             0 kB
AnonPages:       3617168 kB
Mapped:            98432 kB
Shmem:             90556 kB
Slab:             110128 kB
SReclaimable:      38288 kB
SUnreclaim:        71840 kB
KernelStack:       15360 kB
PageTables:        47904 kB
NFS_Unstable:          0 kB
Bounce:                0 kB
WritebackTmp:          0 kB
CommitLimit:     2017248 kB
Committed_AS:    7760988 kB
VmallocTotal:   34359738367 kB
VmallocUsed:           0 kB
VmallocChunk:          0 kB
HardwareCorrupted:     0 kB
AnonHugePages:         0 kB
ShmemHugePages:        0 kB
ShmemPmdMapped:        0 kB
CmaTotal:              0 kB
CmaFree:               0 kB
HugePages_Total:       0
HugePages_Free:        0
HugePages_Rsvd:        0
HugePages_Surp:        0
Hugepagesize:       2048 kB
DirectMap4k:      126848 kB
DirectMap2M:     4067328 kB

container (cgroup) information:
container_type: cgroupv1
cpu_cpuset_cpus: 0-1
cpu_memory_nodes: 0
active_processor_count: 2
cpu_quota: -1
cpu_period: 100000
cpu_shares: -1
memory_limit_in_bytes: -1
memory_and_swap_limit_in_bytes: -2
memory_soft_limit_in_bytes: -1
memory_usage_in_bytes: 3804147712
memory_max_usage_in_bytes: 3814313984


CPU:total 2 (initial active 2) (1 cores per cpu, 1 threads per core) family 6 model 85 stepping 4, cmov, cx8, fxsr, mmx, sse, sse2, sse3, ssse3, sse4.1, sse4.2, popcnt, avx, aes, clmul, 3dnowpref, tsc, tscinvbit

/proc/cpuinfo:
processor	: 0
vendor_id	: GenuineIntel
cpu family	: 6
model		: 85
model name	: Intel(R) Xeon(R) Gold 6148 CPU @ 2.40GHz
stepping	: 4
microcode	: 0x200005e
cpu MHz		: 2394.375
cache size	: 28160 KB
physical id	: 0
siblings	: 1
core id		: 0
cpu cores	: 1
apicid		: 0
initial apicid	: 0
fpu		: yes
fpu_exception	: yes
cpuid level	: 13
wp		: yes
flags		: fpu vme de pse tsc msr pae mce cx8 apic sep mtrr pge mca cmov pat pse36 clflush dts mmx fxsr sse sse2 ss syscall nx rdtscp lm constant_tsc arch_perfmon pebs bts nopl tsc_reliable nonstop_tsc cpuid pni pclmulqdq ssse3 fma cx16 sse4_1 sse4_2 movbe popcnt aes xsave avx hypervisor lahf_lm 3dnowprefetch pti arat
bugs		: cpu_meltdown spectre_v1 spectre_v2 spec_store_bypass l1tf mds swapgs
bogomips	: 4788.75
clflush size	: 64
cache_alignment	: 64
address sizes	: 40 bits physical, 48 bits virtual
power management:

processor	: 1
vendor_id	: GenuineIntel
cpu family	: 6
model		: 85
model name	: Intel(R) Xeon(R) Gold 6148 CPU @ 2.40GHz
stepping	: 4
microcode	: 0x200005e
cpu MHz		: 2394.375
cache size	: 28160 KB
physical id	: 2
siblings	: 1
core id		: 0
cpu cores	: 1
apicid		: 2
initial apicid	: 2
fpu		: yes
fpu_exception	: yes
cpuid level	: 13
wp		: yes
flags		: fpu vme de pse tsc msr pae mce cx8 apic sep mtrr pge mca cmov pat pse36 clflush dts mmx fxsr sse sse2 ss syscall nx rdtscp lm constant_tsc arch_perfmon pebs bts nopl tsc_reliable nonstop_tsc cpuid pni pclmulqdq ssse3 fma cx16 sse4_1 sse4_2 movbe popcnt aes xsave avx hypervisor lahf_lm 3dnowprefetch pti arat
bugs		: cpu_meltdown spectre_v1 spectre_v2 spec_store_bypass l1tf mds swapgs
bogomips	: 4788.75
clflush size	: 64
cache_alignment	: 64
address sizes	: 40 bits physical, 48 bits virtual
power management:



Memory: 4k page, physical 4034496k(104100k free), swap 0k(0k free)

vm_info: OpenJDK 64-Bit Server VM (25.222-b10) for linux-amd64 JRE (1.8.0_222-8u222-b10-1ubuntu1~18.04.1-b10), built on Jul 18 2019 18:52:48 by "buildd" with gcc 7.4.0

time: Sat Nov  9 07:35:32 2019
timezone: UTC
elapsed time: 8 seconds (0d 0h 0m 8s)

