#
# There is insufficient memory for the Java Runtime Environment to continue.
# Native memory allocation (mmap) failed to map 45088768 bytes for committing reserved memory.
# Possible reasons:
#   The system is out of physical RAM or swap space
#   The process is running with CompressedOops enabled, and the Java Heap may be blocking the growth of the native heap
# Possible solutions:
#   Reduce memory load on the system
#   Increase physical memory or swap space
#   Check if swap backing store is full
#   Decrease Java heap size (-Xmx/-Xms)
#   Decrease number of Java threads
#   Decrease Java thread stack sizes (-Xss)
#   Set larger code cache with -XX:ReservedCodeCacheSize=
#   JVM is running with Unscaled Compressed Oops mode in which the Java heap is
#     placed in the first 4GB address space. The Java Heap base address is the
#     maximum limit for the native heap growth. Please use -XX:HeapBaseMinAddress
#     to set the Java Heap base and to place the Java Heap above 4GB virtual address.
# This output file may be truncated or incomplete.
#
#  Out of Memory Error (os_linux.cpp:2757), pid=1431, tid=0x00007f40904e7700
#
# JRE version: OpenJDK Runtime Environment (8.0_222-b10) (build 1.8.0_222-8u222-b10-1ubuntu1~18.04.1-b10)
# Java VM: OpenJDK 64-Bit Server VM (25.222-b10 mixed mode linux-amd64 compressed oops)
# Failed to write core dump. Core dumps have been disabled. To enable core dumping, try "ulimit -c unlimited" before starting Java again
#

---------------  T H R E A D  ---------------

Current thread (0x00007f40a407d800):  VMThread [stack: 0x00007f40903e8000,0x00007f40904e8000] [id=1439]

Stack: [0x00007f40903e8000,0x00007f40904e8000],  sp=0x00007f40904e64a0,  free space=1017k
Native frames: (J=compiled Java code, j=interpreted, Vv=VM code, C=native code)
V  [libjvm.so+0xab8992]
V  [libjvm.so+0x4dbfd7]
V  [libjvm.so+0x8f33a0]
V  [libjvm.so+0x8ea46e]
V  [libjvm.so+0x96e106]
V  [libjvm.so+0x96f478]
V  [libjvm.so+0x96ba76]
V  [libjvm.so+0x96be0c]
V  [libjvm.so+0x91a5a8]
V  [libjvm.so+0xaba662]
V  [libjvm.so+0xabf1d6]
V  [libjvm.so+0xabd4d5]
V  [libjvm.so+0xabddad]
V  [libjvm.so+0xabe1b8]
V  [libjvm.so+0x8f0732]

VM_Operation (0x00007f4081b3df90): ParallelGCFailedAllocation, mode: safepoint, requested by thread 0x00007f406401e800


---------------  P R O C E S S  ---------------

Java Threads: ( => current thread )
  0x00007f4060034800 JavaThread "SpillThread" daemon [_thread_blocked, id=1527, stack(0x00007f4080ef8000,0x00007f4080ff9000)]
  0x00007f4060017000 JavaThread "communication thread" daemon [_thread_blocked, id=1522, stack(0x00007f4080ff9000,0x00007f40810fa000)]
  0x00007f406401e800 JavaThread "LocalJobRunner Map Task Executor #0" [_thread_blocked, id=1521, stack(0x00007f4081a3f000,0x00007f4081b40000)]
  0x00007f40a533c000 JavaThread "Thread-23" [_thread_blocked, id=1520, stack(0x00007f4081512000,0x00007f4081613000)]
  0x00007f40a51fe000 JavaThread "IPC Parameter Sending Thread #0" daemon [_thread_blocked, id=1472, stack(0x00007f4081b40000,0x00007f4081c41000)]
  0x00007f40a51fd000 JavaThread "IPC Client (1791045777) connection to arrow4g/172.31.12.83:9000 from uic" daemon [_thread_blocked, id=1470, stack(0x00007f4081c41000,0x00007f4081d42000)]
  0x00007f40a51c9000 JavaThread "Timer for 'JobTracker' metrics system" daemon [_thread_blocked, id=1469, stack(0x00007f4081d42000,0x00007f4081e43000)]
  0x00007f40a45fa000 JavaThread "org.apache.hadoop.fs.FileSystem$Statistics$StatisticsDataReferenceCleaner" daemon [_thread_blocked, id=1461, stack(0x00007f4082e75000,0x00007f4082f76000)]
  0x00007f40a4e94000 JavaThread "process reaper" daemon [_thread_blocked, id=1453, stack(0x00007f4082f76000,0x00007f4082faf000)]
  0x00007f40a40c5800 JavaThread "Service Thread" daemon [_thread_blocked, id=1445, stack(0x00007f4083a89000,0x00007f4083b8a000)]
  0x00007f40a40c3000 JavaThread "C1 CompilerThread1" daemon [_thread_blocked, id=1444, stack(0x00007f4083b8b000,0x00007f4083c8b000)]
  0x00007f40a40c0000 JavaThread "C2 CompilerThread0" daemon [_thread_blocked, id=1443, stack(0x00007f4083c8c000,0x00007f4083d8c000)]
  0x00007f40a40be800 JavaThread "Signal Dispatcher" daemon [_thread_blocked, id=1442, stack(0x00007f4083d8c000,0x00007f4083e8d000)]
  0x00007f40a4089800 JavaThread "Finalizer" daemon [_thread_blocked, id=1441, stack(0x00007f40901e5000,0x00007f40902e6000)]
  0x00007f40a4087000 JavaThread "Reference Handler" daemon [_thread_blocked, id=1440, stack(0x00007f40902e6000,0x00007f40903e7000)]
  0x00007f40a4013800 JavaThread "main" [_thread_blocked, id=1434, stack(0x00007f40aa904000,0x00007f40aaa04000)]

Other Threads:
=>0x00007f40a407d800 VMThread [stack: 0x00007f40903e8000,0x00007f40904e8000] [id=1439]
  0x00007f40a40c8800 WatcherThread [stack: 0x00007f4083989000,0x00007f4083a89000] [id=1446]

VM state:at safepoint (normal execution)

VM Mutex/Monitor currently owned by a thread:  ([mutex/lock_event])
[0x00007f40a4010320] Threads_lock - owner thread: 0x00007f40a407d800
[0x00007f40a4010820] Heap_lock - owner thread: 0x00007f406401e800

heap address: 0x00000000c2600000, size: 986 MB, Compressed Oops mode: 32-bit
Narrow klass base: 0x0000000000000000, Narrow klass shift: 3
Compressed class space size: 1073741824 Address: 0x0000000100000000

Heap:
 PSYoungGen      total 180736K, used 64K [0x00000000eb780000, 0x00000000f7c80000, 0x0000000100000000)
  eden space 165376K, 0% used [0x00000000eb780000,0x00000000eb780000,0x00000000f5900000)
  from space 15360K, 0% used [0x00000000f5e80000,0x00000000f5e90000,0x00000000f6d80000)
  to   space 5120K, 0% used [0x00000000f7780000,0x00000000f7780000,0x00000000f7c80000)
 ParOldGen       total 267264K, used 133594K [0x00000000c2600000, 0x00000000d2b00000, 0x00000000eb780000)
  object space 267264K, 49% used [0x00000000c2600000,0x00000000ca876bf8,0x00000000d2b00000)
 Metaspace       used 26736K, capacity 26994K, committed 27136K, reserved 1073152K
  class space    used 2954K, capacity 3039K, committed 3072K, reserved 1048576K

Card table byte_map: [0x00007f4093bc9000,0x00007f4093db7000] byte_map_base: 0x00007f40935b6000

Marking Bits: (ParMarkBitMap*) 0x00007f40a9b9a360
 Begin Bits: [0x00007f40919ae000, 0x00007f4092916000)
 End Bits:   [0x00007f4092916000, 0x00007f409387e000)

Polling page: 0x00007f40aaa1b000

CodeCache: size=245760Kb used=7009Kb max_used=7021Kb free=238750Kb
 bounds [0x00007f4094177000, 0x00007f4094867000, 0x00007f40a3177000]
 total_blobs=2551 nmethods=2040 adapters=425
 compilation: enabled

Compilation events (10 events):
Event: 9.774 Thread 0x00007f40a40c0000 nmethod 2082 0x00007f4094851f90 code [0x00007f4094852240, 0x00007f4094852bc0]
Event: 9.776 Thread 0x00007f40a40c0000 2107       4       java.util.HashMap$HashIterator::<init> (79 bytes)
Event: 9.812 Thread 0x00007f40a40c0000 nmethod 2107 0x00007f4094855e50 code [0x00007f4094855fa0, 0x00007f4094856298]
Event: 9.813 Thread 0x00007f40a40c0000 2105       4       sun.nio.cs.UTF_8$Decoder::decodeArrayLoop (691 bytes)
Event: 9.857 Thread 0x00007f40a40c0000 nmethod 2105 0x00007f4094856710 code [0x00007f40948568e0, 0x00007f4094857268]
Event: 9.861 Thread 0x00007f40a40c0000 2078       4       java.util.regex.Matcher::replaceAll (59 bytes)
Event: 9.927 Thread 0x00007f40a40c3000 2108       1       org.apache.hadoop.fs.FileSystem$Statistics$StatisticsData::access$1000 (5 bytes)
Event: 9.961 Thread 0x00007f40a40c3000 nmethod 2108 0x00007f40948563d0 code [0x00007f4094856520, 0x00007f4094856610]
Event: 11.257 Thread 0x00007f40a40c3000 2109       1       java.util.Formatter::access$000 (5 bytes)
Event: 14.262 Thread 0x00007f40a40c3000 nmethod 2109 0x00007f4094851cd0 code [0x00007f4094851e20, 0x00007f4094851f10]

GC Heap History (10 events):
Event: 3.434 GC heap after
Heap after GC invocations=9 (full 1):
 PSYoungGen      total 130048K, used 0K [0x00000000eb780000, 0x00000000f3c80000, 0x0000000100000000)
  eden space 124928K, 0% used [0x00000000eb780000,0x00000000eb780000,0x00000000f3180000)
  from space 5120K, 0% used [0x00000000f3780000,0x00000000f3780000,0x00000000f3c80000)
  to   space 5632K, 0% used [0x00000000f3180000,0x00000000f3180000,0x00000000f3700000)
 ParOldGen       total 28160K, used 5342K [0x00000000c2600000, 0x00000000c4180000, 0x00000000eb780000)
  object space 28160K, 18% used [0x00000000c2600000,0x00000000c2b378d0,0x00000000c4180000)
 Metaspace       used 20871K, capacity 21098K, committed 21248K, reserved 1069056K
  class space    used 2367K, capacity 2451K, committed 2560K, reserved 1048576K
}
Event: 4.698 GC heap before
{Heap before GC invocations=10 (full 1):
 PSYoungGen      total 130048K, used 124928K [0x00000000eb780000, 0x00000000f3c80000, 0x0000000100000000)
  eden space 124928K, 100% used [0x00000000eb780000,0x00000000f3180000,0x00000000f3180000)
  from space 5120K, 0% used [0x00000000f3780000,0x00000000f3780000,0x00000000f3c80000)
  to   space 5632K, 0% used [0x00000000f3180000,0x00000000f3180000,0x00000000f3700000)
 ParOldGen       total 28160K, used 5342K [0x00000000c2600000, 0x00000000c4180000, 0x00000000eb780000)
  object space 28160K, 18% used [0x00000000c2600000,0x00000000c2b378d0,0x00000000c4180000)
 Metaspace       used 25393K, capacity 25650K, committed 25984K, reserved 1073152K
  class space    used 2825K, capacity 2911K, committed 2944K, reserved 1048576K
Event: 4.766 GC heap after
Heap after GC invocations=10 (full 1):
 PSYoungGen      total 130560K, used 5616K [0x00000000eb780000, 0x00000000f8700000, 0x0000000100000000)
  eden space 124928K, 0% used [0x00000000eb780000,0x00000000eb780000,0x00000000f3180000)
  from space 5632K, 99% used [0x00000000f3180000,0x00000000f36fc210,0x00000000f3700000)
  to   space 15872K, 0% used [0x00000000f7780000,0x00000000f7780000,0x00000000f8700000)
 ParOldGen       total 28672K, used 28640K [0x00000000c2600000, 0x00000000c4200000, 0x00000000eb780000)
  object space 28672K, 99% used [0x00000000c2600000,0x00000000c41f8288,0x00000000c4200000)
 Metaspace       used 25393K, capacity 25650K, committed 25984K, reserved 1073152K
  class space    used 2825K, capacity 2911K, committed 2944K, reserved 1048576K
}
Event: 4.766 GC heap before
{Heap before GC invocations=11 (full 2):
 PSYoungGen      total 130560K, used 5616K [0x00000000eb780000, 0x00000000f8700000, 0x0000000100000000)
  eden space 124928K, 0% used [0x00000000eb780000,0x00000000eb780000,0x00000000f3180000)
  from space 5632K, 99% used [0x00000000f3180000,0x00000000f36fc210,0x00000000f3700000)
  to   space 15872K, 0% used [0x00000000f7780000,0x00000000f7780000,0x00000000f8700000)
 ParOldGen       total 28672K, used 28640K [0x00000000c2600000, 0x00000000c4200000, 0x00000000eb780000)
  object space 28672K, 99% used [0x00000000c2600000,0x00000000c41f8288,0x00000000c4200000)
 Metaspace       used 25393K, capacity 25650K, committed 25984K, reserved 1073152K
  class space    used 2825K, capacity 2911K, committed 2944K, reserved 1048576K
Event: 5.136 GC heap after
Heap after GC invocations=11 (full 2):
 PSYoungGen      total 130560K, used 3235K [0x00000000eb780000, 0x00000000f8700000, 0x0000000100000000)
  eden space 124928K, 0% used [0x00000000eb780000,0x00000000eb780000,0x00000000f3180000)
  from space 5632K, 57% used [0x00000000f3180000,0x00000000f34a8c98,0x00000000f3700000)
  to   space 15872K, 0% used [0x00000000f7780000,0x00000000f7780000,0x00000000f8700000)
 ParOldGen       total 75776K, used 28443K [0x00000000c2600000, 0x00000000c7000000, 0x00000000eb780000)
  object space 75776K, 37% used [0x00000000c2600000,0x00000000c41c6dc8,0x00000000c7000000)
 Metaspace       used 25393K, capacity 25650K, committed 25984K, reserved 1073152K
  class space    used 2825K, capacity 2911K, committed 2944K, reserved 1048576K
}
Event: 5.433 GC heap before
{Heap before GC invocations=12 (full 2):
 PSYoungGen      total 130560K, used 128163K [0x00000000eb780000, 0x00000000f8700000, 0x0000000100000000)
  eden space 124928K, 100% used [0x00000000eb780000,0x00000000f3180000,0x00000000f3180000)
  from space 5632K, 57% used [0x00000000f3180000,0x00000000f34a8c98,0x00000000f3700000)
  to   space 15872K, 0% used [0x00000000f7780000,0x00000000f7780000,0x00000000f8700000)
 ParOldGen       total 75776K, used 28443K [0x00000000c2600000, 0x00000000c7000000, 0x00000000eb780000)
  object space 75776K, 37% used [0x00000000c2600000,0x00000000c41c6dc8,0x00000000c7000000)
 Metaspace       used 26702K, capacity 26994K, committed 27136K, reserved 1073152K
  class space    used 2954K, capacity 3039K, committed 3072K, reserved 1048576K
Event: 5.917 GC heap after
Heap after GC invocations=12 (full 2):
 PSYoungGen      total 170496K, used 4779K [0x00000000eb780000, 0x00000000f7c80000, 0x0000000100000000)
  eden space 165376K, 0% used [0x00000000eb780000,0x00000000eb780000,0x00000000f5900000)
  from space 5120K, 93% used [0x00000000f7780000,0x00000000f7c2aca0,0x00000000f7c80000)
  to   space 15360K, 0% used [0x00000000f5e80000,0x00000000f5e80000,0x00000000f6d80000)
 ParOldGen       total 281600K, used 233251K [0x00000000c2600000, 0x00000000d3900000, 0x00000000eb780000)
  object space 281600K, 82% used [0x00000000c2600000,0x00000000d09c8de8,0x00000000d3900000)
 Metaspace       used 26702K, capacity 26994K, committed 27136K, reserved 1073152K
  class space    used 2954K, capacity 3039K, committed 3072K, reserved 1048576K
}
Event: 6.048 GC heap before
{Heap before GC invocations=13 (full 3):
 PSYoungGen      total 170496K, used 4779K [0x00000000eb780000, 0x00000000f7c80000, 0x0000000100000000)
  eden space 165376K, 0% used [0x00000000eb780000,0x00000000eb780000,0x00000000f5900000)
  from space 5120K, 93% used [0x00000000f7780000,0x00000000f7c2aca0,0x00000000f7c80000)
  to   space 15360K, 0% used [0x00000000f5e80000,0x00000000f5e80000,0x00000000f6d80000)
 ParOldGen       total 281600K, used 233251K [0x00000000c2600000, 0x00000000d3900000, 0x00000000eb780000)
  object space 281600K, 82% used [0x00000000c2600000,0x00000000d09c8de8,0x00000000d3900000)
 Metaspace       used 26702K, capacity 26994K, committed 27136K, reserved 1073152K
  class space    used 2954K, capacity 3039K, committed 3072K, reserved 1048576K
Event: 6.479 GC heap after
Heap after GC invocations=13 (full 3):
 PSYoungGen      total 170496K, used 0K [0x00000000eb780000, 0x00000000f7c80000, 0x0000000100000000)
  eden space 165376K, 0% used [0x00000000eb780000,0x00000000eb780000,0x00000000f5900000)
  from space 5120K, 0% used [0x00000000f7780000,0x00000000f7780000,0x00000000f7c80000)
  to   space 15360K, 0% used [0x00000000f5e80000,0x00000000f5e80000,0x00000000f6d80000)
 ParOldGen       total 267264K, used 133586K [0x00000000c2600000, 0x00000000d2b00000, 0x00000000eb780000)
  object space 267264K, 49% used [0x00000000c2600000,0x00000000ca874bf8,0x00000000d2b00000)
 Metaspace       used 26702K, capacity 26994K, committed 27136K, reserved 1073152K
  class space    used 2954K, capacity 3039K, committed 3072K, reserved 1048576K
}
Event: 15.740 GC heap before
{Heap before GC invocations=14 (full 3):
 PSYoungGen      total 170496K, used 165376K [0x00000000eb780000, 0x00000000f7c80000, 0x0000000100000000)
  eden space 165376K, 100% used [0x00000000eb780000,0x00000000f5900000,0x00000000f5900000)
  from space 5120K, 0% used [0x00000000f7780000,0x00000000f7780000,0x00000000f7c80000)
  to   space 15360K, 0% used [0x00000000f5e80000,0x00000000f5e80000,0x00000000f6d80000)
 ParOldGen       total 267264K, used 133586K [0x00000000c2600000, 0x00000000d2b00000, 0x00000000eb780000)
  object space 267264K, 49% used [0x00000000c2600000,0x00000000ca874bf8,0x00000000d2b00000)
 Metaspace       used 26736K, capacity 26994K, committed 27136K, reserved 1073152K
  class space    used 2954K, capacity 3039K, committed 3072K, reserved 1048576K

Deoptimization events (10 events):
Event: 4.108 Thread 0x00007f40a4013800 Uncommon trap: reason=unstable_if action=reinterpret pc=0x00007f40947288a8 method=sun.nio.cs.UTF_8$Encoder.encodeArrayLoop(Ljava/nio/CharBuffer;Ljava/nio/ByteBuffer;)Ljava/nio/charset/CoderResult; @ 113
Event: 4.177 Thread 0x00007f40a4013800 Uncommon trap: reason=unstable_if action=reinterpret pc=0x00007f4094446c00 method=com.ctc.wstx.sr.StreamScanner.getNext()I @ 15
Event: 4.234 Thread 0x00007f40a4013800 Uncommon trap: reason=class_check action=maybe_recompile pc=0x00007f409470d484 method=com.sun.org.apache.xerces.internal.dom.NodeImpl.appendChild(Lorg/w3c/dom/Node;)Lorg/w3c/dom/Node; @ 3
Event: 4.234 Thread 0x00007f40a4013800 Uncommon trap: reason=speculate_class_check action=maybe_recompile pc=0x00007f409470f704 method=com.sun.org.apache.xerces.internal.dom.CoreDocumentImpl.isKidOK(Lorg/w3c/dom/Node;Lorg/w3c/dom/Node;)Z @ 39
Event: 4.285 Thread 0x00007f40a4013800 Uncommon trap: reason=bimorphic action=maybe_recompile pc=0x00007f40945ecb6c method=java.net.URL.<init>(Ljava/net/URL;Ljava/lang/String;Ljava/net/URLStreamHandler;)V @ 504
Event: 4.285 Thread 0x00007f40a4013800 Uncommon trap: reason=unstable_if action=reinterpret pc=0x00007f4094582ae8 method=sun.net.util.IPAddressUtil.scan(Ljava/lang/String;JJ[C)I @ 14
Event: 5.243 Thread 0x00007f406401e800 Uncommon trap: reason=unstable_if action=reinterpret pc=0x00007f40946178a4 method=com.google.protobuf.CodedInputStream.readRawVarint32()I @ 22
Event: 5.301 Thread 0x00007f406401e800 Uncommon trap: reason=unstable_if action=reinterpret pc=0x00007f409465a838 method=java.lang.StringCoding$StringEncoder.encode([CII)[B @ 20
Event: 5.332 Thread 0x00007f406401e800 Uncommon trap: reason=bimorphic action=maybe_recompile pc=0x00007f4094586dbc method=java.io.DataOutputStream.writeShort(I)V @ 12
Event: 5.357 Thread 0x00007f406401e800 Uncommon trap: reason=unstable_if action=reinterpret pc=0x00007f409460ffc8 method=com.google.protobuf.CodedInputStream.refillBuffer(Z)Z @ 34

Classes redefined (0 events):
No events

Internal exceptions (10 events):
Event: 1.035 Thread 0x00007f40a4013800 Exception <a 'java/lang/ClassNotFoundException': org/apache/log4j/DailyRollingFileAppenderBeanInfo> (0x00000000ec12da48) thrown at [/build/openjdk-8-OqY7zN/openjdk-8-8u222-b10/src/hotspot/src/share/vm/classfile/systemDictionary.cpp, line 210]
Event: 1.035 Thread 0x00007f40a4013800 Exception <a 'java/lang/ClassNotFoundException': org/apache/log4j/FileAppenderBeanInfo> (0x00000000ec158620) thrown at [/build/openjdk-8-OqY7zN/openjdk-8-8u222-b10/src/hotspot/src/share/vm/classfile/systemDictionary.cpp, line 210]
Event: 1.036 Thread 0x00007f40a4013800 Exception <a 'java/lang/ClassNotFoundException': org/apache/log4j/WriterAppenderBeanInfo> (0x00000000ec184288) thrown at [/build/openjdk-8-OqY7zN/openjdk-8-8u222-b10/src/hotspot/src/share/vm/classfile/systemDictionary.cpp, line 210]
Event: 1.036 Thread 0x00007f40a4013800 Exception <a 'java/lang/ClassNotFoundException': org/apache/log4j/AppenderSkeletonBeanInfo> (0x00000000ec1b1510) thrown at [/build/openjdk-8-OqY7zN/openjdk-8-8u222-b10/src/hotspot/src/share/vm/classfile/systemDictionary.cpp, line 210]
Event: 1.037 Thread 0x00007f40a4013800 Exception <a 'java/lang/ClassNotFoundException': org/apache/log4j/AppenderSkeletonCustomizer> (0x00000000ec1e1348) thrown at [/build/openjdk-8-OqY7zN/openjdk-8-8u222-b10/src/hotspot/src/share/vm/classfile/systemDictionary.cpp, line 210]
Event: 1.039 Thread 0x00007f40a4013800 Exception <a 'java/lang/ClassNotFoundException': org/apache/log4j/WriterAppenderCustomizer> (0x00000000ec227ec8) thrown at [/build/openjdk-8-OqY7zN/openjdk-8-8u222-b10/src/hotspot/src/share/vm/classfile/systemDictionary.cpp, line 210]
Event: 1.040 Thread 0x00007f40a4013800 Exception <a 'java/lang/ClassNotFoundException': org/apache/log4j/FileAppenderCustomizer> (0x00000000ec260160) thrown at [/build/openjdk-8-OqY7zN/openjdk-8-8u222-b10/src/hotspot/src/share/vm/classfile/systemDictionary.cpp, line 210]
Event: 1.041 Thread 0x00007f40a4013800 Exception <a 'java/lang/ClassNotFoundException': org/apache/log4j/DailyRollingFileAppenderCustomizer> (0x00000000ec2a29d0) thrown at [/build/openjdk-8-OqY7zN/openjdk-8-8u222-b10/src/hotspot/src/share/vm/classfile/systemDictionary.cpp, line 210]
Event: 1.771 Thread 0x00007f40a4013800 Exception <a 'java/lang/NoSuchFieldError': method resolution failed> (0x00000000ec3e9f20) thrown at [/build/openjdk-8-OqY7zN/openjdk-8-8u222-b10/src/hotspot/src/share/vm/prims/methodHandles.cpp, line 1167]
Event: 1.772 Thread 0x00007f40a4013800 Exception <a 'java/lang/NoSuchFieldError': method resolution failed> (0x00000000ec3f7610) thrown at [/build/openjdk-8-OqY7zN/openjdk-8-8u222-b10/src/hotspot/src/share/vm/prims/methodHandles.cpp, line 1167]

Events (10 events):
Event: 5.384 loading class org/apache/hadoop/hdfs/util/IOUtilsClient done
Event: 5.433 Executing VM operation: ParallelGCFailedAllocation
Event: 6.619 Executing VM operation: ParallelGCFailedAllocation done
Event: 7.269 Thread 0x00007f406401e800 DEOPT PACKING pc=0x00007f409478383a sp=0x00007f4081b3df90
Event: 7.269 Thread 0x00007f406401e800 DEOPT UNPACKING pc=0x00007f40941be4c4 sp=0x00007f4081b3ddb0 mode 0
Event: 7.335 Thread 0x00007f406401e800 DEOPT PACKING pc=0x00007f409480c8fa sp=0x00007f4081b3e230
Event: 7.336 Thread 0x00007f406401e800 DEOPT UNPACKING pc=0x00007f40941be4c4 sp=0x00007f4081b3dfe0 mode 0
Event: 9.121 Thread 0x00007f406401e800 DEOPT PACKING pc=0x00007f4094826e8f sp=0x00007f4081b3e410
Event: 9.125 Thread 0x00007f406401e800 DEOPT UNPACKING pc=0x00007f40941be4c4 sp=0x00007f4081b3e230 mode 0
Event: 13.326 Executing VM operation: ParallelGCFailedAllocation


Dynamic libraries:
c2600000-d2b00000 rw-p 00000000 00:00 0 
d2b00000-eb780000 ---p 00000000 00:00 0 
eb780000-f7c80000 rw-p 00000000 00:00 0 
fa780000-100000000 ---p 00000000 00:00 0 
100000000-100300000 rw-p 00000000 00:00 0 
100300000-140000000 ---p 00000000 00:00 0 
55c543710000-55c543711000 r-xp 00000000 08:01 280310                     /usr/lib/jvm/java-8-openjdk-amd64/jre/bin/java
55c543910000-55c543911000 r--p 00000000 08:01 280310                     /usr/lib/jvm/java-8-openjdk-amd64/jre/bin/java
55c543911000-55c543912000 rw-p 00001000 08:01 280310                     /usr/lib/jvm/java-8-openjdk-amd64/jre/bin/java
55c5452bf000-55c545301000 rw-p 00000000 00:00 0                          [heap]
7f4050000000-7f4050058000 rw-p 00000000 00:00 0 
7f4050058000-7f4054000000 ---p 00000000 00:00 0 
7f4058000000-7f4058021000 rw-p 00000000 00:00 0 
7f4058021000-7f405c000000 ---p 00000000 00:00 0 
7f405c000000-7f405c021000 rw-p 00000000 00:00 0 
7f405c021000-7f4060000000 ---p 00000000 00:00 0 
7f4060000000-7f40600cf000 rw-p 00000000 00:00 0 
7f40600cf000-7f4064000000 ---p 00000000 00:00 0 
7f4064000000-7f4064025000 rw-p 00000000 00:00 0 
7f4064025000-7f4068000000 ---p 00000000 00:00 0 
7f4068000000-7f406851c000 rw-p 00000000 00:00 0 
7f406851c000-7f406c000000 ---p 00000000 00:00 0 
7f406c000000-7f406c021000 rw-p 00000000 00:00 0 
7f406c021000-7f4070000000 ---p 00000000 00:00 0 
7f4070000000-7f4070021000 rw-p 00000000 00:00 0 
7f4070021000-7f4074000000 ---p 00000000 00:00 0 
7f4074000000-7f40745c2000 rw-p 00000000 00:00 0 
7f40745c2000-7f4078000000 ---p 00000000 00:00 0 
7f4078000000-7f4078021000 rw-p 00000000 00:00 0 
7f4078021000-7f407c000000 ---p 00000000 00:00 0 
7f407c000000-7f407c021000 rw-p 00000000 00:00 0 
7f407c021000-7f4080000000 ---p 00000000 00:00 0 
7f4080ef8000-7f4080efb000 ---p 00000000 00:00 0 
7f4080efb000-7f4080ff9000 rw-p 00000000 00:00 0 
7f4080ff9000-7f4080ffc000 ---p 00000000 00:00 0 
7f4080ffc000-7f408127a000 rw-p 00000000 00:00 0 
7f408127a000-7f40812fa000 ---p 00000000 00:00 0 
7f40812fa000-7f40812ff000 r--s 002f9000 08:01 280360                     /usr/lib/jvm/java-8-openjdk-amd64/jre/lib/charsets.jar
7f40812ff000-7f4081312000 r--s 00346000 08:01 280398                     /usr/lib/jvm/java-8-openjdk-amd64/jre/lib/resources.jar
7f4081312000-7f4081512000 rw-p 00000000 00:00 0 
7f4081512000-7f4081515000 ---p 00000000 00:00 0 
7f4081515000-7f4081813000 rw-p 00000000 00:00 0 
7f4081813000-7f408183b000 r-xp 00000000 08:01 280353                     /usr/lib/jvm/java-8-openjdk-amd64/jre/lib/amd64/libsunec.so
7f408183b000-7f4081a3a000 ---p 00028000 08:01 280353                     /usr/lib/jvm/java-8-openjdk-amd64/jre/lib/amd64/libsunec.so
7f4081a3a000-7f4081a3e000 r--p 00027000 08:01 280353                     /usr/lib/jvm/java-8-openjdk-amd64/jre/lib/amd64/libsunec.so
7f4081a3e000-7f4081a3f000 rw-p 0002b000 08:01 280353                     /usr/lib/jvm/java-8-openjdk-amd64/jre/lib/amd64/libsunec.so
7f4081a3f000-7f4081a42000 ---p 00000000 00:00 0 
7f4081a42000-7f4081b40000 rw-p 00000000 00:00 0 
7f4081b40000-7f4081b43000 ---p 00000000 00:00 0 
7f4081b43000-7f4081c41000 rw-p 00000000 00:00 0 
7f4081c41000-7f4081c44000 ---p 00000000 00:00 0 
7f4081c44000-7f4081d42000 rw-p 00000000 00:00 0 
7f4081d42000-7f4081d45000 ---p 00000000 00:00 0 
7f4081d45000-7f4081e43000 rw-p 00000000 00:00 0 
7f4081e43000-7f4081e54000 r-xp 00000000 08:01 280349                     /usr/lib/jvm/java-8-openjdk-amd64/jre/lib/amd64/libnio.so
7f4081e54000-7f4082053000 ---p 00011000 08:01 280349                     /usr/lib/jvm/java-8-openjdk-amd64/jre/lib/amd64/libnio.so
7f4082053000-7f4082054000 r--p 00010000 08:01 280349                     /usr/lib/jvm/java-8-openjdk-amd64/jre/lib/amd64/libnio.so
7f4082054000-7f4082055000 rw-p 00011000 08:01 280349                     /usr/lib/jvm/java-8-openjdk-amd64/jre/lib/amd64/libnio.so
7f4082055000-7f4082255000 rw-p 00000000 00:00 0 
7f4082255000-7f4082257000 r--s 00016000 08:01 280391                     /usr/lib/jvm/java-8-openjdk-amd64/jre/lib/jce.jar
7f4082257000-7f4082457000 rw-p 00000000 00:00 0 
7f4082457000-7f4082657000 rw-p 00000000 00:00 0 
7f4082657000-7f4082857000 rw-p 00000000 00:00 0 
7f4082857000-7f408285c000 r--s 000a3000 08:01 280393                     /usr/lib/jvm/java-8-openjdk-amd64/jre/lib/jsse.jar
7f408285c000-7f4082872000 r-xp 00000000 08:01 280348                     /usr/lib/jvm/java-8-openjdk-amd64/jre/lib/amd64/libnet.so
7f4082872000-7f4082a71000 ---p 00016000 08:01 280348                     /usr/lib/jvm/java-8-openjdk-amd64/jre/lib/amd64/libnet.so
7f4082a71000-7f4082a72000 r--p 00015000 08:01 280348                     /usr/lib/jvm/java-8-openjdk-amd64/jre/lib/amd64/libnet.so
7f4082a72000-7f4082a73000 rw-p 00016000 08:01 280348                     /usr/lib/jvm/java-8-openjdk-amd64/jre/lib/amd64/libnet.so
7f4082a73000-7f4082c73000 rw-p 00000000 00:00 0 
7f4082c73000-7f4082c74000 r-xp 00000000 08:01 280336                     /usr/lib/jvm/java-8-openjdk-amd64/jre/lib/amd64/libjaas_unix.so
7f4082c74000-7f4082e73000 ---p 00001000 08:01 280336                     /usr/lib/jvm/java-8-openjdk-amd64/jre/lib/amd64/libjaas_unix.so
7f4082e73000-7f4082e74000 r--p 00000000 08:01 280336                     /usr/lib/jvm/java-8-openjdk-amd64/jre/lib/amd64/libjaas_unix.so
7f4082e74000-7f4082e75000 rw-p 00001000 08:01 280336                     /usr/lib/jvm/java-8-openjdk-amd64/jre/lib/amd64/libjaas_unix.so
7f4082e75000-7f4082e78000 ---p 00000000 00:00 0 
7f4082e78000-7f4082f76000 rw-p 00000000 00:00 0 
7f4082f76000-7f4082f79000 ---p 00000000 00:00 0 
7f4082f79000-7f4082faf000 rw-p 00000000 00:00 0 
7f4082faf000-7f4082fb8000 r-xp 00000000 08:01 280346                     /usr/lib/jvm/java-8-openjdk-amd64/jre/lib/amd64/libmanagement.so
7f4082fb8000-7f40831b7000 ---p 00009000 08:01 280346                     /usr/lib/jvm/java-8-openjdk-amd64/jre/lib/amd64/libmanagement.so
7f40831b7000-7f40831b8000 r--p 00008000 08:01 280346                     /usr/lib/jvm/java-8-openjdk-amd64/jre/lib/amd64/libmanagement.so
7f40831b8000-7f40831b9000 rw-p 00009000 08:01 280346                     /usr/lib/jvm/java-8-openjdk-amd64/jre/lib/amd64/libmanagement.so
7f40831b9000-7f40831be000 r--s 0002d000 08:01 342719                     /home/uic/hadoop-3.2.1/share/hadoop/common/hadoop-nfs-3.2.1.jar
7f40831be000-7f40831fc000 r--s 003b5000 08:01 342832                     /home/uic/hadoop-3.2.1/share/hadoop/common/hadoop-common-3.2.1.jar
7f40831fc000-7f40831fe000 r--s 0001e000 08:01 342717                     /home/uic/hadoop-3.2.1/share/hadoop/common/hadoop-kms-3.2.1.jar
7f40831fe000-7f4083208000 r--s 00026000 08:01 342800                     /home/uic/hadoop-3.2.1/share/hadoop/common/lib/checker-qual-2.5.2.jar
7f4083208000-7f408320e000 r--s 00078000 08:01 342764                     /home/uic/hadoop-3.2.1/share/hadoop/common/lib/woodstox-core-5.0.3.jar
7f408320e000-7f4083211000 r--s 00015000 08:01 342776                     /home/uic/hadoop-3.2.1/share/hadoop/common/lib/jetty-security-9.3.24.v20180605.jar
7f4083211000-7f4083212000 r--s 00000000 08:01 342808                     /home/uic/hadoop-3.2.1/share/hadoop/common/lib/listenablefuture-9999.0-empty-to-avoid-conflict-with-guava.jar
7f4083212000-7f4083215000 r--s 0001b000 08:01 342803                     /home/uic/hadoop-3.2.1/share/hadoop/common/lib/json-smart-2.3.jar
7f4083215000-7f4083216000 r--s 00008000 08:01 342779                     /home/uic/hadoop-3.2.1/share/hadoop/common/lib/kerb-util-1.0.1.jar
7f4083216000-7f408321e000 r--s 0003e000 08:01 342798                     /home/uic/hadoop-3.2.1/share/hadoop/common/lib/curator-recipes-2.13.0.jar
7f408321e000-7f4083223000 r--s 00038000 08:01 342744                     /home/uic/hadoop-3.2.1/share/hadoop/common/lib/commons-beanutils-1.9.3.jar
7f4083223000-7f4083228000 r--s 00040000 08:01 342759                     /home/uic/hadoop-3.2.1/share/hadoop/common/lib/jsch-0.1.54.jar
7f4083228000-7f408322c000 r--s 00019000 08:01 342763                     /home/uic/hadoop-3.2.1/share/hadoop/common/lib/kerb-crypto-1.0.1.jar
7f408322c000-7f408325e000 r--s 0026d000 08:01 342753                     /home/uic/hadoop-3.2.1/share/hadoop/common/lib/guava-27.0-jre.jar
7f408325e000-7f4083261000 r--s 00015000 08:01 342754                     /home/uic/hadoop-3.2.1/share/hadoop/common/lib/javax.servlet-api-3.1.0.jar
7f4083261000-7f4083264000 r--s 00006000 08:01 342815                     /home/uic/hadoop-3.2.1/share/hadoop/common/lib/jsr305-3.0.0.jar
7f4083264000-7f4083266000 r--s 00000000 08:01 342780                     /home/uic/hadoop-3.2.1/share/hadoop/common/lib/jcip-annotations-1.0-1.jar
7f4083266000-7f4083283000 r--s 0016a000 08:01 342783                     /home/uic/hadoop-3.2.1/share/hadoop/common/lib/commons-math3-3.1.1.jar
7f4083283000-7f4083289000 r--s 00046000 08:01 342743                     /home/uic/hadoop-3.2.1/share/hadoop/common/lib/commons-net-3.6.jar
7f4083289000-7f408328c000 r--s 00016000 08:01 342813                     /home/uic/hadoop-3.2.1/share/hadoop/common/lib/jaxb-api-2.2.11.jar
7f408328c000-7f4083293000 r--s 0002b000 08:01 342778                     /home/uic/hadoop-3.2.1/share/hadoop/common/lib/kerby-pkix-1.0.1.jar
7f4083293000-7f4083294000 r--s 00002000 08:01 342775                     /home/uic/hadoop-3.2.1/share/hadoop/common/lib/slf4j-log4j12-1.7.25.jar
7f4083294000-7f4083296000 r--s 0000a000 08:01 342794                     /home/uic/hadoop-3.2.1/share/hadoop/common/lib/jsr311-api-1.1.1.jar
7f4083296000-7f4083297000 r--s 00006000 08:01 342822                     /home/uic/hadoop-3.2.1/share/hadoop/common/lib/jackson-xc-1.9.13.jar
7f4083297000-7f408329a000 r--s 0001a000 08:01 342817                     /home/uic/hadoop-3.2.1/share/hadoop/common/lib/jetty-webapp-9.3.24.v20180605.jar
7f408329a000-7f408329b000 r--s 0000c000 08:01 342749                     /home/uic/hadoop-3.2.1/share/hadoop/common/lib/jetty-xml-9.3.24.v20180605.jar
7f408329b000-7f40832a7000 r--s 0008b000 08:01 342797                     /home/uic/hadoop-3.2.1/share/hadoop/common/lib/commons-configuration2-2.1.1.jar
7f40832a7000-7f40832a9000 r--s 0001e000 08:01 342828                     /home/uic/hadoop-3.2.1/share/hadoop/common/lib/re2j-1.1.jar
7f40832a9000-7f40832aa000 r--s 00009000 08:01 342741                     /home/uic/hadoop-3.2.1/share/hadoop/common/lib/kerby-util-1.0.1.jar
7f40832aa000-7f40832ad000 r--s 0000e000 08:01 342766                     /home/uic/hadoop-3.2.1/share/hadoop/common/lib/jackson-annotations-2.9.8.jar
7f40832ad000-7f40832b0000 r--s 0001b000 08:01 342812                     /home/uic/hadoop-3.2.1/share/hadoop/common/lib/jetty-io-9.3.24.v20180605.jar
7f40832b0000-7f40832b8000 r--s 00072000 08:01 342799                     /home/uic/hadoop-3.2.1/share/hadoop/common/lib/commons-lang3-3.7.jar
7f40832b8000-7f40832ba000 r--s 0000c000 08:01 342773                     /home/uic/hadoop-3.2.1/share/hadoop/common/lib/asm-5.0.4.jar
7f40832ba000-7f40832c3000 r--s 0006f000 08:01 342756                     /home/uic/hadoop-3.2.1/share/hadoop/common/lib/log4j-1.2.17.jar
7f40832c3000-7f40832fa000 r--s 00219000 08:01 342827                     /home/uic/hadoop-3.2.1/share/hadoop/common/lib/curator-client-2.13.0.jar
7f40832fa000-7f40832fc000 r--s 00017000 08:01 342755                     /home/uic/hadoop-3.2.1/share/hadoop/common/lib/kerby-asn1-1.0.1.jar
7f40832fc000-7f40832fd000 r--s 00004000 08:01 342768                     /home/uic/hadoop-3.2.1/share/hadoop/common/lib/kerb-identity-1.0.1.jar
7f40832fd000-7f40832ff000 r--s 0000e000 08:01 342830                     /home/uic/hadoop-3.2.1/share/hadoop/common/lib/commons-logging-1.1.3.jar
7f40832ff000-7f4083311000 r--s 00137000 08:01 342829                     /home/uic/hadoop-3.2.1/share/hadoop/common/lib/jackson-databind-2.9.8.jar
7f4083311000-7f4083312000 r--s 0000e000 08:01 342761                     /home/uic/hadoop-3.2.1/share/hadoop/common/lib/hadoop-annotations-3.2.1.jar
7f4083312000-7f4083314000 r--s 00000000 08:01 342746                     /home/uic/hadoop-3.2.1/share/hadoop/common/lib/jul-to-slf4j-1.7.25.jar
7f4083314000-7f408331e000 r--s 00061000 08:01 342810                     /home/uic/hadoop-3.2.1/share/hadoop/common/lib/jersey-core-1.19.jar
7f408331e000-7f4083322000 r--s 0002f000 08:01 342825                     /home/uic/hadoop-3.2.1/share/hadoop/common/lib/commons-io-2.5.jar
7f4083322000-7f4083325000 r--s 00022000 08:01 342757                     /home/uic/hadoop-3.2.1/share/hadoop/common/lib/jetty-http-9.3.24.v20180605.jar
7f4083325000-7f4083327000 r--s 00130000 08:01 342745                     /home/uic/hadoop-3.2.1/share/hadoop/common/lib/snappy-java-1.0.5.jar
7f4083327000-7f4083329000 r--s 0000f000 08:01 342784                     /home/uic/hadoop-3.2.1/share/hadoop/common/lib/jettison-1.1.jar
7f4083329000-7f408332b000 r--s 00009000 08:01 342748                     /home/uic/hadoop-3.2.1/share/hadoop/common/lib/commons-cli-1.2.jar
7f408332b000-7f408332d000 r--s 0000e000 08:01 342760                     /home/uic/hadoop-3.2.1/share/hadoop/common/lib/kerb-common-1.0.1.jar
7f408332d000-7f4083334000 r--s 00049000 08:01 342786                     /home/uic/hadoop-3.2.1/share/hadoop/common/lib/httpcore-4.4.10.jar
7f4083334000-7f4083336000 r--s 00020000 08:01 342796                     /home/uic/hadoop-3.2.1/share/hadoop/common/lib/hadoop-auth-3.2.1.jar
7f4083336000-7f4083338000 r--s 00002000 08:01 342814                     /home/uic/hadoop-3.2.1/share/hadoop/common/lib/error_prone_annotations-2.2.0.jar
7f4083338000-7f4083345000 r--s 000d1000 08:01 342751                     /home/uic/hadoop-3.2.1/share/hadoop/common/lib/zookeeper-3.4.13.jar
7f4083345000-7f4083346000 r--s 00004000 08:01 342777                     /home/uic/hadoop-3.2.1/share/hadoop/common/lib/jackson-jaxrs-1.9.13.jar
7f4083346000-7f4083349000 r--s 0001b000 08:01 342767                     /home/uic/hadoop-3.2.1/share/hadoop/common/lib/jetty-servlet-9.3.24.v20180605.jar
7f4083349000-7f408334a000 r--s 00004000 08:01 342750                     /home/uic/hadoop-3.2.1/share/hadoop/common/lib/kerb-simplekdc-1.0.1.jar
7f408334a000-7f4083364000 r--s 00155000 08:01 342782                     /home/uic/hadoop-3.2.1/share/hadoop/common/lib/htrace-core4-4.1.0-incubating.jar
7f4083364000-7f408336d000 r--s 00062000 08:01 342781                     /home/uic/hadoop-3.2.1/share/hadoop/common/lib/avro-1.7.7.jar
7f408336d000-7f4083372000 r--s 0002a000 08:01 342823                     /home/uic/hadoop-3.2.1/share/hadoop/common/lib/gson-2.2.4.jar
7f4083372000-7f4083373000 r--s 00000000 08:01 342824                     /home/uic/hadoop-3.2.1/share/hadoop/common/lib/failureaccess-1.0.jar
7f4083373000-7f4083375000 r--s 00006000 08:01 342811                     /home/uic/hadoop-3.2.1/share/hadoop/common/lib/accessors-smart-1.2.jar
7f4083375000-7f4083377000 r--s 00001000 08:01 342809                     /home/uic/hadoop-3.2.1/share/hadoop/common/lib/j2objc-annotations-1.1.jar
7f4083377000-7f408337b000 r--s 0001c000 08:01 342818                     /home/uic/hadoop-3.2.1/share/hadoop/common/lib/jersey-servlet-1.19.jar
7f408337b000-7f4083381000 r--s 0002c000 08:01 342821                     /home/uic/hadoop-3.2.1/share/hadoop/common/lib/curator-framework-2.13.0.jar
7f4083381000-7f4083385000 r--s 00024000 08:01 342805                     /home/uic/hadoop-3.2.1/share/hadoop/common/lib/stax2-api-3.1.4.jar
7f4083385000-7f408338b000 r--s 00044000 08:01 342772                     /home/uic/hadoop-3.2.1/share/hadoop/common/lib/nimbus-jose-jwt-4.41.1.jar
7f408338b000-7f4083392000 r--s 00069000 08:01 342795                     /home/uic/hadoop-3.2.1/share/hadoop/common/lib/jetty-util-9.3.24.v20180605.jar
7f4083392000-7f4083395000 r--s 00011000 08:01 342758                     /home/uic/hadoop-3.2.1/share/hadoop/common/lib/kerb-admin-1.0.1.jar
7f4083395000-7f40833a2000 r--s 00083000 08:01 342788                     /home/uic/hadoop-3.2.1/share/hadoop/common/lib/commons-collections-3.2.2.jar
7f40833a2000-7f40833a5000 r--s 00012000 08:01 342747                     /home/uic/hadoop-3.2.1/share/hadoop/common/lib/kerb-server-1.0.1.jar
7f40833a5000-7f40833a9000 r--s 0001e000 08:01 342816                     /home/uic/hadoop-3.2.1/share/hadoop/common/lib/metrics-core-3.2.4.jar
7f40833a9000-7f40833aa000 r--s 00004000 08:01 342819                     /home/uic/hadoop-3.2.1/share/hadoop/common/lib/token-provider-1.0.1.jar
7f40833aa000-7f40833b2000 r--s 0007b000 08:01 342807                     /home/uic/hadoop-3.2.1/share/hadoop/common/lib/protobuf-java-2.5.0.jar
7f40833b2000-7f40833b7000 r--s 00047000 08:01 342791                     /home/uic/hadoop-3.2.1/share/hadoop/common/lib/dnsjava-2.1.7.jar
7f40833b7000-7f40833b9000 r--s 00009000 08:01 342806                     /home/uic/hadoop-3.2.1/share/hadoop/common/lib/slf4j-api-1.7.25.jar
7f40833b9000-7f40833bb000 r--s 00006000 08:01 342787                     /home/uic/hadoop-3.2.1/share/hadoop/common/lib/paranamer-2.3.jar
7f40833bb000-7f40833be000 r--s 00019000 08:01 342770                     /home/uic/hadoop-3.2.1/share/hadoop/common/lib/kerb-client-1.0.1.jar
7f40833be000-7f40833c2000 r--s 00035000 08:01 342826                     /home/uic/hadoop-3.2.1/share/hadoop/common/lib/jackson-core-asl-1.9.13.jar
7f40833c2000-7f40833c5000 r--s 00016000 08:01 342769                     /home/uic/hadoop-3.2.1/share/hadoop/common/lib/jsp-api-2.1.jar
7f40833c5000-7f40833cc000 r--s 00031000 08:01 342765                     /home/uic/hadoop-3.2.1/share/hadoop/common/lib/kerb-core-1.0.1.jar
7f40833cc000-7f40833da000 r--s 000b1000 08:01 342785                     /home/uic/hadoop-3.2.1/share/hadoop/common/lib/jackson-mapper-asl-1.9.13.jar
7f40833da000-7f40833e5000 r--s 00086000 08:01 342820                     /home/uic/hadoop-3.2.1/share/hadoop/common/lib/commons-compress-1.18.jar
7f40833e5000-7f40833e7000 r--s 00006000 08:01 342742                     /home/uic/hadoop-3.2.1/share/hadoop/common/lib/kerby-xdr-1.0.1.jar
7f40833e7000-7f40833eb000 r--s 0004c000 08:01 342804                     /home/uic/hadoop-3.2.1/share/hadoop/common/lib/jackson-core-2.9.8.jar
7f40833eb000-7f40833ef000 r--s 00025000 08:01 342752                     /home/uic/hadoop-3.2.1/share/hadoop/common/lib/jersey-json-1.19.jar
7f40833ef000-7f40833ff000 r--s 0009c000 08:01 342774                     /home/uic/hadoop-3.2.1/share/hadoop/common/lib/jersey-server-1.19.jar
7f40833ff000-7f4083403000 r--s 00029000 08:01 342771                     /home/uic/hadoop-3.2.1/share/hadoop/common/lib/commons-text-1.4.jar
7f4083403000-7f4083405000 r--s 00006000 08:01 342790                     /home/uic/hadoop-3.2.1/share/hadoop/common/lib/kerby-config-1.0.1.jar
7f4083405000-7f4083406000 r--s 00000000 08:01 342762                     /home/uic/hadoop-3.2.1/share/hadoop/common/lib/animal-sniffer-annotations-1.17.jar
7f4083406000-7f408340e000 r--s 00078000 08:01 342792                     /home/uic/hadoop-3.2.1/share/hadoop/common/lib/jetty-server-9.3.24.v20180605.jar
7f408340e000-7f408341b000 r--s 000af000 08:01 342789                     /home/uic/hadoop-3.2.1/share/hadoop/common/lib/httpclient-4.5.6.jar
7f408341b000-7f408341c000 r--s 00004000 08:01 342801                     /home/uic/hadoop-3.2.1/share/hadoop/common/lib/audience-annotations-0.5.0.jar
7f408341c000-7f408342f000 r--s 000c7000 08:01 342793                     /home/uic/hadoop-3.2.1/share/hadoop/common/lib/jaxb-impl-2.2.3-1.jar
7f408342f000-7f4083436000 r--s 0004b000 08:01 342802                     /home/uic/hadoop-3.2.1/share/hadoop/common/lib/commons-codec-1.11.jar
7f4083436000-7f408344f000 r--s 0012c000 08:01 342831                     /home/uic/hadoop-3.2.1/share/hadoop/common/lib/netty-3.10.5.Final.jar
7f408344f000-7f408345c000 r--s 000b8000 08:01 343146                     /home/uic/hadoop-3.2.1/share/hadoop/mapreduce/hadoop-mapreduce-client-common-3.2.1.jar
7f408345c000-7f408345e000 r--s 0000d000 08:01 343174                     /home/uic/hadoop-3.2.1/share/hadoop/mapreduce/hadoop-mapreduce-client-uploader-3.2.1.jar
7f408345e000-7f408345f000 r--s 00014000 08:01 343148                     /home/uic/hadoop-3.2.1/share/hadoop/mapreduce/hadoop-mapreduce-client-jobclient-3.2.1.jar
7f408345f000-7f4083478000 r--s 0017c000 08:01 343147                     /home/uic/hadoop-3.2.1/share/hadoop/mapreduce/hadoop-mapreduce-client-core-3.2.1.jar
7f4083478000-7f408347b000 r--s 00032000 08:01 343145                     /home/uic/hadoop-3.2.1/share/hadoop/mapreduce/hadoop-mapreduce-client-hs-3.2.1.jar
7f408347b000-7f4083485000 r--s 0008c000 08:01 343149                     /home/uic/hadoop-3.2.1/share/hadoop/mapreduce/hadoop-mapreduce-client-app-3.2.1.jar
7f4083485000-7f4083487000 r--s 0000a000 08:01 343123                     /home/uic/hadoop-3.2.1/share/hadoop/mapreduce/hadoop-mapreduce-client-hs-plugins-3.2.1.jar
7f4083487000-7f4083488000 r--s 00017000 08:01 343150                     /home/uic/hadoop-3.2.1/share/hadoop/mapreduce/hadoop-mapreduce-client-shuffle-3.2.1.jar
7f4083488000-7f408348b000 r--s 0001c000 08:01 343175                     /home/uic/hadoop-3.2.1/share/hadoop/mapreduce/hadoop-mapreduce-client-nativetask-3.2.1.jar
7f408348b000-7f408348d000 r--s 00009000 08:01 343173                     /home/uic/hadoop-3.2.1/share/hadoop/mapreduce/lib/hamcrest-core-1.3.jar
7f408348d000-7f4083493000 r--s 00036000 08:01 343172                     /home/uic/hadoop-3.2.1/share/hadoop/mapreduce/lib/junit-4.11.jar
7f4083493000-7f4083495000 r--s 0000a000 08:01 343039                     /home/uic/hadoop-3.2.1/share/hadoop/hdfs/hadoop-hdfs-native-client-3.2.1.jar
7f4083495000-7f40834dd000 r--s 00567000 08:01 342923                     /home/uic/hadoop-3.2.1/share/hadoop/hdfs/hadoop-hdfs-3.2.1.jar
7f40834dd000-7f40834df000 r--s 00023000 08:01 342833                     /home/uic/hadoop-3.2.1/share/hadoop/hdfs/hadoop-hdfs-nfs-3.2.1.jar
7f40834df000-7f4083524000 r--s 00497000 08:01 342921                     /home/uic/hadoop-3.2.1/share/hadoop/hdfs/hadoop-hdfs-client-3.2.1.jar
7f4083524000-7f4083534000 r--s 000db000 08:01 343041                     /home/uic/hadoop-3.2.1/share/hadoop/hdfs/hadoop-hdfs-rbf-3.2.1.jar
7f4083534000-7f408353a000 r--s 0003c000 08:01 342924                     /home/uic/hadoop-3.2.1/share/hadoop/hdfs/hadoop-hdfs-httpfs-3.2.1.jar
7f408353a000-7f4083544000 r--s 00026000 08:01 343008                     /home/uic/hadoop-3.2.1/share/hadoop/hdfs/lib/checker-qual-2.5.2.jar
7f4083544000-7f408354a000 r--s 00078000 08:01 342970                     /home/uic/hadoop-3.2.1/share/hadoop/hdfs/lib/woodstox-core-5.0.3.jar
7f408354a000-7f408354d000 r--s 00015000 08:01 342982                     /home/uic/hadoop-3.2.1/share/hadoop/hdfs/lib/jetty-security-9.3.24.v20180605.jar
7f408354d000-7f408354e000 r--s 00000000 08:01 343015                     /home/uic/hadoop-3.2.1/share/hadoop/hdfs/lib/listenablefuture-9999.0-empty-to-avoid-conflict-with-guava.jar
7f408354e000-7f4083551000 r--s 0001b000 08:01 343011                     /home/uic/hadoop-3.2.1/share/hadoop/hdfs/lib/json-smart-2.3.jar
7f4083551000-7f4083552000 r--s 00008000 08:01 342985                     /home/uic/hadoop-3.2.1/share/hadoop/hdfs/lib/kerb-util-1.0.1.jar
7f4083552000-7f408355a000 r--s 0003e000 08:01 343005                     /home/uic/hadoop-3.2.1/share/hadoop/hdfs/lib/curator-recipes-2.13.0.jar
7f408355a000-7f408355f000 r--s 00038000 08:01 342949                     /home/uic/hadoop-3.2.1/share/hadoop/hdfs/lib/commons-beanutils-1.9.3.jar
7f408355f000-7f4083564000 r--s 00040000 08:01 342965                     /home/uic/hadoop-3.2.1/share/hadoop/hdfs/lib/jsch-0.1.54.jar
7f4083564000-7f4083568000 r--s 00019000 08:01 342969                     /home/uic/hadoop-3.2.1/share/hadoop/hdfs/lib/kerb-crypto-1.0.1.jar
7f4083568000-7f408359a000 r--s 0026d000 08:01 342959                     /home/uic/hadoop-3.2.1/share/hadoop/hdfs/lib/guava-27.0-jre.jar
7f408359a000-7f408359d000 r--s 00015000 08:01 342960                     /home/uic/hadoop-3.2.1/share/hadoop/hdfs/lib/javax.servlet-api-3.1.0.jar
7f408359d000-7f40835a0000 r--s 00006000 08:01 343022                     /home/uic/hadoop-3.2.1/share/hadoop/hdfs/lib/jsr305-3.0.0.jar
7f40835a0000-7f40835a2000 r--s 00000000 08:01 342986                     /home/uic/hadoop-3.2.1/share/hadoop/hdfs/lib/jcip-annotations-1.0-1.jar
7f40835a2000-7f40835bf000 r--s 0016a000 08:01 342989                     /home/uic/hadoop-3.2.1/share/hadoop/hdfs/lib/commons-math3-3.1.1.jar
7f40835bf000-7f40835c5000 r--s 00046000 08:01 342948                     /home/uic/hadoop-3.2.1/share/hadoop/hdfs/lib/commons-net-3.6.jar
7f40835c5000-7f40835c8000 r--s 00016000 08:01 343020                     /home/uic/hadoop-3.2.1/share/hadoop/hdfs/lib/jaxb-api-2.2.11.jar
7f40835c8000-7f40835cf000 r--s 0002b000 08:01 342984                     /home/uic/hadoop-3.2.1/share/hadoop/hdfs/lib/kerby-pkix-1.0.1.jar
7f40835cf000-7f40835d4000 r--s 0004c000 08:01 342977                     /home/uic/hadoop-3.2.1/share/hadoop/hdfs/lib/okhttp-2.7.5.jar
7f40835d4000-7f40835d6000 r--s 0000a000 08:01 343001                     /home/uic/hadoop-3.2.1/share/hadoop/hdfs/lib/jsr311-api-1.1.1.jar
7f40835d6000-7f40835d7000 r--s 00006000 08:01 343028                     /home/uic/hadoop-3.2.1/share/hadoop/hdfs/lib/jackson-xc-1.9.13.jar
7f40835d7000-7f40835da000 r--s 0001a000 08:01 343023                     /home/uic/hadoop-3.2.1/share/hadoop/hdfs/lib/jetty-webapp-9.3.24.v20180605.jar
7f40835da000-7f40835db000 r--s 0000c000 08:01 342953                     /home/uic/hadoop-3.2.1/share/hadoop/hdfs/lib/jetty-xml-9.3.24.v20180605.jar
7f40835db000-7f40835e7000 r--s 0008b000 08:01 343004                     /home/uic/hadoop-3.2.1/share/hadoop/hdfs/lib/commons-configuration2-2.1.1.jar
7f40835e7000-7f40835e9000 r--s 0001e000 08:01 343035                     /home/uic/hadoop-3.2.1/share/hadoop/hdfs/lib/re2j-1.1.jar
7f40835e9000-7f40835ea000 r--s 00009000 08:01 342946                     /home/uic/hadoop-3.2.1/share/hadoop/hdfs/lib/kerby-util-1.0.1.jar
7f40835ea000-7f40835ed000 r--s 0000e000 08:01 342972                     /home/uic/hadoop-3.2.1/share/hadoop/hdfs/lib/jackson-annotations-2.9.8.jar
7f40835ed000-7f40835f0000 r--s 0001b000 08:01 343019                     /home/uic/hadoop-3.2.1/share/hadoop/hdfs/lib/jetty-io-9.3.24.v20180605.jar
7f40835f0000-7f40835f8000 r--s 00072000 08:01 343007                     /home/uic/hadoop-3.2.1/share/hadoop/hdfs/lib/commons-lang3-3.7.jar
7f40835f8000-7f40835fa000 r--s 0000c000 08:01 342979                     /home/uic/hadoop-3.2.1/share/hadoop/hdfs/lib/asm-5.0.4.jar
7f40835fa000-7f4083603000 r--s 0006f000 08:01 342962                     /home/uic/hadoop-3.2.1/share/hadoop/hdfs/lib/log4j-1.2.17.jar
7f4083603000-7f408363a000 r--s 00219000 08:01 343034                     /home/uic/hadoop-3.2.1/share/hadoop/hdfs/lib/curator-client-2.13.0.jar
7f408363a000-7f408363c000 r--s 00017000 08:01 342961                     /home/uic/hadoop-3.2.1/share/hadoop/hdfs/lib/kerby-asn1-1.0.1.jar
7f408363c000-7f408363d000 r--s 00004000 08:01 342974                     /home/uic/hadoop-3.2.1/share/hadoop/hdfs/lib/kerb-identity-1.0.1.jar
7f408363d000-7f408363f000 r--s 0000e000 08:01 343037                     /home/uic/hadoop-3.2.1/share/hadoop/hdfs/lib/commons-logging-1.1.3.jar
7f408363f000-7f4083651000 r--s 00137000 08:01 343036                     /home/uic/hadoop-3.2.1/share/hadoop/hdfs/lib/jackson-databind-2.9.8.jar
7f4083651000-7f4083652000 r--s 0000e000 08:01 342967                     /home/uic/hadoop-3.2.1/share/hadoop/hdfs/lib/hadoop-annotations-3.2.1.jar
7f4083652000-7f408365c000 r--s 00061000 08:01 343017                     /home/uic/hadoop-3.2.1/share/hadoop/hdfs/lib/jersey-core-1.19.jar
7f408365c000-7f4083660000 r--s 0002f000 08:01 343032                     /home/uic/hadoop-3.2.1/share/hadoop/hdfs/lib/commons-io-2.5.jar
7f4083660000-7f4083663000 r--s 00022000 08:01 342963                     /home/uic/hadoop-3.2.1/share/hadoop/hdfs/lib/jetty-http-9.3.24.v20180605.jar
7f4083663000-7f4083665000 r--s 00130000 08:01 342950                     /home/uic/hadoop-3.2.1/share/hadoop/hdfs/lib/snappy-java-1.0.5.jar
7f4083665000-7f4083667000 r--s 0000f000 08:01 342990                     /home/uic/hadoop-3.2.1/share/hadoop/hdfs/lib/jettison-1.1.jar
7f4083667000-7f4083669000 r--s 00009000 08:01 342952                     /home/uic/hadoop-3.2.1/share/hadoop/hdfs/lib/commons-cli-1.2.jar
7f4083669000-7f408366b000 r--s 0000e000 08:01 342966                     /home/uic/hadoop-3.2.1/share/hadoop/hdfs/lib/kerb-common-1.0.1.jar
7f408366b000-7f4083672000 r--s 00049000 08:01 342992                     /home/uic/hadoop-3.2.1/share/hadoop/hdfs/lib/httpcore-4.4.10.jar
7f4083672000-7f4083674000 r--s 00020000 08:01 343003                     /home/uic/hadoop-3.2.1/share/hadoop/hdfs/lib/hadoop-auth-3.2.1.jar
7f4083674000-7f4083676000 r--s 00002000 08:01 343021                     /home/uic/hadoop-3.2.1/share/hadoop/hdfs/lib/error_prone_annotations-2.2.0.jar
7f4083676000-7f4083677000 r--s 00005000 08:01 343006                     /home/uic/hadoop-3.2.1/share/hadoop/hdfs/lib/commons-daemon-1.0.13.jar
7f4083677000-7f4083684000 r--s 000d1000 08:01 342957                     /home/uic/hadoop-3.2.1/share/hadoop/hdfs/lib/zookeeper-3.4.13.jar
7f4083684000-7f4083685000 r--s 00004000 08:01 342983                     /home/uic/hadoop-3.2.1/share/hadoop/hdfs/lib/jackson-jaxrs-1.9.13.jar
7f4083685000-7f4083688000 r--s 0001b000 08:01 342973                     /home/uic/hadoop-3.2.1/share/hadoop/hdfs/lib/jetty-servlet-9.3.24.v20180605.jar
7f4083688000-7f4083689000 r--s 00004000 08:01 342954                     /home/uic/hadoop-3.2.1/share/hadoop/hdfs/lib/kerb-simplekdc-1.0.1.jar
7f4083689000-7f40836a3000 r--s 00155000 08:01 342988                     /home/uic/hadoop-3.2.1/share/hadoop/hdfs/lib/htrace-core4-4.1.0-incubating.jar
7f40836a3000-7f40836ac000 r--s 00062000 08:01 342987                     /home/uic/hadoop-3.2.1/share/hadoop/hdfs/lib/avro-1.7.7.jar
7f40836ac000-7f40836b1000 r--s 0002a000 08:01 343029                     /home/uic/hadoop-3.2.1/share/hadoop/hdfs/lib/gson-2.2.4.jar
7f40836b1000-7f40836b2000 r--s 00000000 08:01 343031                     /home/uic/hadoop-3.2.1/share/hadoop/hdfs/lib/failureaccess-1.0.jar
7f40836b2000-7f40836b4000 r--s 00006000 08:01 343018                     /home/uic/hadoop-3.2.1/share/hadoop/hdfs/lib/accessors-smart-1.2.jar
7f40836b4000-7f40836b6000 r--s 00001000 08:01 343016                     /home/uic/hadoop-3.2.1/share/hadoop/hdfs/lib/j2objc-annotations-1.1.jar
7f40836b6000-7f40836ba000 r--s 0001c000 08:01 343024                     /home/uic/hadoop-3.2.1/share/hadoop/hdfs/lib/jersey-servlet-1.19.jar
7f40836ba000-7f40836bc000 r--s 00008000 08:01 342998                     /home/uic/hadoop-3.2.1/share/hadoop/hdfs/lib/jetty-util-ajax-9.3.24.v20180605.jar
7f40836bc000-7f40836c2000 r--s 0002c000 08:01 343027                     /home/uic/hadoop-3.2.1/share/hadoop/hdfs/lib/curator-framework-2.13.0.jar
7f40836c2000-7f40836c6000 r--s 00024000 08:01 343013                     /home/uic/hadoop-3.2.1/share/hadoop/hdfs/lib/stax2-api-3.1.4.jar
7f40836c6000-7f40836cc000 r--s 00044000 08:01 342978                     /home/uic/hadoop-3.2.1/share/hadoop/hdfs/lib/nimbus-jose-jwt-4.41.1.jar
7f40836cc000-7f40836d3000 r--s 00069000 08:01 343002                     /home/uic/hadoop-3.2.1/share/hadoop/hdfs/lib/jetty-util-9.3.24.v20180605.jar
7f40836d3000-7f40836d6000 r--s 00011000 08:01 342964                     /home/uic/hadoop-3.2.1/share/hadoop/hdfs/lib/kerb-admin-1.0.1.jar
7f40836d6000-7f40836e3000 r--s 00083000 08:01 342994                     /home/uic/hadoop-3.2.1/share/hadoop/hdfs/lib/commons-collections-3.2.2.jar
7f40836e3000-7f40836e6000 r--s 00012000 08:01 342951                     /home/uic/hadoop-3.2.1/share/hadoop/hdfs/lib/kerb-server-1.0.1.jar
7f40836e6000-7f40836e7000 r--s 00005000 08:01 342980                     /home/uic/hadoop-3.2.1/share/hadoop/hdfs/lib/json-simple-1.1.1.jar
7f40836e7000-7f40836e8000 r--s 00004000 08:01 343025                     /home/uic/hadoop-3.2.1/share/hadoop/hdfs/lib/token-provider-1.0.1.jar
7f40836e8000-7f40836f0000 r--s 0007b000 08:01 343014                     /home/uic/hadoop-3.2.1/share/hadoop/hdfs/lib/protobuf-java-2.5.0.jar
7f40836f0000-7f40836f5000 r--s 00047000 08:01 342997                     /home/uic/hadoop-3.2.1/share/hadoop/hdfs/lib/dnsjava-2.1.7.jar
7f40836f5000-7f40836f7000 r--s 00006000 08:01 342993                     /home/uic/hadoop-3.2.1/share/hadoop/hdfs/lib/paranamer-2.3.jar
7f40836f7000-7f408371e000 r--s 00205000 08:01 342956                     /home/uic/hadoop-3.2.1/share/hadoop/hdfs/lib/netty-all-4.0.52.Final.jar
7f408371e000-7f4083721000 r--s 00019000 08:01 342975                     /home/uic/hadoop-3.2.1/share/hadoop/hdfs/lib/kerb-client-1.0.1.jar
7f4083721000-7f4083725000 r--s 00035000 08:01 343033                     /home/uic/hadoop-3.2.1/share/hadoop/hdfs/lib/jackson-core-asl-1.9.13.jar
7f4083725000-7f408372c000 r--s 00031000 08:01 342971                     /home/uic/hadoop-3.2.1/share/hadoop/hdfs/lib/kerb-core-1.0.1.jar
7f408372c000-7f408373a000 r--s 000b1000 08:01 342991                     /home/uic/hadoop-3.2.1/share/hadoop/hdfs/lib/jackson-mapper-asl-1.9.13.jar
7f408373a000-7f4083745000 r--s 00086000 08:01 343026                     /home/uic/hadoop-3.2.1/share/hadoop/hdfs/lib/commons-compress-1.18.jar
7f4083745000-7f4083747000 r--s 00006000 08:01 342947                     /home/uic/hadoop-3.2.1/share/hadoop/hdfs/lib/kerby-xdr-1.0.1.jar
7f4083747000-7f408374b000 r--s 0004c000 08:01 343012                     /home/uic/hadoop-3.2.1/share/hadoop/hdfs/lib/jackson-core-2.9.8.jar
7f408374b000-7f408374f000 r--s 00025000 08:01 342958                     /home/uic/hadoop-3.2.1/share/hadoop/hdfs/lib/jersey-json-1.19.jar
7f408374f000-7f408375f000 r--s 0009c000 08:01 342981                     /home/uic/hadoop-3.2.1/share/hadoop/hdfs/lib/jersey-server-1.19.jar
7f408375f000-7f4083762000 r--s 000fd000 08:01 342955                     /home/uic/hadoop-3.2.1/share/hadoop/hdfs/lib/leveldbjni-all-1.8.jar
7f4083762000-7f4083766000 r--s 00029000 08:01 342976                     /home/uic/hadoop-3.2.1/share/hadoop/hdfs/lib/commons-text-1.4.jar
7f4083766000-7f4083768000 r--s 00006000 08:01 342996                     /home/uic/hadoop-3.2.1/share/hadoop/hdfs/lib/kerby-config-1.0.1.jar
7f4083768000-7f4083769000 r--s 00000000 08:01 342968                     /home/uic/hadoop-3.2.1/share/hadoop/hdfs/lib/animal-sniffer-annotations-1.17.jar
7f4083769000-7f4083771000 r--s 00078000 08:01 342999                     /home/uic/hadoop-3.2.1/share/hadoop/hdfs/lib/jetty-server-9.3.24.v20180605.jar
7f4083771000-7f408377e000 r--s 000af000 08:01 342995                     /home/uic/hadoop-3.2.1/share/hadoop/hdfs/lib/httpclient-4.5.6.jar
7f408377e000-7f408377f000 r--s 00004000 08:01 343009                     /home/uic/hadoop-3.2.1/share/hadoop/hdfs/lib/audience-annotations-0.5.0.jar
7f408377f000-7f4083781000 r--s 0000f000 08:01 343030                     /home/uic/hadoop-3.2.1/share/hadoop/hdfs/lib/okio-1.6.0.jar
7f4083781000-7f4083794000 r--s 000c7000 08:01 343000                     /home/uic/hadoop-3.2.1/share/hadoop/hdfs/lib/jaxb-impl-2.2.3-1.jar
7f4083794000-7f408379b000 r--s 0004b000 08:01 343010                     /home/uic/hadoop-3.2.1/share/hadoop/hdfs/lib/commons-codec-1.11.jar
7f408379b000-7f40837b4000 r--s 0012c000 08:01 343038                     /home/uic/hadoop-3.2.1/share/hadoop/hdfs/lib/netty-3.10.5.Final.jar
7f40837b4000-7f40837b7000 r--s 0001a000 08:01 343177                     /home/uic/hadoop-3.2.1/share/hadoop/yarn/hadoop-yarn-submarine-3.2.1.jar
7f40837b7000-7f40837db000 r--s 0020a000 08:01 343262                     /home/uic/hadoop-3.2.1/share/hadoop/yarn/hadoop-yarn-server-resourcemanager-3.2.1.jar
7f40837db000-7f40837dd000 r--s 00012000 08:01 343264                     /home/uic/hadoop-3.2.1/share/hadoop/yarn/hadoop-yarn-server-web-proxy-3.2.1.jar
7f40837dd000-7f40837df000 r--s 0001a000 08:01 343265                     /home/uic/hadoop-3.2.1/share/hadoop/yarn/hadoop-yarn-applications-distributedshell-3.2.1.jar
7f40837df000-7f40837e4000 r--s 00043000 08:01 343307                     /home/uic/hadoop-3.2.1/share/hadoop/yarn/hadoop-yarn-server-applicationhistoryservice-3.2.1.jar
7f40837e4000-7f40837e9000 r--s 00033000 08:01 343284                     /home/uic/hadoop-3.2.1/share/hadoop/yarn/hadoop-yarn-registry-3.2.1.jar
7f40837e9000-7f40837ec000 r--s 00024000 08:01 343259                     /home/uic/hadoop-3.2.1/share/hadoop/yarn/hadoop-yarn-server-router-3.2.1.jar
7f40837ec000-7f40837ee000 r--s 00015000 08:01 343210                     /home/uic/hadoop-3.2.1/share/hadoop/yarn/hadoop-yarn-server-timeline-pluginstorage-3.2.1.jar
7f40837ee000-7f40837f1000 r--s 00015000 08:01 343209                     /home/uic/hadoop-3.2.1/share/hadoop/yarn/hadoop-yarn-server-sharedcachemanager-3.2.1.jar
7f40837f1000-7f40837f2000 r--s 0000d000 08:01 343212                     /home/uic/hadoop-3.2.1/share/hadoop/yarn/hadoop-yarn-applications-unmanaged-am-launcher-3.2.1.jar
7f40837f2000-7f40837fc000 r--s 00091000 08:01 343213                     /home/uic/hadoop-3.2.1/share/hadoop/yarn/hadoop-yarn-services-core-3.2.1.jar
7f40837fc000-7f4083800000 r--s 0004b000 08:01 343260                     /home/uic/hadoop-3.2.1/share/hadoop/yarn/hadoop-yarn-client-3.2.1.jar
7f4083800000-7f4083818000 r--s 00137000 08:01 343176                     /home/uic/hadoop-3.2.1/share/hadoop/yarn/hadoop-yarn-server-nodemanager-3.2.1.jar
7f4083818000-7f408383c000 r--s 002a5000 08:01 343211                     /home/uic/hadoop-3.2.1/share/hadoop/yarn/hadoop-yarn-common-3.2.1.jar
7f408383c000-7f4083854000 r--s 0013d000 08:01 343282                     /home/uic/hadoop-3.2.1/share/hadoop/yarn/hadoop-yarn-server-common-3.2.1.jar
7f4083854000-7f4083856000 r--s 00019000 08:01 343281                     /home/uic/hadoop-3.2.1/share/hadoop/yarn/hadoop-yarn-services-api-3.2.1.jar
7f4083856000-7f4083883000 r--s 002f6000 08:01 343283                     /home/uic/hadoop-3.2.1/share/hadoop/yarn/hadoop-yarn-api-3.2.1.jar
7f4083883000-7f40838db000 r--s 003a7000 08:01 343296                     /home/uic/hadoop-3.2.1/share/hadoop/yarn/lib/bcprov-jdk15on-1.60.jar
7f40838db000-7f40838dd000 r--s 00000000 08:01 343285                     /home/uic/hadoop-3.2.1/share/hadoop/yarn/lib/aopalliance-1.0.jar
7f40838dd000-7f40838e0000 r--s 0000b000 08:01 343300                     /home/uic/hadoop-3.2.1/share/hadoop/yarn/lib/geronimo-jcache_1.0_spec-1.0-alpha-1.jar
7f40838e0000-7f4083906000 r--s 00180000 08:01 343302                     /home/uic/hadoop-3.2.1/share/hadoop/yarn/lib/ehcache-3.3.1.jar
7f4083906000-7f4083907000 r--s 00003000 08:01 343292                     /home/uic/hadoop-3.2.1/share/hadoop/yarn/lib/jackson-jaxrs-json-provider-2.9.8.jar
7f4083907000-7f408390a000 r--s 0001e000 08:01 343293                     /home/uic/hadoop-3.2.1/share/hadoop/yarn/lib/jersey-client-1.19.jar
7f408390a000-7f408390b000 r--s 00007000 08:01 343306                     /home/uic/hadoop-3.2.1/share/hadoop/yarn/lib/jackson-module-jaxb-annotations-2.9.8.jar
7f408390b000-7f4083914000 r--s 000b9000 08:01 343304                     /home/uic/hadoop-3.2.1/share/hadoop/yarn/lib/mssql-jdbc-6.2.1.jre7.jar
7f4083914000-7f4083916000 r--s 00005000 08:01 343297                     /home/uic/hadoop-3.2.1/share/hadoop/yarn/lib/objenesis-1.0.jar
7f4083916000-7f4083917000 r--s 00007000 08:01 343286                     /home/uic/hadoop-3.2.1/share/hadoop/yarn/lib/jackson-jaxrs-base-2.9.8.jar
7f4083917000-7f4083918000 r--s 00003000 08:01 343294                     /home/uic/hadoop-3.2.1/share/hadoop/yarn/lib/swagger-annotations-1.5.4.jar
7f4083918000-7f408392b000 r--s 000b0000 08:01 343290                     /home/uic/hadoop-3.2.1/share/hadoop/yarn/lib/bcpkix-jdk15on-1.60.jar
7f408392b000-7f408392d000 r--s 00011000 08:01 343295                     /home/uic/hadoop-3.2.1/share/hadoop/yarn/lib/guice-servlet-4.0.jar
7f408392d000-7f4083931000 r--s 0001e000 08:01 343303                     /home/uic/hadoop-3.2.1/share/hadoop/yarn/lib/metrics-core-3.2.4.jar
7f4083931000-7f4083932000 r--s 00000000 08:01 343298                     /home/uic/hadoop-3.2.1/share/hadoop/yarn/lib/javax.inject-1.jar
7f4083932000-7f4083940000 r--s 00096000 08:01 343305                     /home/uic/hadoop-3.2.1/share/hadoop/yarn/lib/guice-4.0.jar
7f4083940000-7f4083947000 r--s 00058000 08:01 343301                     /home/uic/hadoop-3.2.1/share/hadoop/yarn/lib/fst-2.50.jar
7f4083947000-7f408394a000 r--s 0001e000 08:01 343289                     /home/uic/hadoop-3.2.1/share/hadoop/yarn/lib/HikariCP-java7-2.4.12.jar
7f408394a000-7f408394c000 r--s 00011000 08:01 343291                     /home/uic/hadoop-3.2.1/share/hadoop/yarn/lib/json-io-2.5.1.jar
7f408394c000-7f4083952000 r--s 0003c000 08:01 343288                     /home/uic/hadoop-3.2.1/share/hadoop/yarn/lib/snakeyaml-1.16.jar
7f4083952000-7f408396d000 r--s 001d6000 08:01 280375                     /usr/lib/jvm/java-8-openjdk-amd64/jre/lib/ext/nashorn.jar
7f408396d000-7f4083988000 r--s 00394000 08:01 280370                     /usr/lib/jvm/java-8-openjdk-amd64/jre/lib/ext/cldrdata.jar
7f4083988000-7f4083989000 ---p 00000000 00:00 0 
7f4083989000-7f4083a89000 rw-p 00000000 00:00 0 
7f4083a89000-7f4083a8c000 ---p 00000000 00:00 0 
7f4083a8c000-7f4083b8a000 rw-p 00000000 00:00 0 
7f4083b8a000-7f4083b8b000 ---p 00000000 00:00 0 
7f4083b8b000-7f4083b8e000 ---p 00000000 00:00 0 
7f4083b8e000-7f4083c8b000 rw-p 00000000 00:00 0 
7f4083c8b000-7f4083c8c000 ---p 00000000 00:00 0 
7f4083c8c000-7f4083c8f000 ---p 00000000 00:00 0 
7f4083c8f000-7f4083d8c000 rw-p 00000000 00:00 0 
7f4083d8c000-7f4083d8f000 ---p 00000000 00:00 0 
7f4083d8f000-7f4083e8d000 rw-p 00000000 00:00 0 
7f4083e8d000-7f4084000000 r--p 00000000 08:01 7800                       /usr/lib/locale/C.UTF-8/LC_COLLATE
7f4084000000-7f4084021000 rw-p 00000000 00:00 0 
7f4084021000-7f4088000000 ---p 00000000 00:00 0 
7f4088000000-7f4088021000 rw-p 00000000 00:00 0 
7f4088021000-7f408c000000 ---p 00000000 00:00 0 
7f408c000000-7f408c021000 rw-p 00000000 00:00 0 
7f408c021000-7f4090000000 ---p 00000000 00:00 0 
7f4090000000-7f4090002000 r--s 0000d000 08:01 343287                     /home/uic/hadoop-3.2.1/share/hadoop/yarn/lib/java-util-1.9.0.jar
7f4090002000-7f4090003000 r--s 00003000 08:01 343299                     /home/uic/hadoop-3.2.1/share/hadoop/yarn/lib/jersey-guice-1.19.jar
7f4090003000-7f4090005000 r--s 00007000 08:01 34299                      /usr/share/java/java-atk-wrapper.jar
7f4090005000-7f4090007000 r--s 00001000 08:01 280371                     /usr/lib/jvm/java-8-openjdk-amd64/jre/lib/ext/dnsns.jar
7f4090007000-7f4090008000 r--s 0000a000 08:01 280373                     /usr/lib/jvm/java-8-openjdk-amd64/jre/lib/ext/jaccess.jar
7f4090008000-7f4090009000 r--s 00010000 08:01 280379                     /usr/lib/jvm/java-8-openjdk-amd64/jre/lib/ext/zipfs.jar
7f4090009000-7f4090013000 r--s 00116000 08:01 280374                     /usr/lib/jvm/java-8-openjdk-amd64/jre/lib/ext/localedata.jar
7f4090013000-7f4090014000 r--s 0000d000 08:01 280376                     /usr/lib/jvm/java-8-openjdk-amd64/jre/lib/ext/sunec.jar
7f4090014000-7f4090019000 r--s 0003c000 08:01 280377                     /usr/lib/jvm/java-8-openjdk-amd64/jre/lib/ext/sunjce_provider.jar
7f4090019000-7f409004a000 r--p 00000000 08:01 7801                       /usr/lib/locale/C.UTF-8/LC_CTYPE
7f409004a000-7f40901e5000 r--p 00000000 08:01 7795                       /usr/lib/locale/locale-archive
7f40901e5000-7f40901e8000 ---p 00000000 00:00 0 
7f40901e8000-7f40902e6000 rw-p 00000000 00:00 0 
7f40902e6000-7f40902e9000 ---p 00000000 00:00 0 
7f40902e9000-7f40903e7000 rw-p 00000000 00:00 0 
7f40903e7000-7f40903e8000 ---p 00000000 00:00 0 
7f40903e8000-7f4090df1000 rw-p 00000000 00:00 0 
7f4090df1000-7f4090fc1000 r--s 03c5c000 08:01 280399                     /usr/lib/jvm/java-8-openjdk-amd64/jre/lib/rt.jar
7f4090fc1000-7f409387e000 rw-p 00000000 00:00 0 
7f409387e000-7f409387f000 ---p 00000000 00:00 0 
7f409387f000-7f409397f000 rw-p 00000000 00:00 0 
7f409397f000-7f4093980000 ---p 00000000 00:00 0 
7f4093980000-7f4093b03000 rw-p 00000000 00:00 0 
7f4093b03000-7f4093bc9000 ---p 00000000 00:00 0 
7f4093bc9000-7f4093c4c000 rw-p 00000000 00:00 0 
7f4093c4c000-7f4093d11000 ---p 00000000 00:00 0 
7f4093d11000-7f4093d75000 rw-p 00000000 00:00 0 
7f4093d75000-7f4093db6000 ---p 00000000 00:00 0 
7f4093db6000-7f4093dd3000 rw-p 00000000 00:00 0 
7f4093dd3000-7f4094177000 ---p 00000000 00:00 0 
7f4094177000-7f4094867000 rwxp 00000000 00:00 0 
7f4094867000-7f40a3177000 ---p 00000000 00:00 0 
7f40a3177000-7f40a317f000 r-xp 00000000 08:01 280356                     /usr/lib/jvm/java-8-openjdk-amd64/jre/lib/amd64/libzip.so
7f40a317f000-7f40a337e000 ---p 00008000 08:01 280356                     /usr/lib/jvm/java-8-openjdk-amd64/jre/lib/amd64/libzip.so
7f40a337e000-7f40a337f000 r--p 00007000 08:01 280356                     /usr/lib/jvm/java-8-openjdk-amd64/jre/lib/amd64/libzip.so
7f40a337f000-7f40a3380000 rw-p 00008000 08:01 280356                     /usr/lib/jvm/java-8-openjdk-amd64/jre/lib/amd64/libzip.so
7f40a3380000-7f40a338b000 r-xp 00000000 08:01 2093                       /lib/x86_64-linux-gnu/libnss_files-2.27.so
7f40a338b000-7f40a358a000 ---p 0000b000 08:01 2093                       /lib/x86_64-linux-gnu/libnss_files-2.27.so
7f40a358a000-7f40a358b000 r--p 0000a000 08:01 2093                       /lib/x86_64-linux-gnu/libnss_files-2.27.so
7f40a358b000-7f40a358c000 rw-p 0000b000 08:01 2093                       /lib/x86_64-linux-gnu/libnss_files-2.27.so
7f40a358c000-7f40a3592000 rw-p 00000000 00:00 0 
7f40a3592000-7f40a35a9000 r-xp 00000000 08:01 2090                       /lib/x86_64-linux-gnu/libnsl-2.27.so
7f40a35a9000-7f40a37a8000 ---p 00017000 08:01 2090                       /lib/x86_64-linux-gnu/libnsl-2.27.so
7f40a37a8000-7f40a37a9000 r--p 00016000 08:01 2090                       /lib/x86_64-linux-gnu/libnsl-2.27.so
7f40a37a9000-7f40a37aa000 rw-p 00017000 08:01 2090                       /lib/x86_64-linux-gnu/libnsl-2.27.so
7f40a37aa000-7f40a37ac000 rw-p 00000000 00:00 0 
7f40a37ac000-7f40a37b7000 r-xp 00000000 08:01 2095                       /lib/x86_64-linux-gnu/libnss_nis-2.27.so
7f40a37b7000-7f40a39b6000 ---p 0000b000 08:01 2095                       /lib/x86_64-linux-gnu/libnss_nis-2.27.so
7f40a39b6000-7f40a39b7000 r--p 0000a000 08:01 2095                       /lib/x86_64-linux-gnu/libnss_nis-2.27.so
7f40a39b7000-7f40a39b8000 rw-p 0000b000 08:01 2095                       /lib/x86_64-linux-gnu/libnss_nis-2.27.so
7f40a39b8000-7f40a39c0000 r-xp 00000000 08:01 2091                       /lib/x86_64-linux-gnu/libnss_compat-2.27.so
7f40a39c0000-7f40a3bc0000 ---p 00008000 08:01 2091                       /lib/x86_64-linux-gnu/libnss_compat-2.27.so
7f40a3bc0000-7f40a3bc1000 r--p 00008000 08:01 2091                       /lib/x86_64-linux-gnu/libnss_compat-2.27.so
7f40a3bc1000-7f40a3bc2000 rw-p 00009000 08:01 2091                       /lib/x86_64-linux-gnu/libnss_compat-2.27.so
7f40a3bc2000-7f40a3bec000 r-xp 00000000 08:01 280337                     /usr/lib/jvm/java-8-openjdk-amd64/jre/lib/amd64/libjava.so
7f40a3bec000-7f40a3deb000 ---p 0002a000 08:01 280337                     /usr/lib/jvm/java-8-openjdk-amd64/jre/lib/amd64/libjava.so
7f40a3deb000-7f40a3dec000 r--p 00029000 08:01 280337                     /usr/lib/jvm/java-8-openjdk-amd64/jre/lib/amd64/libjava.so
7f40a3dec000-7f40a3dee000 rw-p 0002a000 08:01 280337                     /usr/lib/jvm/java-8-openjdk-amd64/jre/lib/amd64/libjava.so
7f40a3dee000-7f40a3dfe000 r-xp 00000000 08:01 280355                     /usr/lib/jvm/java-8-openjdk-amd64/jre/lib/amd64/libverify.so
7f40a3dfe000-7f40a3ffd000 ---p 00010000 08:01 280355                     /usr/lib/jvm/java-8-openjdk-amd64/jre/lib/amd64/libverify.so
7f40a3ffd000-7f40a3fff000 r--p 0000f000 08:01 280355                     /usr/lib/jvm/java-8-openjdk-amd64/jre/lib/amd64/libverify.so
7f40a3fff000-7f40a4000000 rw-p 00011000 08:01 280355                     /usr/lib/jvm/java-8-openjdk-amd64/jre/lib/amd64/libverify.so
7f40a4000000-7f40a534c000 rw-p 00000000 00:00 0 
7f40a534c000-7f40a8000000 ---p 00000000 00:00 0 
7f40a8000000-7f40a8003000 r--s 00039000 08:01 280378                     /usr/lib/jvm/java-8-openjdk-amd64/jre/lib/ext/sunpkcs11.jar
7f40a8003000-7f40a8006000 r--s 0000f000 08:01 280372                     /usr/lib/jvm/java-8-openjdk-amd64/jre/lib/ext/icedtea-sound.jar
7f40a8006000-7f40a8007000 r--p 00000000 08:01 7806                       /usr/lib/locale/C.UTF-8/LC_NUMERIC
7f40a8007000-7f40a8008000 r--p 00000000 08:01 7809                       /usr/lib/locale/C.UTF-8/LC_TIME
7f40a8008000-7f40a8009000 r--p 00000000 08:01 7804                       /usr/lib/locale/C.UTF-8/LC_MONETARY
7f40a8009000-7f40a800a000 r--p 00000000 08:01 7798                       /usr/lib/locale/C.UTF-8/LC_MESSAGES/SYS_LC_MESSAGES
7f40a800a000-7f40a800b000 r--p 00000000 08:01 7807                       /usr/lib/locale/C.UTF-8/LC_PAPER
7f40a800b000-7f40a80e4000 rw-p 00000000 00:00 0 
7f40a80e4000-7f40a80eb000 r-xp 00000000 08:01 2180                       /lib/x86_64-linux-gnu/librt-2.27.so
7f40a80eb000-7f40a82ea000 ---p 00007000 08:01 2180                       /lib/x86_64-linux-gnu/librt-2.27.so
7f40a82ea000-7f40a82eb000 r--p 00006000 08:01 2180                       /lib/x86_64-linux-gnu/librt-2.27.so
7f40a82eb000-7f40a82ec000 rw-p 00007000 08:01 2180                       /lib/x86_64-linux-gnu/librt-2.27.so
7f40a82ec000-7f40a8303000 r-xp 00000000 08:01 2096                       /lib/x86_64-linux-gnu/libgcc_s.so.1
7f40a8303000-7f40a8502000 ---p 00017000 08:01 2096                       /lib/x86_64-linux-gnu/libgcc_s.so.1
7f40a8502000-7f40a8503000 r--p 00016000 08:01 2096                       /lib/x86_64-linux-gnu/libgcc_s.so.1
7f40a8503000-7f40a8504000 rw-p 00017000 08:01 2096                       /lib/x86_64-linux-gnu/libgcc_s.so.1
7f40a8504000-7f40a86a1000 r-xp 00000000 08:01 2087                       /lib/x86_64-linux-gnu/libm-2.27.so
7f40a86a1000-7f40a88a0000 ---p 0019d000 08:01 2087                       /lib/x86_64-linux-gnu/libm-2.27.so
7f40a88a0000-7f40a88a1000 r--p 0019c000 08:01 2087                       /lib/x86_64-linux-gnu/libm-2.27.so
7f40a88a1000-7f40a88a2000 rw-p 0019d000 08:01 2087                       /lib/x86_64-linux-gnu/libm-2.27.so
7f40a88a2000-7f40a8a1b000 r-xp 00000000 08:01 5016                       /usr/lib/x86_64-linux-gnu/libstdc++.so.6.0.25
7f40a8a1b000-7f40a8c1b000 ---p 00179000 08:01 5016                       /usr/lib/x86_64-linux-gnu/libstdc++.so.6.0.25
7f40a8c1b000-7f40a8c25000 r--p 00179000 08:01 5016                       /usr/lib/x86_64-linux-gnu/libstdc++.so.6.0.25
7f40a8c25000-7f40a8c27000 rw-p 00183000 08:01 5016                       /usr/lib/x86_64-linux-gnu/libstdc++.so.6.0.25
7f40a8c27000-7f40a8c2b000 rw-p 00000000 00:00 0 
7f40a8c2b000-7f40a98ca000 r-xp 00000000 08:01 280359                     /usr/lib/jvm/java-8-openjdk-amd64/jre/lib/amd64/server/libjvm.so
7f40a98ca000-7f40a9aca000 ---p 00c9f000 08:01 280359                     /usr/lib/jvm/java-8-openjdk-amd64/jre/lib/amd64/server/libjvm.so
7f40a9aca000-7f40a9b5e000 r--p 00c9f000 08:01 280359                     /usr/lib/jvm/java-8-openjdk-amd64/jre/lib/amd64/server/libjvm.so
7f40a9b5e000-7f40a9b87000 rw-p 00d33000 08:01 280359                     /usr/lib/jvm/java-8-openjdk-amd64/jre/lib/amd64/server/libjvm.so
7f40a9b87000-7f40a9bb7000 rw-p 00000000 00:00 0 
7f40a9bb7000-7f40a9bd1000 r-xp 00000000 08:01 2178                       /lib/x86_64-linux-gnu/libpthread-2.27.so
7f40a9bd1000-7f40a9dd0000 ---p 0001a000 08:01 2178                       /lib/x86_64-linux-gnu/libpthread-2.27.so
7f40a9dd0000-7f40a9dd1000 r--p 00019000 08:01 2178                       /lib/x86_64-linux-gnu/libpthread-2.27.so
7f40a9dd1000-7f40a9dd2000 rw-p 0001a000 08:01 2178                       /lib/x86_64-linux-gnu/libpthread-2.27.so
7f40a9dd2000-7f40a9dd6000 rw-p 00000000 00:00 0 
7f40a9dd6000-7f40a9dd9000 r-xp 00000000 08:01 2086                       /lib/x86_64-linux-gnu/libdl-2.27.so
7f40a9dd9000-7f40a9fd8000 ---p 00003000 08:01 2086                       /lib/x86_64-linux-gnu/libdl-2.27.so
7f40a9fd8000-7f40a9fd9000 r--p 00002000 08:01 2086                       /lib/x86_64-linux-gnu/libdl-2.27.so
7f40a9fd9000-7f40a9fda000 rw-p 00003000 08:01 2086                       /lib/x86_64-linux-gnu/libdl-2.27.so
7f40a9fda000-7f40a9ff6000 r-xp 00000000 08:01 2183                       /lib/x86_64-linux-gnu/libz.so.1.2.11
7f40a9ff6000-7f40aa1f5000 ---p 0001c000 08:01 2183                       /lib/x86_64-linux-gnu/libz.so.1.2.11
7f40aa1f5000-7f40aa1f6000 r--p 0001b000 08:01 2183                       /lib/x86_64-linux-gnu/libz.so.1.2.11
7f40aa1f6000-7f40aa1f7000 rw-p 0001c000 08:01 2183                       /lib/x86_64-linux-gnu/libz.so.1.2.11
7f40aa1f7000-7f40aa3de000 r-xp 00000000 08:01 2083                       /lib/x86_64-linux-gnu/libc-2.27.so
7f40aa3de000-7f40aa5de000 ---p 001e7000 08:01 2083                       /lib/x86_64-linux-gnu/libc-2.27.so
7f40aa5de000-7f40aa5e2000 r--p 001e7000 08:01 2083                       /lib/x86_64-linux-gnu/libc-2.27.so
7f40aa5e2000-7f40aa5e4000 rw-p 001eb000 08:01 2083                       /lib/x86_64-linux-gnu/libc-2.27.so
7f40aa5e4000-7f40aa5e8000 rw-p 00000000 00:00 0 
7f40aa5e8000-7f40aa5f6000 r-xp 00000000 08:01 280323                     /usr/lib/jvm/java-8-openjdk-amd64/jre/lib/amd64/jli/libjli.so
7f40aa5f6000-7f40aa7f5000 ---p 0000e000 08:01 280323                     /usr/lib/jvm/java-8-openjdk-amd64/jre/lib/amd64/jli/libjli.so
7f40aa7f5000-7f40aa7f6000 r--p 0000d000 08:01 280323                     /usr/lib/jvm/java-8-openjdk-amd64/jre/lib/amd64/jli/libjli.so
7f40aa7f6000-7f40aa7f7000 rw-p 0000e000 08:01 280323                     /usr/lib/jvm/java-8-openjdk-amd64/jre/lib/amd64/jli/libjli.so
7f40aa7f7000-7f40aa81e000 r-xp 00000000 08:01 2079                       /lib/x86_64-linux-gnu/ld-2.27.so
7f40aa81e000-7f40aa903000 rw-p 00000000 00:00 0 
7f40aa903000-7f40aa904000 ---p 00000000 00:00 0 
7f40aa904000-7f40aa907000 ---p 00000000 00:00 0 
7f40aa907000-7f40aaa06000 rw-p 00000000 00:00 0 
7f40aaa06000-7f40aaa07000 r--p 00000000 08:01 7805                       /usr/lib/locale/C.UTF-8/LC_NAME
7f40aaa07000-7f40aaa08000 r--p 00000000 08:01 7799                       /usr/lib/locale/C.UTF-8/LC_ADDRESS
7f40aaa08000-7f40aaa09000 r--p 00000000 08:01 7808                       /usr/lib/locale/C.UTF-8/LC_TELEPHONE
7f40aaa09000-7f40aaa0a000 r--p 00000000 08:01 7803                       /usr/lib/locale/C.UTF-8/LC_MEASUREMENT
7f40aaa0a000-7f40aaa11000 r--s 00000000 08:01 5009                       /usr/lib/x86_64-linux-gnu/gconv/gconv-modules.cache
7f40aaa11000-7f40aaa12000 r--p 00000000 08:01 7802                       /usr/lib/locale/C.UTF-8/LC_IDENTIFICATION
7f40aaa12000-7f40aaa1a000 rw-s 00000000 08:01 2002                       /tmp/hsperfdata_uic/1431
7f40aaa1a000-7f40aaa1b000 rw-p 00000000 00:00 0 
7f40aaa1b000-7f40aaa1c000 ---p 00000000 00:00 0 
7f40aaa1c000-7f40aaa1e000 rw-p 00000000 00:00 0 
7f40aaa1e000-7f40aaa1f000 r--p 00027000 08:01 2079                       /lib/x86_64-linux-gnu/ld-2.27.so
7f40aaa1f000-7f40aaa20000 rw-p 00028000 08:01 2079                       /lib/x86_64-linux-gnu/ld-2.27.so
7f40aaa20000-7f40aaa21000 rw-p 00000000 00:00 0 
7ffe96c2e000-7ffe96c53000 rw-p 00000000 00:00 0                          [stack]
7ffe96d82000-7ffe96d85000 r--p 00000000 00:00 0                          [vvar]
7ffe96d85000-7ffe96d87000 r-xp 00000000 00:00 0                          [vdso]
ffffffffff600000-ffffffffff601000 r-xp 00000000 00:00 0                  [vsyscall]

VM Arguments:
jvm_args: -Dfile.encoding=UTF-8 
java_command: wordcount.wordcount hdfs:arrow4g:9000/data/wordcount hdfs://arrow4g:9000/data/eclipse-wordcount-output
java_class_path (initial): /home/uic/eclipse-workspace/wordcount/bin:/home/uic/hadoop-3.2.1/share/hadoop/yarn/lib/jersey-guice-1.19.jar:/home/uic/hadoop-3.2.1/share/hadoop/yarn/lib/java-util-1.9.0.jar:/home/uic/hadoop-3.2.1/share/hadoop/yarn/lib/snakeyaml-1.16.jar:/home/uic/hadoop-3.2.1/share/hadoop/yarn/lib/json-io-2.5.1.jar:/home/uic/hadoop-3.2.1/share/hadoop/yarn/lib/HikariCP-java7-2.4.12.jar:/home/uic/hadoop-3.2.1/share/hadoop/yarn/lib/fst-2.50.jar:/home/uic/hadoop-3.2.1/share/hadoop/yarn/lib/guice-4.0.jar:/home/uic/hadoop-3.2.1/share/hadoop/yarn/lib/javax.inject-1.jar:/home/uic/hadoop-3.2.1/share/hadoop/yarn/lib/metrics-core-3.2.4.jar:/home/uic/hadoop-3.2.1/share/hadoop/yarn/lib/guice-servlet-4.0.jar:/home/uic/hadoop-3.2.1/share/hadoop/yarn/lib/bcpkix-jdk15on-1.60.jar:/home/uic/hadoop-3.2.1/share/hadoop/yarn/lib/swagger-annotations-1.5.4.jar:/home/uic/hadoop-3.2.1/share/hadoop/yarn/lib/jackson-jaxrs-base-2.9.8.jar:/home/uic/hadoop-3.2.1/share/hadoop/yarn/lib/objenesis-1.0.jar:/home/uic/hadoop-3.2.1/share/hadoop/yarn/lib/mssql-jdbc-6.2.1.jre7.jar:/home/uic/hadoop-3.2.1/share/hadoop/yarn/lib/jackson-module-jaxb-annotations-2.9.8.jar:/home/uic/hadoop-3.2.1/share/hadoop/yarn/lib/jersey-client-1.19.jar:/home/uic/hadoop-3.2.1/share/hadoop/yarn/lib/jackson-jaxrs-json-provider-2.9.8.jar:/home/uic/hadoop-3.2.1/share/hadoop/yarn/lib/ehcache-3.3.1.jar:/home/uic/hadoop-3.2.1/share/hadoop/yarn/lib/geronimo-jcache_1.0_spec-1.0-alpha-1.jar:/home/uic/hadoop-3.2.1/share/hadoop/yarn/lib/aopalliance-1.0.jar:/home/uic/hadoop-3.2.1/share/hadoop/yarn/lib/bcprov-jdk15on-1.60.jar:/home/uic/hadoop-3.2.1/share/hadoop/yarn/hadoop-yarn-api-3.2.1.jar:/home/uic/hadoop-3.2.1/share/hadoop/yarn/hadoop-yarn-services-api-3.2.1.jar:/home/uic/hadoop-3.2.1/share/hadoop/yarn/hadoop-yarn-server-common-3.2.1.jar:/home/uic/hadoop-3.2.1/share/hadoop/yarn/hadoop-yarn-common-3.2.1.jar:/home/uic/hadoop-3.2.1/share/hadoop/yarn/hadoop-yarn-server-nodemanager-3.2.1.jar:/home/uic/hadoop-3.2.1/share/hadoop/ya
Launcher Type: SUN_STANDARD

Environment Variables:
JAVA_HOME=/usr/lib/jvm/java-8-openjdk-amd64/
PATH=:/home/uic/hadoop-3.2.1/bin:/home/uic/hadoop-3.2.1/sbin::/home/uic/hadoop-3.2.1/bin:/home/uic/hadoop-3.2.1/sbin:/sbin:/bin:/usr/bin:/usr/local/bin:/snap/bin:/usr/lib/jvm/java-8-openjdk-amd64//bin:/usr/lib/jvm/java-8-openjdk-amd64//bin
SHELL=/bin/bash
DISPLAY=:10.0

Signal Handlers:
SIGSEGV: [libjvm.so+0xab92f0], sa_mask[0]=11111111011111111101111111111110, sa_flags=SA_RESTART|SA_SIGINFO
SIGBUS: [libjvm.so+0xab92f0], sa_mask[0]=11111111011111111101111111111110, sa_flags=SA_RESTART|SA_SIGINFO
SIGFPE: [libjvm.so+0x8ee560], sa_mask[0]=11111111011111111101111111111110, sa_flags=SA_RESTART|SA_SIGINFO
SIGPIPE: [libjvm.so+0x8ee560], sa_mask[0]=11111111011111111101111111111110, sa_flags=SA_RESTART|SA_SIGINFO
SIGXFSZ: [libjvm.so+0x8ee560], sa_mask[0]=11111111011111111101111111111110, sa_flags=SA_RESTART|SA_SIGINFO
SIGILL: [libjvm.so+0x8ee560], sa_mask[0]=11111111011111111101111111111110, sa_flags=SA_RESTART|SA_SIGINFO
SIGUSR1: SIG_DFL, sa_mask[0]=00000000000000000000000000000000, sa_flags=none
SIGUSR2: [libjvm.so+0x8ee410], sa_mask[0]=00100000000000000000000000000000, sa_flags=SA_RESTART|SA_SIGINFO
SIGHUP: [libjvm.so+0x8eea80], sa_mask[0]=11111111011111111101111111111110, sa_flags=SA_RESTART|SA_SIGINFO
SIGINT: [libjvm.so+0x8eea80], sa_mask[0]=11111111011111111101111111111110, sa_flags=SA_RESTART|SA_SIGINFO
SIGTERM: [libjvm.so+0x8eea80], sa_mask[0]=11111111011111111101111111111110, sa_flags=SA_RESTART|SA_SIGINFO
SIGQUIT: [libjvm.so+0x8eea80], sa_mask[0]=11111111011111111101111111111110, sa_flags=SA_RESTART|SA_SIGINFO


---------------  S Y S T E M  ---------------

OS:DISTRIB_ID=Ubuntu
DISTRIB_RELEASE=18.04
DISTRIB_CODENAME=bionic
DISTRIB_DESCRIPTION="Ubuntu 18.04.3 LTS"

uname:Linux 4.15.0-65-generic #74-Ubuntu SMP Tue Sep 17 17:06:04 UTC 2019 x86_64
libc:glibc 2.27 NPTL 2.27 
rlimit: STACK 8192k, CORE 0k, NPROC 15641, NOFILE 4096, AS infinity
load average:8.89 2.56 1.10

/proc/meminfo:
MemTotal:        4034484 kB
MemFree:           86680 kB
MemAvailable:          0 kB
Buffers:             284 kB
Cached:            28520 kB
SwapCached:            0 kB
Active:          3721828 kB
Inactive:          26196 kB
Active(anon):    3720644 kB
Inactive(anon):    24504 kB
Active(file):       1184 kB
Inactive(file):     1692 kB
Unevictable:          96 kB
Mlocked:              96 kB
SwapTotal:             0 kB
SwapFree:              0 kB
Dirty:                 8 kB
Writeback:             4 kB
AnonPages:       3719520 kB
Mapped:            26288 kB
Shmem:             25724 kB
Slab:             109976 kB
SReclaimable:      38296 kB
SUnreclaim:        71680 kB
KernelStack:       12832 kB
PageTables:        41588 kB
NFS_Unstable:          0 kB
Bounce:                0 kB
WritebackTmp:          0 kB
CommitLimit:     2017240 kB
Committed_AS:    6600992 kB
VmallocTotal:   34359738367 kB
VmallocUsed:           0 kB
VmallocChunk:          0 kB
HardwareCorrupted:     0 kB
AnonHugePages:         0 kB
ShmemHugePages:        0 kB
ShmemPmdMapped:        0 kB
CmaTotal:              0 kB
CmaFree:               0 kB
HugePages_Total:       0
HugePages_Free:        0
HugePages_Rsvd:        0
HugePages_Surp:        0
Hugepagesize:       2048 kB
DirectMap4k:      139136 kB
DirectMap2M:     4055040 kB

container (cgroup) information:
container_type: cgroupv1
cpu_cpuset_cpus: 0-1
cpu_memory_nodes: 0
active_processor_count: 2
cpu_quota: -1
cpu_period: 100000
cpu_shares: -1
memory_limit_in_bytes: -1
memory_and_swap_limit_in_bytes: -2
memory_soft_limit_in_bytes: -1
memory_usage_in_bytes: 3817365504
memory_max_usage_in_bytes: 3819134976


CPU:total 2 (initial active 2) (1 cores per cpu, 1 threads per core) family 6 model 85 stepping 4, cmov, cx8, fxsr, mmx, sse, sse2, sse3, ssse3, sse4.1, sse4.2, popcnt, avx, aes, clmul, 3dnowpref, tsc, tscinvbit

/proc/cpuinfo:
processor	: 0
vendor_id	: GenuineIntel
cpu family	: 6
model		: 85
model name	: Intel(R) Xeon(R) Gold 6148 CPU @ 2.40GHz
stepping	: 4
microcode	: 0x200005e
cpu MHz		: 2394.375
cache size	: 28160 KB
physical id	: 0
siblings	: 1
core id		: 0
cpu cores	: 1
apicid		: 0
initial apicid	: 0
fpu		: yes
fpu_exception	: yes
cpuid level	: 13
wp		: yes
flags		: fpu vme de pse tsc msr pae mce cx8 apic sep mtrr pge mca cmov pat pse36 clflush dts mmx fxsr sse sse2 ss syscall nx rdtscp lm constant_tsc arch_perfmon pebs bts nopl tsc_reliable nonstop_tsc cpuid pni pclmulqdq ssse3 fma cx16 sse4_1 sse4_2 movbe popcnt aes xsave avx hypervisor lahf_lm 3dnowprefetch pti arat
bugs		: cpu_meltdown spectre_v1 spectre_v2 spec_store_bypass l1tf mds swapgs
bogomips	: 4788.75
clflush size	: 64
cache_alignment	: 64
address sizes	: 40 bits physical, 48 bits virtual
power management:

processor	: 1
vendor_id	: GenuineIntel
cpu family	: 6
model		: 85
model name	: Intel(R) Xeon(R) Gold 6148 CPU @ 2.40GHz
stepping	: 4
microcode	: 0x200005e
cpu MHz		: 2394.375
cache size	: 28160 KB
physical id	: 2
siblings	: 1
core id		: 0
cpu cores	: 1
apicid		: 2
initial apicid	: 2
fpu		: yes
fpu_exception	: yes
cpuid level	: 13
wp		: yes
flags		: fpu vme de pse tsc msr pae mce cx8 apic sep mtrr pge mca cmov pat pse36 clflush dts mmx fxsr sse sse2 ss syscall nx rdtscp lm constant_tsc arch_perfmon pebs bts nopl tsc_reliable nonstop_tsc cpuid pni pclmulqdq ssse3 fma cx16 sse4_1 sse4_2 movbe popcnt aes xsave avx hypervisor lahf_lm 3dnowprefetch pti arat
bugs		: cpu_meltdown spectre_v1 spectre_v2 spec_store_bypass l1tf mds swapgs
bogomips	: 4788.75
clflush size	: 64
cache_alignment	: 64
address sizes	: 40 bits physical, 48 bits virtual
power management:



Memory: 4k page, physical 4034484k(86896k free), swap 0k(0k free)

vm_info: OpenJDK 64-Bit Server VM (25.222-b10) for linux-amd64 JRE (1.8.0_222-8u222-b10-1ubuntu1~18.04.1-b10), built on Jul 18 2019 18:52:48 by "buildd" with gcc 7.4.0

time: Tue Nov  5 11:36:28 2019
timezone: UTC
elapsed time: 29 seconds (0d 0h 0m 29s)

