#
# There is insufficient memory for the Java Runtime Environment to continue.
# Native memory allocation (mmap) failed to map 105381888 bytes for committing reserved memory.
# Possible reasons:
#   The system is out of physical RAM or swap space
#   The process is running with CompressedOops enabled, and the Java Heap may be blocking the growth of the native heap
# Possible solutions:
#   Reduce memory load on the system
#   Increase physical memory or swap space
#   Check if swap backing store is full
#   Decrease Java heap size (-Xmx/-Xms)
#   Decrease number of Java threads
#   Decrease Java thread stack sizes (-Xss)
#   Set larger code cache with -XX:ReservedCodeCacheSize=
#   JVM is running with Unscaled Compressed Oops mode in which the Java heap is
#     placed in the first 4GB address space. The Java Heap base address is the
#     maximum limit for the native heap growth. Please use -XX:HeapBaseMinAddress
#     to set the Java Heap base and to place the Java Heap above 4GB virtual address.
# This output file may be truncated or incomplete.
#
#  Out of Memory Error (os_linux.cpp:2757), pid=17694, tid=0x00007fcc9152e700
#
# JRE version: OpenJDK Runtime Environment (8.0_222-b10) (build 1.8.0_222-8u222-b10-1ubuntu1~18.04.1-b10)
# Java VM: OpenJDK 64-Bit Server VM (25.222-b10 mixed mode linux-amd64 compressed oops)
# Failed to write core dump. Core dumps have been disabled. To enable core dumping, try "ulimit -c unlimited" before starting Java again
#

---------------  T H R E A D  ---------------

Current thread (0x00007fcc7401d000):  JavaThread "LocalJobRunner Map Task Executor #0" [_thread_in_vm, id=17757, stack(0x00007fcc9142e000,0x00007fcc9152f000)]

Stack: [0x00007fcc9142e000,0x00007fcc9152f000],  sp=0x00007fcc9152cef0,  free space=1019k
Native frames: (J=compiled Java code, j=interpreted, Vv=VM code, C=native code)
V  [libjvm.so+0xab8992]
V  [libjvm.so+0x4dbfd7]
V  [libjvm.so+0x8f33a0]
V  [libjvm.so+0x8ea46e]
V  [libjvm.so+0x96e106]
V  [libjvm.so+0x95cdaa]
V  [libjvm.so+0x95cf78]
V  [libjvm.so+0x95d298]
V  [libjvm.so+0x919aab]
V  [libjvm.so+0xa76a66]
V  [libjvm.so+0x66f6f7]
j  org.apache.hadoop.mapred.MapTask$MapOutputBuffer.init(Lorg/apache/hadoop/mapred/MapOutputCollector$Context;)V+245
j  org.apache.hadoop.mapred.MapTask.createSortingCollector(Lorg/apache/hadoop/mapred/JobConf;Lorg/apache/hadoop/mapred/Task$TaskReporter;)Lorg/apache/hadoop/mapred/MapOutputCollector;+162
j  org.apache.hadoop.mapred.MapTask.access$100(Lorg/apache/hadoop/mapred/MapTask;Lorg/apache/hadoop/mapred/JobConf;Lorg/apache/hadoop/mapred/Task$TaskReporter;)Lorg/apache/hadoop/mapred/MapOutputCollector;+3
j  org.apache.hadoop.mapred.MapTask$NewOutputCollector.<init>(Lorg/apache/hadoop/mapred/MapTask;Lorg/apache/hadoop/mapreduce/JobContext;Lorg/apache/hadoop/mapred/JobConf;Lorg/apache/hadoop/mapred/TaskUmbilicalProtocol;Lorg/apache/hadoop/mapred/Task$TaskReporter;)V+14
j  org.apache.hadoop.mapred.MapTask.runNewMapper(Lorg/apache/hadoop/mapred/JobConf;Lorg/apache/hadoop/mapreduce/split/JobSplit$TaskSplitIndex;Lorg/apache/hadoop/mapred/TaskUmbilicalProtocol;Lorg/apache/hadoop/mapred/Task$TaskReporter;)V+170
j  org.apache.hadoop.mapred.MapTask.run(Lorg/apache/hadoop/mapred/JobConf;Lorg/apache/hadoop/mapred/TaskUmbilicalProtocol;)V+148
j  org.apache.hadoop.mapred.LocalJobRunner$Job$MapTaskRunnable.run()V+223
j  java.util.concurrent.Executors$RunnableAdapter.call()Ljava/lang/Object;+4
j  java.util.concurrent.FutureTask.run()V+42
j  java.util.concurrent.ThreadPoolExecutor.runWorker(Ljava/util/concurrent/ThreadPoolExecutor$Worker;)V+95
j  java.util.concurrent.ThreadPoolExecutor$Worker.run()V+5
j  java.lang.Thread.run()V+11
v  ~StubRoutines::call_stub
V  [libjvm.so+0x6820ea]
V  [libjvm.so+0x67f6cb]
V  [libjvm.so+0x67fcb7]
V  [libjvm.so+0x6c6c2b]
V  [libjvm.so+0xa56023]
V  [libjvm.so+0xa571e8]
V  [libjvm.so+0x8f0732]
C  [libpthread.so.0+0x76db]  start_thread+0xdb

Java frames: (J=compiled Java code, j=interpreted, Vv=VM code)
j  org.apache.hadoop.mapred.MapTask$MapOutputBuffer.init(Lorg/apache/hadoop/mapred/MapOutputCollector$Context;)V+245
j  org.apache.hadoop.mapred.MapTask.createSortingCollector(Lorg/apache/hadoop/mapred/JobConf;Lorg/apache/hadoop/mapred/Task$TaskReporter;)Lorg/apache/hadoop/mapred/MapOutputCollector;+162
j  org.apache.hadoop.mapred.MapTask.access$100(Lorg/apache/hadoop/mapred/MapTask;Lorg/apache/hadoop/mapred/JobConf;Lorg/apache/hadoop/mapred/Task$TaskReporter;)Lorg/apache/hadoop/mapred/MapOutputCollector;+3
j  org.apache.hadoop.mapred.MapTask$NewOutputCollector.<init>(Lorg/apache/hadoop/mapred/MapTask;Lorg/apache/hadoop/mapreduce/JobContext;Lorg/apache/hadoop/mapred/JobConf;Lorg/apache/hadoop/mapred/TaskUmbilicalProtocol;Lorg/apache/hadoop/mapred/Task$TaskReporter;)V+14
j  org.apache.hadoop.mapred.MapTask.runNewMapper(Lorg/apache/hadoop/mapred/JobConf;Lorg/apache/hadoop/mapreduce/split/JobSplit$TaskSplitIndex;Lorg/apache/hadoop/mapred/TaskUmbilicalProtocol;Lorg/apache/hadoop/mapred/Task$TaskReporter;)V+170
j  org.apache.hadoop.mapred.MapTask.run(Lorg/apache/hadoop/mapred/JobConf;Lorg/apache/hadoop/mapred/TaskUmbilicalProtocol;)V+148
j  org.apache.hadoop.mapred.LocalJobRunner$Job$MapTaskRunnable.run()V+223
j  java.util.concurrent.Executors$RunnableAdapter.call()Ljava/lang/Object;+4
j  java.util.concurrent.FutureTask.run()V+42
j  java.util.concurrent.ThreadPoolExecutor.runWorker(Ljava/util/concurrent/ThreadPoolExecutor$Worker;)V+95
j  java.util.concurrent.ThreadPoolExecutor$Worker.run()V+5
j  java.lang.Thread.run()V+11
v  ~StubRoutines::call_stub

---------------  P R O C E S S  ---------------

Java Threads: ( => current thread )
  0x00007fcc800ac800 JavaThread "communication thread" daemon [_thread_blocked, id=17805, stack(0x00007fcc90bef000,0x00007fcc90cf0000)]
  0x00007fcc80099000 JavaThread "communication thread" daemon [_thread_blocked, id=17797, stack(0x00007fcc90cf0000,0x00007fcc90df1000)]
  0x00007fcc8009a000 JavaThread "communication thread" daemon [_thread_blocked, id=17789, stack(0x00007fcc90e2a000,0x00007fcc90f2b000)]
  0x00007fcc80095800 JavaThread "process reaper" daemon [_thread_blocked, id=17785, stack(0x00007fcc90df1000,0x00007fcc90e2a000)]
  0x00007fcc80094800 JavaThread "communication thread" daemon [_thread_blocked, id=17780, stack(0x00007fcc90f2b000,0x00007fcc9102c000)]
  0x00007fcc80081000 JavaThread "communication thread" daemon [_thread_blocked, id=17772, stack(0x00007fcc9102c000,0x00007fcc9112d000)]
  0x00007fcc80019000 JavaThread "communication thread" daemon [_thread_blocked, id=17758, stack(0x00007fcc9112d000,0x00007fcc9122e000)]
=>0x00007fcc7401d000 JavaThread "LocalJobRunner Map Task Executor #0" [_thread_in_vm, id=17757, stack(0x00007fcc9142e000,0x00007fcc9152f000)]
  0x00007fccbd388000 JavaThread "Thread-23" [_thread_blocked, id=17756, stack(0x00007fcc91b73000,0x00007fcc91c74000)]
  0x00007fccbd24b000 JavaThread "IPC Parameter Sending Thread #0" daemon [_thread_blocked, id=17717, stack(0x00007fcc91c74000,0x00007fcc91d75000)]
  0x00007fccbd24a000 JavaThread "IPC Client (1472465) connection to arrow4g/172.31.12.83:9000 from uic" daemon [_thread_blocked, id=17716, stack(0x00007fcc91d75000,0x00007fcc91e76000)]
  0x00007fccbd216000 JavaThread "Timer for 'JobTracker' metrics system" daemon [_thread_blocked, id=17715, stack(0x00007fcc91e76000,0x00007fcc91f77000)]
  0x00007fccbc63b800 JavaThread "org.apache.hadoop.fs.FileSystem$Statistics$StatisticsDataReferenceCleaner" daemon [_thread_blocked, id=17713, stack(0x00007fcc92fa9000,0x00007fcc930aa000)]
  0x00007fccbcec3800 JavaThread "process reaper" daemon [_thread_blocked, id=17711, stack(0x00007fcc930aa000,0x00007fcc930e3000)]
  0x00007fccbc0d7800 JavaThread "Service Thread" daemon [_thread_blocked, id=17708, stack(0x00007fcc93bcb000,0x00007fcc93ccc000)]
  0x00007fccbc0c3000 JavaThread "C1 CompilerThread1" daemon [_thread_in_vm, id=17707, stack(0x00007fcc93ccd000,0x00007fcc93dcd000)]
  0x00007fccbc0c0000 JavaThread "C2 CompilerThread0" daemon [_thread_blocked, id=17706, stack(0x00007fcc93dce000,0x00007fcc93ece000)]
  0x00007fccbc0be800 JavaThread "Signal Dispatcher" daemon [_thread_blocked, id=17705, stack(0x00007fcc93ece000,0x00007fcc93fcf000)]
  0x00007fccbc089800 JavaThread "Finalizer" daemon [_thread_blocked, id=17704, stack(0x00007fcca831e000,0x00007fcca841f000)]
  0x00007fccbc087000 JavaThread "Reference Handler" daemon [_thread_blocked, id=17703, stack(0x00007fcca841f000,0x00007fcca8520000)]
  0x00007fccbc013800 JavaThread "main" [_thread_blocked, id=17695, stack(0x00007fccc2a38000,0x00007fccc2b38000)]

Other Threads:
  0x00007fccbc07d800 VMThread [stack: 0x00007fcca8521000,0x00007fcca8621000] [id=17702]
  0x00007fccbc0e2800 WatcherThread [stack: 0x00007fcc93acb000,0x00007fcc93bcb000] [id=17709]

VM state:not at safepoint (normal execution)

VM Mutex/Monitor currently owned by a thread:  ([mutex/lock_event])
[0x00007fccbc00fce0] ExpandHeap_lock - owner thread: 0x00007fcc7401d000
[0x00007fccbc010860] Heap_lock - owner thread: 0x00007fcc7401d000

heap address: 0x00000000c2600000, size: 986 MB, Compressed Oops mode: 32-bit
Narrow klass base: 0x0000000000000000, Narrow klass shift: 3
Compressed class space size: 1073741824 Address: 0x0000000100000000

Heap:
 PSYoungGen      total 162816K, used 115917K [0x00000000eb780000, 0x00000000fa800000, 0x0000000100000000)
  eden space 160768K, 71% used [0x00000000eb780000,0x00000000f2705ef0,0x00000000f5480000)
  from space 2048K, 83% used [0x00000000fa600000,0x00000000fa7ad7d8,0x00000000fa800000)
  to   space 19456K, 0% used [0x00000000f8200000,0x00000000f8200000,0x00000000f9500000)
 ParOldGen       total 394752K, used 338691K [0x00000000c2600000, 0x00000000da780000, 0x00000000eb780000)
  object space 394752K, 85% used [0x00000000c2600000,0x00000000d70c0cd0,0x00000000da780000)
 Metaspace       used 26742K, capacity 27012K, committed 27392K, reserved 1073152K
  class space    used 2959K, capacity 3042K, committed 3072K, reserved 1048576K

Card table byte_map: [0x00007fccabddb000,0x00007fccabfc9000] byte_map_base: 0x00007fccab7c8000

Marking Bits: (ParMarkBitMap*) 0x00007fccc1cce360
 Begin Bits: [0x00007fcca9bc0000, 0x00007fccaab28000)
 End Bits:   [0x00007fccaab28000, 0x00007fccaba90000)

Polling page: 0x00007fccc2b4f000

CodeCache: size=245760Kb used=5551Kb max_used=6323Kb free=240208Kb
 bounds [0x00007fccac389000, 0x00007fccac9c9000, 0x00007fccbb389000]
 total_blobs=2283 nmethods=1772 adapters=425
 compilation: enabled

Compilation events (10 events):
Event: 6.204 Thread 0x00007fccbc0c3000 nmethod 2011 0x00007fccac7f9a50 code [0x00007fccac7f9ba0, 0x00007fccac7f9cb0]
Event: 6.418 Thread 0x00007fccbc0c3000 2012  s    3       java.io.BufferedOutputStream::flush (12 bytes)
Event: 6.425 Thread 0x00007fccbc0c3000 nmethod 2012 0x00007fccac7bbed0 code [0x00007fccac7bc060, 0x00007fccac7bc558]
Event: 6.425 Thread 0x00007fccbc0c3000 2013       1       org.apache.hadoop.conf.Configuration$DeprecatedKeyInfo::access$100 (5 bytes)
Event: 6.426 Thread 0x00007fccbc0c3000 nmethod 2013 0x00007fccac49b650 code [0x00007fccac49b7a0, 0x00007fccac49b890]
Event: 6.444 Thread 0x00007fccbc0c3000 2014       3       org.apache.log4j.spi.LoggingEvent::getLocationInformation (34 bytes)
Event: 6.445 Thread 0x00007fccbc0c3000 nmethod 2014 0x00007fccac49f710 code [0x00007fccac49f8a0, 0x00007fccac49fb78]
Event: 6.460 Thread 0x00007fccbc0c3000 2015       3       java.nio.Buffer::clear (20 bytes)
Event: 6.460 Thread 0x00007fccbc0c3000 nmethod 2015 0x00007fccac543850 code [0x00007fccac5439a0, 0x00007fccac543b10]
Event: 6.526 Thread 0x00007fccbc0c3000 2016       1       java.util.Formatter$FixedString::index (3 bytes)

GC Heap History (10 events):
Event: 2.672 GC heap before
{Heap before GC invocations=6 (full 0):
 PSYoungGen      total 66048K, used 54342K [0x00000000eb780000, 0x00000000f4080000, 0x0000000100000000)
  eden space 63488K, 81% used [0x00000000eb780000,0x00000000eea191e8,0x00000000ef580000)
  from space 2560K, 98% used [0x00000000ef580000,0x00000000ef7f8860,0x00000000ef800000)
  to   space 6656K, 0% used [0x00000000f3a00000,0x00000000f3a00000,0x00000000f4080000)
 ParOldGen       total 42496K, used 7586K [0x00000000c2600000, 0x00000000c4f80000, 0x00000000eb780000)
  object space 42496K, 17% used [0x00000000c2600000,0x00000000c2d68b68,0x00000000c4f80000)
 Metaspace       used 20904K, capacity 21098K, committed 21248K, reserved 1069056K
  class space    used 2371K, capacity 2451K, committed 2560K, reserved 1048576K
Event: 2.685 GC heap after
Heap after GC invocations=6 (full 0):
 PSYoungGen      total 132608K, used 6416K [0x00000000eb780000, 0x00000000f4280000, 0x0000000100000000)
  eden space 125952K, 0% used [0x00000000eb780000,0x00000000eb780000,0x00000000f3280000)
  from space 6656K, 96% used [0x00000000f3a00000,0x00000000f4044130,0x00000000f4080000)
  to   space 7680K, 0% used [0x00000000f3280000,0x00000000f3280000,0x00000000f3a00000)
 ParOldGen       total 42496K, used 7594K [0x00000000c2600000, 0x00000000c4f80000, 0x00000000eb780000)
  object space 42496K, 17% used [0x00000000c2600000,0x00000000c2d6ab68,0x00000000c4f80000)
 Metaspace       used 20904K, capacity 21098K, committed 21248K, reserved 1069056K
  class space    used 2371K, capacity 2451K, committed 2560K, reserved 1048576K
}
Event: 2.685 GC heap before
{Heap before GC invocations=7 (full 1):
 PSYoungGen      total 132608K, used 6416K [0x00000000eb780000, 0x00000000f4280000, 0x0000000100000000)
  eden space 125952K, 0% used [0x00000000eb780000,0x00000000eb780000,0x00000000f3280000)
  from space 6656K, 96% used [0x00000000f3a00000,0x00000000f4044130,0x00000000f4080000)
  to   space 7680K, 0% used [0x00000000f3280000,0x00000000f3280000,0x00000000f3a00000)
 ParOldGen       total 42496K, used 7594K [0x00000000c2600000, 0x00000000c4f80000, 0x00000000eb780000)
  object space 42496K, 17% used [0x00000000c2600000,0x00000000c2d6ab68,0x00000000c4f80000)
 Metaspace       used 20904K, capacity 21098K, committed 21248K, reserved 1069056K
  class space    used 2371K, capacity 2451K, committed 2560K, reserved 1048576K
Event: 2.716 GC heap after
Heap after GC invocations=7 (full 1):
 PSYoungGen      total 132608K, used 0K [0x00000000eb780000, 0x00000000f4280000, 0x0000000100000000)
  eden space 125952K, 0% used [0x00000000eb780000,0x00000000eb780000,0x00000000f3280000)
  from space 6656K, 0% used [0x00000000f3a00000,0x00000000f3a00000,0x00000000f4080000)
  to   space 7680K, 0% used [0x00000000f3280000,0x00000000f3280000,0x00000000f3a00000)
 ParOldGen       total 31232K, used 6826K [0x00000000c2600000, 0x00000000c4480000, 0x00000000eb780000)
  object space 31232K, 21% used [0x00000000c2600000,0x00000000c2caa8d0,0x00000000c4480000)
 Metaspace       used 20904K, capacity 21098K, committed 21248K, reserved 1069056K
  class space    used 2371K, capacity 2451K, committed 2560K, reserved 1048576K
}
Event: 3.799 GC heap before
{Heap before GC invocations=8 (full 1):
 PSYoungGen      total 132608K, used 125952K [0x00000000eb780000, 0x00000000f4280000, 0x0000000100000000)
  eden space 125952K, 100% used [0x00000000eb780000,0x00000000f3280000,0x00000000f3280000)
  from space 6656K, 0% used [0x00000000f3a00000,0x00000000f3a00000,0x00000000f4080000)
  to   space 7680K, 0% used [0x00000000f3280000,0x00000000f3280000,0x00000000f3a00000)
 ParOldGen       total 134144K, used 109226K [0x00000000c2600000, 0x00000000ca900000, 0x00000000eb780000)
  object space 134144K, 81% used [0x00000000c2600000,0x00000000c90aa8e0,0x00000000ca900000)
 Metaspace       used 25679K, capacity 25938K, committed 26240K, reserved 1073152K
  class space    used 2864K, capacity 2943K, committed 2944K, reserved 1048576K
Event: 3.866 GC heap after
Heap after GC invocations=8 (full 1):
 PSYoungGen      total 133632K, used 7648K [0x00000000eb780000, 0x00000000fb980000, 0x0000000100000000)
  eden space 125952K, 0% used [0x00000000eb780000,0x00000000eb780000,0x00000000f3280000)
  from space 7680K, 99% used [0x00000000f3280000,0x00000000f39f83e0,0x00000000f3a00000)
  to   space 19968K, 0% used [0x00000000fa600000,0x00000000fa600000,0x00000000fb980000)
 ParOldGen       total 134144K, used 130918K [0x00000000c2600000, 0x00000000ca900000, 0x00000000eb780000)
  object space 134144K, 97% used [0x00000000c2600000,0x00000000ca5d9a98,0x00000000ca900000)
 Metaspace       used 25679K, capacity 25938K, committed 26240K, reserved 1073152K
  class space    used 2864K, capacity 2943K, committed 2944K, reserved 1048576K
}
Event: 3.866 GC heap before
{Heap before GC invocations=9 (full 2):
 PSYoungGen      total 133632K, used 7648K [0x00000000eb780000, 0x00000000fb980000, 0x0000000100000000)
  eden space 125952K, 0% used [0x00000000eb780000,0x00000000eb780000,0x00000000f3280000)
  from space 7680K, 99% used [0x00000000f3280000,0x00000000f39f83e0,0x00000000f3a00000)
  to   space 19968K, 0% used [0x00000000fa600000,0x00000000fa600000,0x00000000fb980000)
 ParOldGen       total 134144K, used 130918K [0x00000000c2600000, 0x00000000ca900000, 0x00000000eb780000)
  object space 134144K, 97% used [0x00000000c2600000,0x00000000ca5d9a98,0x00000000ca900000)
 Metaspace       used 25679K, capacity 25938K, committed 26240K, reserved 1073152K
  class space    used 2864K, capacity 2943K, committed 2944K, reserved 1048576K
Event: 4.122 GC heap after
Heap after GC invocations=9 (full 2):
 PSYoungGen      total 133632K, used 456K [0x00000000eb780000, 0x00000000fb980000, 0x0000000100000000)
  eden space 125952K, 0% used [0x00000000eb780000,0x00000000eb780000,0x00000000f3280000)
  from space 7680K, 5% used [0x00000000f3280000,0x00000000f32f2110,0x00000000f3a00000)
  to   space 19968K, 0% used [0x00000000fa600000,0x00000000fa600000,0x00000000fb980000)
 ParOldGen       total 188928K, used 133891K [0x00000000c2600000, 0x00000000cde80000, 0x00000000eb780000)
  object space 188928K, 70% used [0x00000000c2600000,0x00000000ca8c0cb0,0x00000000cde80000)
 Metaspace       used 25679K, capacity 25938K, committed 26240K, reserved 1073152K
  class space    used 2864K, capacity 2943K, committed 2944K, reserved 1048576K
}
Event: 4.465 GC heap before
{Heap before GC invocations=10 (full 2):
 PSYoungGen      total 133632K, used 126408K [0x00000000eb780000, 0x00000000fb980000, 0x0000000100000000)
  eden space 125952K, 100% used [0x00000000eb780000,0x00000000f3280000,0x00000000f3280000)
  from space 7680K, 5% used [0x00000000f3280000,0x00000000f32f2110,0x00000000f3a00000)
  to   space 19968K, 0% used [0x00000000fa600000,0x00000000fa600000,0x00000000fb980000)
 ParOldGen       total 291840K, used 236291K [0x00000000c2600000, 0x00000000d4300000, 0x00000000eb780000)
  object space 291840K, 80% used [0x00000000c2600000,0x00000000d0cc0cc0,0x00000000d4300000)
 Metaspace       used 26700K, capacity 26930K, committed 27136K, reserved 1073152K
  class space    used 2957K, capacity 3039K, committed 3072K, reserved 1048576K
Event: 4.481 GC heap after
Heap after GC invocations=10 (full 2):
 PSYoungGen      total 162816K, used 1717K [0x00000000eb780000, 0x00000000fa800000, 0x0000000100000000)
  eden space 160768K, 0% used [0x00000000eb780000,0x00000000eb780000,0x00000000f5480000)
  from space 2048K, 83% used [0x00000000fa600000,0x00000000fa7ad7d8,0x00000000fa800000)
  to   space 19456K, 0% used [0x00000000f8200000,0x00000000f8200000,0x00000000f9500000)
 ParOldGen       total 291840K, used 236291K [0x00000000c2600000, 0x00000000d4300000, 0x00000000eb780000)
  object space 291840K, 80% used [0x00000000c2600000,0x00000000d0cc0cc0,0x00000000d4300000)
 Metaspace       used 26700K, capacity 26930K, committed 27136K, reserved 1073152K
  class space    used 2957K, capacity 3039K, committed 3072K, reserved 1048576K
}

Deoptimization events (10 events):
Event: 3.592 Thread 0x00007fcc7401d000 Uncommon trap: reason=class_check action=maybe_recompile pc=0x00007fccac81bac0 method=java.util.Collections$UnmodifiableCollection.size()I @ 4
Event: 3.619 Thread 0x00007fcc7401d000 Uncommon trap: reason=null_check action=make_not_entrant pc=0x00007fccac82f15c method=java.lang.StringCoding.decode(Ljava/lang/String;[BII)[C @ 6
Event: 4.124 Thread 0x00007fcc7401d000 Uncommon trap: reason=unstable_if action=reinterpret pc=0x00007fccac7e87e4 method=com.google.protobuf.CodedInputStream.readRawVarint32()I @ 22
Event: 4.143 Thread 0x00007fcc7401d000 Uncommon trap: reason=unstable_if action=reinterpret pc=0x00007fccac833d78 method=java.lang.StringCoding$StringEncoder.encode([CII)[B @ 20
Event: 4.165 Thread 0x00007fcc7401d000 Uncommon trap: reason=bimorphic action=maybe_recompile pc=0x00007fccac73a4c4 method=java.io.DataOutputStream.writeShort(I)V @ 12
Event: 4.165 Thread 0x00007fcc7401d000 Uncommon trap: reason=class_check action=maybe_recompile pc=0x00007fccac77c8ac method=java.io.DataOutputStream.write(I)V @ 5
Event: 4.171 Thread 0x00007fcc7401d000 Uncommon trap: reason=unstable_if action=reinterpret pc=0x00007fccac7e9a88 method=com.google.protobuf.CodedInputStream.refillBuffer(Z)Z @ 34
Event: 4.290 Thread 0x00007fcc7401d000 Uncommon trap: reason=bimorphic action=maybe_recompile pc=0x00007fccac73a4c4 method=java.io.DataOutputStream.writeShort(I)V @ 12
Event: 4.442 Thread 0x00007fcc7401d000 Uncommon trap: reason=bimorphic action=maybe_recompile pc=0x00007fccac73a4c4 method=java.io.DataOutputStream.writeShort(I)V @ 12
Event: 4.521 Thread 0x00007fcc7401d000 Uncommon trap: reason=bimorphic action=maybe_recompile pc=0x00007fccac73a4c4 method=java.io.DataOutputStream.writeShort(I)V @ 12

Classes redefined (0 events):
No events

Internal exceptions (10 events):
Event: 0.667 Thread 0x00007fccbc013800 Exception <a 'java/lang/ClassNotFoundException': org/apache/log4j/FileAppenderBeanInfo> (0x00000000ec157f50) thrown at [/build/openjdk-8-OqY7zN/openjdk-8-8u222-b10/src/hotspot/src/share/vm/classfile/systemDictionary.cpp, line 210]
Event: 0.668 Thread 0x00007fccbc013800 Exception <a 'java/lang/ClassNotFoundException': org/apache/log4j/WriterAppenderBeanInfo> (0x00000000ec183b70) thrown at [/build/openjdk-8-OqY7zN/openjdk-8-8u222-b10/src/hotspot/src/share/vm/classfile/systemDictionary.cpp, line 210]
Event: 0.672 Thread 0x00007fccbc013800 Exception <a 'java/lang/ClassNotFoundException': org/apache/log4j/AppenderSkeletonBeanInfo> (0x00000000ec1b0df8) thrown at [/build/openjdk-8-OqY7zN/openjdk-8-8u222-b10/src/hotspot/src/share/vm/classfile/systemDictionary.cpp, line 210]
Event: 0.673 Thread 0x00007fccbc013800 Exception <a 'java/lang/ClassNotFoundException': org/apache/log4j/AppenderSkeletonCustomizer> (0x00000000ec1e0c90) thrown at [/build/openjdk-8-OqY7zN/openjdk-8-8u222-b10/src/hotspot/src/share/vm/classfile/systemDictionary.cpp, line 210]
Event: 0.676 Thread 0x00007fccbc013800 Exception <a 'java/lang/ClassNotFoundException': org/apache/log4j/WriterAppenderCustomizer> (0x00000000ec227810) thrown at [/build/openjdk-8-OqY7zN/openjdk-8-8u222-b10/src/hotspot/src/share/vm/classfile/systemDictionary.cpp, line 210]
Event: 0.680 Thread 0x00007fccbc013800 Exception <a 'java/lang/ClassNotFoundException': org/apache/log4j/FileAppenderCustomizer> (0x00000000ec25fae0) thrown at [/build/openjdk-8-OqY7zN/openjdk-8-8u222-b10/src/hotspot/src/share/vm/classfile/systemDictionary.cpp, line 210]
Event: 0.710 Thread 0x00007fccbc013800 Exception <a 'java/lang/ClassNotFoundException': org/apache/log4j/DailyRollingFileAppenderCustomizer> (0x00000000ec2a2350) thrown at [/build/openjdk-8-OqY7zN/openjdk-8-8u222-b10/src/hotspot/src/share/vm/classfile/systemDictionary.cpp, line 210]
Event: 1.421 Thread 0x00007fccbc013800 Exception <a 'java/lang/NoSuchFieldError': method resolution failed> (0x00000000ec3ffe50) thrown at [/build/openjdk-8-OqY7zN/openjdk-8-8u222-b10/src/hotspot/src/share/vm/prims/methodHandles.cpp, line 1167]
Event: 1.428 Thread 0x00007fccbc013800 Exception <a 'java/lang/NoSuchFieldError': method resolution failed> (0x00000000ec40d550) thrown at [/build/openjdk-8-OqY7zN/openjdk-8-8u222-b10/src/hotspot/src/share/vm/prims/methodHandles.cpp, line 1167]
Event: 3.619 Thread 0x00007fcc7401d000 Implicit null exception at 0x00007fccac82eba0 to 0x00007fccac82f141

Events (10 events):
Event: 6.426 Thread 0x00007fccbc0c3000 flushing nmethod 0x00007fccac4f3210
Event: 6.443 Thread 0x00007fcc800ac800 Thread added: 0x00007fcc800ac800
Event: 6.459 Thread 0x00007fccbc0c3000 flushing nmethod 0x00007fccac528810
Event: 6.459 Thread 0x00007fccbc0c3000 flushing nmethod 0x00007fccac543850
Event: 6.459 Thread 0x00007fccbc0c3000 flushing nmethod 0x00007fccac54cf90
Event: 6.459 Thread 0x00007fccbc0c3000 flushing nmethod 0x00007fccac55c990
Event: 6.460 Thread 0x00007fccbc0c3000 flushing nmethod 0x00007fccac567410
Event: 6.460 Thread 0x00007fccbc0c3000 flushing nmethod 0x00007fccac582a50
Event: 6.460 Thread 0x00007fccbc0c3000 flushing nmethod 0x00007fccac5a20d0
Event: 6.460 Thread 0x00007fccbc0c3000 flushing nmethod 0x00007fccac5b9cd0


Dynamic libraries:
c2600000-da780000 rw-p 00000000 00:00 0 
e0c00000-eb780000 ---p 00000000 00:00 0 
eb780000-fa800000 rw-p 00000000 00:00 0 
fa800000-100000000 ---p 00000000 00:00 0 
100000000-100300000 rw-p 00000000 00:00 0 
100300000-140000000 ---p 00000000 00:00 0 
55d4390d3000-55d4390d4000 r-xp 00000000 08:01 280310                     /usr/lib/jvm/java-8-openjdk-amd64/jre/bin/java
55d4392d3000-55d4392d4000 r--p 00000000 08:01 280310                     /usr/lib/jvm/java-8-openjdk-amd64/jre/bin/java
55d4392d4000-55d4392d5000 rw-p 00001000 08:01 280310                     /usr/lib/jvm/java-8-openjdk-amd64/jre/bin/java
55d43a4ab000-55d43a4cc000 rw-p 00000000 00:00 0                          [heap]
7fcc6c000000-7fcc6c021000 rw-p 00000000 00:00 0 
7fcc6c021000-7fcc70000000 ---p 00000000 00:00 0 
7fcc70000000-7fcc7004e000 rw-p 00000000 00:00 0 
7fcc7004e000-7fcc74000000 ---p 00000000 00:00 0 
7fcc74000000-7fcc74027000 rw-p 00000000 00:00 0 
7fcc74027000-7fcc78000000 ---p 00000000 00:00 0 
7fcc78000000-7fcc78021000 rw-p 00000000 00:00 0 
7fcc78021000-7fcc7c000000 ---p 00000000 00:00 0 
7fcc7c000000-7fcc7c021000 rw-p 00000000 00:00 0 
7fcc7c021000-7fcc80000000 ---p 00000000 00:00 0 
7fcc80000000-7fcc800c0000 rw-p 00000000 00:00 0 
7fcc800c0000-7fcc84000000 ---p 00000000 00:00 0 
7fcc84000000-7fcc846d5000 rw-p 00000000 00:00 0 
7fcc846d5000-7fcc88000000 ---p 00000000 00:00 0 
7fcc88000000-7fcc883b3000 rw-p 00000000 00:00 0 
7fcc883b3000-7fcc8c000000 ---p 00000000 00:00 0 
7fcc8c000000-7fcc8c021000 rw-p 00000000 00:00 0 
7fcc8c021000-7fcc90000000 ---p 00000000 00:00 0 
7fcc90bef000-7fcc90bf2000 ---p 00000000 00:00 0 
7fcc90bf2000-7fcc90cf0000 rw-p 00000000 00:00 0 
7fcc90cf0000-7fcc90cf3000 ---p 00000000 00:00 0 
7fcc90cf3000-7fcc90df1000 rw-p 00000000 00:00 0 
7fcc90df1000-7fcc90df4000 ---p 00000000 00:00 0 
7fcc90df4000-7fcc90e2a000 rw-p 00000000 00:00 0 
7fcc90e2a000-7fcc90e2d000 ---p 00000000 00:00 0 
7fcc90e2d000-7fcc90f2b000 rw-p 00000000 00:00 0 
7fcc90f2b000-7fcc90f2e000 ---p 00000000 00:00 0 
7fcc90f2e000-7fcc9102c000 rw-p 00000000 00:00 0 
7fcc9102c000-7fcc9102f000 ---p 00000000 00:00 0 
7fcc9102f000-7fcc9112d000 rw-p 00000000 00:00 0 
7fcc9112d000-7fcc91130000 ---p 00000000 00:00 0 
7fcc91130000-7fcc913ee000 rw-p 00000000 00:00 0 
7fcc913ee000-7fcc9142e000 ---p 00000000 00:00 0 
7fcc9142e000-7fcc91431000 ---p 00000000 00:00 0 
7fcc91431000-7fcc9152f000 rw-p 00000000 00:00 0 
7fcc9152f000-7fcc91534000 r--s 002f9000 08:01 280360                     /usr/lib/jvm/java-8-openjdk-amd64/jre/lib/charsets.jar
7fcc91534000-7fcc91547000 r--s 00346000 08:01 280398                     /usr/lib/jvm/java-8-openjdk-amd64/jre/lib/resources.jar
7fcc91547000-7fcc91747000 rw-p 00000000 00:00 0 
7fcc91747000-7fcc91947000 rw-p 00000000 00:00 0 
7fcc91947000-7fcc9196f000 r-xp 00000000 08:01 280353                     /usr/lib/jvm/java-8-openjdk-amd64/jre/lib/amd64/libsunec.so
7fcc9196f000-7fcc91b6e000 ---p 00028000 08:01 280353                     /usr/lib/jvm/java-8-openjdk-amd64/jre/lib/amd64/libsunec.so
7fcc91b6e000-7fcc91b72000 r--p 00027000 08:01 280353                     /usr/lib/jvm/java-8-openjdk-amd64/jre/lib/amd64/libsunec.so
7fcc91b72000-7fcc91b73000 rw-p 0002b000 08:01 280353                     /usr/lib/jvm/java-8-openjdk-amd64/jre/lib/amd64/libsunec.so
7fcc91b73000-7fcc91b76000 ---p 00000000 00:00 0 
7fcc91b76000-7fcc91c74000 rw-p 00000000 00:00 0 
7fcc91c74000-7fcc91c77000 ---p 00000000 00:00 0 
7fcc91c77000-7fcc91d75000 rw-p 00000000 00:00 0 
7fcc91d75000-7fcc91d78000 ---p 00000000 00:00 0 
7fcc91d78000-7fcc91e76000 rw-p 00000000 00:00 0 
7fcc91e76000-7fcc91e79000 ---p 00000000 00:00 0 
7fcc91e79000-7fcc91f77000 rw-p 00000000 00:00 0 
7fcc91f77000-7fcc91f88000 r-xp 00000000 08:01 280349                     /usr/lib/jvm/java-8-openjdk-amd64/jre/lib/amd64/libnio.so
7fcc91f88000-7fcc92187000 ---p 00011000 08:01 280349                     /usr/lib/jvm/java-8-openjdk-amd64/jre/lib/amd64/libnio.so
7fcc92187000-7fcc92188000 r--p 00010000 08:01 280349                     /usr/lib/jvm/java-8-openjdk-amd64/jre/lib/amd64/libnio.so
7fcc92188000-7fcc92189000 rw-p 00011000 08:01 280349                     /usr/lib/jvm/java-8-openjdk-amd64/jre/lib/amd64/libnio.so
7fcc92189000-7fcc92389000 rw-p 00000000 00:00 0 
7fcc92389000-7fcc9238b000 r--s 00016000 08:01 280391                     /usr/lib/jvm/java-8-openjdk-amd64/jre/lib/jce.jar
7fcc9238b000-7fcc9258b000 rw-p 00000000 00:00 0 
7fcc9258b000-7fcc9278b000 rw-p 00000000 00:00 0 
7fcc9278b000-7fcc9298b000 rw-p 00000000 00:00 0 
7fcc9298b000-7fcc92990000 r--s 000a3000 08:01 280393                     /usr/lib/jvm/java-8-openjdk-amd64/jre/lib/jsse.jar
7fcc92990000-7fcc929a6000 r-xp 00000000 08:01 280348                     /usr/lib/jvm/java-8-openjdk-amd64/jre/lib/amd64/libnet.so
7fcc929a6000-7fcc92ba5000 ---p 00016000 08:01 280348                     /usr/lib/jvm/java-8-openjdk-amd64/jre/lib/amd64/libnet.so
7fcc92ba5000-7fcc92ba6000 r--p 00015000 08:01 280348                     /usr/lib/jvm/java-8-openjdk-amd64/jre/lib/amd64/libnet.so
7fcc92ba6000-7fcc92ba7000 rw-p 00016000 08:01 280348                     /usr/lib/jvm/java-8-openjdk-amd64/jre/lib/amd64/libnet.so
7fcc92ba7000-7fcc92da7000 rw-p 00000000 00:00 0 
7fcc92da7000-7fcc92da8000 r-xp 00000000 08:01 280336                     /usr/lib/jvm/java-8-openjdk-amd64/jre/lib/amd64/libjaas_unix.so
7fcc92da8000-7fcc92fa7000 ---p 00001000 08:01 280336                     /usr/lib/jvm/java-8-openjdk-amd64/jre/lib/amd64/libjaas_unix.so
7fcc92fa7000-7fcc92fa8000 r--p 00000000 08:01 280336                     /usr/lib/jvm/java-8-openjdk-amd64/jre/lib/amd64/libjaas_unix.so
7fcc92fa8000-7fcc92fa9000 rw-p 00001000 08:01 280336                     /usr/lib/jvm/java-8-openjdk-amd64/jre/lib/amd64/libjaas_unix.so
7fcc92fa9000-7fcc92fac000 ---p 00000000 00:00 0 
7fcc92fac000-7fcc930aa000 rw-p 00000000 00:00 0 
7fcc930aa000-7fcc930ad000 ---p 00000000 00:00 0 
7fcc930ad000-7fcc930e3000 rw-p 00000000 00:00 0 
7fcc930e3000-7fcc930ec000 r-xp 00000000 08:01 280346                     /usr/lib/jvm/java-8-openjdk-amd64/jre/lib/amd64/libmanagement.so
7fcc930ec000-7fcc932eb000 ---p 00009000 08:01 280346                     /usr/lib/jvm/java-8-openjdk-amd64/jre/lib/amd64/libmanagement.so
7fcc932eb000-7fcc932ec000 r--p 00008000 08:01 280346                     /usr/lib/jvm/java-8-openjdk-amd64/jre/lib/amd64/libmanagement.so
7fcc932ec000-7fcc932ed000 rw-p 00009000 08:01 280346                     /usr/lib/jvm/java-8-openjdk-amd64/jre/lib/amd64/libmanagement.so
7fcc932ed000-7fcc932f2000 r--s 0002d000 08:01 342719                     /home/uic/hadoop-3.2.1/share/hadoop/common/hadoop-nfs-3.2.1.jar
7fcc932f2000-7fcc93330000 r--s 003b5000 08:01 342832                     /home/uic/hadoop-3.2.1/share/hadoop/common/hadoop-common-3.2.1.jar
7fcc93330000-7fcc93332000 r--s 0001e000 08:01 342717                     /home/uic/hadoop-3.2.1/share/hadoop/common/hadoop-kms-3.2.1.jar
7fcc93332000-7fcc9333c000 r--s 00026000 08:01 342800                     /home/uic/hadoop-3.2.1/share/hadoop/common/lib/checker-qual-2.5.2.jar
7fcc9333c000-7fcc93342000 r--s 00078000 08:01 342764                     /home/uic/hadoop-3.2.1/share/hadoop/common/lib/woodstox-core-5.0.3.jar
7fcc93342000-7fcc93345000 r--s 00015000 08:01 342776                     /home/uic/hadoop-3.2.1/share/hadoop/common/lib/jetty-security-9.3.24.v20180605.jar
7fcc93345000-7fcc93346000 r--s 00000000 08:01 342808                     /home/uic/hadoop-3.2.1/share/hadoop/common/lib/listenablefuture-9999.0-empty-to-avoid-conflict-with-guava.jar
7fcc93346000-7fcc93349000 r--s 0001b000 08:01 342803                     /home/uic/hadoop-3.2.1/share/hadoop/common/lib/json-smart-2.3.jar
7fcc93349000-7fcc9334a000 r--s 00008000 08:01 342779                     /home/uic/hadoop-3.2.1/share/hadoop/common/lib/kerb-util-1.0.1.jar
7fcc9334a000-7fcc93352000 r--s 0003e000 08:01 342798                     /home/uic/hadoop-3.2.1/share/hadoop/common/lib/curator-recipes-2.13.0.jar
7fcc93352000-7fcc93357000 r--s 00038000 08:01 342744                     /home/uic/hadoop-3.2.1/share/hadoop/common/lib/commons-beanutils-1.9.3.jar
7fcc93357000-7fcc9335c000 r--s 00040000 08:01 342759                     /home/uic/hadoop-3.2.1/share/hadoop/common/lib/jsch-0.1.54.jar
7fcc9335c000-7fcc93360000 r--s 00019000 08:01 342763                     /home/uic/hadoop-3.2.1/share/hadoop/common/lib/kerb-crypto-1.0.1.jar
7fcc93360000-7fcc93392000 r--s 0026d000 08:01 342753                     /home/uic/hadoop-3.2.1/share/hadoop/common/lib/guava-27.0-jre.jar
7fcc93392000-7fcc93395000 r--s 00015000 08:01 342754                     /home/uic/hadoop-3.2.1/share/hadoop/common/lib/javax.servlet-api-3.1.0.jar
7fcc93395000-7fcc93398000 r--s 00006000 08:01 342815                     /home/uic/hadoop-3.2.1/share/hadoop/common/lib/jsr305-3.0.0.jar
7fcc93398000-7fcc9339a000 r--s 00000000 08:01 342780                     /home/uic/hadoop-3.2.1/share/hadoop/common/lib/jcip-annotations-1.0-1.jar
7fcc9339a000-7fcc933b7000 r--s 0016a000 08:01 342783                     /home/uic/hadoop-3.2.1/share/hadoop/common/lib/commons-math3-3.1.1.jar
7fcc933b7000-7fcc933bd000 r--s 00046000 08:01 342743                     /home/uic/hadoop-3.2.1/share/hadoop/common/lib/commons-net-3.6.jar
7fcc933bd000-7fcc933c0000 r--s 00016000 08:01 342813                     /home/uic/hadoop-3.2.1/share/hadoop/common/lib/jaxb-api-2.2.11.jar
7fcc933c0000-7fcc933c7000 r--s 0002b000 08:01 342778                     /home/uic/hadoop-3.2.1/share/hadoop/common/lib/kerby-pkix-1.0.1.jar
7fcc933c7000-7fcc933c8000 r--s 00002000 08:01 342775                     /home/uic/hadoop-3.2.1/share/hadoop/common/lib/slf4j-log4j12-1.7.25.jar
7fcc933c8000-7fcc933ca000 r--s 0000a000 08:01 342794                     /home/uic/hadoop-3.2.1/share/hadoop/common/lib/jsr311-api-1.1.1.jar
7fcc933ca000-7fcc933cb000 r--s 00006000 08:01 342822                     /home/uic/hadoop-3.2.1/share/hadoop/common/lib/jackson-xc-1.9.13.jar
7fcc933cb000-7fcc933ce000 r--s 0001a000 08:01 342817                     /home/uic/hadoop-3.2.1/share/hadoop/common/lib/jetty-webapp-9.3.24.v20180605.jar
7fcc933ce000-7fcc933cf000 r--s 0000c000 08:01 342749                     /home/uic/hadoop-3.2.1/share/hadoop/common/lib/jetty-xml-9.3.24.v20180605.jar
7fcc933cf000-7fcc933db000 r--s 0008b000 08:01 342797                     /home/uic/hadoop-3.2.1/share/hadoop/common/lib/commons-configuration2-2.1.1.jar
7fcc933db000-7fcc933dd000 r--s 0001e000 08:01 342828                     /home/uic/hadoop-3.2.1/share/hadoop/common/lib/re2j-1.1.jar
7fcc933dd000-7fcc933de000 r--s 00009000 08:01 342741                     /home/uic/hadoop-3.2.1/share/hadoop/common/lib/kerby-util-1.0.1.jar
7fcc933de000-7fcc933e1000 r--s 0000e000 08:01 342766                     /home/uic/hadoop-3.2.1/share/hadoop/common/lib/jackson-annotations-2.9.8.jar
7fcc933e1000-7fcc933e4000 r--s 0001b000 08:01 342812                     /home/uic/hadoop-3.2.1/share/hadoop/common/lib/jetty-io-9.3.24.v20180605.jar
7fcc933e4000-7fcc933ec000 r--s 00072000 08:01 342799                     /home/uic/hadoop-3.2.1/share/hadoop/common/lib/commons-lang3-3.7.jar
7fcc933ec000-7fcc933ee000 r--s 0000c000 08:01 342773                     /home/uic/hadoop-3.2.1/share/hadoop/common/lib/asm-5.0.4.jar
7fcc933ee000-7fcc933f7000 r--s 0006f000 08:01 342756                     /home/uic/hadoop-3.2.1/share/hadoop/common/lib/log4j-1.2.17.jar
7fcc933f7000-7fcc9342e000 r--s 00219000 08:01 342827                     /home/uic/hadoop-3.2.1/share/hadoop/common/lib/curator-client-2.13.0.jar
7fcc9342e000-7fcc93430000 r--s 00017000 08:01 342755                     /home/uic/hadoop-3.2.1/share/hadoop/common/lib/kerby-asn1-1.0.1.jar
7fcc93430000-7fcc93431000 r--s 00004000 08:01 342768                     /home/uic/hadoop-3.2.1/share/hadoop/common/lib/kerb-identity-1.0.1.jar
7fcc93431000-7fcc93433000 r--s 0000e000 08:01 342830                     /home/uic/hadoop-3.2.1/share/hadoop/common/lib/commons-logging-1.1.3.jar
7fcc93433000-7fcc93445000 r--s 00137000 08:01 342829                     /home/uic/hadoop-3.2.1/share/hadoop/common/lib/jackson-databind-2.9.8.jar
7fcc93445000-7fcc93446000 r--s 0000e000 08:01 342761                     /home/uic/hadoop-3.2.1/share/hadoop/common/lib/hadoop-annotations-3.2.1.jar
7fcc93446000-7fcc93448000 r--s 00000000 08:01 342746                     /home/uic/hadoop-3.2.1/share/hadoop/common/lib/jul-to-slf4j-1.7.25.jar
7fcc93448000-7fcc93452000 r--s 00061000 08:01 342810                     /home/uic/hadoop-3.2.1/share/hadoop/common/lib/jersey-core-1.19.jar
7fcc93452000-7fcc93456000 r--s 0002f000 08:01 342825                     /home/uic/hadoop-3.2.1/share/hadoop/common/lib/commons-io-2.5.jar
7fcc93456000-7fcc93459000 r--s 00022000 08:01 342757                     /home/uic/hadoop-3.2.1/share/hadoop/common/lib/jetty-http-9.3.24.v20180605.jar
7fcc93459000-7fcc9345b000 r--s 00130000 08:01 342745                     /home/uic/hadoop-3.2.1/share/hadoop/common/lib/snappy-java-1.0.5.jar
7fcc9345b000-7fcc9345d000 r--s 0000f000 08:01 342784                     /home/uic/hadoop-3.2.1/share/hadoop/common/lib/jettison-1.1.jar
7fcc9345d000-7fcc9345f000 r--s 00009000 08:01 342748                     /home/uic/hadoop-3.2.1/share/hadoop/common/lib/commons-cli-1.2.jar
7fcc9345f000-7fcc93461000 r--s 0000e000 08:01 342760                     /home/uic/hadoop-3.2.1/share/hadoop/common/lib/kerb-common-1.0.1.jar
7fcc93461000-7fcc93468000 r--s 00049000 08:01 342786                     /home/uic/hadoop-3.2.1/share/hadoop/common/lib/httpcore-4.4.10.jar
7fcc93468000-7fcc9346a000 r--s 00020000 08:01 342796                     /home/uic/hadoop-3.2.1/share/hadoop/common/lib/hadoop-auth-3.2.1.jar
7fcc9346a000-7fcc9346c000 r--s 00002000 08:01 342814                     /home/uic/hadoop-3.2.1/share/hadoop/common/lib/error_prone_annotations-2.2.0.jar
7fcc9346c000-7fcc93479000 r--s 000d1000 08:01 342751                     /home/uic/hadoop-3.2.1/share/hadoop/common/lib/zookeeper-3.4.13.jar
7fcc93479000-7fcc9347a000 r--s 00004000 08:01 342777                     /home/uic/hadoop-3.2.1/share/hadoop/common/lib/jackson-jaxrs-1.9.13.jar
7fcc9347a000-7fcc9347d000 r--s 0001b000 08:01 342767                     /home/uic/hadoop-3.2.1/share/hadoop/common/lib/jetty-servlet-9.3.24.v20180605.jar
7fcc9347d000-7fcc9347e000 r--s 00004000 08:01 342750                     /home/uic/hadoop-3.2.1/share/hadoop/common/lib/kerb-simplekdc-1.0.1.jar
7fcc9347e000-7fcc93498000 r--s 00155000 08:01 342782                     /home/uic/hadoop-3.2.1/share/hadoop/common/lib/htrace-core4-4.1.0-incubating.jar
7fcc93498000-7fcc934a1000 r--s 00062000 08:01 342781                     /home/uic/hadoop-3.2.1/share/hadoop/common/lib/avro-1.7.7.jar
7fcc934a1000-7fcc934a6000 r--s 0002a000 08:01 342823                     /home/uic/hadoop-3.2.1/share/hadoop/common/lib/gson-2.2.4.jar
7fcc934a6000-7fcc934a7000 r--s 00000000 08:01 342824                     /home/uic/hadoop-3.2.1/share/hadoop/common/lib/failureaccess-1.0.jar
7fcc934a7000-7fcc934a9000 r--s 00006000 08:01 342811                     /home/uic/hadoop-3.2.1/share/hadoop/common/lib/accessors-smart-1.2.jar
7fcc934a9000-7fcc934ab000 r--s 00001000 08:01 342809                     /home/uic/hadoop-3.2.1/share/hadoop/common/lib/j2objc-annotations-1.1.jar
7fcc934ab000-7fcc934af000 r--s 0001c000 08:01 342818                     /home/uic/hadoop-3.2.1/share/hadoop/common/lib/jersey-servlet-1.19.jar
7fcc934af000-7fcc934b5000 r--s 0002c000 08:01 342821                     /home/uic/hadoop-3.2.1/share/hadoop/common/lib/curator-framework-2.13.0.jar
7fcc934b5000-7fcc934b9000 r--s 00024000 08:01 342805                     /home/uic/hadoop-3.2.1/share/hadoop/common/lib/stax2-api-3.1.4.jar
7fcc934b9000-7fcc934bf000 r--s 00044000 08:01 342772                     /home/uic/hadoop-3.2.1/share/hadoop/common/lib/nimbus-jose-jwt-4.41.1.jar
7fcc934bf000-7fcc934c6000 r--s 00069000 08:01 342795                     /home/uic/hadoop-3.2.1/share/hadoop/common/lib/jetty-util-9.3.24.v20180605.jar
7fcc934c6000-7fcc934c9000 r--s 00011000 08:01 342758                     /home/uic/hadoop-3.2.1/share/hadoop/common/lib/kerb-admin-1.0.1.jar
7fcc934c9000-7fcc934d6000 r--s 00083000 08:01 342788                     /home/uic/hadoop-3.2.1/share/hadoop/common/lib/commons-collections-3.2.2.jar
7fcc934d6000-7fcc934d9000 r--s 00012000 08:01 342747                     /home/uic/hadoop-3.2.1/share/hadoop/common/lib/kerb-server-1.0.1.jar
7fcc934d9000-7fcc934dd000 r--s 0001e000 08:01 342816                     /home/uic/hadoop-3.2.1/share/hadoop/common/lib/metrics-core-3.2.4.jar
7fcc934dd000-7fcc934de000 r--s 00004000 08:01 342819                     /home/uic/hadoop-3.2.1/share/hadoop/common/lib/token-provider-1.0.1.jar
7fcc934de000-7fcc934e6000 r--s 0007b000 08:01 342807                     /home/uic/hadoop-3.2.1/share/hadoop/common/lib/protobuf-java-2.5.0.jar
7fcc934e6000-7fcc934eb000 r--s 00047000 08:01 342791                     /home/uic/hadoop-3.2.1/share/hadoop/common/lib/dnsjava-2.1.7.jar
7fcc934eb000-7fcc934ed000 r--s 00009000 08:01 342806                     /home/uic/hadoop-3.2.1/share/hadoop/common/lib/slf4j-api-1.7.25.jar
7fcc934ed000-7fcc934ef000 r--s 00006000 08:01 342787                     /home/uic/hadoop-3.2.1/share/hadoop/common/lib/paranamer-2.3.jar
7fcc934ef000-7fcc934f2000 r--s 00019000 08:01 342770                     /home/uic/hadoop-3.2.1/share/hadoop/common/lib/kerb-client-1.0.1.jar
7fcc934f2000-7fcc934f6000 r--s 00035000 08:01 342826                     /home/uic/hadoop-3.2.1/share/hadoop/common/lib/jackson-core-asl-1.9.13.jar
7fcc934f6000-7fcc934f9000 r--s 00016000 08:01 342769                     /home/uic/hadoop-3.2.1/share/hadoop/common/lib/jsp-api-2.1.jar
7fcc934f9000-7fcc93500000 r--s 00031000 08:01 342765                     /home/uic/hadoop-3.2.1/share/hadoop/common/lib/kerb-core-1.0.1.jar
7fcc93500000-7fcc9350e000 r--s 000b1000 08:01 342785                     /home/uic/hadoop-3.2.1/share/hadoop/common/lib/jackson-mapper-asl-1.9.13.jar
7fcc9350e000-7fcc93519000 r--s 00086000 08:01 342820                     /home/uic/hadoop-3.2.1/share/hadoop/common/lib/commons-compress-1.18.jar
7fcc93519000-7fcc9351b000 r--s 00006000 08:01 342742                     /home/uic/hadoop-3.2.1/share/hadoop/common/lib/kerby-xdr-1.0.1.jar
7fcc9351b000-7fcc9351f000 r--s 0004c000 08:01 342804                     /home/uic/hadoop-3.2.1/share/hadoop/common/lib/jackson-core-2.9.8.jar
7fcc9351f000-7fcc93523000 r--s 00025000 08:01 342752                     /home/uic/hadoop-3.2.1/share/hadoop/common/lib/jersey-json-1.19.jar
7fcc93523000-7fcc93533000 r--s 0009c000 08:01 342774                     /home/uic/hadoop-3.2.1/share/hadoop/common/lib/jersey-server-1.19.jar
7fcc93533000-7fcc93537000 r--s 00029000 08:01 342771                     /home/uic/hadoop-3.2.1/share/hadoop/common/lib/commons-text-1.4.jar
7fcc93537000-7fcc93539000 r--s 00006000 08:01 342790                     /home/uic/hadoop-3.2.1/share/hadoop/common/lib/kerby-config-1.0.1.jar
7fcc93539000-7fcc9353a000 r--s 00000000 08:01 342762                     /home/uic/hadoop-3.2.1/share/hadoop/common/lib/animal-sniffer-annotations-1.17.jar
7fcc9353a000-7fcc93542000 r--s 00078000 08:01 342792                     /home/uic/hadoop-3.2.1/share/hadoop/common/lib/jetty-server-9.3.24.v20180605.jar
7fcc93542000-7fcc9354f000 r--s 000af000 08:01 342789                     /home/uic/hadoop-3.2.1/share/hadoop/common/lib/httpclient-4.5.6.jar
7fcc9354f000-7fcc93550000 r--s 00004000 08:01 342801                     /home/uic/hadoop-3.2.1/share/hadoop/common/lib/audience-annotations-0.5.0.jar
7fcc93550000-7fcc93563000 r--s 000c7000 08:01 342793                     /home/uic/hadoop-3.2.1/share/hadoop/common/lib/jaxb-impl-2.2.3-1.jar
7fcc93563000-7fcc9356a000 r--s 0004b000 08:01 342802                     /home/uic/hadoop-3.2.1/share/hadoop/common/lib/commons-codec-1.11.jar
7fcc9356a000-7fcc93583000 r--s 0012c000 08:01 342831                     /home/uic/hadoop-3.2.1/share/hadoop/common/lib/netty-3.10.5.Final.jar
7fcc93583000-7fcc93590000 r--s 000b8000 08:01 343146                     /home/uic/hadoop-3.2.1/share/hadoop/mapreduce/hadoop-mapreduce-client-common-3.2.1.jar
7fcc93590000-7fcc93592000 r--s 0000d000 08:01 343174                     /home/uic/hadoop-3.2.1/share/hadoop/mapreduce/hadoop-mapreduce-client-uploader-3.2.1.jar
7fcc93592000-7fcc93593000 r--s 00014000 08:01 343148                     /home/uic/hadoop-3.2.1/share/hadoop/mapreduce/hadoop-mapreduce-client-jobclient-3.2.1.jar
7fcc93593000-7fcc935ac000 r--s 0017c000 08:01 343147                     /home/uic/hadoop-3.2.1/share/hadoop/mapreduce/hadoop-mapreduce-client-core-3.2.1.jar
7fcc935ac000-7fcc935af000 r--s 00032000 08:01 343145                     /home/uic/hadoop-3.2.1/share/hadoop/mapreduce/hadoop-mapreduce-client-hs-3.2.1.jar
7fcc935af000-7fcc935b9000 r--s 0008c000 08:01 343149                     /home/uic/hadoop-3.2.1/share/hadoop/mapreduce/hadoop-mapreduce-client-app-3.2.1.jar
7fcc935b9000-7fcc935bb000 r--s 0000a000 08:01 343123                     /home/uic/hadoop-3.2.1/share/hadoop/mapreduce/hadoop-mapreduce-client-hs-plugins-3.2.1.jar
7fcc935bb000-7fcc935bc000 r--s 00017000 08:01 343150                     /home/uic/hadoop-3.2.1/share/hadoop/mapreduce/hadoop-mapreduce-client-shuffle-3.2.1.jar
7fcc935bc000-7fcc935bf000 r--s 0001c000 08:01 343175                     /home/uic/hadoop-3.2.1/share/hadoop/mapreduce/hadoop-mapreduce-client-nativetask-3.2.1.jar
7fcc935bf000-7fcc935c1000 r--s 00009000 08:01 343173                     /home/uic/hadoop-3.2.1/share/hadoop/mapreduce/lib/hamcrest-core-1.3.jar
7fcc935c1000-7fcc935c7000 r--s 00036000 08:01 343172                     /home/uic/hadoop-3.2.1/share/hadoop/mapreduce/lib/junit-4.11.jar
7fcc935c7000-7fcc935c9000 r--s 0000a000 08:01 343039                     /home/uic/hadoop-3.2.1/share/hadoop/hdfs/hadoop-hdfs-native-client-3.2.1.jar
7fcc935c9000-7fcc93611000 r--s 00567000 08:01 342923                     /home/uic/hadoop-3.2.1/share/hadoop/hdfs/hadoop-hdfs-3.2.1.jar
7fcc93611000-7fcc93613000 r--s 00023000 08:01 342833                     /home/uic/hadoop-3.2.1/share/hadoop/hdfs/hadoop-hdfs-nfs-3.2.1.jar
7fcc93613000-7fcc93658000 r--s 00497000 08:01 342921                     /home/uic/hadoop-3.2.1/share/hadoop/hdfs/hadoop-hdfs-client-3.2.1.jar
7fcc93658000-7fcc93668000 r--s 000db000 08:01 343041                     /home/uic/hadoop-3.2.1/share/hadoop/hdfs/hadoop-hdfs-rbf-3.2.1.jar
7fcc93668000-7fcc9366e000 r--s 0003c000 08:01 342924                     /home/uic/hadoop-3.2.1/share/hadoop/hdfs/hadoop-hdfs-httpfs-3.2.1.jar
7fcc9366e000-7fcc93678000 r--s 00026000 08:01 343008                     /home/uic/hadoop-3.2.1/share/hadoop/hdfs/lib/checker-qual-2.5.2.jar
7fcc93678000-7fcc9367e000 r--s 00078000 08:01 342970                     /home/uic/hadoop-3.2.1/share/hadoop/hdfs/lib/woodstox-core-5.0.3.jar
7fcc9367e000-7fcc93681000 r--s 00015000 08:01 342982                     /home/uic/hadoop-3.2.1/share/hadoop/hdfs/lib/jetty-security-9.3.24.v20180605.jar
7fcc93681000-7fcc93682000 r--s 00000000 08:01 343015                     /home/uic/hadoop-3.2.1/share/hadoop/hdfs/lib/listenablefuture-9999.0-empty-to-avoid-conflict-with-guava.jar
7fcc93682000-7fcc93685000 r--s 0001b000 08:01 343011                     /home/uic/hadoop-3.2.1/share/hadoop/hdfs/lib/json-smart-2.3.jar
7fcc93685000-7fcc93686000 r--s 00008000 08:01 342985                     /home/uic/hadoop-3.2.1/share/hadoop/hdfs/lib/kerb-util-1.0.1.jar
7fcc93686000-7fcc9368e000 r--s 0003e000 08:01 343005                     /home/uic/hadoop-3.2.1/share/hadoop/hdfs/lib/curator-recipes-2.13.0.jar
7fcc9368e000-7fcc93693000 r--s 00038000 08:01 342949                     /home/uic/hadoop-3.2.1/share/hadoop/hdfs/lib/commons-beanutils-1.9.3.jar
7fcc93693000-7fcc93698000 r--s 00040000 08:01 342965                     /home/uic/hadoop-3.2.1/share/hadoop/hdfs/lib/jsch-0.1.54.jar
7fcc93698000-7fcc9369c000 r--s 00019000 08:01 342969                     /home/uic/hadoop-3.2.1/share/hadoop/hdfs/lib/kerb-crypto-1.0.1.jar
7fcc9369c000-7fcc936ce000 r--s 0026d000 08:01 342959                     /home/uic/hadoop-3.2.1/share/hadoop/hdfs/lib/guava-27.0-jre.jar
7fcc936ce000-7fcc936d1000 r--s 00015000 08:01 342960                     /home/uic/hadoop-3.2.1/share/hadoop/hdfs/lib/javax.servlet-api-3.1.0.jar
7fcc936d1000-7fcc936d4000 r--s 00006000 08:01 343022                     /home/uic/hadoop-3.2.1/share/hadoop/hdfs/lib/jsr305-3.0.0.jar
7fcc936d4000-7fcc936d6000 r--s 00000000 08:01 342986                     /home/uic/hadoop-3.2.1/share/hadoop/hdfs/lib/jcip-annotations-1.0-1.jar
7fcc936d6000-7fcc936f3000 r--s 0016a000 08:01 342989                     /home/uic/hadoop-3.2.1/share/hadoop/hdfs/lib/commons-math3-3.1.1.jar
7fcc936f3000-7fcc936f9000 r--s 00046000 08:01 342948                     /home/uic/hadoop-3.2.1/share/hadoop/hdfs/lib/commons-net-3.6.jar
7fcc936f9000-7fcc936fc000 r--s 00016000 08:01 343020                     /home/uic/hadoop-3.2.1/share/hadoop/hdfs/lib/jaxb-api-2.2.11.jar
7fcc936fc000-7fcc93703000 r--s 0002b000 08:01 342984                     /home/uic/hadoop-3.2.1/share/hadoop/hdfs/lib/kerby-pkix-1.0.1.jar
7fcc93703000-7fcc93708000 r--s 0004c000 08:01 342977                     /home/uic/hadoop-3.2.1/share/hadoop/hdfs/lib/okhttp-2.7.5.jar
7fcc93708000-7fcc9370a000 r--s 0000a000 08:01 343001                     /home/uic/hadoop-3.2.1/share/hadoop/hdfs/lib/jsr311-api-1.1.1.jar
7fcc9370a000-7fcc9370b000 r--s 00006000 08:01 343028                     /home/uic/hadoop-3.2.1/share/hadoop/hdfs/lib/jackson-xc-1.9.13.jar
7fcc9370b000-7fcc9370e000 r--s 0001a000 08:01 343023                     /home/uic/hadoop-3.2.1/share/hadoop/hdfs/lib/jetty-webapp-9.3.24.v20180605.jar
7fcc9370e000-7fcc9370f000 r--s 0000c000 08:01 342953                     /home/uic/hadoop-3.2.1/share/hadoop/hdfs/lib/jetty-xml-9.3.24.v20180605.jar
7fcc9370f000-7fcc9371b000 r--s 0008b000 08:01 343004                     /home/uic/hadoop-3.2.1/share/hadoop/hdfs/lib/commons-configuration2-2.1.1.jar
7fcc9371b000-7fcc9371d000 r--s 0001e000 08:01 343035                     /home/uic/hadoop-3.2.1/share/hadoop/hdfs/lib/re2j-1.1.jar
7fcc9371d000-7fcc9371e000 r--s 00009000 08:01 342946                     /home/uic/hadoop-3.2.1/share/hadoop/hdfs/lib/kerby-util-1.0.1.jar
7fcc9371e000-7fcc93721000 r--s 0000e000 08:01 342972                     /home/uic/hadoop-3.2.1/share/hadoop/hdfs/lib/jackson-annotations-2.9.8.jar
7fcc93721000-7fcc93724000 r--s 0001b000 08:01 343019                     /home/uic/hadoop-3.2.1/share/hadoop/hdfs/lib/jetty-io-9.3.24.v20180605.jar
7fcc93724000-7fcc9372c000 r--s 00072000 08:01 343007                     /home/uic/hadoop-3.2.1/share/hadoop/hdfs/lib/commons-lang3-3.7.jar
7fcc9372c000-7fcc9372e000 r--s 0000c000 08:01 342979                     /home/uic/hadoop-3.2.1/share/hadoop/hdfs/lib/asm-5.0.4.jar
7fcc9372e000-7fcc93737000 r--s 0006f000 08:01 342962                     /home/uic/hadoop-3.2.1/share/hadoop/hdfs/lib/log4j-1.2.17.jar
7fcc93737000-7fcc9376e000 r--s 00219000 08:01 343034                     /home/uic/hadoop-3.2.1/share/hadoop/hdfs/lib/curator-client-2.13.0.jar
7fcc9376e000-7fcc93770000 r--s 00017000 08:01 342961                     /home/uic/hadoop-3.2.1/share/hadoop/hdfs/lib/kerby-asn1-1.0.1.jar
7fcc93770000-7fcc93771000 r--s 00004000 08:01 342974                     /home/uic/hadoop-3.2.1/share/hadoop/hdfs/lib/kerb-identity-1.0.1.jar
7fcc93771000-7fcc93773000 r--s 0000e000 08:01 343037                     /home/uic/hadoop-3.2.1/share/hadoop/hdfs/lib/commons-logging-1.1.3.jar
7fcc93773000-7fcc93785000 r--s 00137000 08:01 343036                     /home/uic/hadoop-3.2.1/share/hadoop/hdfs/lib/jackson-databind-2.9.8.jar
7fcc93785000-7fcc93786000 r--s 0000e000 08:01 342967                     /home/uic/hadoop-3.2.1/share/hadoop/hdfs/lib/hadoop-annotations-3.2.1.jar
7fcc93786000-7fcc93790000 r--s 00061000 08:01 343017                     /home/uic/hadoop-3.2.1/share/hadoop/hdfs/lib/jersey-core-1.19.jar
7fcc93790000-7fcc93794000 r--s 0002f000 08:01 343032                     /home/uic/hadoop-3.2.1/share/hadoop/hdfs/lib/commons-io-2.5.jar
7fcc93794000-7fcc93797000 r--s 00022000 08:01 342963                     /home/uic/hadoop-3.2.1/share/hadoop/hdfs/lib/jetty-http-9.3.24.v20180605.jar
7fcc93797000-7fcc93799000 r--s 00130000 08:01 342950                     /home/uic/hadoop-3.2.1/share/hadoop/hdfs/lib/snappy-java-1.0.5.jar
7fcc93799000-7fcc9379b000 r--s 0000f000 08:01 342990                     /home/uic/hadoop-3.2.1/share/hadoop/hdfs/lib/jettison-1.1.jar
7fcc9379b000-7fcc9379d000 r--s 00009000 08:01 342952                     /home/uic/hadoop-3.2.1/share/hadoop/hdfs/lib/commons-cli-1.2.jar
7fcc9379d000-7fcc9379f000 r--s 0000e000 08:01 342966                     /home/uic/hadoop-3.2.1/share/hadoop/hdfs/lib/kerb-common-1.0.1.jar
7fcc9379f000-7fcc937a6000 r--s 00049000 08:01 342992                     /home/uic/hadoop-3.2.1/share/hadoop/hdfs/lib/httpcore-4.4.10.jar
7fcc937a6000-7fcc937a8000 r--s 00020000 08:01 343003                     /home/uic/hadoop-3.2.1/share/hadoop/hdfs/lib/hadoop-auth-3.2.1.jar
7fcc937a8000-7fcc937aa000 r--s 00002000 08:01 343021                     /home/uic/hadoop-3.2.1/share/hadoop/hdfs/lib/error_prone_annotations-2.2.0.jar
7fcc937aa000-7fcc937ab000 r--s 00005000 08:01 343006                     /home/uic/hadoop-3.2.1/share/hadoop/hdfs/lib/commons-daemon-1.0.13.jar
7fcc937ab000-7fcc937b8000 r--s 000d1000 08:01 342957                     /home/uic/hadoop-3.2.1/share/hadoop/hdfs/lib/zookeeper-3.4.13.jar
7fcc937b8000-7fcc937b9000 r--s 00004000 08:01 342983                     /home/uic/hadoop-3.2.1/share/hadoop/hdfs/lib/jackson-jaxrs-1.9.13.jar
7fcc937b9000-7fcc937bc000 r--s 0001b000 08:01 342973                     /home/uic/hadoop-3.2.1/share/hadoop/hdfs/lib/jetty-servlet-9.3.24.v20180605.jar
7fcc937bc000-7fcc937bd000 r--s 00004000 08:01 342954                     /home/uic/hadoop-3.2.1/share/hadoop/hdfs/lib/kerb-simplekdc-1.0.1.jar
7fcc937bd000-7fcc937d7000 r--s 00155000 08:01 342988                     /home/uic/hadoop-3.2.1/share/hadoop/hdfs/lib/htrace-core4-4.1.0-incubating.jar
7fcc937d7000-7fcc937e0000 r--s 00062000 08:01 342987                     /home/uic/hadoop-3.2.1/share/hadoop/hdfs/lib/avro-1.7.7.jar
7fcc937e0000-7fcc937e5000 r--s 0002a000 08:01 343029                     /home/uic/hadoop-3.2.1/share/hadoop/hdfs/lib/gson-2.2.4.jar
7fcc937e5000-7fcc937e6000 r--s 00000000 08:01 343031                     /home/uic/hadoop-3.2.1/share/hadoop/hdfs/lib/failureaccess-1.0.jar
7fcc937e6000-7fcc937e8000 r--s 00006000 08:01 343018                     /home/uic/hadoop-3.2.1/share/hadoop/hdfs/lib/accessors-smart-1.2.jar
7fcc937e8000-7fcc937ea000 r--s 00001000 08:01 343016                     /home/uic/hadoop-3.2.1/share/hadoop/hdfs/lib/j2objc-annotations-1.1.jar
7fcc937ea000-7fcc937ee000 r--s 0001c000 08:01 343024                     /home/uic/hadoop-3.2.1/share/hadoop/hdfs/lib/jersey-servlet-1.19.jar
7fcc937ee000-7fcc937f0000 r--s 00008000 08:01 342998                     /home/uic/hadoop-3.2.1/share/hadoop/hdfs/lib/jetty-util-ajax-9.3.24.v20180605.jar
7fcc937f0000-7fcc937f6000 r--s 0002c000 08:01 343027                     /home/uic/hadoop-3.2.1/share/hadoop/hdfs/lib/curator-framework-2.13.0.jar
7fcc937f6000-7fcc937fa000 r--s 00024000 08:01 343013                     /home/uic/hadoop-3.2.1/share/hadoop/hdfs/lib/stax2-api-3.1.4.jar
7fcc937fa000-7fcc93800000 r--s 00044000 08:01 342978                     /home/uic/hadoop-3.2.1/share/hadoop/hdfs/lib/nimbus-jose-jwt-4.41.1.jar
7fcc93800000-7fcc93807000 r--s 00069000 08:01 343002                     /home/uic/hadoop-3.2.1/share/hadoop/hdfs/lib/jetty-util-9.3.24.v20180605.jar
7fcc93807000-7fcc9380a000 r--s 00011000 08:01 342964                     /home/uic/hadoop-3.2.1/share/hadoop/hdfs/lib/kerb-admin-1.0.1.jar
7fcc9380a000-7fcc93817000 r--s 00083000 08:01 342994                     /home/uic/hadoop-3.2.1/share/hadoop/hdfs/lib/commons-collections-3.2.2.jar
7fcc93817000-7fcc9381a000 r--s 00012000 08:01 342951                     /home/uic/hadoop-3.2.1/share/hadoop/hdfs/lib/kerb-server-1.0.1.jar
7fcc9381a000-7fcc9381b000 r--s 00005000 08:01 342980                     /home/uic/hadoop-3.2.1/share/hadoop/hdfs/lib/json-simple-1.1.1.jar
7fcc9381b000-7fcc9381c000 r--s 00004000 08:01 343025                     /home/uic/hadoop-3.2.1/share/hadoop/hdfs/lib/token-provider-1.0.1.jar
7fcc9381c000-7fcc93824000 r--s 0007b000 08:01 343014                     /home/uic/hadoop-3.2.1/share/hadoop/hdfs/lib/protobuf-java-2.5.0.jar
7fcc93824000-7fcc93829000 r--s 00047000 08:01 342997                     /home/uic/hadoop-3.2.1/share/hadoop/hdfs/lib/dnsjava-2.1.7.jar
7fcc93829000-7fcc9382b000 r--s 00006000 08:01 342993                     /home/uic/hadoop-3.2.1/share/hadoop/hdfs/lib/paranamer-2.3.jar
7fcc9382b000-7fcc93852000 r--s 00205000 08:01 342956                     /home/uic/hadoop-3.2.1/share/hadoop/hdfs/lib/netty-all-4.0.52.Final.jar
7fcc93852000-7fcc93855000 r--s 00019000 08:01 342975                     /home/uic/hadoop-3.2.1/share/hadoop/hdfs/lib/kerb-client-1.0.1.jar
7fcc93855000-7fcc93859000 r--s 00035000 08:01 343033                     /home/uic/hadoop-3.2.1/share/hadoop/hdfs/lib/jackson-core-asl-1.9.13.jar
7fcc93859000-7fcc93860000 r--s 00031000 08:01 342971                     /home/uic/hadoop-3.2.1/share/hadoop/hdfs/lib/kerb-core-1.0.1.jar
7fcc93860000-7fcc9386e000 r--s 000b1000 08:01 342991                     /home/uic/hadoop-3.2.1/share/hadoop/hdfs/lib/jackson-mapper-asl-1.9.13.jar
7fcc9386e000-7fcc93879000 r--s 00086000 08:01 343026                     /home/uic/hadoop-3.2.1/share/hadoop/hdfs/lib/commons-compress-1.18.jar
7fcc93879000-7fcc9387b000 r--s 00006000 08:01 342947                     /home/uic/hadoop-3.2.1/share/hadoop/hdfs/lib/kerby-xdr-1.0.1.jar
7fcc9387b000-7fcc9387f000 r--s 0004c000 08:01 343012                     /home/uic/hadoop-3.2.1/share/hadoop/hdfs/lib/jackson-core-2.9.8.jar
7fcc9387f000-7fcc93883000 r--s 00025000 08:01 342958                     /home/uic/hadoop-3.2.1/share/hadoop/hdfs/lib/jersey-json-1.19.jar
7fcc93883000-7fcc93893000 r--s 0009c000 08:01 342981                     /home/uic/hadoop-3.2.1/share/hadoop/hdfs/lib/jersey-server-1.19.jar
7fcc93893000-7fcc93896000 r--s 000fd000 08:01 342955                     /home/uic/hadoop-3.2.1/share/hadoop/hdfs/lib/leveldbjni-all-1.8.jar
7fcc93896000-7fcc9389a000 r--s 00029000 08:01 342976                     /home/uic/hadoop-3.2.1/share/hadoop/hdfs/lib/commons-text-1.4.jar
7fcc9389a000-7fcc9389c000 r--s 00006000 08:01 342996                     /home/uic/hadoop-3.2.1/share/hadoop/hdfs/lib/kerby-config-1.0.1.jar
7fcc9389c000-7fcc9389d000 r--s 00000000 08:01 342968                     /home/uic/hadoop-3.2.1/share/hadoop/hdfs/lib/animal-sniffer-annotations-1.17.jar
7fcc9389d000-7fcc938a5000 r--s 00078000 08:01 342999                     /home/uic/hadoop-3.2.1/share/hadoop/hdfs/lib/jetty-server-9.3.24.v20180605.jar
7fcc938a5000-7fcc938b2000 r--s 000af000 08:01 342995                     /home/uic/hadoop-3.2.1/share/hadoop/hdfs/lib/httpclient-4.5.6.jar
7fcc938b2000-7fcc938b3000 r--s 00004000 08:01 343009                     /home/uic/hadoop-3.2.1/share/hadoop/hdfs/lib/audience-annotations-0.5.0.jar
7fcc938b3000-7fcc938b5000 r--s 0000f000 08:01 343030                     /home/uic/hadoop-3.2.1/share/hadoop/hdfs/lib/okio-1.6.0.jar
7fcc938b5000-7fcc938c8000 r--s 000c7000 08:01 343000                     /home/uic/hadoop-3.2.1/share/hadoop/hdfs/lib/jaxb-impl-2.2.3-1.jar
7fcc938c8000-7fcc938cf000 r--s 0004b000 08:01 343010                     /home/uic/hadoop-3.2.1/share/hadoop/hdfs/lib/commons-codec-1.11.jar
7fcc938cf000-7fcc938e8000 r--s 0012c000 08:01 343038                     /home/uic/hadoop-3.2.1/share/hadoop/hdfs/lib/netty-3.10.5.Final.jar
7fcc938e8000-7fcc938eb000 r--s 0001a000 08:01 343177                     /home/uic/hadoop-3.2.1/share/hadoop/yarn/hadoop-yarn-submarine-3.2.1.jar
7fcc938eb000-7fcc9390f000 r--s 0020a000 08:01 343262                     /home/uic/hadoop-3.2.1/share/hadoop/yarn/hadoop-yarn-server-resourcemanager-3.2.1.jar
7fcc9390f000-7fcc93911000 r--s 00012000 08:01 343264                     /home/uic/hadoop-3.2.1/share/hadoop/yarn/hadoop-yarn-server-web-proxy-3.2.1.jar
7fcc93911000-7fcc93913000 r--s 0001a000 08:01 343265                     /home/uic/hadoop-3.2.1/share/hadoop/yarn/hadoop-yarn-applications-distributedshell-3.2.1.jar
7fcc93913000-7fcc93918000 r--s 00043000 08:01 343307                     /home/uic/hadoop-3.2.1/share/hadoop/yarn/hadoop-yarn-server-applicationhistoryservice-3.2.1.jar
7fcc93918000-7fcc9391d000 r--s 00033000 08:01 343284                     /home/uic/hadoop-3.2.1/share/hadoop/yarn/hadoop-yarn-registry-3.2.1.jar
7fcc9391d000-7fcc93920000 r--s 00024000 08:01 343259                     /home/uic/hadoop-3.2.1/share/hadoop/yarn/hadoop-yarn-server-router-3.2.1.jar
7fcc93920000-7fcc93922000 r--s 00015000 08:01 343210                     /home/uic/hadoop-3.2.1/share/hadoop/yarn/hadoop-yarn-server-timeline-pluginstorage-3.2.1.jar
7fcc93922000-7fcc93925000 r--s 00015000 08:01 343209                     /home/uic/hadoop-3.2.1/share/hadoop/yarn/hadoop-yarn-server-sharedcachemanager-3.2.1.jar
7fcc93925000-7fcc93926000 r--s 0000d000 08:01 343212                     /home/uic/hadoop-3.2.1/share/hadoop/yarn/hadoop-yarn-applications-unmanaged-am-launcher-3.2.1.jar
7fcc93926000-7fcc93930000 r--s 00091000 08:01 343213                     /home/uic/hadoop-3.2.1/share/hadoop/yarn/hadoop-yarn-services-core-3.2.1.jar
7fcc93930000-7fcc93934000 r--s 0004b000 08:01 343260                     /home/uic/hadoop-3.2.1/share/hadoop/yarn/hadoop-yarn-client-3.2.1.jar
7fcc93934000-7fcc9394c000 r--s 00137000 08:01 343176                     /home/uic/hadoop-3.2.1/share/hadoop/yarn/hadoop-yarn-server-nodemanager-3.2.1.jar
7fcc9394c000-7fcc93970000 r--s 002a5000 08:01 343211                     /home/uic/hadoop-3.2.1/share/hadoop/yarn/hadoop-yarn-common-3.2.1.jar
7fcc93970000-7fcc93988000 r--s 0013d000 08:01 343282                     /home/uic/hadoop-3.2.1/share/hadoop/yarn/hadoop-yarn-server-common-3.2.1.jar
7fcc93988000-7fcc9398a000 r--s 00019000 08:01 343281                     /home/uic/hadoop-3.2.1/share/hadoop/yarn/hadoop-yarn-services-api-3.2.1.jar
7fcc9398a000-7fcc939b7000 r--s 002f6000 08:01 343283                     /home/uic/hadoop-3.2.1/share/hadoop/yarn/hadoop-yarn-api-3.2.1.jar
7fcc939b7000-7fcc93a0f000 r--s 003a7000 08:01 343296                     /home/uic/hadoop-3.2.1/share/hadoop/yarn/lib/bcprov-jdk15on-1.60.jar
7fcc93a0f000-7fcc93a11000 r--s 00000000 08:01 343285                     /home/uic/hadoop-3.2.1/share/hadoop/yarn/lib/aopalliance-1.0.jar
7fcc93a11000-7fcc93a14000 r--s 0000b000 08:01 343300                     /home/uic/hadoop-3.2.1/share/hadoop/yarn/lib/geronimo-jcache_1.0_spec-1.0-alpha-1.jar
7fcc93a14000-7fcc93a3a000 r--s 00180000 08:01 343302                     /home/uic/hadoop-3.2.1/share/hadoop/yarn/lib/ehcache-3.3.1.jar
7fcc93a3a000-7fcc93a3b000 r--s 00003000 08:01 343292                     /home/uic/hadoop-3.2.1/share/hadoop/yarn/lib/jackson-jaxrs-json-provider-2.9.8.jar
7fcc93a3b000-7fcc93a3e000 r--s 0001e000 08:01 343293                     /home/uic/hadoop-3.2.1/share/hadoop/yarn/lib/jersey-client-1.19.jar
7fcc93a3e000-7fcc93a3f000 r--s 00007000 08:01 343306                     /home/uic/hadoop-3.2.1/share/hadoop/yarn/lib/jackson-module-jaxb-annotations-2.9.8.jar
7fcc93a3f000-7fcc93a48000 r--s 000b9000 08:01 343304                     /home/uic/hadoop-3.2.1/share/hadoop/yarn/lib/mssql-jdbc-6.2.1.jre7.jar
7fcc93a48000-7fcc93a4a000 r--s 00005000 08:01 343297                     /home/uic/hadoop-3.2.1/share/hadoop/yarn/lib/objenesis-1.0.jar
7fcc93a4a000-7fcc93a4b000 r--s 00007000 08:01 343286                     /home/uic/hadoop-3.2.1/share/hadoop/yarn/lib/jackson-jaxrs-base-2.9.8.jar
7fcc93a4b000-7fcc93a4c000 r--s 00003000 08:01 343294                     /home/uic/hadoop-3.2.1/share/hadoop/yarn/lib/swagger-annotations-1.5.4.jar
7fcc93a4c000-7fcc93a5f000 r--s 000b0000 08:01 343290                     /home/uic/hadoop-3.2.1/share/hadoop/yarn/lib/bcpkix-jdk15on-1.60.jar
7fcc93a5f000-7fcc93a61000 r--s 00011000 08:01 343295                     /home/uic/hadoop-3.2.1/share/hadoop/yarn/lib/guice-servlet-4.0.jar
7fcc93a61000-7fcc93a65000 r--s 0001e000 08:01 343303                     /home/uic/hadoop-3.2.1/share/hadoop/yarn/lib/metrics-core-3.2.4.jar
7fcc93a65000-7fcc93a66000 r--s 00000000 08:01 343298                     /home/uic/hadoop-3.2.1/share/hadoop/yarn/lib/javax.inject-1.jar
7fcc93a66000-7fcc93a74000 r--s 00096000 08:01 343305                     /home/uic/hadoop-3.2.1/share/hadoop/yarn/lib/guice-4.0.jar
7fcc93a74000-7fcc93a7b000 r--s 00058000 08:01 343301                     /home/uic/hadoop-3.2.1/share/hadoop/yarn/lib/fst-2.50.jar
7fcc93a7b000-7fcc93a7e000 r--s 0001e000 08:01 343289                     /home/uic/hadoop-3.2.1/share/hadoop/yarn/lib/HikariCP-java7-2.4.12.jar
7fcc93a7e000-7fcc93a80000 r--s 00011000 08:01 343291                     /home/uic/hadoop-3.2.1/share/hadoop/yarn/lib/json-io-2.5.1.jar
7fcc93a80000-7fcc93a86000 r--s 0003c000 08:01 343288                     /home/uic/hadoop-3.2.1/share/hadoop/yarn/lib/snakeyaml-1.16.jar
7fcc93a86000-7fcc93a88000 r--s 0000d000 08:01 343287                     /home/uic/hadoop-3.2.1/share/hadoop/yarn/lib/java-util-1.9.0.jar
7fcc93a88000-7fcc93a8a000 r--s 00007000 08:01 34299                      /usr/share/java/java-atk-wrapper.jar
7fcc93a8a000-7fcc93aa5000 r--s 001d6000 08:01 280375                     /usr/lib/jvm/java-8-openjdk-amd64/jre/lib/ext/nashorn.jar
7fcc93aa5000-7fcc93aaf000 r--s 00116000 08:01 280374                     /usr/lib/jvm/java-8-openjdk-amd64/jre/lib/ext/localedata.jar
7fcc93aaf000-7fcc93aca000 r--s 00394000 08:01 280370                     /usr/lib/jvm/java-8-openjdk-amd64/jre/lib/ext/cldrdata.jar
7fcc93aca000-7fcc93acb000 ---p 00000000 00:00 0 
7fcc93acb000-7fcc93bcb000 rw-p 00000000 00:00 0 
7fcc93bcb000-7fcc93bce000 ---p 00000000 00:00 0 
7fcc93bce000-7fcc93ccc000 rw-p 00000000 00:00 0 
7fcc93ccc000-7fcc93ccd000 ---p 00000000 00:00 0 
7fcc93ccd000-7fcc93cd0000 ---p 00000000 00:00 0 
7fcc93cd0000-7fcc93dcd000 rw-p 00000000 00:00 0 
7fcc93dcd000-7fcc93dce000 ---p 00000000 00:00 0 
7fcc93dce000-7fcc93dd1000 ---p 00000000 00:00 0 
7fcc93dd1000-7fcc93ece000 rw-p 00000000 00:00 0 
7fcc93ece000-7fcc93ed1000 ---p 00000000 00:00 0 
7fcc93ed1000-7fcc93fcf000 rw-p 00000000 00:00 0 
7fcc93fcf000-7fcc94000000 r--p 00000000 08:01 7801                       /usr/lib/locale/C.UTF-8/LC_CTYPE
7fcc94000000-7fcc94021000 rw-p 00000000 00:00 0 
7fcc94021000-7fcc98000000 ---p 00000000 00:00 0 
7fcc98000000-7fcc98021000 rw-p 00000000 00:00 0 
7fcc98021000-7fcc9c000000 ---p 00000000 00:00 0 
7fcc9c000000-7fcc9c021000 rw-p 00000000 00:00 0 
7fcc9c021000-7fcca0000000 ---p 00000000 00:00 0 
7fcca0000000-7fcca0021000 rw-p 00000000 00:00 0 
7fcca0021000-7fcca4000000 ---p 00000000 00:00 0 
7fcca4000000-7fcca4021000 rw-p 00000000 00:00 0 
7fcca4021000-7fcca8000000 ---p 00000000 00:00 0 
7fcca8000000-7fcca8001000 r--s 00003000 08:01 343299                     /home/uic/hadoop-3.2.1/share/hadoop/yarn/lib/jersey-guice-1.19.jar
7fcca8001000-7fcca8003000 r--s 00001000 08:01 280371                     /usr/lib/jvm/java-8-openjdk-amd64/jre/lib/ext/dnsns.jar
7fcca8003000-7fcca8004000 r--s 0000a000 08:01 280373                     /usr/lib/jvm/java-8-openjdk-amd64/jre/lib/ext/jaccess.jar
7fcca8004000-7fcca8005000 r--s 00010000 08:01 280379                     /usr/lib/jvm/java-8-openjdk-amd64/jre/lib/ext/zipfs.jar
7fcca8005000-7fcca8008000 r--s 00039000 08:01 280378                     /usr/lib/jvm/java-8-openjdk-amd64/jre/lib/ext/sunpkcs11.jar
7fcca8008000-7fcca800d000 r--s 0003c000 08:01 280377                     /usr/lib/jvm/java-8-openjdk-amd64/jre/lib/ext/sunjce_provider.jar
7fcca800d000-7fcca8010000 r--s 0000f000 08:01 280372                     /usr/lib/jvm/java-8-openjdk-amd64/jre/lib/ext/icedtea-sound.jar
7fcca8010000-7fcca8183000 r--p 00000000 08:01 7800                       /usr/lib/locale/C.UTF-8/LC_COLLATE
7fcca8183000-7fcca831e000 r--p 00000000 08:01 7795                       /usr/lib/locale/locale-archive
7fcca831e000-7fcca8321000 ---p 00000000 00:00 0 
7fcca8321000-7fcca841f000 rw-p 00000000 00:00 0 
7fcca841f000-7fcca8422000 ---p 00000000 00:00 0 
7fcca8422000-7fcca8520000 rw-p 00000000 00:00 0 
7fcca8520000-7fcca8521000 ---p 00000000 00:00 0 
7fcca8521000-7fcca8f8d000 rw-p 00000000 00:00 0 
7fcca8f8d000-7fcca915d000 r--s 03c5c000 08:01 280399                     /usr/lib/jvm/java-8-openjdk-amd64/jre/lib/rt.jar
7fcca915d000-7fccaba90000 rw-p 00000000 00:00 0 
7fccaba90000-7fccaba91000 ---p 00000000 00:00 0 
7fccaba91000-7fccabb91000 rw-p 00000000 00:00 0 
7fccabb91000-7fccabb92000 ---p 00000000 00:00 0 
7fccabb92000-7fccabd53000 rw-p 00000000 00:00 0 
7fccabd53000-7fccabddb000 ---p 00000000 00:00 0 
7fccabddb000-7fccabe9c000 rw-p 00000000 00:00 0 
7fccabe9c000-7fccabf23000 ---p 00000000 00:00 0 
7fccabf23000-7fccabf9c000 rw-p 00000000 00:00 0 
7fccabf9c000-7fccabfc8000 ---p 00000000 00:00 0 
7fccabfc8000-7fccabfe2000 rw-p 00000000 00:00 0 
7fccabfe2000-7fccac389000 ---p 00000000 00:00 0 
7fccac389000-7fccac9c9000 rwxp 00000000 00:00 0 
7fccac9c9000-7fccbb389000 ---p 00000000 00:00 0 
7fccbb389000-7fccbb391000 r-xp 00000000 08:01 280356                     /usr/lib/jvm/java-8-openjdk-amd64/jre/lib/amd64/libzip.so
7fccbb391000-7fccbb590000 ---p 00008000 08:01 280356                     /usr/lib/jvm/java-8-openjdk-amd64/jre/lib/amd64/libzip.so
7fccbb590000-7fccbb591000 r--p 00007000 08:01 280356                     /usr/lib/jvm/java-8-openjdk-amd64/jre/lib/amd64/libzip.so
7fccbb591000-7fccbb592000 rw-p 00008000 08:01 280356                     /usr/lib/jvm/java-8-openjdk-amd64/jre/lib/amd64/libzip.so
7fccbb592000-7fccbb59d000 r-xp 00000000 08:01 2093                       /lib/x86_64-linux-gnu/libnss_files-2.27.so
7fccbb59d000-7fccbb79c000 ---p 0000b000 08:01 2093                       /lib/x86_64-linux-gnu/libnss_files-2.27.so
7fccbb79c000-7fccbb79d000 r--p 0000a000 08:01 2093                       /lib/x86_64-linux-gnu/libnss_files-2.27.so
7fccbb79d000-7fccbb79e000 rw-p 0000b000 08:01 2093                       /lib/x86_64-linux-gnu/libnss_files-2.27.so
7fccbb79e000-7fccbb7a4000 rw-p 00000000 00:00 0 
7fccbb7a4000-7fccbb7bb000 r-xp 00000000 08:01 2090                       /lib/x86_64-linux-gnu/libnsl-2.27.so
7fccbb7bb000-7fccbb9ba000 ---p 00017000 08:01 2090                       /lib/x86_64-linux-gnu/libnsl-2.27.so
7fccbb9ba000-7fccbb9bb000 r--p 00016000 08:01 2090                       /lib/x86_64-linux-gnu/libnsl-2.27.so
7fccbb9bb000-7fccbb9bc000 rw-p 00017000 08:01 2090                       /lib/x86_64-linux-gnu/libnsl-2.27.so
7fccbb9bc000-7fccbb9be000 rw-p 00000000 00:00 0 
7fccbb9be000-7fccbb9c9000 r-xp 00000000 08:01 2095                       /lib/x86_64-linux-gnu/libnss_nis-2.27.so
7fccbb9c9000-7fccbbbc8000 ---p 0000b000 08:01 2095                       /lib/x86_64-linux-gnu/libnss_nis-2.27.so
7fccbbbc8000-7fccbbbc9000 r--p 0000a000 08:01 2095                       /lib/x86_64-linux-gnu/libnss_nis-2.27.so
7fccbbbc9000-7fccbbbca000 rw-p 0000b000 08:01 2095                       /lib/x86_64-linux-gnu/libnss_nis-2.27.so
7fccbbbca000-7fccbbbd2000 r-xp 00000000 08:01 2091                       /lib/x86_64-linux-gnu/libnss_compat-2.27.so
7fccbbbd2000-7fccbbdd2000 ---p 00008000 08:01 2091                       /lib/x86_64-linux-gnu/libnss_compat-2.27.so
7fccbbdd2000-7fccbbdd3000 r--p 00008000 08:01 2091                       /lib/x86_64-linux-gnu/libnss_compat-2.27.so
7fccbbdd3000-7fccbbdd4000 rw-p 00009000 08:01 2091                       /lib/x86_64-linux-gnu/libnss_compat-2.27.so
7fccbbdd4000-7fccbbdfe000 r-xp 00000000 08:01 280337                     /usr/lib/jvm/java-8-openjdk-amd64/jre/lib/amd64/libjava.so
7fccbbdfe000-7fccbbffd000 ---p 0002a000 08:01 280337                     /usr/lib/jvm/java-8-openjdk-amd64/jre/lib/amd64/libjava.so
7fccbbffd000-7fccbbffe000 r--p 00029000 08:01 280337                     /usr/lib/jvm/java-8-openjdk-amd64/jre/lib/amd64/libjava.so
7fccbbffe000-7fccbc000000 rw-p 0002a000 08:01 280337                     /usr/lib/jvm/java-8-openjdk-amd64/jre/lib/amd64/libjava.so
7fccbc000000-7fccbd398000 rw-p 00000000 00:00 0 
7fccbd398000-7fccc0000000 ---p 00000000 00:00 0 
7fccc0000000-7fccc0001000 r--s 0000d000 08:01 280376                     /usr/lib/jvm/java-8-openjdk-amd64/jre/lib/ext/sunec.jar
7fccc0001000-7fccc0002000 r--p 00000000 08:01 7806                       /usr/lib/locale/C.UTF-8/LC_NUMERIC
7fccc0002000-7fccc0003000 r--p 00000000 08:01 7809                       /usr/lib/locale/C.UTF-8/LC_TIME
7fccc0003000-7fccc0004000 r--p 00000000 08:01 7804                       /usr/lib/locale/C.UTF-8/LC_MONETARY
7fccc0004000-7fccc0005000 r--p 00000000 08:01 7798                       /usr/lib/locale/C.UTF-8/LC_MESSAGES/SYS_LC_MESSAGES
7fccc0005000-7fccc0006000 r--p 00000000 08:01 7807                       /usr/lib/locale/C.UTF-8/LC_PAPER
7fccc0006000-7fccc0016000 r-xp 00000000 08:01 280355                     /usr/lib/jvm/java-8-openjdk-amd64/jre/lib/amd64/libverify.so
7fccc0016000-7fccc0215000 ---p 00010000 08:01 280355                     /usr/lib/jvm/java-8-openjdk-amd64/jre/lib/amd64/libverify.so
7fccc0215000-7fccc0217000 r--p 0000f000 08:01 280355                     /usr/lib/jvm/java-8-openjdk-amd64/jre/lib/amd64/libverify.so
7fccc0217000-7fccc0218000 rw-p 00011000 08:01 280355                     /usr/lib/jvm/java-8-openjdk-amd64/jre/lib/amd64/libverify.so
7fccc0218000-7fccc021f000 r-xp 00000000 08:01 2180                       /lib/x86_64-linux-gnu/librt-2.27.so
7fccc021f000-7fccc041e000 ---p 00007000 08:01 2180                       /lib/x86_64-linux-gnu/librt-2.27.so
7fccc041e000-7fccc041f000 r--p 00006000 08:01 2180                       /lib/x86_64-linux-gnu/librt-2.27.so
7fccc041f000-7fccc0420000 rw-p 00007000 08:01 2180                       /lib/x86_64-linux-gnu/librt-2.27.so
7fccc0420000-7fccc0437000 r-xp 00000000 08:01 2096                       /lib/x86_64-linux-gnu/libgcc_s.so.1
7fccc0437000-7fccc0636000 ---p 00017000 08:01 2096                       /lib/x86_64-linux-gnu/libgcc_s.so.1
7fccc0636000-7fccc0637000 r--p 00016000 08:01 2096                       /lib/x86_64-linux-gnu/libgcc_s.so.1
7fccc0637000-7fccc0638000 rw-p 00017000 08:01 2096                       /lib/x86_64-linux-gnu/libgcc_s.so.1
7fccc0638000-7fccc07d5000 r-xp 00000000 08:01 2087                       /lib/x86_64-linux-gnu/libm-2.27.so
7fccc07d5000-7fccc09d4000 ---p 0019d000 08:01 2087                       /lib/x86_64-linux-gnu/libm-2.27.so
7fccc09d4000-7fccc09d5000 r--p 0019c000 08:01 2087                       /lib/x86_64-linux-gnu/libm-2.27.so
7fccc09d5000-7fccc09d6000 rw-p 0019d000 08:01 2087                       /lib/x86_64-linux-gnu/libm-2.27.so
7fccc09d6000-7fccc0b4f000 r-xp 00000000 08:01 5016                       /usr/lib/x86_64-linux-gnu/libstdc++.so.6.0.25
7fccc0b4f000-7fccc0d4f000 ---p 00179000 08:01 5016                       /usr/lib/x86_64-linux-gnu/libstdc++.so.6.0.25
7fccc0d4f000-7fccc0d59000 r--p 00179000 08:01 5016                       /usr/lib/x86_64-linux-gnu/libstdc++.so.6.0.25
7fccc0d59000-7fccc0d5b000 rw-p 00183000 08:01 5016                       /usr/lib/x86_64-linux-gnu/libstdc++.so.6.0.25
7fccc0d5b000-7fccc0d5f000 rw-p 00000000 00:00 0 
7fccc0d5f000-7fccc19fe000 r-xp 00000000 08:01 280359                     /usr/lib/jvm/java-8-openjdk-amd64/jre/lib/amd64/server/libjvm.so
7fccc19fe000-7fccc1bfe000 ---p 00c9f000 08:01 280359                     /usr/lib/jvm/java-8-openjdk-amd64/jre/lib/amd64/server/libjvm.so
7fccc1bfe000-7fccc1c92000 r--p 00c9f000 08:01 280359                     /usr/lib/jvm/java-8-openjdk-amd64/jre/lib/amd64/server/libjvm.so
7fccc1c92000-7fccc1cbb000 rw-p 00d33000 08:01 280359                     /usr/lib/jvm/java-8-openjdk-amd64/jre/lib/amd64/server/libjvm.so
7fccc1cbb000-7fccc1ceb000 rw-p 00000000 00:00 0 
7fccc1ceb000-7fccc1d05000 r-xp 00000000 08:01 2178                       /lib/x86_64-linux-gnu/libpthread-2.27.so
7fccc1d05000-7fccc1f04000 ---p 0001a000 08:01 2178                       /lib/x86_64-linux-gnu/libpthread-2.27.so
7fccc1f04000-7fccc1f05000 r--p 00019000 08:01 2178                       /lib/x86_64-linux-gnu/libpthread-2.27.so
7fccc1f05000-7fccc1f06000 rw-p 0001a000 08:01 2178                       /lib/x86_64-linux-gnu/libpthread-2.27.so
7fccc1f06000-7fccc1f0a000 rw-p 00000000 00:00 0 
7fccc1f0a000-7fccc1f0d000 r-xp 00000000 08:01 2086                       /lib/x86_64-linux-gnu/libdl-2.27.so
7fccc1f0d000-7fccc210c000 ---p 00003000 08:01 2086                       /lib/x86_64-linux-gnu/libdl-2.27.so
7fccc210c000-7fccc210d000 r--p 00002000 08:01 2086                       /lib/x86_64-linux-gnu/libdl-2.27.so
7fccc210d000-7fccc210e000 rw-p 00003000 08:01 2086                       /lib/x86_64-linux-gnu/libdl-2.27.so
7fccc210e000-7fccc212a000 r-xp 00000000 08:01 2183                       /lib/x86_64-linux-gnu/libz.so.1.2.11
7fccc212a000-7fccc2329000 ---p 0001c000 08:01 2183                       /lib/x86_64-linux-gnu/libz.so.1.2.11
7fccc2329000-7fccc232a000 r--p 0001b000 08:01 2183                       /lib/x86_64-linux-gnu/libz.so.1.2.11
7fccc232a000-7fccc232b000 rw-p 0001c000 08:01 2183                       /lib/x86_64-linux-gnu/libz.so.1.2.11
7fccc232b000-7fccc2512000 r-xp 00000000 08:01 2083                       /lib/x86_64-linux-gnu/libc-2.27.so
7fccc2512000-7fccc2712000 ---p 001e7000 08:01 2083                       /lib/x86_64-linux-gnu/libc-2.27.so
7fccc2712000-7fccc2716000 r--p 001e7000 08:01 2083                       /lib/x86_64-linux-gnu/libc-2.27.so
7fccc2716000-7fccc2718000 rw-p 001eb000 08:01 2083                       /lib/x86_64-linux-gnu/libc-2.27.so
7fccc2718000-7fccc271c000 rw-p 00000000 00:00 0 
7fccc271c000-7fccc272a000 r-xp 00000000 08:01 280323                     /usr/lib/jvm/java-8-openjdk-amd64/jre/lib/amd64/jli/libjli.so
7fccc272a000-7fccc2929000 ---p 0000e000 08:01 280323                     /usr/lib/jvm/java-8-openjdk-amd64/jre/lib/amd64/jli/libjli.so
7fccc2929000-7fccc292a000 r--p 0000d000 08:01 280323                     /usr/lib/jvm/java-8-openjdk-amd64/jre/lib/amd64/jli/libjli.so
7fccc292a000-7fccc292b000 rw-p 0000e000 08:01 280323                     /usr/lib/jvm/java-8-openjdk-amd64/jre/lib/amd64/jli/libjli.so
7fccc292b000-7fccc2952000 r-xp 00000000 08:01 2079                       /lib/x86_64-linux-gnu/ld-2.27.so
7fccc2952000-7fccc2a37000 rw-p 00000000 00:00 0 
7fccc2a37000-7fccc2a38000 ---p 00000000 00:00 0 
7fccc2a38000-7fccc2a3b000 ---p 00000000 00:00 0 
7fccc2a3b000-7fccc2b3a000 rw-p 00000000 00:00 0 
7fccc2b3a000-7fccc2b3b000 r--p 00000000 08:01 7805                       /usr/lib/locale/C.UTF-8/LC_NAME
7fccc2b3b000-7fccc2b3c000 r--p 00000000 08:01 7799                       /usr/lib/locale/C.UTF-8/LC_ADDRESS
7fccc2b3c000-7fccc2b3d000 r--p 00000000 08:01 7808                       /usr/lib/locale/C.UTF-8/LC_TELEPHONE
7fccc2b3d000-7fccc2b3e000 r--p 00000000 08:01 7803                       /usr/lib/locale/C.UTF-8/LC_MEASUREMENT
7fccc2b3e000-7fccc2b45000 r--s 00000000 08:01 5009                       /usr/lib/x86_64-linux-gnu/gconv/gconv-modules.cache
7fccc2b45000-7fccc2b46000 r--p 00000000 08:01 7802                       /usr/lib/locale/C.UTF-8/LC_IDENTIFICATION
7fccc2b46000-7fccc2b4e000 rw-s 00000000 08:01 569580                     /tmp/hsperfdata_uic/17694
7fccc2b4e000-7fccc2b4f000 rw-p 00000000 00:00 0 
7fccc2b4f000-7fccc2b50000 r--p 00000000 00:00 0 
7fccc2b50000-7fccc2b52000 rw-p 00000000 00:00 0 
7fccc2b52000-7fccc2b53000 r--p 00027000 08:01 2079                       /lib/x86_64-linux-gnu/ld-2.27.so
7fccc2b53000-7fccc2b54000 rw-p 00028000 08:01 2079                       /lib/x86_64-linux-gnu/ld-2.27.so
7fccc2b54000-7fccc2b55000 rw-p 00000000 00:00 0 
7fff7e0d5000-7fff7e0fa000 rw-p 00000000 00:00 0                          [stack]
7fff7e131000-7fff7e134000 r--p 00000000 00:00 0                          [vvar]
7fff7e134000-7fff7e136000 r-xp 00000000 00:00 0                          [vdso]
ffffffffff600000-ffffffffff601000 r-xp 00000000 00:00 0                  [vsyscall]

VM Arguments:
jvm_args: -Dfile.encoding=UTF-8 
java_command: wordcount.wordcount2
java_class_path (initial): /home/uic/eclipse-workspace/wordcount/bin:/home/uic/hadoop-3.2.1/share/hadoop/yarn/lib/jersey-guice-1.19.jar:/home/uic/hadoop-3.2.1/share/hadoop/yarn/lib/java-util-1.9.0.jar:/home/uic/hadoop-3.2.1/share/hadoop/yarn/lib/snakeyaml-1.16.jar:/home/uic/hadoop-3.2.1/share/hadoop/yarn/lib/json-io-2.5.1.jar:/home/uic/hadoop-3.2.1/share/hadoop/yarn/lib/HikariCP-java7-2.4.12.jar:/home/uic/hadoop-3.2.1/share/hadoop/yarn/lib/fst-2.50.jar:/home/uic/hadoop-3.2.1/share/hadoop/yarn/lib/guice-4.0.jar:/home/uic/hadoop-3.2.1/share/hadoop/yarn/lib/javax.inject-1.jar:/home/uic/hadoop-3.2.1/share/hadoop/yarn/lib/metrics-core-3.2.4.jar:/home/uic/hadoop-3.2.1/share/hadoop/yarn/lib/guice-servlet-4.0.jar:/home/uic/hadoop-3.2.1/share/hadoop/yarn/lib/bcpkix-jdk15on-1.60.jar:/home/uic/hadoop-3.2.1/share/hadoop/yarn/lib/swagger-annotations-1.5.4.jar:/home/uic/hadoop-3.2.1/share/hadoop/yarn/lib/jackson-jaxrs-base-2.9.8.jar:/home/uic/hadoop-3.2.1/share/hadoop/yarn/lib/objenesis-1.0.jar:/home/uic/hadoop-3.2.1/share/hadoop/yarn/lib/mssql-jdbc-6.2.1.jre7.jar:/home/uic/hadoop-3.2.1/share/hadoop/yarn/lib/jackson-module-jaxb-annotations-2.9.8.jar:/home/uic/hadoop-3.2.1/share/hadoop/yarn/lib/jersey-client-1.19.jar:/home/uic/hadoop-3.2.1/share/hadoop/yarn/lib/jackson-jaxrs-json-provider-2.9.8.jar:/home/uic/hadoop-3.2.1/share/hadoop/yarn/lib/ehcache-3.3.1.jar:/home/uic/hadoop-3.2.1/share/hadoop/yarn/lib/geronimo-jcache_1.0_spec-1.0-alpha-1.jar:/home/uic/hadoop-3.2.1/share/hadoop/yarn/lib/aopalliance-1.0.jar:/home/uic/hadoop-3.2.1/share/hadoop/yarn/lib/bcprov-jdk15on-1.60.jar:/home/uic/hadoop-3.2.1/share/hadoop/yarn/hadoop-yarn-api-3.2.1.jar:/home/uic/hadoop-3.2.1/share/hadoop/yarn/hadoop-yarn-services-api-3.2.1.jar:/home/uic/hadoop-3.2.1/share/hadoop/yarn/hadoop-yarn-server-common-3.2.1.jar:/home/uic/hadoop-3.2.1/share/hadoop/yarn/hadoop-yarn-common-3.2.1.jar:/home/uic/hadoop-3.2.1/share/hadoop/yarn/hadoop-yarn-server-nodemanager-3.2.1.jar:/home/uic/hadoop-3.2.1/share/hadoop/ya
Launcher Type: SUN_STANDARD

Environment Variables:
JAVA_HOME=/usr/lib/jvm/java-8-openjdk-amd64/
PATH=:/home/uic/hadoop-3.2.1/bin:/home/uic/hadoop-3.2.1/sbin::/home/uic/hadoop-3.2.1/bin:/home/uic/hadoop-3.2.1/sbin:/sbin:/bin:/usr/bin:/usr/local/bin:/snap/bin:/usr/lib/jvm/java-8-openjdk-amd64//bin:/usr/lib/jvm/java-8-openjdk-amd64//bin
SHELL=/bin/bash
DISPLAY=:10.0

Signal Handlers:
SIGSEGV: [libjvm.so+0xab92f0], sa_mask[0]=11111111011111111101111111111110, sa_flags=SA_RESTART|SA_SIGINFO
SIGBUS: [libjvm.so+0xab92f0], sa_mask[0]=11111111011111111101111111111110, sa_flags=SA_RESTART|SA_SIGINFO
SIGFPE: [libjvm.so+0x8ee560], sa_mask[0]=11111111011111111101111111111110, sa_flags=SA_RESTART|SA_SIGINFO
SIGPIPE: [libjvm.so+0x8ee560], sa_mask[0]=11111111011111111101111111111110, sa_flags=SA_RESTART|SA_SIGINFO
SIGXFSZ: [libjvm.so+0x8ee560], sa_mask[0]=11111111011111111101111111111110, sa_flags=SA_RESTART|SA_SIGINFO
SIGILL: [libjvm.so+0x8ee560], sa_mask[0]=11111111011111111101111111111110, sa_flags=SA_RESTART|SA_SIGINFO
SIGUSR1: SIG_DFL, sa_mask[0]=00000000000000000000000000000000, sa_flags=none
SIGUSR2: [libjvm.so+0x8ee410], sa_mask[0]=00100000000000000000000000000000, sa_flags=SA_RESTART|SA_SIGINFO
SIGHUP: [libjvm.so+0x8eea80], sa_mask[0]=11111111011111111101111111111110, sa_flags=SA_RESTART|SA_SIGINFO
SIGINT: [libjvm.so+0x8eea80], sa_mask[0]=11111111011111111101111111111110, sa_flags=SA_RESTART|SA_SIGINFO
SIGTERM: [libjvm.so+0x8eea80], sa_mask[0]=11111111011111111101111111111110, sa_flags=SA_RESTART|SA_SIGINFO
SIGQUIT: [libjvm.so+0x8eea80], sa_mask[0]=11111111011111111101111111111110, sa_flags=SA_RESTART|SA_SIGINFO


---------------  S Y S T E M  ---------------

OS:DISTRIB_ID=Ubuntu
DISTRIB_RELEASE=18.04
DISTRIB_CODENAME=bionic
DISTRIB_DESCRIPTION="Ubuntu 18.04.3 LTS"

uname:Linux 4.15.0-65-generic #74-Ubuntu SMP Tue Sep 17 17:06:04 UTC 2019 x86_64
libc:glibc 2.27 NPTL 2.27 
rlimit: STACK 8192k, CORE 0k, NPROC 15641, NOFILE 4096, AS infinity
load average:0.89 0.51 0.35

/proc/meminfo:
MemTotal:        4034496 kB
MemFree:           92128 kB
MemAvailable:       3676 kB
Buffers:            1116 kB
Cached:            49504 kB
SwapCached:            0 kB
Active:          3687648 kB
Inactive:          46300 kB
Active(anon):    3684676 kB
Inactive(anon):    25164 kB
Active(file):       2972 kB
Inactive(file):    21136 kB
Unevictable:         128 kB
Mlocked:             128 kB
SwapTotal:             0 kB
SwapFree:              0 kB
Dirty:                60 kB
Writeback:             0 kB
AnonPages:       3683588 kB
Mapped:            42492 kB
Shmem:             26380 kB
Slab:             113228 kB
SReclaimable:      40080 kB
SUnreclaim:        73148 kB
KernelStack:       13408 kB
PageTables:        44020 kB
NFS_Unstable:          0 kB
Bounce:                0 kB
WritebackTmp:          0 kB
CommitLimit:     2017248 kB
Committed_AS:    7293904 kB
VmallocTotal:   34359738367 kB
VmallocUsed:           0 kB
VmallocChunk:          0 kB
HardwareCorrupted:     0 kB
AnonHugePages:         0 kB
ShmemHugePages:        0 kB
ShmemPmdMapped:        0 kB
CmaTotal:              0 kB
CmaFree:               0 kB
HugePages_Total:       0
HugePages_Free:        0
HugePages_Rsvd:        0
HugePages_Surp:        0
Hugepagesize:       2048 kB
DirectMap4k:      163712 kB
DirectMap2M:     4030464 kB

container (cgroup) information:
container_type: cgroupv1
cpu_cpuset_cpus: 0-1
cpu_memory_nodes: 0
active_processor_count: 2
cpu_quota: -1
cpu_period: 100000
cpu_shares: -1
memory_limit_in_bytes: -1
memory_and_swap_limit_in_bytes: -2
memory_soft_limit_in_bytes: -1
memory_usage_in_bytes: 3780755456
memory_max_usage_in_bytes: 3813548032


CPU:total 2 (initial active 2) (1 cores per cpu, 1 threads per core) family 6 model 85 stepping 4, cmov, cx8, fxsr, mmx, sse, sse2, sse3, ssse3, sse4.1, sse4.2, popcnt, avx, aes, clmul, 3dnowpref, tsc, tscinvbit

/proc/cpuinfo:
processor	: 0
vendor_id	: GenuineIntel
cpu family	: 6
model		: 85
model name	: Intel(R) Xeon(R) Gold 6148 CPU @ 2.40GHz
stepping	: 4
microcode	: 0x200005e
cpu MHz		: 2394.375
cache size	: 28160 KB
physical id	: 0
siblings	: 1
core id		: 0
cpu cores	: 1
apicid		: 0
initial apicid	: 0
fpu		: yes
fpu_exception	: yes
cpuid level	: 13
wp		: yes
flags		: fpu vme de pse tsc msr pae mce cx8 apic sep mtrr pge mca cmov pat pse36 clflush dts mmx fxsr sse sse2 ss syscall nx rdtscp lm constant_tsc arch_perfmon pebs bts nopl tsc_reliable nonstop_tsc cpuid pni pclmulqdq ssse3 fma cx16 sse4_1 sse4_2 movbe popcnt aes xsave avx hypervisor lahf_lm 3dnowprefetch pti arat
bugs		: cpu_meltdown spectre_v1 spectre_v2 spec_store_bypass l1tf mds swapgs
bogomips	: 4788.75
clflush size	: 64
cache_alignment	: 64
address sizes	: 40 bits physical, 48 bits virtual
power management:

processor	: 1
vendor_id	: GenuineIntel
cpu family	: 6
model		: 85
model name	: Intel(R) Xeon(R) Gold 6148 CPU @ 2.40GHz
stepping	: 4
microcode	: 0x200005e
cpu MHz		: 2394.375
cache size	: 28160 KB
physical id	: 2
siblings	: 1
core id		: 0
cpu cores	: 1
apicid		: 2
initial apicid	: 2
fpu		: yes
fpu_exception	: yes
cpuid level	: 13
wp		: yes
flags		: fpu vme de pse tsc msr pae mce cx8 apic sep mtrr pge mca cmov pat pse36 clflush dts mmx fxsr sse sse2 ss syscall nx rdtscp lm constant_tsc arch_perfmon pebs bts nopl tsc_reliable nonstop_tsc cpuid pni pclmulqdq ssse3 fma cx16 sse4_1 sse4_2 movbe popcnt aes xsave avx hypervisor lahf_lm 3dnowprefetch pti arat
bugs		: cpu_meltdown spectre_v1 spectre_v2 spec_store_bypass l1tf mds swapgs
bogomips	: 4788.75
clflush size	: 64
cache_alignment	: 64
address sizes	: 40 bits physical, 48 bits virtual
power management:



Memory: 4k page, physical 4034496k(92128k free), swap 0k(0k free)

vm_info: OpenJDK 64-Bit Server VM (25.222-b10) for linux-amd64 JRE (1.8.0_222-8u222-b10-1ubuntu1~18.04.1-b10), built on Jul 18 2019 18:52:48 by "buildd" with gcc 7.4.0

time: Sun Nov 10 06:11:02 2019
timezone: UTC
elapsed time: 6 seconds (0d 0h 0m 6s)

